2019-01-15 17:53:43.264337: E tensorflow/stream_executor/cuda/cuda_driver.cc:397] failed call to cuInit: CUDA_ERROR_NO_DEVICE
2019-01-15 17:53:43.264446: I tensorflow/stream_executor/cuda/cuda_diagnostics.cc:145] kernel driver does not appear to be running on this host (tegra-ubuntu): /proc/driver/nvidia/version does not exist
DNN is on
verbose: 1
Initilize NULL camera. (320 x 240)
camera init completed.
Load TF
Load Model
/home/nvidia/ssd/gits/sandbox/deeppicar/models/model-5conv_3fc-ittc_room.ckpt
Done..
[   0] 0.005: took 31.634 ms
[   1] 0.037: took 16.348 ms
[   2] 0.053: took 15.970 ms
[   3] 0.069: took 15.952 ms
[   4] 0.085: took 15.974 ms
[   5] 0.101: took 15.989 ms
[   6] 0.117: took 15.999 ms
[   7] 0.133: took 16.005 ms
[   8] 0.149: took 15.991 ms
[   9] 0.165: took 16.057 ms
[  10] 0.182: took 16.231 ms
[  11] 0.198: took 16.050 ms
[  12] 0.214: took 16.007 ms
[  13] 0.230: took 16.062 ms
[  14] 0.246: took 15.956 ms
[  15] 0.262: took 16.156 ms
[  16] 0.278: took 16.007 ms
[  17] 0.295: took 16.163 ms
[  18] 0.311: took 16.036 ms
[  19] 0.327: took 15.996 ms
[  20] 0.343: took 16.146 ms
[  21] 0.359: took 16.052 ms
[  22] 0.375: took 16.018 ms
[  23] 0.391: took 16.313 ms
[  24] 0.408: took 16.058 ms
[  25] 0.424: took 16.108 ms
[  26] 0.440: took 16.115 ms
[  27] 0.456: took 16.072 ms
[  28] 0.472: took 15.986 ms
[  29] 0.488: took 16.109 ms
[  30] 0.504: took 16.018 ms
[  31] 0.521: took 16.012 ms
[  32] 0.537: took 16.142 ms
[  33] 0.553: took 16.037 ms
[  34] 0.569: took 15.983 ms
[  35] 0.585: took 16.138 ms
[  36] 0.601: took 16.098 ms
[  37] 0.617: took 16.147 ms
[  38] 0.634: took 16.186 ms
[  39] 0.650: took 16.168 ms
[  40] 0.666: took 16.055 ms
[  41] 0.682: took 16.482 ms
[  42] 0.699: took 16.175 ms
[  43] 0.715: took 16.145 ms
[  44] 0.731: took 16.219 ms
[  45] 0.747: took 15.995 ms
[  46] 0.763: took 16.002 ms
[  47] 0.780: took 16.068 ms
[  48] 0.796: took 15.915 ms
[  49] 0.812: took 16.030 ms
[  50] 0.828: took 15.958 ms
[  51] 0.844: took 15.982 ms
[  52] 0.860: took 15.971 ms
[  53] 0.876: took 16.051 ms
[  54] 0.892: took 16.007 ms
[  55] 0.908: took 16.169 ms
[  56] 0.924: took 16.074 ms
[  57] 0.940: took 15.992 ms
[  58] 0.956: took 15.963 ms
[  59] 0.972: took 15.986 ms
[  60] 0.988: took 15.922 ms
[  61] 1.004: took 15.965 ms
[  62] 1.020: took 15.992 ms
[  63] 1.037: took 15.979 ms
[  64] 1.053: took 15.916 ms
[  65] 1.069: took 16.022 ms
[  66] 1.085: took 16.007 ms
[  67] 1.101: took 15.991 ms
[  68] 1.117: took 15.966 ms
[  69] 1.133: took 16.358 ms
[  70] 1.149: took 16.127 ms
[  71] 1.165: took 16.055 ms
[  72] 1.182: took 16.044 ms
[  73] 1.198: took 16.056 ms
[  74] 1.214: took 16.088 ms
[  75] 1.230: took 16.040 ms
[  76] 1.246: took 16.052 ms
[  77] 1.262: took 15.981 ms
[  78] 1.278: took 16.091 ms
[  79] 1.294: took 15.980 ms
[  80] 1.310: took 15.932 ms
[  81] 1.326: took 15.997 ms
[  82] 1.342: took 16.069 ms
[  83] 1.358: took 15.964 ms
[  84] 1.375: took 15.997 ms
[  85] 1.391: took 15.979 ms
[  86] 1.407: took 16.407 ms
[  87] 1.423: took 16.003 ms
[  88] 1.439: took 15.955 ms
[  89] 1.455: took 15.858 ms
[  90] 1.471: took 16.188 ms
[  91] 1.487: took 16.123 ms
[  92] 1.504: took 15.896 ms
[  93] 1.519: took 16.034 ms
[  94] 1.536: took 15.941 ms
[  95] 1.552: took 15.944 ms
[  96] 1.568: took 15.946 ms
[  97] 1.584: took 16.061 ms
[  98] 1.600: took 15.974 ms
[  99] 1.616: took 15.978 ms
[ 100] 1.632: took 16.047 ms
[ 101] 1.648: took 15.968 ms
[ 102] 1.664: took 15.962 ms
[ 103] 1.680: took 16.122 ms
[ 104] 1.696: took 16.041 ms
[ 105] 1.712: took 15.969 ms
[ 106] 1.728: took 15.913 ms
[ 107] 1.744: took 16.322 ms
[ 108] 1.761: took 16.018 ms
[ 109] 1.777: took 16.020 ms
[ 110] 1.793: took 15.919 ms
[ 111] 1.809: took 16.164 ms
[ 112] 1.825: took 15.969 ms
[ 113] 1.841: took 16.151 ms
[ 114] 1.857: took 15.984 ms
[ 115] 1.873: took 16.050 ms
[ 116] 1.889: took 16.057 ms
[ 117] 1.905: took 16.075 ms
[ 118] 1.922: took 16.106 ms
[ 119] 1.938: took 16.148 ms
[ 120] 1.954: took 15.998 ms
[ 121] 1.970: took 15.985 ms
[ 122] 1.986: took 15.959 ms
[ 123] 2.002: took 15.971 ms
[ 124] 2.018: took 16.030 ms
[ 125] 2.034: took 16.028 ms
[ 126] 2.050: took 16.003 ms
[ 127] 2.066: took 16.041 ms
[ 128] 2.082: took 16.022 ms
[ 129] 2.098: took 16.110 ms
[ 130] 2.115: took 15.985 ms
[ 131] 2.131: took 16.056 ms
[ 132] 2.147: took 16.019 ms
[ 133] 2.163: took 16.264 ms
[ 134] 2.179: took 16.204 ms
[ 135] 2.196: took 16.145 ms
[ 136] 2.212: took 16.114 ms
[ 137] 2.228: took 15.986 ms
[ 138] 2.244: took 16.189 ms
[ 139] 2.260: took 15.955 ms
[ 140] 2.276: took 16.007 ms
[ 141] 2.292: took 15.955 ms
[ 142] 2.308: took 15.871 ms
[ 143] 2.324: took 15.984 ms
[ 144] 2.340: took 15.989 ms
[ 145] 2.356: took 15.935 ms
[ 146] 2.372: took 15.974 ms
[ 147] 2.388: took 15.919 ms
[ 148] 2.404: took 15.890 ms
[ 149] 2.420: took 16.056 ms
[ 150] 2.436: took 15.881 ms
[ 151] 2.452: took 16.125 ms
[ 152] 2.468: took 16.004 ms
[ 153] 2.485: took 16.283 ms
[ 154] 2.501: took 16.178 ms
[ 155] 2.517: took 16.152 ms
[ 156] 2.533: took 16.140 ms
[ 157] 2.550: took 16.057 ms
[ 158] 2.566: took 16.054 ms
[ 159] 2.582: took 16.068 ms
[ 160] 2.598: took 16.041 ms
[ 161] 2.614: took 16.043 ms
[ 162] 2.630: took 16.079 ms
[ 163] 2.646: took 16.076 ms
[ 164] 2.662: took 15.948 ms
[ 165] 2.678: took 16.130 ms
[ 166] 2.695: took 15.971 ms
[ 167] 2.711: took 15.936 ms
[ 168] 2.727: took 15.938 ms
[ 169] 2.743: took 15.970 ms
[ 170] 2.759: took 15.789 ms
[ 171] 2.774: took 16.418 ms
[ 172] 2.791: took 15.883 ms
[ 173] 2.807: took 15.966 ms
[ 174] 2.823: took 16.003 ms
[ 175] 2.839: took 15.938 ms
[ 176] 2.855: took 15.880 ms
[ 177] 2.871: took 15.923 ms
[ 178] 2.887: took 16.007 ms
[ 179] 2.903: took 16.458 ms
[ 180] 2.919: took 15.965 ms
[ 181] 2.935: took 15.938 ms
[ 182] 2.951: took 15.913 ms
[ 183] 2.967: took 16.232 ms
[ 184] 2.984: took 16.052 ms
[ 185] 3.000: took 16.184 ms
[ 186] 3.016: took 16.010 ms
[ 187] 3.032: took 16.091 ms
[ 188] 3.048: took 16.060 ms
[ 189] 3.064: took 16.016 ms
[ 190] 3.080: took 16.050 ms
[ 191] 3.097: took 16.051 ms
[ 192] 3.113: took 15.935 ms
[ 193] 3.129: took 15.941 ms
[ 194] 3.145: took 15.964 ms
[ 195] 3.161: took 15.894 ms
[ 196] 3.177: took 16.127 ms
[ 197] 3.193: took 15.938 ms
[ 198] 3.209: took 15.825 ms
[ 199] 3.225: took 15.968 ms
[ 200] 3.241: took 15.861 ms
[ 201] 3.257: took 15.952 ms
[ 202] 3.273: took 15.925 ms
[ 203] 3.289: took 15.927 ms
[ 204] 3.305: took 15.962 ms
[ 205] 3.321: took 16.024 ms
[ 206] 3.337: took 15.885 ms
[ 207] 3.353: took 15.956 ms
[ 208] 3.369: took 15.901 ms
[ 209] 3.385: took 16.007 ms
[ 210] 3.401: took 16.057 ms
[ 211] 3.417: took 15.950 ms
[ 212] 3.433: took 15.976 ms
[ 213] 3.449: took 16.149 ms
[ 214] 3.465: took 16.196 ms
[ 215] 3.481: took 16.233 ms
[ 216] 3.498: took 16.061 ms
[ 217] 3.514: took 16.243 ms
[ 218] 3.530: took 16.109 ms
[ 219] 3.546: took 16.144 ms
[ 220] 3.562: took 16.098 ms
[ 221] 3.579: took 16.114 ms
[ 222] 3.595: took 16.017 ms
[ 223] 3.611: took 16.179 ms
[ 224] 3.627: took 15.991 ms
[ 225] 3.643: took 16.000 ms
[ 226] 3.659: took 16.082 ms
[ 227] 3.675: took 16.100 ms
[ 228] 3.691: took 15.971 ms
[ 229] 3.708: took 16.096 ms
[ 230] 3.724: took 15.984 ms
[ 231] 3.740: took 15.978 ms
[ 232] 3.756: took 16.118 ms
[ 233] 3.772: took 16.071 ms
[ 234] 3.788: took 15.933 ms
[ 235] 3.804: took 16.116 ms
[ 236] 3.820: took 15.997 ms
[ 237] 3.836: took 16.018 ms
[ 238] 3.852: took 15.928 ms
[ 239] 3.868: took 15.968 ms
[ 240] 3.884: took 16.016 ms
[ 241] 3.900: took 16.076 ms
[ 242] 3.917: took 15.968 ms
[ 243] 3.933: took 16.093 ms
[ 244] 3.949: took 16.022 ms
[ 245] 3.965: took 16.021 ms
[ 246] 3.981: took 15.990 ms
[ 247] 3.997: took 16.266 ms
[ 248] 4.013: took 16.078 ms
[ 249] 4.029: took 15.994 ms
[ 250] 4.045: took 15.952 ms
[ 251] 4.061: took 16.160 ms
[ 252] 4.078: took 16.110 ms
[ 253] 4.094: took 15.979 ms
[ 254] 4.110: took 15.971 ms
[ 255] 4.126: took 16.011 ms
[ 256] 4.142: took 15.981 ms
[ 257] 4.158: took 15.976 ms
[ 258] 4.174: took 15.990 ms
[ 259] 4.190: took 16.037 ms
[ 260] 4.206: took 15.950 ms
[ 261] 4.222: took 16.078 ms
[ 262] 4.238: took 15.978 ms
[ 263] 4.254: took 15.965 ms
[ 264] 4.270: took 15.838 ms
[ 265] 4.286: took 16.098 ms
[ 266] 4.302: took 15.995 ms
[ 267] 4.319: took 16.229 ms
[ 268] 4.335: took 15.967 ms
[ 269] 4.351: took 16.046 ms
[ 270] 4.367: took 15.988 ms
[ 271] 4.383: took 15.992 ms
[ 272] 4.399: took 15.963 ms
[ 273] 4.415: took 16.007 ms
[ 274] 4.431: took 15.955 ms
[ 275] 4.447: took 16.029 ms
[ 276] 4.463: took 15.944 ms
[ 277] 4.479: took 16.031 ms
[ 278] 4.495: took 16.155 ms
[ 279] 4.512: took 16.106 ms
[ 280] 4.528: took 16.119 ms
[ 281] 4.544: took 15.950 ms
[ 282] 4.560: took 16.429 ms
[ 283] 4.576: took 16.107 ms
[ 284] 4.593: took 16.156 ms
[ 285] 4.609: took 15.926 ms
[ 286] 4.625: took 15.944 ms
[ 287] 4.641: took 16.030 ms
[ 288] 4.657: took 15.939 ms
[ 289] 4.673: took 15.949 ms
[ 290] 4.689: took 15.885 ms
[ 291] 4.705: took 15.978 ms
[ 292] 4.721: took 15.982 ms
[ 293] 4.737: took 15.962 ms
[ 294] 4.753: took 15.887 ms
[ 295] 4.769: took 15.939 ms
[ 296] 4.785: took 15.969 ms
[ 297] 4.801: took 16.007 ms
[ 298] 4.817: took 15.939 ms
[ 299] 4.833: took 15.986 ms
[ 300] 4.849: took 15.979 ms
[ 301] 4.865: took 16.179 ms
[ 302] 4.881: took 16.009 ms
[ 303] 4.897: took 16.006 ms
[ 304] 4.913: took 16.027 ms
[ 305] 4.930: took 16.043 ms
[ 306] 4.946: took 15.953 ms
[ 307] 4.962: took 15.956 ms
[ 308] 4.978: took 16.056 ms
[ 309] 4.994: took 15.998 ms
[ 310] 5.010: took 15.947 ms
[ 311] 5.026: took 15.992 ms
[ 312] 5.042: took 15.984 ms
[ 313] 5.058: took 16.253 ms
[ 314] 5.074: took 16.130 ms
[ 315] 5.090: took 15.974 ms
[ 316] 5.106: took 15.912 ms
[ 317] 5.122: took 16.088 ms
[ 318] 5.139: took 15.943 ms
[ 319] 5.155: took 15.963 ms
[ 320] 5.171: took 15.902 ms
[ 321] 5.187: took 15.996 ms
[ 322] 5.203: took 15.963 ms
[ 323] 5.219: took 15.929 ms
[ 324] 5.235: took 15.984 ms
[ 325] 5.251: took 15.989 ms
[ 326] 5.267: took 15.912 ms
[ 327] 5.283: took 16.102 ms
[ 328] 5.299: took 16.035 ms
[ 329] 5.315: took 16.051 ms
[ 330] 5.331: took 15.949 ms
[ 331] 5.347: took 16.002 ms
[ 332] 5.363: took 16.009 ms
[ 333] 5.379: took 16.054 ms
[ 334] 5.395: took 15.894 ms
[ 335] 5.411: took 15.954 ms
[ 336] 5.427: took 15.874 ms
[ 337] 5.443: took 15.911 ms
[ 338] 5.459: took 15.909 ms
[ 339] 5.475: took 15.924 ms
[ 340] 5.491: took 15.962 ms
[ 341] 5.507: took 15.974 ms
[ 342] 5.523: took 15.944 ms
[ 343] 5.539: took 16.245 ms
[ 344] 5.555: took 16.002 ms
[ 345] 5.572: took 16.168 ms
[ 346] 5.588: took 15.899 ms
[ 347] 5.604: took 15.992 ms
[ 348] 5.620: took 16.003 ms
[ 349] 5.636: took 15.935 ms
[ 350] 5.652: took 15.887 ms
[ 351] 5.668: took 16.019 ms
[ 352] 5.684: took 16.003 ms
[ 353] 5.700: took 16.036 ms
[ 354] 5.716: took 16.020 ms
[ 355] 5.732: took 16.045 ms
[ 356] 5.748: took 16.239 ms
[ 357] 5.764: took 15.998 ms
[ 358] 5.781: took 15.885 ms
[ 359] 5.796: took 16.130 ms
[ 360] 5.813: took 15.968 ms
[ 361] 5.829: took 15.955 ms
[ 362] 5.845: took 15.928 ms
[ 363] 5.861: took 16.323 ms
[ 364] 5.877: took 16.052 ms
[ 365] 5.893: took 16.176 ms
[ 366] 5.909: took 15.920 ms
[ 367] 5.925: took 15.958 ms
[ 368] 5.941: took 15.923 ms
[ 369] 5.957: took 15.971 ms
[ 370] 5.973: took 15.942 ms
[ 371] 5.989: took 15.937 ms
[ 372] 6.005: took 15.919 ms
[ 373] 6.021: took 16.060 ms
[ 374] 6.038: took 15.952 ms
[ 375] 6.054: took 15.976 ms
[ 376] 6.070: took 15.923 ms
[ 377] 6.086: took 15.959 ms
[ 378] 6.102: took 15.958 ms
[ 379] 6.118: took 16.005 ms
[ 380] 6.134: took 15.996 ms
[ 381] 6.150: took 16.035 ms
[ 382] 6.166: took 16.031 ms
[ 383] 6.182: took 16.103 ms
[ 384] 6.198: took 16.042 ms
[ 385] 6.214: took 16.047 ms
[ 386] 6.230: took 15.992 ms
[ 387] 6.246: took 16.013 ms
[ 388] 6.262: took 15.964 ms
[ 389] 6.278: took 16.075 ms
[ 390] 6.295: took 15.977 ms
[ 391] 6.311: took 15.945 ms
[ 392] 6.327: took 15.897 ms
[ 393] 6.343: took 15.949 ms
[ 394] 6.359: took 15.929 ms
[ 395] 6.375: took 16.065 ms
[ 396] 6.391: took 15.892 ms
[ 397] 6.407: took 15.985 ms
[ 398] 6.423: took 15.986 ms
[ 399] 6.439: took 15.925 ms
[ 400] 6.455: took 15.892 ms
[ 401] 6.471: took 15.929 ms
[ 402] 6.487: took 15.923 ms
[ 403] 6.503: took 15.962 ms
[ 404] 6.519: took 16.055 ms
[ 405] 6.535: took 16.046 ms
[ 406] 6.551: took 15.948 ms
[ 407] 6.567: took 15.978 ms
[ 408] 6.583: took 16.058 ms
[ 409] 6.599: took 16.065 ms
[ 410] 6.615: took 16.028 ms
[ 411] 6.631: took 15.972 ms
[ 412] 6.647: took 16.197 ms
[ 413] 6.664: took 16.112 ms
[ 414] 6.680: took 16.216 ms
[ 415] 6.696: took 15.954 ms
[ 416] 6.712: took 15.985 ms
[ 417] 6.728: took 16.154 ms
[ 418] 6.744: took 15.985 ms
[ 419] 6.760: took 16.003 ms
[ 420] 6.776: took 16.163 ms
[ 421] 6.793: took 16.075 ms
[ 422] 6.809: took 15.979 ms
[ 423] 6.825: took 15.956 ms
[ 424] 6.841: took 15.938 ms
[ 425] 6.857: took 16.069 ms
[ 426] 6.873: took 15.962 ms
[ 427] 6.889: took 15.872 ms
[ 428] 6.905: took 16.206 ms
[ 429] 6.921: took 15.977 ms
[ 430] 6.937: took 15.904 ms
[ 431] 6.953: took 15.907 ms
[ 432] 6.969: took 15.900 ms
[ 433] 6.985: took 15.981 ms
[ 434] 7.001: took 15.919 ms
[ 435] 7.017: took 15.974 ms
[ 436] 7.033: took 15.933 ms
[ 437] 7.049: took 16.048 ms
[ 438] 7.065: took 16.017 ms
[ 439] 7.081: took 16.050 ms
[ 440] 7.097: took 15.917 ms
[ 441] 7.113: took 16.037 ms
[ 442] 7.129: took 15.933 ms
[ 443] 7.145: took 16.002 ms
[ 444] 7.161: took 15.905 ms
[ 445] 7.177: took 16.031 ms
[ 446] 7.194: took 15.967 ms
[ 447] 7.210: took 15.997 ms
[ 448] 7.226: took 16.159 ms
[ 449] 7.242: took 16.094 ms
[ 450] 7.258: took 16.172 ms
[ 451] 7.274: took 16.103 ms
[ 452] 7.290: took 15.945 ms
[ 453] 7.306: took 16.442 ms
[ 454] 7.323: took 16.091 ms
[ 455] 7.339: took 16.027 ms
[ 456] 7.355: took 15.913 ms
[ 457] 7.371: took 15.902 ms
[ 458] 7.387: took 15.951 ms
[ 459] 7.403: took 16.025 ms
[ 460] 7.419: took 16.420 ms
[ 461] 7.436: took 15.968 ms
[ 462] 7.452: took 15.935 ms
[ 463] 7.468: took 16.067 ms
[ 464] 7.484: took 16.051 ms
[ 465] 7.500: took 16.040 ms
[ 466] 7.516: took 16.426 ms
[ 467] 7.532: took 16.121 ms
[ 468] 7.549: took 15.977 ms
[ 469] 7.565: took 15.966 ms
[ 470] 7.581: took 16.036 ms
[ 471] 7.597: took 15.966 ms
[ 472] 7.613: took 15.926 ms
[ 473] 7.629: took 15.927 ms
[ 474] 7.645: took 15.918 ms
[ 475] 7.661: took 15.932 ms
[ 476] 7.677: took 15.972 ms
[ 477] 7.693: took 15.934 ms
[ 478] 7.709: took 16.134 ms
[ 479] 7.725: took 16.036 ms
[ 480] 7.741: took 16.130 ms
[ 481] 7.757: took 16.225 ms
[ 482] 7.774: took 16.014 ms
[ 483] 7.790: took 15.892 ms
[ 484] 7.806: took 15.907 ms
[ 485] 7.822: took 16.011 ms
[ 486] 7.838: took 15.938 ms
[ 487] 7.854: took 15.983 ms
[ 488] 7.870: took 15.906 ms
[ 489] 7.886: took 16.012 ms
[ 490] 7.902: took 15.916 ms
[ 491] 7.918: took 16.043 ms
[ 492] 7.934: took 15.972 ms
[ 493] 7.950: took 15.940 ms
[ 494] 7.966: took 16.193 ms
[ 495] 7.982: took 16.143 ms
[ 496] 7.998: took 16.030 ms
[ 497] 8.014: took 16.002 ms
[ 498] 8.030: took 15.996 ms
[ 499] 8.046: took 15.972 ms
[ 500] 8.062: took 15.945 ms
[ 501] 8.078: took 16.203 ms
[ 502] 8.095: took 16.070 ms
[ 503] 8.111: took 15.919 ms
[ 504] 8.127: took 15.892 ms
[ 505] 8.143: took 15.930 ms
[ 506] 8.159: took 15.904 ms
[ 507] 8.175: took 16.122 ms
[ 508] 8.191: took 15.953 ms
[ 509] 8.207: took 15.891 ms
[ 510] 8.223: took 15.983 ms
[ 511] 8.239: took 15.975 ms
[ 512] 8.255: took 15.916 ms
[ 513] 8.271: took 15.973 ms
[ 514] 8.287: took 15.987 ms
[ 515] 8.303: took 15.975 ms
[ 516] 8.319: took 15.880 ms
[ 517] 8.335: took 15.973 ms
[ 518] 8.351: took 15.998 ms
[ 519] 8.367: took 16.058 ms
[ 520] 8.383: took 15.980 ms
[ 521] 8.399: took 16.030 ms
[ 522] 8.415: took 16.003 ms
[ 523] 8.431: took 16.035 ms
[ 524] 8.447: took 15.958 ms
[ 525] 8.463: took 15.986 ms
[ 526] 8.479: took 15.986 ms
[ 527] 8.496: took 15.966 ms
[ 528] 8.512: took 15.926 ms
[ 529] 8.528: took 15.966 ms
[ 530] 8.544: took 15.922 ms
[ 531] 8.560: took 15.996 ms
[ 532] 8.576: took 15.995 ms
[ 533] 8.592: took 15.883 ms
[ 534] 8.608: took 15.965 ms
[ 535] 8.624: took 16.048 ms
[ 536] 8.640: took 15.934 ms
[ 537] 8.656: took 15.919 ms
[ 538] 8.672: took 15.939 ms
[ 539] 8.688: took 15.929 ms
[ 540] 8.704: took 15.931 ms
[ 541] 8.720: took 15.970 ms
[ 542] 8.736: took 15.887 ms
[ 543] 8.752: took 15.979 ms
[ 544] 8.768: took 16.028 ms
[ 545] 8.784: took 16.072 ms
[ 546] 8.800: took 15.945 ms
[ 547] 8.816: took 16.354 ms
[ 548] 8.832: took 16.050 ms
[ 549] 8.848: took 16.049 ms
[ 550] 8.865: took 15.989 ms
[ 551] 8.881: took 16.018 ms
[ 552] 8.897: took 15.998 ms
[ 553] 8.913: took 15.927 ms
[ 554] 8.929: took 15.979 ms
[ 555] 8.945: took 16.005 ms
[ 556] 8.961: took 15.880 ms
[ 557] 8.977: took 15.986 ms
[ 558] 8.993: took 15.833 ms
[ 559] 9.009: took 15.893 ms
[ 560] 9.025: took 15.919 ms
[ 561] 9.041: took 15.987 ms
[ 562] 9.057: took 15.900 ms
[ 563] 9.073: took 16.200 ms
[ 564] 9.089: took 15.907 ms
[ 565] 9.105: took 15.931 ms
[ 566] 9.121: took 15.909 ms
[ 567] 9.137: took 15.928 ms
[ 568] 9.153: took 15.884 ms
[ 569] 9.169: took 15.926 ms
[ 570] 9.185: took 16.090 ms
[ 571] 9.201: took 15.978 ms
[ 572] 9.217: took 15.954 ms
[ 573] 9.233: took 16.232 ms
[ 574] 9.249: took 16.108 ms
[ 575] 9.265: took 16.244 ms
[ 576] 9.282: took 16.107 ms
[ 577] 9.298: took 16.185 ms
[ 578] 9.314: took 16.161 ms
[ 579] 9.330: took 16.113 ms
[ 580] 9.346: took 16.114 ms
[ 581] 9.363: took 16.199 ms
[ 582] 9.379: took 16.045 ms
[ 583] 9.395: took 16.082 ms
[ 584] 9.411: took 16.053 ms
[ 585] 9.427: took 16.022 ms
[ 586] 9.443: took 16.053 ms
[ 587] 9.459: took 16.184 ms
[ 588] 9.476: took 16.000 ms
[ 589] 9.492: took 15.974 ms
[ 590] 9.508: took 15.943 ms
[ 591] 9.524: took 16.143 ms
[ 592] 9.540: took 16.005 ms
[ 593] 9.556: took 15.942 ms
[ 594] 9.572: took 15.942 ms
[ 595] 9.588: took 15.969 ms
[ 596] 9.604: took 15.927 ms
[ 597] 9.620: took 16.021 ms
[ 598] 9.636: took 15.924 ms
[ 599] 9.652: took 16.014 ms
[ 600] 9.668: took 15.946 ms
[ 601] 9.684: took 16.017 ms
[ 602] 9.700: took 16.092 ms
[ 603] 9.716: took 15.995 ms
[ 604] 9.733: took 16.000 ms
[ 605] 9.749: took 16.149 ms
[ 606] 9.765: took 16.044 ms
[ 607] 9.781: took 16.038 ms
[ 608] 9.797: took 15.977 ms
[ 609] 9.813: took 15.997 ms
[ 610] 9.829: took 15.875 ms
[ 611] 9.845: took 15.955 ms
[ 612] 9.861: took 15.906 ms
[ 613] 9.877: took 15.956 ms
[ 614] 9.893: took 15.862 ms
[ 615] 9.909: took 15.954 ms
[ 616] 9.925: took 15.909 ms
[ 617] 9.941: took 15.940 ms
[ 618] 9.957: took 15.858 ms
[ 619] 9.973: took 15.957 ms
[ 620] 9.989: took 15.886 ms
[ 621] 10.005: took 15.884 ms
[ 622] 10.021: took 15.947 ms
[ 623] 10.037: took 15.961 ms
[ 624] 10.053: took 15.896 ms
[ 625] 10.069: took 15.981 ms
[ 626] 10.085: took 15.982 ms
[ 627] 10.101: took 16.017 ms
[ 628] 10.117: took 15.978 ms
[ 629] 10.133: took 15.970 ms
[ 630] 10.149: took 16.015 ms
[ 631] 10.165: took 16.033 ms
[ 632] 10.181: took 16.191 ms
[ 633] 10.197: took 16.265 ms
[ 634] 10.214: took 16.219 ms
[ 635] 10.230: took 16.044 ms
[ 636] 10.246: took 15.934 ms
[ 637] 10.262: took 16.023 ms
[ 638] 10.278: took 16.046 ms
[ 639] 10.294: took 15.972 ms
[ 640] 10.310: took 16.035 ms
[ 641] 10.326: took 16.140 ms
[ 642] 10.343: took 15.939 ms
[ 643] 10.359: took 15.949 ms
[ 644] 10.375: took 15.970 ms
[ 645] 10.391: took 15.961 ms
[ 646] 10.407: took 15.898 ms
[ 647] 10.423: took 16.031 ms
[ 648] 10.439: took 15.916 ms
[ 649] 10.455: took 15.968 ms
[ 650] 10.471: took 15.867 ms
[ 651] 10.487: took 15.942 ms
[ 652] 10.503: took 15.996 ms
[ 653] 10.519: took 15.954 ms
[ 654] 10.535: took 16.073 ms
[ 655] 10.551: took 16.030 ms
[ 656] 10.567: took 15.985 ms
[ 657] 10.583: took 16.041 ms
[ 658] 10.599: took 15.977 ms
[ 659] 10.615: took 16.033 ms
[ 660] 10.631: took 15.917 ms
[ 661] 10.647: took 15.996 ms
[ 662] 10.663: took 15.970 ms
[ 663] 10.679: took 15.993 ms
[ 664] 10.695: took 15.929 ms
[ 665] 10.711: took 15.963 ms
[ 666] 10.727: took 15.879 ms
[ 667] 10.743: took 15.998 ms
[ 668] 10.759: took 15.866 ms
[ 669] 10.775: took 15.922 ms
[ 670] 10.791: took 15.932 ms
[ 671] 10.807: took 15.972 ms
[ 672] 10.823: took 15.911 ms
[ 673] 10.839: took 15.905 ms
[ 674] 10.855: took 15.905 ms
[ 675] 10.871: took 15.917 ms
[ 676] 10.887: took 16.127 ms
[ 677] 10.903: took 16.058 ms
[ 678] 10.919: took 16.137 ms
[ 679] 10.936: took 15.938 ms
[ 680] 10.952: took 15.960 ms
[ 681] 10.968: took 15.979 ms
[ 682] 10.984: took 15.994 ms
[ 683] 11.000: took 16.082 ms
[ 684] 11.016: took 15.996 ms
[ 685] 11.032: took 16.073 ms
[ 686] 11.048: took 15.986 ms
[ 687] 11.064: took 15.996 ms
[ 688] 11.080: took 16.028 ms
[ 689] 11.096: took 15.996 ms
[ 690] 11.112: took 15.940 ms
[ 691] 11.128: took 15.976 ms
[ 692] 11.144: took 16.098 ms
[ 693] 11.160: took 16.301 ms
[ 694] 11.177: took 15.930 ms
[ 695] 11.193: took 15.891 ms
[ 696] 11.209: took 15.995 ms
[ 697] 11.225: took 16.055 ms
[ 698] 11.241: took 15.940 ms
[ 699] 11.257: took 15.905 ms
[ 700] 11.273: took 15.910 ms
[ 701] 11.289: took 15.968 ms
[ 702] 11.305: took 15.897 ms
[ 703] 11.321: took 15.981 ms
[ 704] 11.337: took 15.908 ms
[ 705] 11.353: took 15.886 ms
[ 706] 11.369: took 15.921 ms
[ 707] 11.385: took 15.952 ms
[ 708] 11.401: took 15.964 ms
[ 709] 11.417: took 15.989 ms
[ 710] 11.433: took 16.039 ms
[ 711] 11.449: took 16.035 ms
[ 712] 11.465: took 16.019 ms
[ 713] 11.481: took 16.058 ms
[ 714] 11.497: took 15.961 ms
[ 715] 11.513: took 16.025 ms
[ 716] 11.529: took 15.907 ms
[ 717] 11.545: took 16.276 ms
[ 718] 11.562: took 16.040 ms
[ 719] 11.578: took 16.309 ms
[ 720] 11.594: took 16.049 ms
[ 721] 11.610: took 16.082 ms
[ 722] 11.626: took 16.188 ms
[ 723] 11.643: took 16.058 ms
[ 724] 11.659: took 15.984 ms
[ 725] 11.675: took 16.157 ms
[ 726] 11.691: took 15.989 ms
[ 727] 11.707: took 16.004 ms
[ 728] 11.723: took 15.949 ms
[ 729] 11.739: took 15.917 ms
[ 730] 11.755: took 16.191 ms
[ 731] 11.771: took 16.033 ms
[ 732] 11.787: took 15.956 ms
[ 733] 11.803: took 15.971 ms
[ 734] 11.820: took 16.031 ms
[ 735] 11.836: took 15.831 ms
[ 736] 11.851: took 16.114 ms
[ 737] 11.868: took 16.014 ms
[ 738] 11.884: took 16.040 ms
[ 739] 11.900: took 15.996 ms
[ 740] 11.916: took 16.021 ms
[ 741] 11.932: took 16.079 ms
[ 742] 11.948: took 15.982 ms
[ 743] 11.964: took 16.030 ms
[ 744] 11.980: took 16.047 ms
[ 745] 11.996: took 15.979 ms
[ 746] 12.012: took 15.954 ms
[ 747] 12.028: took 15.950 ms
[ 748] 12.044: took 16.038 ms
[ 749] 12.060: took 15.965 ms
[ 750] 12.077: took 15.930 ms
[ 751] 12.093: took 16.002 ms
[ 752] 12.109: took 15.849 ms
[ 753] 12.124: took 15.987 ms
[ 754] 12.141: took 16.148 ms
[ 755] 12.157: took 15.952 ms
[ 756] 12.173: took 15.918 ms
[ 757] 12.189: took 15.938 ms
[ 758] 12.205: took 15.852 ms
[ 759] 12.221: took 16.019 ms
[ 760] 12.237: took 15.919 ms
[ 761] 12.253: took 15.962 ms
[ 762] 12.269: took 15.912 ms
[ 763] 12.285: took 16.308 ms
[ 764] 12.301: took 15.994 ms
[ 765] 12.317: took 16.004 ms
[ 766] 12.333: took 16.009 ms
[ 767] 12.349: took 16.047 ms
[ 768] 12.365: took 16.033 ms
[ 769] 12.381: took 16.043 ms
[ 770] 12.397: took 15.986 ms
[ 771] 12.414: took 16.069 ms
[ 772] 12.430: took 16.027 ms
[ 773] 12.446: took 16.025 ms
[ 774] 12.462: took 16.006 ms
[ 775] 12.478: took 16.140 ms
[ 776] 12.494: took 15.981 ms
[ 777] 12.510: took 16.143 ms
[ 778] 12.526: took 15.975 ms
[ 779] 12.542: took 16.026 ms
[ 780] 12.558: took 15.979 ms
[ 781] 12.574: took 16.002 ms
[ 782] 12.591: took 15.956 ms
[ 783] 12.607: took 15.916 ms
[ 784] 12.623: took 16.004 ms
[ 785] 12.639: took 15.979 ms
[ 786] 12.655: took 15.972 ms
[ 787] 12.671: took 16.005 ms
[ 788] 12.687: took 15.963 ms
[ 789] 12.703: took 15.971 ms
[ 790] 12.719: took 15.988 ms
[ 791] 12.735: took 15.963 ms
[ 792] 12.751: took 15.965 ms
[ 793] 12.767: took 16.001 ms
[ 794] 12.783: took 16.002 ms
[ 795] 12.799: took 16.064 ms
[ 796] 12.815: took 15.967 ms
[ 797] 12.831: took 16.037 ms
[ 798] 12.847: took 16.207 ms
[ 799] 12.864: took 16.035 ms
[ 800] 12.880: took 15.975 ms
[ 801] 12.896: took 15.987 ms
[ 802] 12.912: took 15.978 ms
[ 803] 12.928: took 15.995 ms
[ 804] 12.944: took 15.972 ms
[ 805] 12.960: took 15.985 ms
[ 806] 12.976: took 16.083 ms
[ 807] 12.992: took 15.987 ms
[ 808] 13.008: took 15.942 ms
[ 809] 13.024: took 16.038 ms
[ 810] 13.040: took 15.898 ms
[ 811] 13.056: took 15.980 ms
[ 812] 13.072: took 15.937 ms
[ 813] 13.088: took 15.929 ms
[ 814] 13.104: took 16.002 ms
[ 815] 13.120: took 16.057 ms
[ 816] 13.136: took 15.965 ms
[ 817] 13.152: took 15.910 ms
[ 818] 13.168: took 15.958 ms
[ 819] 13.184: took 16.097 ms
[ 820] 13.200: took 15.995 ms
[ 821] 13.216: took 16.048 ms
[ 822] 13.233: took 16.545 ms
[ 823] 13.249: took 16.095 ms
[ 824] 13.265: took 16.008 ms
[ 825] 13.281: took 16.115 ms
[ 826] 13.298: took 15.993 ms
[ 827] 13.314: took 16.018 ms
[ 828] 13.330: took 15.980 ms
[ 829] 13.346: took 15.878 ms
[ 830] 13.362: took 16.356 ms
[ 831] 13.378: took 16.121 ms
[ 832] 13.394: took 16.048 ms
[ 833] 13.410: took 15.966 ms
[ 834] 13.426: took 15.964 ms
[ 835] 13.442: took 15.956 ms
[ 836] 13.459: took 15.909 ms
[ 837] 13.474: took 15.989 ms
[ 838] 13.491: took 15.914 ms
[ 839] 13.506: took 16.081 ms
[ 840] 13.523: took 15.980 ms
[ 841] 13.539: took 15.945 ms
[ 842] 13.555: took 15.885 ms
[ 843] 13.571: took 16.051 ms
[ 844] 13.587: took 15.930 ms
[ 845] 13.603: took 16.024 ms
[ 846] 13.619: took 15.987 ms
[ 847] 13.635: took 16.031 ms
[ 848] 13.651: took 16.008 ms
[ 849] 13.667: took 15.972 ms
[ 850] 13.683: took 16.043 ms
[ 851] 13.699: took 16.012 ms
[ 852] 13.715: took 15.939 ms
[ 853] 13.731: took 15.940 ms
[ 854] 13.747: took 16.063 ms
[ 855] 13.763: took 16.600 ms
[ 856] 13.780: took 16.084 ms
[ 857] 13.796: took 15.951 ms
[ 858] 13.812: took 16.053 ms
[ 859] 13.828: took 15.953 ms
[ 860] 13.844: took 15.889 ms
[ 861] 13.860: took 16.046 ms
[ 862] 13.876: took 15.992 ms
[ 863] 13.892: took 15.892 ms
[ 864] 13.908: took 15.909 ms
[ 865] 13.924: took 16.055 ms
[ 866] 13.940: took 15.961 ms
[ 867] 13.956: took 15.940 ms
[ 868] 13.972: took 15.974 ms
[ 869] 13.988: took 15.932 ms
[ 870] 14.004: took 16.157 ms
[ 871] 14.021: took 16.166 ms
[ 872] 14.037: took 16.116 ms
[ 873] 14.053: took 16.012 ms
[ 874] 14.069: took 16.026 ms
[ 875] 14.085: took 16.216 ms
[ 876] 14.101: took 15.944 ms
[ 877] 14.117: took 16.035 ms
[ 878] 14.134: took 15.990 ms
[ 879] 14.150: took 16.001 ms
[ 880] 14.166: took 15.989 ms
[ 881] 14.182: took 16.084 ms
[ 882] 14.198: took 15.937 ms
[ 883] 14.214: took 16.292 ms
[ 884] 14.230: took 16.026 ms
[ 885] 14.246: took 15.966 ms
[ 886] 14.262: took 16.172 ms
[ 887] 14.279: took 16.154 ms
[ 888] 14.295: took 15.960 ms
[ 889] 14.311: took 15.944 ms
[ 890] 14.327: took 15.945 ms
[ 891] 14.343: took 16.046 ms
[ 892] 14.359: took 15.922 ms
[ 893] 14.375: took 15.997 ms
[ 894] 14.391: took 15.986 ms
[ 895] 14.407: took 16.166 ms
[ 896] 14.423: took 16.042 ms
[ 897] 14.439: took 15.991 ms
[ 898] 14.455: took 15.885 ms
[ 899] 14.471: took 15.896 ms
[ 900] 14.487: took 15.983 ms
[ 901] 14.503: took 15.904 ms
[ 902] 14.519: took 15.908 ms
[ 903] 14.535: took 15.953 ms
[ 904] 14.551: took 15.956 ms
[ 905] 14.567: took 16.238 ms
[ 906] 14.584: took 16.375 ms
[ 907] 14.600: took 16.105 ms
[ 908] 14.616: took 15.953 ms
[ 909] 14.632: took 16.077 ms
[ 910] 14.648: took 16.114 ms
[ 911] 14.665: took 16.011 ms
[ 912] 14.681: took 16.039 ms
[ 913] 14.697: took 15.991 ms
[ 914] 14.713: took 15.895 ms
[ 915] 14.729: took 15.952 ms
[ 916] 14.745: took 15.945 ms
[ 917] 14.761: took 15.954 ms
[ 918] 14.777: took 15.967 ms
[ 919] 14.793: took 15.880 ms
[ 920] 14.809: took 15.934 ms
[ 921] 14.825: took 15.917 ms
[ 922] 14.841: took 15.890 ms
[ 923] 14.857: took 15.903 ms
[ 924] 14.873: took 16.228 ms
[ 925] 14.889: took 15.988 ms
[ 926] 14.905: took 15.934 ms
[ 927] 14.921: took 15.982 ms
[ 928] 14.937: took 15.871 ms
[ 929] 14.953: took 15.960 ms
[ 930] 14.969: took 15.898 ms
[ 931] 14.985: took 16.020 ms
[ 932] 15.001: took 16.181 ms
[ 933] 15.017: took 16.131 ms
[ 934] 15.033: took 15.972 ms
[ 935] 15.049: took 15.975 ms
[ 936] 15.066: took 16.041 ms
[ 937] 15.082: took 16.051 ms
[ 938] 15.098: took 15.996 ms
[ 939] 15.114: took 16.019 ms
[ 940] 15.130: took 15.989 ms
[ 941] 15.146: took 15.933 ms
[ 942] 15.162: took 16.010 ms
[ 943] 15.178: took 16.107 ms
[ 944] 15.194: took 15.923 ms
[ 945] 15.210: took 15.929 ms
[ 946] 15.226: took 15.888 ms
[ 947] 15.242: took 15.943 ms
[ 948] 15.258: took 15.892 ms
[ 949] 15.274: took 15.991 ms
[ 950] 15.290: took 15.890 ms
[ 951] 15.306: took 15.965 ms
[ 952] 15.322: took 16.266 ms
[ 953] 15.338: took 15.984 ms
[ 954] 15.354: took 15.891 ms
[ 955] 15.370: took 15.994 ms
[ 956] 15.386: took 15.944 ms
[ 957] 15.402: took 15.996 ms
[ 958] 15.418: took 15.963 ms
[ 959] 15.434: took 16.083 ms
[ 960] 15.451: took 15.982 ms
[ 961] 15.467: took 15.977 ms
[ 962] 15.483: took 16.232 ms
[ 963] 15.499: took 16.076 ms
[ 964] 15.515: took 15.999 ms
[ 965] 15.531: took 15.943 ms
[ 966] 15.547: took 15.952 ms
[ 967] 15.563: took 16.007 ms
[ 968] 15.579: took 15.979 ms
[ 969] 15.595: took 15.902 ms
[ 970] 15.611: took 15.908 ms
[ 971] 15.627: took 15.901 ms
[ 972] 15.643: took 15.872 ms
[ 973] 15.659: took 15.885 ms
[ 974] 15.675: took 15.876 ms
[ 975] 15.691: took 15.894 ms
[ 976] 15.707: took 15.893 ms
[ 977] 15.723: took 15.981 ms
[ 978] 15.739: took 15.890 ms
[ 979] 15.755: took 16.157 ms
[ 980] 15.771: took 15.934 ms
[ 981] 15.787: took 16.021 ms
[ 982] 15.803: took 15.909 ms
[ 983] 15.819: took 15.955 ms
[ 984] 15.835: took 15.915 ms
[ 985] 15.851: took 16.019 ms
[ 986] 15.867: took 15.930 ms
[ 987] 15.883: took 15.993 ms
[ 988] 15.899: took 15.933 ms
[ 989] 15.915: took 16.060 ms
[ 990] 15.931: took 15.988 ms
[ 991] 15.947: took 15.973 ms
[ 992] 15.963: took 15.992 ms
[ 993] 15.980: took 16.293 ms
[ 994] 15.996: took 16.047 ms
[ 995] 16.012: took 16.201 ms
[ 996] 16.028: took 16.008 ms
[ 997] 16.044: took 16.138 ms
[ 998] 16.061: took 16.212 ms
[ 999] 16.077: took 15.996 ms
[1000] 16.093: took 15.926 ms
recorded 1000 frames
Finish..
Close the camera.
Close the camera.
