2019-01-15 17:57:54.093751: E tensorflow/stream_executor/cuda/cuda_driver.cc:397] failed call to cuInit: CUDA_ERROR_NO_DEVICE
2019-01-15 17:57:54.093860: I tensorflow/stream_executor/cuda/cuda_diagnostics.cc:145] kernel driver does not appear to be running on this host (tegra-ubuntu): /proc/driver/nvidia/version does not exist
DNN is on
verbose: 1
Initilize NULL camera. (320 x 240)
camera init completed.
Load TF
Load Model
/home/nvidia/ssd/gits/sandbox/deeppicar/models/model-5conv_3fc-ittc_room.ckpt
Done..
[   0] 0.005: took 23.143 ms
[   1] 0.028: took 7.790 ms
[   2] 0.036: took 7.399 ms
[   3] 0.044: took 7.436 ms
[   4] 0.051: took 7.527 ms
[   5] 0.059: took 7.543 ms
[   6] 0.066: took 7.428 ms
[   7] 0.074: took 7.764 ms
[   8] 0.082: took 7.527 ms
[   9] 0.089: took 7.422 ms
[  10] 0.097: took 7.600 ms
[  11] 0.104: took 7.461 ms
[  12] 0.112: took 7.453 ms
[  13] 0.119: took 7.503 ms
[  14] 0.127: took 7.522 ms
[  15] 0.135: took 7.448 ms
[  16] 0.142: took 7.476 ms
[  17] 0.150: took 7.548 ms
[  18] 0.157: took 7.455 ms
[  19] 0.165: took 7.444 ms
[  20] 0.172: took 7.842 ms
[  21] 0.180: took 7.488 ms
[  22] 0.188: took 7.385 ms
[  23] 0.195: took 7.526 ms
[  24] 0.203: took 7.452 ms
[  25] 0.210: took 7.486 ms
[  26] 0.218: took 7.508 ms
[  27] 0.225: took 7.491 ms
[  28] 0.233: took 7.534 ms
[  29] 0.241: took 7.525 ms
[  30] 0.248: took 7.452 ms
[  31] 0.256: took 7.443 ms
[  32] 0.263: took 7.550 ms
[  33] 0.271: took 7.462 ms
[  34] 0.278: took 7.449 ms
[  35] 0.286: took 7.479 ms
[  36] 0.293: took 7.518 ms
[  37] 0.301: took 7.524 ms
[  38] 0.308: took 7.524 ms
[  39] 0.316: took 7.452 ms
[  40] 0.324: took 7.899 ms
[  41] 0.332: took 7.398 ms
[  42] 0.339: took 7.446 ms
[  43] 0.347: took 7.548 ms
[  44] 0.354: took 7.799 ms
[  45] 0.362: took 7.538 ms
[  46] 0.370: took 7.410 ms
[  47] 0.377: took 7.535 ms
[  48] 0.385: took 7.344 ms
[  49] 0.392: took 7.412 ms
[  50] 0.400: took 7.356 ms
[  51] 0.407: took 7.460 ms
[  52] 0.415: took 7.461 ms
[  53] 0.422: took 7.418 ms
[  54] 0.430: took 7.492 ms
[  55] 0.437: took 7.559 ms
[  56] 0.445: took 8.120 ms
[  57] 0.453: took 7.486 ms
[  58] 0.460: took 7.483 ms
[  59] 0.468: took 7.496 ms
[  60] 0.476: took 7.454 ms
[  61] 0.483: took 7.469 ms
[  62] 0.491: took 7.444 ms
[  63] 0.498: took 7.511 ms
[  64] 0.506: took 7.406 ms
[  65] 0.513: took 7.424 ms
[  66] 0.521: took 7.539 ms
[  67] 0.528: took 7.528 ms
[  68] 0.536: took 7.445 ms
[  69] 0.543: took 7.534 ms
[  70] 0.551: took 7.537 ms
[  71] 0.559: took 7.566 ms
[  72] 0.566: took 7.381 ms
[  73] 0.574: took 7.639 ms
[  74] 0.581: took 7.551 ms
[  75] 0.589: took 7.402 ms
[  76] 0.596: took 7.506 ms
[  77] 0.604: took 7.396 ms
[  78] 0.611: took 7.502 ms
[  79] 0.619: took 7.494 ms
[  80] 0.627: took 7.605 ms
[  81] 0.634: took 7.416 ms
[  82] 0.642: took 7.472 ms
[  83] 0.649: took 7.429 ms
[  84] 0.657: took 7.510 ms
[  85] 0.664: took 7.473 ms
[  86] 0.672: took 7.517 ms
[  87] 0.679: took 7.576 ms
[  88] 0.687: took 7.492 ms
[  89] 0.695: took 7.513 ms
[  90] 0.702: took 7.476 ms
[  91] 0.710: took 7.472 ms
[  92] 0.717: took 7.435 ms
[  93] 0.725: took 7.507 ms
[  94] 0.732: took 7.490 ms
[  95] 0.740: took 7.512 ms
[  96] 0.747: took 7.562 ms
[  97] 0.755: took 7.537 ms
[  98] 0.763: took 7.602 ms
[  99] 0.770: took 7.399 ms
[ 100] 0.778: took 7.483 ms
[ 101] 0.785: took 7.461 ms
[ 102] 0.793: took 7.555 ms
[ 103] 0.800: took 7.479 ms
[ 104] 0.808: took 7.564 ms
[ 105] 0.816: took 7.445 ms
[ 106] 0.823: took 8.051 ms
[ 107] 0.831: took 7.568 ms
[ 108] 0.839: took 7.565 ms
[ 109] 0.846: took 7.548 ms
[ 110] 0.854: took 7.479 ms
[ 111] 0.862: took 7.594 ms
[ 112] 0.869: took 7.507 ms
[ 113] 0.877: took 7.526 ms
[ 114] 0.884: took 7.489 ms
[ 115] 0.892: took 7.407 ms
[ 116] 0.899: took 7.391 ms
[ 117] 0.907: took 7.450 ms
[ 118] 0.914: took 7.550 ms
[ 119] 0.922: took 7.500 ms
[ 120] 0.930: took 7.580 ms
[ 121] 0.937: took 7.481 ms
[ 122] 0.945: took 7.438 ms
[ 123] 0.952: took 7.432 ms
[ 124] 0.960: took 7.485 ms
[ 125] 0.967: took 7.394 ms
[ 126] 0.975: took 7.537 ms
[ 127] 0.982: took 7.446 ms
[ 128] 0.990: took 7.447 ms
[ 129] 0.997: took 7.526 ms
[ 130] 1.005: took 7.469 ms
[ 131] 1.012: took 7.470 ms
[ 132] 1.020: took 7.382 ms
[ 133] 1.027: took 7.541 ms
[ 134] 1.035: took 7.403 ms
[ 135] 1.043: took 7.561 ms
[ 136] 1.050: took 7.470 ms
[ 137] 1.058: took 7.528 ms
[ 138] 1.065: took 7.670 ms
[ 139] 1.073: took 7.466 ms
[ 140] 1.081: took 7.582 ms
[ 141] 1.088: took 7.530 ms
[ 142] 1.096: took 7.462 ms
[ 143] 1.103: took 7.498 ms
[ 144] 1.111: took 7.601 ms
[ 145] 1.119: took 7.528 ms
[ 146] 1.126: took 7.498 ms
[ 147] 1.134: took 7.428 ms
[ 148] 1.141: took 7.420 ms
[ 149] 1.149: took 7.568 ms
[ 150] 1.156: took 7.490 ms
[ 151] 1.164: took 7.501 ms
[ 152] 1.171: took 7.590 ms
[ 153] 1.179: took 7.521 ms
[ 154] 1.187: took 7.487 ms
[ 155] 1.194: took 7.500 ms
[ 156] 1.202: took 7.532 ms
[ 157] 1.209: took 7.498 ms
[ 158] 1.217: took 7.544 ms
[ 159] 1.225: took 7.597 ms
[ 160] 1.232: took 7.463 ms
[ 161] 1.240: took 7.436 ms
[ 162] 1.247: took 7.523 ms
[ 163] 1.255: took 7.547 ms
[ 164] 1.262: took 7.541 ms
[ 165] 1.270: took 7.549 ms
[ 166] 1.278: took 7.504 ms
[ 167] 1.285: took 7.460 ms
[ 168] 1.293: took 7.467 ms
[ 169] 1.300: took 7.434 ms
[ 170] 1.308: took 7.448 ms
[ 171] 1.315: took 7.438 ms
[ 172] 1.323: took 7.424 ms
[ 173] 1.330: took 7.516 ms
[ 174] 1.338: took 7.451 ms
[ 175] 1.345: took 7.491 ms
[ 176] 1.353: took 7.538 ms
[ 177] 1.360: took 7.530 ms
[ 178] 1.368: took 7.477 ms
[ 179] 1.376: took 7.439 ms
[ 180] 1.383: took 7.476 ms
[ 181] 1.391: took 7.586 ms
[ 182] 1.398: took 7.490 ms
[ 183] 1.406: took 7.416 ms
[ 184] 1.413: took 7.451 ms
[ 185] 1.421: took 7.481 ms
[ 186] 1.428: took 7.445 ms
[ 187] 1.436: took 7.488 ms
[ 188] 1.443: took 7.511 ms
[ 189] 1.451: took 7.468 ms
[ 190] 1.458: took 7.512 ms
[ 191] 1.466: took 7.590 ms
[ 192] 1.474: took 7.474 ms
[ 193] 1.481: took 7.572 ms
[ 194] 1.489: took 7.640 ms
[ 195] 1.497: took 7.489 ms
[ 196] 1.504: took 7.525 ms
[ 197] 1.512: took 7.454 ms
[ 198] 1.519: took 7.510 ms
[ 199] 1.527: took 7.420 ms
[ 200] 1.534: took 7.483 ms
[ 201] 1.542: took 7.393 ms
[ 202] 1.549: took 7.468 ms
[ 203] 1.557: took 7.504 ms
[ 204] 1.564: took 7.445 ms
[ 205] 1.572: took 7.439 ms
[ 206] 1.579: took 7.527 ms
[ 207] 1.587: took 7.467 ms
[ 208] 1.594: took 7.533 ms
[ 209] 1.602: took 7.536 ms
[ 210] 1.610: took 7.475 ms
[ 211] 1.617: took 7.566 ms
[ 212] 1.625: took 7.504 ms
[ 213] 1.632: took 7.457 ms
[ 214] 1.640: took 7.362 ms
[ 215] 1.647: took 7.620 ms
[ 216] 1.655: took 7.606 ms
[ 217] 1.663: took 7.565 ms
[ 218] 1.670: took 7.575 ms
[ 219] 1.678: took 7.499 ms
[ 220] 1.685: took 7.494 ms
[ 221] 1.693: took 7.539 ms
[ 222] 1.701: took 7.368 ms
[ 223] 1.708: took 7.393 ms
[ 224] 1.715: took 7.492 ms
[ 225] 1.723: took 7.412 ms
[ 226] 1.731: took 7.483 ms
[ 227] 1.738: took 7.496 ms
[ 228] 1.746: took 7.442 ms
[ 229] 1.753: took 7.449 ms
[ 230] 1.761: took 7.512 ms
[ 231] 1.768: took 7.470 ms
[ 232] 1.776: took 7.572 ms
[ 233] 1.783: took 7.436 ms
[ 234] 1.791: took 8.111 ms
[ 235] 1.799: took 7.559 ms
[ 236] 1.807: took 7.381 ms
[ 237] 1.814: took 7.463 ms
[ 238] 1.822: took 7.415 ms
[ 239] 1.829: took 7.423 ms
[ 240] 1.837: took 7.523 ms
[ 241] 1.844: took 7.391 ms
[ 242] 1.852: took 7.385 ms
[ 243] 1.859: took 7.469 ms
[ 244] 1.867: took 7.397 ms
[ 245] 1.874: took 7.451 ms
[ 246] 1.882: took 7.347 ms
[ 247] 1.889: took 7.510 ms
[ 248] 1.897: took 7.510 ms
[ 249] 1.904: took 7.508 ms
[ 250] 1.912: took 7.525 ms
[ 251] 1.919: took 7.422 ms
[ 252] 1.927: took 7.569 ms
[ 253] 1.934: took 7.542 ms
[ 254] 1.942: took 7.576 ms
[ 255] 1.950: took 7.422 ms
[ 256] 1.957: took 7.478 ms
[ 257] 1.965: took 7.487 ms
[ 258] 1.972: took 7.533 ms
[ 259] 1.980: took 7.947 ms
[ 260] 1.988: took 7.515 ms
[ 261] 1.995: took 7.588 ms
[ 262] 2.003: took 7.437 ms
[ 263] 2.011: took 7.510 ms
[ 264] 2.018: took 7.461 ms
[ 265] 2.026: took 7.444 ms
[ 266] 2.033: took 7.451 ms
[ 267] 2.041: took 7.420 ms
[ 268] 2.048: took 7.589 ms
[ 269] 2.056: took 7.487 ms
[ 270] 2.063: took 7.516 ms
[ 271] 2.071: took 7.590 ms
[ 272] 2.079: took 7.487 ms
[ 273] 2.086: took 7.432 ms
[ 274] 2.094: took 7.492 ms
[ 275] 2.101: took 7.501 ms
[ 276] 2.109: took 7.506 ms
[ 277] 2.116: took 7.630 ms
[ 278] 2.124: took 8.061 ms
[ 279] 2.132: took 7.420 ms
[ 280] 2.140: took 7.590 ms
[ 281] 2.147: took 7.526 ms
[ 282] 2.155: took 7.527 ms
[ 283] 2.162: took 7.482 ms
[ 284] 2.170: took 7.517 ms
[ 285] 2.177: took 7.541 ms
[ 286] 2.185: took 7.398 ms
[ 287] 2.193: took 7.472 ms
[ 288] 2.200: took 7.493 ms
[ 289] 2.208: took 7.463 ms
[ 290] 2.215: took 7.421 ms
[ 291] 2.223: took 7.554 ms
[ 292] 2.230: took 7.484 ms
[ 293] 2.238: took 7.430 ms
[ 294] 2.245: took 7.433 ms
[ 295] 2.253: took 7.460 ms
[ 296] 2.260: took 7.508 ms
[ 297] 2.268: took 7.402 ms
[ 298] 2.275: took 7.516 ms
[ 299] 2.283: took 7.511 ms
[ 300] 2.291: took 7.397 ms
[ 301] 2.298: took 7.537 ms
[ 302] 2.306: took 7.449 ms
[ 303] 2.313: took 7.580 ms
[ 304] 2.321: took 7.474 ms
[ 305] 2.328: took 7.423 ms
[ 306] 2.336: took 7.416 ms
[ 307] 2.343: took 7.519 ms
[ 308] 2.351: took 7.486 ms
[ 309] 2.358: took 7.495 ms
[ 310] 2.366: took 7.513 ms
[ 311] 2.373: took 7.494 ms
[ 312] 2.381: took 7.503 ms
[ 313] 2.389: took 7.478 ms
[ 314] 2.396: took 7.581 ms
[ 315] 2.404: took 7.498 ms
[ 316] 2.411: took 7.604 ms
[ 317] 2.419: took 7.617 ms
[ 318] 2.427: took 7.528 ms
[ 319] 2.434: took 7.523 ms
[ 320] 2.442: took 7.497 ms
[ 321] 2.449: took 7.541 ms
[ 322] 2.457: took 7.393 ms
[ 323] 2.464: took 7.442 ms
[ 324] 2.472: took 7.480 ms
[ 325] 2.479: took 7.504 ms
[ 326] 2.487: took 7.531 ms
[ 327] 2.495: took 7.489 ms
[ 328] 2.502: took 7.480 ms
[ 329] 2.510: took 7.586 ms
[ 330] 2.517: took 7.444 ms
[ 331] 2.525: took 7.569 ms
[ 332] 2.533: took 7.549 ms
[ 333] 2.540: took 7.411 ms
[ 334] 2.548: took 7.473 ms
[ 335] 2.555: took 7.556 ms
[ 336] 2.563: took 7.589 ms
[ 337] 2.570: took 7.507 ms
[ 338] 2.578: took 7.431 ms
[ 339] 2.585: took 7.453 ms
[ 340] 2.593: took 7.494 ms
[ 341] 2.601: took 7.529 ms
[ 342] 2.608: took 7.569 ms
[ 343] 2.616: took 7.379 ms
[ 344] 2.623: took 7.453 ms
[ 345] 2.631: took 7.517 ms
[ 346] 2.638: took 7.473 ms
[ 347] 2.646: took 7.426 ms
[ 348] 2.653: took 7.509 ms
[ 349] 2.661: took 7.514 ms
[ 350] 2.668: took 7.412 ms
[ 351] 2.676: took 8.071 ms
[ 352] 2.684: took 7.441 ms
[ 353] 2.692: took 7.445 ms
[ 354] 2.699: took 7.517 ms
[ 355] 2.707: took 7.404 ms
[ 356] 2.714: took 7.544 ms
[ 357] 2.722: took 7.381 ms
[ 358] 2.729: took 7.560 ms
[ 359] 2.737: took 7.461 ms
[ 360] 2.744: took 7.468 ms
[ 361] 2.752: took 7.479 ms
[ 362] 2.759: took 7.435 ms
[ 363] 2.767: took 7.538 ms
[ 364] 2.774: took 7.466 ms
[ 365] 2.782: took 7.483 ms
[ 366] 2.789: took 7.362 ms
[ 367] 2.797: took 7.398 ms
[ 368] 2.804: took 7.437 ms
[ 369] 2.812: took 7.404 ms
[ 370] 2.819: took 7.440 ms
[ 371] 2.827: took 7.480 ms
[ 372] 2.834: took 7.482 ms
[ 373] 2.842: took 7.480 ms
[ 374] 2.849: took 7.461 ms
[ 375] 2.857: took 7.421 ms
[ 376] 2.864: took 7.500 ms
[ 377] 2.872: took 7.398 ms
[ 378] 2.879: took 7.499 ms
[ 379] 2.887: took 7.450 ms
[ 380] 2.895: took 7.546 ms
[ 381] 2.902: took 7.518 ms
[ 382] 2.910: took 7.523 ms
[ 383] 2.917: took 7.486 ms
[ 384] 2.925: took 7.459 ms
[ 385] 2.932: took 7.550 ms
[ 386] 2.940: took 7.460 ms
[ 387] 2.947: took 7.491 ms
[ 388] 2.955: took 7.623 ms
[ 389] 2.963: took 7.523 ms
[ 390] 2.970: took 7.484 ms
[ 391] 2.978: took 7.583 ms
[ 392] 2.985: took 7.395 ms
[ 393] 2.993: took 7.440 ms
[ 394] 3.000: took 7.436 ms
[ 395] 3.008: took 7.941 ms
[ 396] 3.016: took 7.475 ms
[ 397] 3.023: took 7.479 ms
[ 398] 3.031: took 7.548 ms
[ 399] 3.039: took 7.492 ms
[ 400] 3.046: took 7.426 ms
[ 401] 3.054: took 7.365 ms
[ 402] 3.061: took 7.588 ms
[ 403] 3.069: took 7.409 ms
[ 404] 3.076: took 7.464 ms
[ 405] 3.084: took 7.314 ms
[ 406] 3.091: took 7.489 ms
[ 407] 3.099: took 7.568 ms
[ 408] 3.106: took 7.468 ms
[ 409] 3.114: took 7.512 ms
[ 410] 3.121: took 7.488 ms
[ 411] 3.129: took 7.422 ms
[ 412] 3.136: took 7.414 ms
[ 413] 3.144: took 7.448 ms
[ 414] 3.151: took 7.520 ms
[ 415] 3.159: took 7.485 ms
[ 416] 3.166: took 7.509 ms
[ 417] 3.174: took 7.429 ms
[ 418] 3.182: took 7.533 ms
[ 419] 3.189: took 7.417 ms
[ 420] 3.197: took 7.638 ms
[ 421] 3.204: took 7.526 ms
[ 422] 3.212: took 7.399 ms
[ 423] 3.219: took 7.440 ms
[ 424] 3.227: took 7.442 ms
[ 425] 3.234: took 7.398 ms
[ 426] 3.242: took 7.425 ms
[ 427] 3.249: took 7.513 ms
[ 428] 3.257: took 7.403 ms
[ 429] 3.264: took 7.402 ms
[ 430] 3.272: took 7.444 ms
[ 431] 3.279: took 7.558 ms
[ 432] 3.287: took 7.448 ms
[ 433] 3.294: took 7.622 ms
[ 434] 3.302: took 7.512 ms
[ 435] 3.310: took 7.504 ms
[ 436] 3.317: took 7.398 ms
[ 437] 3.325: took 7.389 ms
[ 438] 3.332: took 7.410 ms
[ 439] 3.340: took 7.422 ms
[ 440] 3.347: took 7.446 ms
[ 441] 3.355: took 7.477 ms
[ 442] 3.362: took 7.569 ms
[ 443] 3.370: took 7.418 ms
[ 444] 3.377: took 7.505 ms
[ 445] 3.385: took 7.511 ms
[ 446] 3.392: took 7.460 ms
[ 447] 3.400: took 7.578 ms
[ 448] 3.408: took 7.449 ms
[ 449] 3.415: took 7.411 ms
[ 450] 3.423: took 7.424 ms
[ 451] 3.430: took 7.380 ms
[ 452] 3.438: took 7.386 ms
[ 453] 3.445: took 7.464 ms
[ 454] 3.453: took 7.466 ms
[ 455] 3.460: took 7.482 ms
[ 456] 3.468: took 7.383 ms
[ 457] 3.475: took 7.464 ms
[ 458] 3.483: took 7.456 ms
[ 459] 3.490: took 7.452 ms
[ 460] 3.498: took 7.373 ms
[ 461] 3.505: took 7.436 ms
[ 462] 3.513: took 7.400 ms
[ 463] 3.520: took 7.318 ms
[ 464] 3.527: took 7.385 ms
[ 465] 3.535: took 7.370 ms
[ 466] 3.542: took 7.430 ms
[ 467] 3.550: took 7.475 ms
[ 468] 3.557: took 7.487 ms
[ 469] 3.565: took 7.492 ms
[ 470] 3.572: took 7.423 ms
[ 471] 3.580: took 7.441 ms
[ 472] 3.587: took 7.518 ms
[ 473] 3.595: took 7.510 ms
[ 474] 3.602: took 7.566 ms
[ 475] 3.610: took 7.555 ms
[ 476] 3.618: took 7.574 ms
[ 477] 3.625: took 7.567 ms
[ 478] 3.633: took 7.479 ms
[ 479] 3.641: took 7.503 ms
[ 480] 3.648: took 7.576 ms
[ 481] 3.656: took 7.535 ms
[ 482] 3.663: took 7.520 ms
[ 483] 3.671: took 7.522 ms
[ 484] 3.678: took 7.591 ms
[ 485] 3.686: took 7.405 ms
[ 486] 3.694: took 7.527 ms
[ 487] 3.701: took 7.544 ms
[ 488] 3.709: took 8.089 ms
[ 489] 3.717: took 7.509 ms
[ 490] 3.725: took 7.514 ms
[ 491] 3.732: took 7.335 ms
[ 492] 3.739: took 7.435 ms
[ 493] 3.747: took 7.461 ms
[ 494] 3.755: took 7.478 ms
[ 495] 3.762: took 7.515 ms
[ 496] 3.770: took 7.475 ms
[ 497] 3.777: took 7.523 ms
[ 498] 3.785: took 7.460 ms
[ 499] 3.792: took 7.404 ms
[ 500] 3.800: took 7.453 ms
[ 501] 3.807: took 7.446 ms
[ 502] 3.815: took 7.570 ms
[ 503] 3.822: took 7.504 ms
[ 504] 3.830: took 7.574 ms
[ 505] 3.838: took 7.491 ms
[ 506] 3.845: took 7.494 ms
[ 507] 3.853: took 7.574 ms
[ 508] 3.860: took 7.479 ms
[ 509] 3.868: took 7.423 ms
[ 510] 3.875: took 7.568 ms
[ 511] 3.883: took 7.412 ms
[ 512] 3.890: took 7.619 ms
[ 513] 3.898: took 7.561 ms
[ 514] 3.906: took 7.558 ms
[ 515] 3.913: took 7.477 ms
[ 516] 3.921: took 7.522 ms
[ 517] 3.928: took 7.457 ms
[ 518] 3.936: took 7.476 ms
[ 519] 3.944: took 7.440 ms
[ 520] 3.951: took 7.461 ms
[ 521] 3.959: took 7.549 ms
[ 522] 3.966: took 7.503 ms
[ 523] 3.974: took 7.410 ms
[ 524] 3.981: took 7.568 ms
[ 525] 3.989: took 7.437 ms
[ 526] 3.996: took 7.502 ms
[ 527] 4.004: took 7.408 ms
[ 528] 4.011: took 7.552 ms
[ 529] 4.019: took 7.544 ms
[ 530] 4.027: took 7.589 ms
[ 531] 4.034: took 7.443 ms
[ 532] 4.042: took 7.518 ms
[ 533] 4.049: took 7.489 ms
[ 534] 4.057: took 7.421 ms
[ 535] 4.064: took 7.504 ms
[ 536] 4.072: took 7.471 ms
[ 537] 4.079: took 7.459 ms
[ 538] 4.087: took 7.490 ms
[ 539] 4.094: took 7.501 ms
[ 540] 4.102: took 7.544 ms
[ 541] 4.110: took 7.964 ms
[ 542] 4.118: took 7.498 ms
[ 543] 4.125: took 8.021 ms
[ 544] 4.133: took 7.428 ms
[ 545] 4.141: took 7.472 ms
[ 546] 4.148: took 7.485 ms
[ 547] 4.156: took 7.350 ms
[ 548] 4.163: took 7.513 ms
[ 549] 4.171: took 7.477 ms
[ 550] 4.178: took 7.583 ms
[ 551] 4.186: took 7.436 ms
[ 552] 4.194: took 7.517 ms
[ 553] 4.201: took 7.424 ms
[ 554] 4.209: took 7.498 ms
[ 555] 4.216: took 7.407 ms
[ 556] 4.224: took 7.471 ms
[ 557] 4.231: took 7.457 ms
[ 558] 4.239: took 7.482 ms
[ 559] 4.246: took 7.563 ms
[ 560] 4.254: took 7.432 ms
[ 561] 4.261: took 7.369 ms
[ 562] 4.269: took 7.523 ms
[ 563] 4.276: took 7.422 ms
[ 564] 4.284: took 7.370 ms
[ 565] 4.291: took 7.411 ms
[ 566] 4.299: took 7.470 ms
[ 567] 4.306: took 7.492 ms
[ 568] 4.314: took 7.384 ms
[ 569] 4.321: took 7.486 ms
[ 570] 4.329: took 7.583 ms
[ 571] 4.336: took 7.461 ms
[ 572] 4.344: took 7.489 ms
[ 573] 4.352: took 7.617 ms
[ 574] 4.359: took 7.614 ms
[ 575] 4.367: took 7.443 ms
[ 576] 4.374: took 7.445 ms
[ 577] 4.382: took 7.523 ms
[ 578] 4.389: took 7.547 ms
[ 579] 4.397: took 7.524 ms
[ 580] 4.405: took 7.407 ms
[ 581] 4.412: took 7.549 ms
[ 582] 4.420: took 7.538 ms
[ 583] 4.427: took 7.381 ms
[ 584] 4.435: took 7.454 ms
[ 585] 4.442: took 7.567 ms
[ 586] 4.450: took 7.497 ms
[ 587] 4.458: took 7.467 ms
[ 588] 4.465: took 7.540 ms
[ 589] 4.473: took 7.519 ms
[ 590] 4.480: took 7.469 ms
[ 591] 4.488: took 7.437 ms
[ 592] 4.495: took 7.453 ms
[ 593] 4.503: took 7.526 ms
[ 594] 4.510: took 7.474 ms
[ 595] 4.518: took 7.457 ms
[ 596] 4.525: took 7.479 ms
[ 597] 4.533: took 7.394 ms
[ 598] 4.540: took 7.458 ms
[ 599] 4.548: took 7.408 ms
[ 600] 4.555: took 7.527 ms
[ 601] 4.563: took 7.435 ms
[ 602] 4.570: took 7.523 ms
[ 603] 4.578: took 7.430 ms
[ 604] 4.586: took 7.479 ms
[ 605] 4.593: took 7.423 ms
[ 606] 4.601: took 7.546 ms
[ 607] 4.608: took 7.391 ms
[ 608] 4.616: took 7.391 ms
[ 609] 4.623: took 7.467 ms
[ 610] 4.631: took 7.501 ms
[ 611] 4.638: took 7.428 ms
[ 612] 4.646: took 7.481 ms
[ 613] 4.653: took 7.489 ms
[ 614] 4.661: took 7.449 ms
[ 615] 4.668: took 7.583 ms
[ 616] 4.676: took 7.479 ms
[ 617] 4.683: took 7.552 ms
[ 618] 4.691: took 7.527 ms
[ 619] 4.699: took 7.511 ms
[ 620] 4.706: took 7.491 ms
[ 621] 4.714: took 7.402 ms
[ 622] 4.721: took 7.431 ms
[ 623] 4.729: took 7.524 ms
[ 624] 4.736: took 7.552 ms
[ 625] 4.744: took 7.584 ms
[ 626] 4.752: took 7.433 ms
[ 627] 4.759: took 7.494 ms
[ 628] 4.767: took 7.537 ms
[ 629] 4.774: took 7.499 ms
[ 630] 4.782: took 7.507 ms
[ 631] 4.789: took 7.484 ms
[ 632] 4.797: took 7.568 ms
[ 633] 4.804: took 7.553 ms
[ 634] 4.812: took 7.516 ms
[ 635] 4.820: took 7.357 ms
[ 636] 4.827: took 7.747 ms
[ 637] 4.835: took 7.512 ms
[ 638] 4.842: took 7.531 ms
[ 639] 4.850: took 7.529 ms
[ 640] 4.858: took 7.480 ms
[ 641] 4.865: took 7.521 ms
[ 642] 4.873: took 7.445 ms
[ 643] 4.880: took 7.637 ms
[ 644] 4.888: took 7.413 ms
[ 645] 4.895: took 7.510 ms
[ 646] 4.903: took 7.452 ms
[ 647] 4.910: took 7.497 ms
[ 648] 4.918: took 7.478 ms
[ 649] 4.926: took 7.446 ms
[ 650] 4.933: took 7.480 ms
[ 651] 4.941: took 7.518 ms
[ 652] 4.948: took 7.504 ms
[ 653] 4.956: took 7.585 ms
[ 654] 4.963: took 7.501 ms
[ 655] 4.971: took 7.400 ms
[ 656] 4.978: took 7.429 ms
[ 657] 4.986: took 7.483 ms
[ 658] 4.993: took 7.456 ms
[ 659] 5.001: took 7.468 ms
[ 660] 5.009: took 7.461 ms
[ 661] 5.016: took 7.493 ms
[ 662] 5.024: took 7.421 ms
[ 663] 5.031: took 7.460 ms
[ 664] 5.039: took 7.540 ms
[ 665] 5.046: took 7.538 ms
[ 666] 5.054: took 7.412 ms
[ 667] 5.061: took 7.423 ms
[ 668] 5.069: took 7.475 ms
[ 669] 5.076: took 7.440 ms
[ 670] 5.084: took 7.429 ms
[ 671] 5.091: took 7.471 ms
[ 672] 5.099: took 7.456 ms
[ 673] 5.106: took 7.394 ms
[ 674] 5.114: took 7.374 ms
[ 675] 5.121: took 7.407 ms
[ 676] 5.129: took 7.432 ms
[ 677] 5.136: took 7.343 ms
[ 678] 5.144: took 7.357 ms
[ 679] 5.151: took 7.485 ms
[ 680] 5.159: took 7.416 ms
[ 681] 5.166: took 7.456 ms
[ 682] 5.174: took 7.427 ms
[ 683] 5.181: took 7.475 ms
[ 684] 5.189: took 7.398 ms
[ 685] 5.196: took 7.501 ms
[ 686] 5.204: took 7.398 ms
[ 687] 5.211: took 7.573 ms
[ 688] 5.219: took 7.393 ms
[ 689] 5.226: took 7.451 ms
[ 690] 5.234: took 7.404 ms
[ 691] 5.241: took 8.051 ms
[ 692] 5.249: took 7.568 ms
[ 693] 5.257: took 7.413 ms
[ 694] 5.264: took 7.433 ms
[ 695] 5.272: took 7.536 ms
[ 696] 5.279: took 7.640 ms
[ 697] 5.287: took 7.550 ms
[ 698] 5.295: took 7.563 ms
[ 699] 5.302: took 7.469 ms
[ 700] 5.310: took 7.512 ms
[ 701] 5.317: took 7.490 ms
[ 702] 5.325: took 7.491 ms
[ 703] 5.333: took 7.480 ms
[ 704] 5.340: took 7.406 ms
[ 705] 5.348: took 7.427 ms
[ 706] 5.355: took 7.540 ms
[ 707] 5.363: took 7.468 ms
[ 708] 5.370: took 7.494 ms
[ 709] 5.378: took 7.468 ms
[ 710] 5.385: took 7.528 ms
[ 711] 5.393: took 7.525 ms
[ 712] 5.400: took 7.533 ms
[ 713] 5.408: took 7.450 ms
[ 714] 5.416: took 7.369 ms
[ 715] 5.423: took 7.470 ms
[ 716] 5.431: took 7.545 ms
[ 717] 5.438: took 7.437 ms
[ 718] 5.446: took 7.475 ms
[ 719] 5.453: took 7.507 ms
[ 720] 5.461: took 7.435 ms
[ 721] 5.468: took 7.466 ms
[ 722] 5.476: took 7.497 ms
[ 723] 5.483: took 8.090 ms
[ 724] 5.492: took 7.469 ms
[ 725] 5.499: took 7.484 ms
[ 726] 5.507: took 7.516 ms
[ 727] 5.514: took 7.513 ms
[ 728] 5.522: took 7.435 ms
[ 729] 5.529: took 7.544 ms
[ 730] 5.537: took 7.388 ms
[ 731] 5.544: took 7.396 ms
[ 732] 5.552: took 7.374 ms
[ 733] 5.559: took 7.328 ms
[ 734] 5.567: took 7.415 ms
[ 735] 5.574: took 7.394 ms
[ 736] 5.582: took 7.544 ms
[ 737] 5.589: took 7.383 ms
[ 738] 5.597: took 7.450 ms
[ 739] 5.604: took 7.437 ms
[ 740] 5.612: took 7.399 ms
[ 741] 5.619: took 7.505 ms
[ 742] 5.627: took 7.529 ms
[ 743] 5.634: took 7.431 ms
[ 744] 5.642: took 7.497 ms
[ 745] 5.649: took 7.952 ms
[ 746] 5.657: took 7.573 ms
[ 747] 5.665: took 7.507 ms
[ 748] 5.672: took 7.574 ms
[ 749] 5.680: took 7.543 ms
[ 750] 5.688: took 7.345 ms
[ 751] 5.695: took 7.489 ms
[ 752] 5.703: took 7.534 ms
[ 753] 5.710: took 7.544 ms
[ 754] 5.718: took 7.524 ms
[ 755] 5.725: took 7.454 ms
[ 756] 5.733: took 7.459 ms
[ 757] 5.740: took 7.441 ms
[ 758] 5.748: took 7.527 ms
[ 759] 5.756: took 7.481 ms
[ 760] 5.763: took 7.484 ms
[ 761] 5.771: took 7.475 ms
[ 762] 5.778: took 7.596 ms
[ 763] 5.786: took 7.485 ms
[ 764] 5.793: took 7.418 ms
[ 765] 5.801: took 7.520 ms
[ 766] 5.808: took 7.449 ms
[ 767] 5.816: took 7.420 ms
[ 768] 5.823: took 7.506 ms
[ 769] 5.831: took 7.606 ms
[ 770] 5.839: took 7.428 ms
[ 771] 5.846: took 7.564 ms
[ 772] 5.854: took 7.458 ms
[ 773] 5.861: took 7.486 ms
[ 774] 5.869: took 7.476 ms
[ 775] 5.876: took 7.603 ms
[ 776] 5.884: took 7.532 ms
[ 777] 5.892: took 7.465 ms
[ 778] 5.899: took 7.483 ms
[ 779] 5.907: took 7.471 ms
[ 780] 5.914: took 7.452 ms
[ 781] 5.922: took 7.440 ms
[ 782] 5.929: took 7.500 ms
[ 783] 5.937: took 7.468 ms
[ 784] 5.944: took 7.448 ms
[ 785] 5.952: took 7.327 ms
[ 786] 5.959: took 7.469 ms
[ 787] 5.967: took 7.472 ms
[ 788] 5.974: took 7.407 ms
[ 789] 5.982: took 7.426 ms
[ 790] 5.989: took 7.464 ms
[ 791] 5.997: took 7.495 ms
[ 792] 6.004: took 7.462 ms
[ 793] 6.012: took 7.449 ms
[ 794] 6.019: took 7.470 ms
[ 795] 6.027: took 7.538 ms
[ 796] 6.035: took 7.432 ms
[ 797] 6.042: took 7.444 ms
[ 798] 6.049: took 8.042 ms
[ 799] 6.058: took 7.487 ms
[ 800] 6.065: took 7.475 ms
[ 801] 6.073: took 7.520 ms
[ 802] 6.080: took 7.487 ms
[ 803] 6.088: took 8.108 ms
[ 804] 6.096: took 7.457 ms
[ 805] 6.103: took 7.699 ms
[ 806] 6.111: took 7.485 ms
[ 807] 6.119: took 7.556 ms
[ 808] 6.126: took 7.601 ms
[ 809] 6.134: took 7.545 ms
[ 810] 6.142: took 7.426 ms
[ 811] 6.149: took 7.525 ms
[ 812] 6.157: took 7.433 ms
[ 813] 6.164: took 7.460 ms
[ 814] 6.172: took 7.386 ms
[ 815] 6.179: took 7.576 ms
[ 816] 6.187: took 7.437 ms
[ 817] 6.194: took 7.512 ms
[ 818] 6.202: took 7.477 ms
[ 819] 6.209: took 8.039 ms
[ 820] 6.218: took 7.741 ms
[ 821] 6.225: took 7.396 ms
[ 822] 6.233: took 7.458 ms
[ 823] 6.240: took 7.468 ms
[ 824] 6.248: took 7.375 ms
[ 825] 6.255: took 7.506 ms
[ 826] 6.263: took 7.591 ms
[ 827] 6.270: took 7.465 ms
[ 828] 6.278: took 7.506 ms
[ 829] 6.286: took 7.326 ms
[ 830] 6.293: took 7.446 ms
[ 831] 6.300: took 7.420 ms
[ 832] 6.308: took 7.441 ms
[ 833] 6.315: took 7.571 ms
[ 834] 6.323: took 7.407 ms
[ 835] 6.331: took 7.455 ms
[ 836] 6.338: took 7.389 ms
[ 837] 6.346: took 7.446 ms
[ 838] 6.353: took 7.444 ms
[ 839] 6.361: took 7.462 ms
[ 840] 6.368: took 7.503 ms
[ 841] 6.376: took 7.503 ms
[ 842] 6.383: took 7.453 ms
[ 843] 6.391: took 7.531 ms
[ 844] 6.398: took 7.482 ms
[ 845] 6.406: took 7.384 ms
[ 846] 6.413: took 7.486 ms
[ 847] 6.421: took 7.427 ms
[ 848] 6.428: took 7.398 ms
[ 849] 6.436: took 7.467 ms
[ 850] 6.443: took 7.440 ms
[ 851] 6.451: took 7.489 ms
[ 852] 6.458: took 7.470 ms
[ 853] 6.466: took 7.370 ms
[ 854] 6.473: took 7.494 ms
[ 855] 6.481: took 7.462 ms
[ 856] 6.488: took 7.402 ms
[ 857] 6.496: took 7.508 ms
[ 858] 6.503: took 7.543 ms
[ 859] 6.511: took 7.509 ms
[ 860] 6.519: took 7.483 ms
[ 861] 6.526: took 7.521 ms
[ 862] 6.534: took 7.435 ms
[ 863] 6.541: took 7.387 ms
[ 864] 6.549: took 7.524 ms
[ 865] 6.556: took 7.498 ms
[ 866] 6.564: took 7.441 ms
[ 867] 6.571: took 7.388 ms
[ 868] 6.579: took 7.437 ms
[ 869] 6.586: took 7.521 ms
[ 870] 6.594: took 7.496 ms
[ 871] 6.601: took 7.455 ms
[ 872] 6.609: took 7.557 ms
[ 873] 6.617: took 7.367 ms
[ 874] 6.624: took 7.409 ms
[ 875] 6.631: took 7.502 ms
[ 876] 6.639: took 7.446 ms
[ 877] 6.647: took 7.476 ms
[ 878] 6.654: took 7.521 ms
[ 879] 6.662: took 7.550 ms
[ 880] 6.669: took 7.541 ms
[ 881] 6.677: took 7.432 ms
[ 882] 6.684: took 7.452 ms
[ 883] 6.692: took 7.531 ms
[ 884] 6.699: took 7.405 ms
[ 885] 6.707: took 7.499 ms
[ 886] 6.714: took 7.597 ms
[ 887] 6.722: took 7.425 ms
[ 888] 6.730: took 7.401 ms
[ 889] 6.737: took 7.479 ms
[ 890] 6.745: took 7.503 ms
[ 891] 6.752: took 7.496 ms
[ 892] 6.760: took 7.485 ms
[ 893] 6.767: took 7.494 ms
[ 894] 6.775: took 7.503 ms
[ 895] 6.782: took 7.477 ms
[ 896] 6.790: took 7.539 ms
[ 897] 6.798: took 7.465 ms
[ 898] 6.805: took 7.381 ms
[ 899] 6.812: took 7.409 ms
[ 900] 6.820: took 7.434 ms
[ 901] 6.827: took 7.491 ms
[ 902] 6.835: took 7.538 ms
[ 903] 6.843: took 7.387 ms
[ 904] 6.850: took 7.473 ms
[ 905] 6.858: took 7.448 ms
[ 906] 6.865: took 7.492 ms
[ 907] 6.873: took 7.456 ms
[ 908] 6.880: took 7.459 ms
[ 909] 6.888: took 7.449 ms
[ 910] 6.895: took 7.514 ms
[ 911] 6.903: took 7.544 ms
[ 912] 6.910: took 7.549 ms
[ 913] 6.918: took 7.467 ms
[ 914] 6.926: took 7.519 ms
[ 915] 6.933: took 7.511 ms
[ 916] 6.941: took 7.462 ms
[ 917] 6.948: took 7.564 ms
[ 918] 6.956: took 7.450 ms
[ 919] 6.963: took 7.427 ms
[ 920] 6.971: took 7.497 ms
[ 921] 6.978: took 7.508 ms
[ 922] 6.986: took 7.367 ms
[ 923] 6.993: took 7.464 ms
[ 924] 7.001: took 7.424 ms
[ 925] 7.008: took 7.399 ms
[ 926] 7.016: took 7.355 ms
[ 927] 7.023: took 7.392 ms
[ 928] 7.031: took 7.465 ms
[ 929] 7.038: took 7.534 ms
[ 930] 7.046: took 7.471 ms
[ 931] 7.053: took 7.438 ms
[ 932] 7.061: took 7.484 ms
[ 933] 7.068: took 7.562 ms
[ 934] 7.076: took 7.510 ms
[ 935] 7.084: took 7.493 ms
[ 936] 7.091: took 7.616 ms
[ 937] 7.099: took 7.487 ms
[ 938] 7.106: took 7.522 ms
[ 939] 7.114: took 7.498 ms
[ 940] 7.121: took 7.500 ms
[ 941] 7.129: took 7.413 ms
[ 942] 7.137: took 7.421 ms
[ 943] 7.144: took 7.577 ms
[ 944] 7.152: took 7.441 ms
[ 945] 7.159: took 7.422 ms
[ 946] 7.167: took 7.556 ms
[ 947] 7.174: took 7.498 ms
[ 948] 7.182: took 7.409 ms
[ 949] 7.189: took 7.428 ms
[ 950] 7.197: took 7.586 ms
[ 951] 7.204: took 7.359 ms
[ 952] 7.212: took 7.362 ms
[ 953] 7.219: took 7.398 ms
[ 954] 7.227: took 7.426 ms
[ 955] 7.234: took 7.537 ms
[ 956] 7.242: took 7.378 ms
[ 957] 7.249: took 7.399 ms
[ 958] 7.257: took 7.447 ms
[ 959] 7.264: took 7.546 ms
[ 960] 7.272: took 7.435 ms
[ 961] 7.279: took 7.428 ms
[ 962] 7.287: took 7.432 ms
[ 963] 7.294: took 7.521 ms
[ 964] 7.302: took 7.430 ms
[ 965] 7.309: took 7.493 ms
[ 966] 7.317: took 7.396 ms
[ 967] 7.324: took 7.428 ms
[ 968] 7.332: took 7.422 ms
[ 969] 7.339: took 7.501 ms
[ 970] 7.347: took 7.485 ms
[ 971] 7.354: took 7.475 ms
[ 972] 7.362: took 7.395 ms
[ 973] 7.369: took 7.436 ms
[ 974] 7.377: took 7.488 ms
[ 975] 7.384: took 7.411 ms
[ 976] 7.392: took 7.426 ms
[ 977] 7.399: took 7.506 ms
[ 978] 7.407: took 7.464 ms
[ 979] 7.414: took 7.457 ms
[ 980] 7.422: took 7.451 ms
[ 981] 7.430: took 7.438 ms
[ 982] 7.437: took 7.535 ms
[ 983] 7.445: took 7.385 ms
[ 984] 7.452: took 7.422 ms
[ 985] 7.460: took 7.388 ms
[ 986] 7.467: took 7.416 ms
[ 987] 7.474: took 7.393 ms
[ 988] 7.482: took 7.437 ms
[ 989] 7.489: took 7.383 ms
[ 990] 7.497: took 7.511 ms
[ 991] 7.504: took 7.375 ms
[ 992] 7.512: took 7.471 ms
[ 993] 7.519: took 7.402 ms
[ 994] 7.527: took 7.522 ms
[ 995] 7.534: took 7.396 ms
[ 996] 7.542: took 7.414 ms
[ 997] 7.549: took 7.454 ms
[ 998] 7.557: took 7.526 ms
[ 999] 7.564: took 7.442 ms
[1000] 7.572: took 7.478 ms
recorded 1000 frames
Finish..
Close the camera.
Close the camera.
