2019-01-15 17:49:50.861180: E tensorflow/stream_executor/cuda/cuda_driver.cc:397] failed call to cuInit: CUDA_ERROR_NO_DEVICE
2019-01-15 17:49:50.861326: I tensorflow/stream_executor/cuda/cuda_diagnostics.cc:145] kernel driver does not appear to be running on this host (tegra-ubuntu): /proc/driver/nvidia/version does not exist
DNN is on
verbose: 1
Initilize NULL camera. (320 x 240)
camera init completed.
Load TF
Load Model
/home/nvidia/ssd/gits/sandbox/deeppicar/models/model-5conv_3fc-ittc_room.ckpt
Done..
[   0] 0.005: took 29.513 ms
[   1] 0.035: took 11.736 ms
[   2] 0.046: took 11.726 ms
[   3] 0.058: took 11.252 ms
[   4] 0.070: took 11.333 ms
[   5] 0.081: took 11.289 ms
[   6] 0.092: took 11.740 ms
[   7] 0.104: took 12.536 ms
[   8] 0.117: took 12.424 ms
[   9] 0.129: took 12.384 ms
[  10] 0.142: took 12.236 ms
[  11] 0.154: took 12.114 ms
[  12] 0.166: took 12.327 ms
[  13] 0.179: took 12.198 ms
[  14] 0.191: took 12.445 ms
[  15] 0.203: took 12.385 ms
[  16] 0.216: took 12.450 ms
[  17] 0.228: took 12.437 ms
[  18] 0.241: took 12.226 ms
[  19] 0.253: took 12.461 ms
[  20] 0.266: took 12.454 ms
[  21] 0.278: took 12.250 ms
[  22] 0.291: took 12.055 ms
[  23] 0.303: took 12.387 ms
[  24] 0.315: took 12.230 ms
[  25] 0.327: took 12.068 ms
[  26] 0.340: took 11.955 ms
[  27] 0.352: took 11.995 ms
[  28] 0.364: took 11.784 ms
[  29] 0.375: took 11.914 ms
[  30] 0.387: took 12.004 ms
[  31] 0.400: took 11.814 ms
[  32] 0.411: took 11.836 ms
[  33] 0.423: took 11.828 ms
[  34] 0.435: took 12.025 ms
[  35] 0.447: took 12.028 ms
[  36] 0.459: took 12.044 ms
[  37] 0.472: took 11.861 ms
[  38] 0.483: took 12.003 ms
[  39] 0.496: took 11.938 ms
[  40] 0.508: took 12.106 ms
[  41] 0.520: took 11.439 ms
[  42] 0.531: took 11.774 ms
[  43] 0.543: took 12.368 ms
[  44] 0.555: took 12.356 ms
[  45] 0.568: took 12.117 ms
[  46] 0.580: took 12.282 ms
[  47] 0.592: took 12.446 ms
[  48] 0.605: took 12.337 ms
[  49] 0.617: took 12.216 ms
[  50] 0.630: took 12.383 ms
[  51] 0.642: took 12.218 ms
[  52] 0.654: took 12.365 ms
[  53] 0.667: took 12.294 ms
[  54] 0.679: took 12.304 ms
[  55] 0.692: took 12.084 ms
[  56] 0.704: took 12.242 ms
[  57] 0.716: took 12.382 ms
[  58] 0.728: took 12.420 ms
[  59] 0.741: took 12.336 ms
[  60] 0.753: took 12.408 ms
[  61] 0.766: took 12.097 ms
[  62] 0.778: took 12.147 ms
[  63] 0.790: took 12.155 ms
[  64] 0.802: took 11.892 ms
[  65] 0.814: took 11.929 ms
[  66] 0.826: took 12.033 ms
[  67] 0.839: took 12.059 ms
[  68] 0.851: took 11.904 ms
[  69] 0.863: took 11.995 ms
[  70] 0.875: took 12.021 ms
[  71] 0.887: took 11.953 ms
[  72] 0.899: took 11.860 ms
[  73] 0.911: took 11.808 ms
[  74] 0.923: took 11.958 ms
[  75] 0.935: took 12.046 ms
[  76] 0.947: took 11.745 ms
[  77] 0.959: took 11.316 ms
[  78] 0.970: took 12.296 ms
[  79] 0.982: took 12.574 ms
[  80] 0.995: took 12.260 ms
[  81] 1.007: took 12.255 ms
[  82] 1.020: took 12.374 ms
[  83] 1.032: took 12.467 ms
[  84] 1.045: took 12.147 ms
[  85] 1.057: took 12.646 ms
[  86] 1.070: took 12.094 ms
[  87] 1.082: took 12.143 ms
[  88] 1.094: took 12.182 ms
[  89] 1.106: took 12.169 ms
[  90] 1.118: took 12.147 ms
[  91] 1.131: took 12.164 ms
[  92] 1.143: took 12.143 ms
[  93] 1.155: took 12.385 ms
[  94] 1.168: took 12.117 ms
[  95] 1.180: took 12.215 ms
[  96] 1.192: took 12.373 ms
[  97] 1.204: took 12.066 ms
[  98] 1.217: took 12.113 ms
[  99] 1.229: took 11.965 ms
[ 100] 1.241: took 12.004 ms
[ 101] 1.253: took 12.054 ms
[ 102] 1.265: took 12.082 ms
[ 103] 1.277: took 12.074 ms
[ 104] 1.289: took 12.004 ms
[ 105] 1.301: took 11.805 ms
[ 106] 1.313: took 11.937 ms
[ 107] 1.325: took 12.042 ms
[ 108] 1.337: took 12.030 ms
[ 109] 1.349: took 12.188 ms
[ 110] 1.362: took 11.971 ms
[ 111] 1.374: took 12.069 ms
[ 112] 1.386: took 11.824 ms
[ 113] 1.398: took 11.202 ms
[ 114] 1.409: took 12.351 ms
[ 115] 1.421: took 12.301 ms
[ 116] 1.434: took 12.358 ms
[ 117] 1.446: took 12.153 ms
[ 118] 1.458: took 12.214 ms
[ 119] 1.471: took 12.311 ms
[ 120] 1.483: took 12.589 ms
[ 121] 1.496: took 12.101 ms
[ 122] 1.508: took 12.358 ms
[ 123] 1.520: took 12.237 ms
[ 124] 1.533: took 12.230 ms
[ 125] 1.545: took 12.242 ms
[ 126] 1.557: took 12.519 ms
[ 127] 1.570: took 12.450 ms
[ 128] 1.582: took 12.327 ms
[ 129] 1.595: took 12.515 ms
[ 130] 1.607: took 12.593 ms
[ 131] 1.620: took 12.425 ms
[ 132] 1.632: took 12.243 ms
[ 133] 1.645: took 12.058 ms
[ 134] 1.657: took 12.156 ms
[ 135] 1.669: took 11.865 ms
[ 136] 1.681: took 11.906 ms
[ 137] 1.693: took 11.856 ms
[ 138] 1.705: took 11.930 ms
[ 139] 1.717: took 11.882 ms
[ 140] 1.729: took 11.989 ms
[ 141] 1.741: took 11.802 ms
[ 142] 1.753: took 11.962 ms
[ 143] 1.765: took 11.874 ms
[ 144] 1.777: took 11.980 ms
[ 145] 1.789: took 12.027 ms
[ 146] 1.801: took 12.076 ms
[ 147] 1.813: took 11.974 ms
[ 148] 1.825: took 11.621 ms
[ 149] 1.837: took 11.040 ms
[ 150] 1.848: took 12.309 ms
[ 151] 1.860: took 12.387 ms
[ 152] 1.873: took 12.355 ms
[ 153] 1.885: took 12.238 ms
[ 154] 1.898: took 12.254 ms
[ 155] 1.910: took 12.186 ms
[ 156] 1.922: took 12.179 ms
[ 157] 1.934: took 12.473 ms
[ 158] 1.947: took 12.420 ms
[ 159] 1.959: took 12.162 ms
[ 160] 1.972: took 12.049 ms
[ 161] 1.984: took 12.053 ms
[ 162] 1.996: took 12.270 ms
[ 163] 2.008: took 12.288 ms
[ 164] 2.021: took 12.242 ms
[ 165] 2.033: took 12.253 ms
[ 166] 2.045: took 12.260 ms
[ 167] 2.058: took 12.217 ms
[ 168] 2.070: took 12.248 ms
[ 169] 2.082: took 11.933 ms
[ 170] 2.094: took 11.892 ms
[ 171] 2.106: took 12.040 ms
[ 172] 2.118: took 11.998 ms
[ 173] 2.130: took 11.771 ms
[ 174] 2.142: took 11.841 ms
[ 175] 2.154: took 12.049 ms
[ 176] 2.166: took 11.940 ms
[ 177] 2.178: took 11.979 ms
[ 178] 2.190: took 12.074 ms
[ 179] 2.202: took 11.803 ms
[ 180] 2.214: took 11.960 ms
[ 181] 2.226: took 12.342 ms
[ 182] 2.239: took 11.865 ms
[ 183] 2.251: took 11.941 ms
[ 184] 2.263: took 11.883 ms
[ 185] 2.275: took 11.271 ms
[ 186] 2.286: took 12.103 ms
[ 187] 2.298: took 12.434 ms
[ 188] 2.311: took 12.343 ms
[ 189] 2.323: took 12.136 ms
[ 190] 2.335: took 12.551 ms
[ 191] 2.348: took 12.119 ms
[ 192] 2.360: took 12.373 ms
[ 193] 2.372: took 12.308 ms
[ 194] 2.385: took 12.340 ms
[ 195] 2.397: took 12.135 ms
[ 196] 2.409: took 12.126 ms
[ 197] 2.422: took 12.259 ms
[ 198] 2.434: took 12.180 ms
[ 199] 2.446: took 12.002 ms
[ 200] 2.458: took 12.195 ms
[ 201] 2.471: took 11.895 ms
[ 202] 2.482: took 12.242 ms
[ 203] 2.495: took 12.288 ms
[ 204] 2.507: took 12.581 ms
[ 205] 2.520: took 11.892 ms
[ 206] 2.532: took 12.052 ms
[ 207] 2.544: took 11.776 ms
[ 208] 2.556: took 11.959 ms
[ 209] 2.568: took 12.091 ms
[ 210] 2.580: took 11.827 ms
[ 211] 2.592: took 12.031 ms
[ 212] 2.604: took 11.772 ms
[ 213] 2.616: took 11.881 ms
[ 214] 2.628: took 11.874 ms
[ 215] 2.640: took 12.033 ms
[ 216] 2.652: took 11.819 ms
[ 217] 2.664: took 11.998 ms
[ 218] 2.676: took 12.033 ms
[ 219] 2.688: took 11.984 ms
[ 220] 2.700: took 11.849 ms
[ 221] 2.712: took 11.083 ms
[ 222] 2.723: took 11.986 ms
[ 223] 2.735: took 12.383 ms
[ 224] 2.747: took 12.242 ms
[ 225] 2.760: took 12.121 ms
[ 226] 2.772: took 12.203 ms
[ 227] 2.784: took 12.323 ms
[ 228] 2.797: took 12.379 ms
[ 229] 2.809: took 12.468 ms
[ 230] 2.822: took 12.359 ms
[ 231] 2.834: took 12.230 ms
[ 232] 2.846: took 12.366 ms
[ 233] 2.859: took 12.200 ms
[ 234] 2.871: took 12.072 ms
[ 235] 2.883: took 12.141 ms
[ 236] 2.895: took 12.112 ms
[ 237] 2.908: took 12.394 ms
[ 238] 2.920: took 12.118 ms
[ 239] 2.932: took 12.474 ms
[ 240] 2.945: took 12.364 ms
[ 241] 2.957: took 12.536 ms
[ 242] 2.970: took 11.993 ms
[ 243] 2.982: took 12.288 ms
[ 244] 2.994: took 12.092 ms
[ 245] 3.006: took 11.875 ms
[ 246] 3.018: took 12.068 ms
[ 247] 3.030: took 12.000 ms
[ 248] 3.042: took 12.000 ms
[ 249] 3.055: took 11.913 ms
[ 250] 3.067: took 11.794 ms
[ 251] 3.078: took 12.100 ms
[ 252] 3.091: took 12.006 ms
[ 253] 3.103: took 12.009 ms
[ 254] 3.115: took 11.955 ms
[ 255] 3.127: took 12.089 ms
[ 256] 3.139: took 11.408 ms
[ 257] 3.150: took 10.992 ms
[ 258] 3.161: took 11.055 ms
[ 259] 3.173: took 12.335 ms
[ 260] 3.185: took 12.359 ms
[ 261] 3.197: took 12.252 ms
[ 262] 3.210: took 11.981 ms
[ 263] 3.222: took 12.205 ms
[ 264] 3.234: took 12.273 ms
[ 265] 3.246: took 12.383 ms
[ 266] 3.259: took 12.196 ms
[ 267] 3.271: took 12.231 ms
[ 268] 3.283: took 12.375 ms
[ 269] 3.296: took 12.255 ms
[ 270] 3.308: took 12.399 ms
[ 271] 3.321: took 12.556 ms
[ 272] 3.333: took 12.329 ms
[ 273] 3.346: took 12.471 ms
[ 274] 3.358: took 12.299 ms
[ 275] 3.371: took 12.254 ms
[ 276] 3.383: took 12.384 ms
[ 277] 3.395: took 12.192 ms
[ 278] 3.408: took 11.668 ms
[ 279] 3.419: took 11.701 ms
[ 280] 3.431: took 11.776 ms
[ 281] 3.443: took 11.870 ms
[ 282] 3.455: took 11.841 ms
[ 283] 3.467: took 11.753 ms
[ 284] 3.479: took 11.823 ms
[ 285] 3.491: took 12.159 ms
[ 286] 3.503: took 11.944 ms
[ 287] 3.515: took 11.830 ms
[ 288] 3.527: took 12.202 ms
[ 289] 3.539: took 12.059 ms
[ 290] 3.551: took 12.068 ms
[ 291] 3.563: took 11.940 ms
[ 292] 3.575: took 11.813 ms
[ 293] 3.587: took 11.620 ms
[ 294] 3.599: took 11.935 ms
[ 295] 3.611: took 12.444 ms
[ 296] 3.623: took 12.317 ms
[ 297] 3.636: took 12.356 ms
[ 298] 3.648: took 12.270 ms
[ 299] 3.660: took 12.518 ms
[ 300] 3.673: took 12.153 ms
[ 301] 3.685: took 12.192 ms
[ 302] 3.698: took 12.358 ms
[ 303] 3.710: took 12.217 ms
[ 304] 3.722: took 12.294 ms
[ 305] 3.735: took 12.318 ms
[ 306] 3.747: took 12.369 ms
[ 307] 3.759: took 12.342 ms
[ 308] 3.772: took 12.243 ms
[ 309] 3.784: took 12.179 ms
[ 310] 3.796: took 12.266 ms
[ 311] 3.809: took 12.244 ms
[ 312] 3.821: took 12.305 ms
[ 313] 3.833: took 12.400 ms
[ 314] 3.846: took 11.854 ms
[ 315] 3.858: took 11.925 ms
[ 316] 3.870: took 11.942 ms
[ 317] 3.882: took 12.024 ms
[ 318] 3.894: took 11.979 ms
[ 319] 3.906: took 11.854 ms
[ 320] 3.918: took 11.884 ms
[ 321] 3.930: took 11.798 ms
[ 322] 3.942: took 11.954 ms
[ 323] 3.954: took 11.775 ms
[ 324] 3.966: took 12.045 ms
[ 325] 3.978: took 11.903 ms
[ 326] 3.990: took 12.066 ms
[ 327] 4.002: took 12.095 ms
[ 328] 4.014: took 12.140 ms
[ 329] 4.026: took 11.897 ms
[ 330] 4.038: took 12.288 ms
[ 331] 4.050: took 12.354 ms
[ 332] 4.063: took 12.266 ms
[ 333] 4.075: took 12.309 ms
[ 334] 4.088: took 12.279 ms
[ 335] 4.100: took 12.167 ms
[ 336] 4.112: took 12.415 ms
[ 337] 4.125: took 12.296 ms
[ 338] 4.137: took 12.230 ms
[ 339] 4.149: took 12.150 ms
[ 340] 4.162: took 12.276 ms
[ 341] 4.174: took 12.210 ms
[ 342] 4.186: took 12.180 ms
[ 343] 4.198: took 12.259 ms
[ 344] 4.211: took 12.294 ms
[ 345] 4.223: took 12.277 ms
[ 346] 4.235: took 12.258 ms
[ 347] 4.248: took 12.483 ms
[ 348] 4.260: took 12.146 ms
[ 349] 4.273: took 11.793 ms
[ 350] 4.284: took 11.956 ms
[ 351] 4.296: took 11.783 ms
[ 352] 4.308: took 11.866 ms
[ 353] 4.320: took 11.894 ms
[ 354] 4.332: took 11.941 ms
[ 355] 4.344: took 11.854 ms
[ 356] 4.356: took 11.975 ms
[ 357] 4.368: took 11.765 ms
[ 358] 4.380: took 12.066 ms
[ 359] 4.392: took 12.021 ms
[ 360] 4.404: took 11.980 ms
[ 361] 4.416: took 12.027 ms
[ 362] 4.428: took 11.947 ms
[ 363] 4.440: took 12.089 ms
[ 364] 4.453: took 11.178 ms
[ 365] 4.464: took 11.888 ms
[ 366] 4.476: took 12.292 ms
[ 367] 4.488: took 12.512 ms
[ 368] 4.501: took 12.440 ms
[ 369] 4.513: took 12.234 ms
[ 370] 4.525: took 12.437 ms
[ 371] 4.538: took 12.066 ms
[ 372] 4.550: took 12.198 ms
[ 373] 4.562: took 12.205 ms
[ 374] 4.575: took 12.375 ms
[ 375] 4.587: took 12.300 ms
[ 376] 4.599: took 12.426 ms
[ 377] 4.612: took 12.298 ms
[ 378] 4.624: took 12.206 ms
[ 379] 4.637: took 12.237 ms
[ 380] 4.649: took 12.281 ms
[ 381] 4.661: took 12.047 ms
[ 382] 4.673: took 12.288 ms
[ 383] 4.686: took 12.236 ms
[ 384] 4.698: took 12.200 ms
[ 385] 4.710: took 11.856 ms
[ 386] 4.722: took 12.060 ms
[ 387] 4.734: took 11.922 ms
[ 388] 4.746: took 12.075 ms
[ 389] 4.759: took 11.821 ms
[ 390] 4.770: took 11.929 ms
[ 391] 4.782: took 11.825 ms
[ 392] 4.794: took 11.822 ms
[ 393] 4.806: took 11.882 ms
[ 394] 4.818: took 12.069 ms
[ 395] 4.830: took 11.762 ms
[ 396] 4.842: took 11.979 ms
[ 397] 4.854: took 12.062 ms
[ 398] 4.866: took 12.040 ms
[ 399] 4.878: took 11.794 ms
[ 400] 4.890: took 11.069 ms
[ 401] 4.901: took 11.303 ms
[ 402] 4.913: took 12.497 ms
[ 403] 4.925: took 12.377 ms
[ 404] 4.938: took 12.082 ms
[ 405] 4.950: took 12.173 ms
[ 406] 4.962: took 12.501 ms
[ 407] 4.975: took 12.278 ms
[ 408] 4.987: took 12.259 ms
[ 409] 4.999: took 12.293 ms
[ 410] 5.012: took 12.221 ms
[ 411] 5.024: took 12.254 ms
[ 412] 5.036: took 12.226 ms
[ 413] 5.049: took 12.194 ms
[ 414] 5.061: took 12.331 ms
[ 415] 5.073: took 12.354 ms
[ 416] 5.086: took 12.242 ms
[ 417] 5.098: took 12.636 ms
[ 418] 5.111: took 12.320 ms
[ 419] 5.123: took 12.354 ms
[ 420] 5.136: took 12.393 ms
[ 421] 5.148: took 12.576 ms
[ 422] 5.161: took 12.088 ms
[ 423] 5.173: took 12.082 ms
[ 424] 5.185: took 11.950 ms
[ 425] 5.197: took 11.951 ms
[ 426] 5.209: took 11.981 ms
[ 427] 5.221: took 11.969 ms
[ 428] 5.233: took 12.051 ms
[ 429] 5.245: took 11.858 ms
[ 430] 5.257: took 11.801 ms
[ 431] 5.269: took 11.881 ms
[ 432] 5.281: took 11.970 ms
[ 433] 5.293: took 12.086 ms
[ 434] 5.305: took 11.712 ms
[ 435] 5.317: took 11.982 ms
[ 436] 5.329: took 11.836 ms
[ 437] 5.341: took 11.554 ms
[ 438] 5.353: took 12.418 ms
[ 439] 5.365: took 12.382 ms
[ 440] 5.378: took 12.156 ms
[ 441] 5.390: took 12.245 ms
[ 442] 5.402: took 12.284 ms
[ 443] 5.414: took 12.312 ms
[ 444] 5.427: took 12.266 ms
[ 445] 5.439: took 12.256 ms
[ 446] 5.452: took 12.053 ms
[ 447] 5.464: took 12.195 ms
[ 448] 5.476: took 12.305 ms
[ 449] 5.488: took 12.496 ms
[ 450] 5.501: took 12.148 ms
[ 451] 5.513: took 12.248 ms
[ 452] 5.525: took 12.231 ms
[ 453] 5.538: took 12.260 ms
[ 454] 5.550: took 12.189 ms
[ 455] 5.562: took 12.083 ms
[ 456] 5.574: took 12.044 ms
[ 457] 5.587: took 11.940 ms
[ 458] 5.599: took 11.977 ms
[ 459] 5.611: took 11.843 ms
[ 460] 5.622: took 11.794 ms
[ 461] 5.634: took 11.910 ms
[ 462] 5.646: took 11.895 ms
[ 463] 5.658: took 12.000 ms
[ 464] 5.670: took 11.851 ms
[ 465] 5.682: took 11.849 ms
[ 466] 5.694: took 11.944 ms
[ 467] 5.706: took 11.847 ms
[ 468] 5.718: took 12.078 ms
[ 469] 5.730: took 11.997 ms
[ 470] 5.742: took 11.917 ms
[ 471] 5.754: took 12.132 ms
[ 472] 5.766: took 11.765 ms
[ 473] 5.778: took 11.898 ms
[ 474] 5.790: took 12.270 ms
[ 475] 5.803: took 12.319 ms
[ 476] 5.815: took 12.161 ms
[ 477] 5.827: took 12.270 ms
[ 478] 5.840: took 12.485 ms
[ 479] 5.852: took 12.149 ms
[ 480] 5.864: took 12.435 ms
[ 481] 5.877: took 12.426 ms
[ 482] 5.889: took 12.283 ms
[ 483] 5.902: took 12.220 ms
[ 484] 5.914: took 12.483 ms
[ 485] 5.927: took 12.143 ms
[ 486] 5.939: took 12.385 ms
[ 487] 5.951: took 12.190 ms
[ 488] 5.963: took 12.242 ms
[ 489] 5.976: took 12.478 ms
[ 490] 5.988: took 12.336 ms
[ 491] 6.001: took 12.154 ms
[ 492] 6.013: took 12.030 ms
[ 493] 6.025: took 12.021 ms
[ 494] 6.037: took 11.839 ms
[ 495] 6.049: took 12.175 ms
[ 496] 6.061: took 12.051 ms
[ 497] 6.073: took 12.071 ms
[ 498] 6.086: took 11.839 ms
[ 499] 6.097: took 11.710 ms
[ 500] 6.109: took 11.887 ms
[ 501] 6.121: took 11.909 ms
[ 502] 6.133: took 12.079 ms
[ 503] 6.145: took 11.952 ms
[ 504] 6.157: took 11.982 ms
[ 505] 6.169: took 11.935 ms
[ 506] 6.181: took 11.956 ms
[ 507] 6.193: took 12.089 ms
[ 508] 6.206: took 11.650 ms
[ 509] 6.217: took 12.328 ms
[ 510] 6.230: took 12.342 ms
[ 511] 6.242: took 12.174 ms
[ 512] 6.254: took 12.334 ms
[ 513] 6.267: took 12.175 ms
[ 514] 6.279: took 12.243 ms
[ 515] 6.291: took 12.336 ms
[ 516] 6.304: took 12.029 ms
[ 517] 6.316: took 12.292 ms
[ 518] 6.328: took 12.367 ms
[ 519] 6.341: took 12.256 ms
[ 520] 6.353: took 12.105 ms
[ 521] 6.365: took 12.259 ms
[ 522] 6.377: took 12.258 ms
[ 523] 6.390: took 12.163 ms
[ 524] 6.402: took 12.342 ms
[ 525] 6.414: took 12.162 ms
[ 526] 6.427: took 12.150 ms
[ 527] 6.439: took 12.128 ms
[ 528] 6.451: took 11.987 ms
[ 529] 6.463: took 11.929 ms
[ 530] 6.475: took 12.188 ms
[ 531] 6.487: took 11.829 ms
[ 532] 6.499: took 12.007 ms
[ 533] 6.511: took 11.801 ms
[ 534] 6.523: took 11.938 ms
[ 535] 6.535: took 11.982 ms
[ 536] 6.547: took 12.056 ms
[ 537] 6.559: took 11.929 ms
[ 538] 6.571: took 11.821 ms
[ 539] 6.583: took 11.991 ms
[ 540] 6.595: took 12.045 ms
[ 541] 6.607: took 12.140 ms
[ 542] 6.620: took 12.015 ms
[ 543] 6.632: took 11.385 ms
[ 544] 6.643: took 11.237 ms
[ 545] 6.654: took 11.485 ms
[ 546] 6.666: took 12.340 ms
[ 547] 6.678: took 12.359 ms
[ 548] 6.691: took 12.162 ms
[ 549] 6.703: took 12.182 ms
[ 550] 6.715: took 12.260 ms
[ 551] 6.728: took 12.381 ms
[ 552] 6.740: took 12.325 ms
[ 553] 6.752: took 12.043 ms
[ 554] 6.765: took 12.071 ms
[ 555] 6.777: took 12.319 ms
[ 556] 6.789: took 12.159 ms
[ 557] 6.801: took 12.319 ms
[ 558] 6.814: took 12.008 ms
[ 559] 6.826: took 12.113 ms
[ 560] 6.838: took 11.935 ms
[ 561] 6.850: took 12.427 ms
[ 562] 6.863: took 12.251 ms
[ 563] 6.875: took 12.341 ms
[ 564] 6.887: took 12.025 ms
[ 565] 6.899: took 11.865 ms
[ 566] 6.911: took 11.925 ms
[ 567] 6.923: took 12.024 ms
[ 568] 6.935: took 11.979 ms
[ 569] 6.948: took 11.991 ms
[ 570] 6.960: took 11.999 ms
[ 571] 6.972: took 11.882 ms
[ 572] 6.984: took 11.833 ms
[ 573] 6.995: took 11.686 ms
[ 574] 7.007: took 12.014 ms
[ 575] 7.019: took 11.918 ms
[ 576] 7.031: took 12.058 ms
[ 577] 7.043: took 11.912 ms
[ 578] 7.055: took 11.878 ms
[ 579] 7.067: took 11.862 ms
[ 580] 7.079: took 11.467 ms
[ 581] 7.091: took 10.962 ms
[ 582] 7.102: took 12.075 ms
[ 583] 7.114: took 12.729 ms
[ 584] 7.127: took 12.347 ms
[ 585] 7.139: took 12.167 ms
[ 586] 7.151: took 12.393 ms
[ 587] 7.164: took 12.161 ms
[ 588] 7.176: took 12.270 ms
[ 589] 7.188: took 12.311 ms
[ 590] 7.201: took 12.417 ms
[ 591] 7.213: took 12.336 ms
[ 592] 7.226: took 12.212 ms
[ 593] 7.238: took 12.241 ms
[ 594] 7.250: took 12.260 ms
[ 595] 7.263: took 12.296 ms
[ 596] 7.275: took 12.299 ms
[ 597] 7.287: took 12.191 ms
[ 598] 7.300: took 12.269 ms
[ 599] 7.312: took 12.308 ms
[ 600] 7.324: took 12.514 ms
[ 601] 7.337: took 11.779 ms
[ 602] 7.349: took 11.929 ms
[ 603] 7.361: took 11.883 ms
[ 604] 7.373: took 11.876 ms
[ 605] 7.385: took 11.725 ms
[ 606] 7.396: took 11.965 ms
[ 607] 7.408: took 11.826 ms
[ 608] 7.420: took 11.951 ms
[ 609] 7.432: took 11.724 ms
[ 610] 7.444: took 11.961 ms
[ 611] 7.456: took 11.717 ms
[ 612] 7.468: took 11.783 ms
[ 613] 7.480: took 11.619 ms
[ 614] 7.492: took 11.929 ms
[ 615] 7.504: took 11.833 ms
[ 616] 7.515: took 12.121 ms
[ 617] 7.528: took 11.817 ms
[ 618] 7.539: took 12.090 ms
[ 619] 7.552: took 12.410 ms
[ 620] 7.564: took 12.516 ms
[ 621] 7.577: took 12.271 ms
[ 622] 7.589: took 12.367 ms
[ 623] 7.601: took 12.571 ms
[ 624] 7.614: took 12.304 ms
[ 625] 7.626: took 12.120 ms
[ 626] 7.639: took 11.999 ms
[ 627] 7.651: took 12.391 ms
[ 628] 7.663: took 12.424 ms
[ 629] 7.676: took 12.238 ms
[ 630] 7.688: took 12.271 ms
[ 631] 7.700: took 12.105 ms
[ 632] 7.713: took 12.258 ms
[ 633] 7.725: took 12.019 ms
[ 634] 7.737: took 12.336 ms
[ 635] 7.749: took 12.166 ms
[ 636] 7.762: took 12.456 ms
[ 637] 7.774: took 12.064 ms
[ 638] 7.786: took 11.726 ms
[ 639] 7.798: took 12.026 ms
[ 640] 7.810: took 12.090 ms
[ 641] 7.822: took 11.878 ms
[ 642] 7.834: took 11.759 ms
[ 643] 7.846: took 11.893 ms
[ 644] 7.858: took 11.928 ms
[ 645] 7.870: took 12.138 ms
[ 646] 7.882: took 12.220 ms
[ 647] 7.894: took 11.979 ms
[ 648] 7.907: took 12.149 ms
[ 649] 7.919: took 11.805 ms
[ 650] 7.931: took 12.139 ms
[ 651] 7.943: took 12.019 ms
[ 652] 7.955: took 12.015 ms
[ 653] 7.967: took 11.129 ms
[ 654] 7.978: took 11.947 ms
[ 655] 7.990: took 12.254 ms
[ 656] 8.002: took 12.321 ms
[ 657] 8.015: took 12.254 ms
[ 658] 8.027: took 12.242 ms
[ 659] 8.040: took 12.171 ms
[ 660] 8.052: took 12.158 ms
[ 661] 8.064: took 12.524 ms
[ 662] 8.077: took 12.329 ms
[ 663] 8.089: took 12.120 ms
[ 664] 8.101: took 12.416 ms
[ 665] 8.114: took 12.331 ms
[ 666] 8.126: took 12.111 ms
[ 667] 8.138: took 12.018 ms
[ 668] 8.150: took 12.240 ms
[ 669] 8.163: took 12.237 ms
[ 670] 8.175: took 12.318 ms
[ 671] 8.187: took 12.300 ms
[ 672] 8.200: took 12.082 ms
[ 673] 8.212: took 12.115 ms
[ 674] 8.224: took 12.137 ms
[ 675] 8.236: took 12.011 ms
[ 676] 8.248: took 12.086 ms
[ 677] 8.260: took 11.829 ms
[ 678] 8.272: took 12.051 ms
[ 679] 8.285: took 11.873 ms
[ 680] 8.296: took 11.939 ms
[ 681] 8.308: took 11.975 ms
[ 682] 8.320: took 11.811 ms
[ 683] 8.332: took 11.813 ms
[ 684] 8.344: took 11.902 ms
[ 685] 8.356: took 11.975 ms
[ 686] 8.368: took 12.066 ms
[ 687] 8.380: took 11.744 ms
[ 688] 8.392: took 11.979 ms
[ 689] 8.404: took 11.981 ms
[ 690] 8.416: took 12.000 ms
[ 691] 8.428: took 12.465 ms
[ 692] 8.441: took 12.246 ms
[ 693] 8.453: took 12.166 ms
[ 694] 8.465: took 12.091 ms
[ 695] 8.478: took 12.319 ms
[ 696] 8.490: took 12.219 ms
[ 697] 8.502: took 12.017 ms
[ 698] 8.514: took 12.146 ms
[ 699] 8.527: took 12.188 ms
[ 700] 8.539: took 12.213 ms
[ 701] 8.551: took 12.222 ms
[ 702] 8.563: took 12.121 ms
[ 703] 8.576: took 12.600 ms
[ 704] 8.588: took 12.340 ms
[ 705] 8.601: took 12.304 ms
[ 706] 8.613: took 12.381 ms
[ 707] 8.626: took 12.223 ms
[ 708] 8.638: took 12.314 ms
[ 709] 8.650: took 11.872 ms
[ 710] 8.662: took 11.990 ms
[ 711] 8.674: took 12.018 ms
[ 712] 8.686: took 11.975 ms
[ 713] 8.698: took 11.925 ms
[ 714] 8.710: took 11.738 ms
[ 715] 8.722: took 11.938 ms
[ 716] 8.734: took 11.905 ms
[ 717] 8.746: took 12.082 ms
[ 718] 8.758: took 11.756 ms
[ 719] 8.770: took 12.051 ms
[ 720] 8.782: took 11.815 ms
[ 721] 8.794: took 12.057 ms
[ 722] 8.806: took 11.914 ms
[ 723] 8.818: took 11.900 ms
[ 724] 8.830: took 12.181 ms
[ 725] 8.842: took 11.400 ms
[ 726] 8.854: took 12.383 ms
[ 727] 8.866: took 12.254 ms
[ 728] 8.879: took 12.155 ms
[ 729] 8.891: took 12.375 ms
[ 730] 8.903: took 12.300 ms
[ 731] 8.916: took 12.157 ms
[ 732] 8.928: took 12.318 ms
[ 733] 8.940: took 12.245 ms
[ 734] 8.953: took 12.191 ms
[ 735] 8.965: took 12.441 ms
[ 736] 8.977: took 12.354 ms
[ 737] 8.990: took 12.358 ms
[ 738] 9.002: took 12.312 ms
[ 739] 9.015: took 12.329 ms
[ 740] 9.027: took 12.017 ms
[ 741] 9.039: took 12.249 ms
[ 742] 9.051: took 12.109 ms
[ 743] 9.064: took 12.284 ms
[ 744] 9.076: took 12.104 ms
[ 745] 9.088: took 11.916 ms
[ 746] 9.100: took 11.756 ms
[ 747] 9.112: took 11.799 ms
[ 748] 9.124: took 11.996 ms
[ 749] 9.136: took 12.022 ms
[ 750] 9.148: took 11.705 ms
[ 751] 9.160: took 11.986 ms
[ 752] 9.172: took 11.832 ms
[ 753] 9.184: took 12.038 ms
[ 754] 9.196: took 11.718 ms
[ 755] 9.208: took 11.873 ms
[ 756] 9.220: took 11.783 ms
[ 757] 9.231: took 11.825 ms
[ 758] 9.243: took 12.013 ms
[ 759] 9.255: took 11.937 ms
[ 760] 9.267: took 11.982 ms
[ 761] 9.279: took 11.271 ms
[ 762] 9.291: took 12.597 ms
[ 763] 9.303: took 12.366 ms
[ 764] 9.316: took 12.286 ms
[ 765] 9.328: took 12.224 ms
[ 766] 9.340: took 12.111 ms
[ 767] 9.353: took 12.477 ms
[ 768] 9.365: took 12.136 ms
[ 769] 9.377: took 12.466 ms
[ 770] 9.390: took 12.410 ms
[ 771] 9.402: took 12.288 ms
[ 772] 9.415: took 12.429 ms
[ 773] 9.427: took 12.395 ms
[ 774] 9.440: took 12.190 ms
[ 775] 9.452: took 12.005 ms
[ 776] 9.464: took 12.389 ms
[ 777] 9.477: took 12.495 ms
[ 778] 9.489: took 12.171 ms
[ 779] 9.501: took 12.437 ms
[ 780] 9.514: took 12.249 ms
[ 781] 9.526: took 12.031 ms
[ 782] 9.538: took 11.791 ms
[ 783] 9.550: took 11.914 ms
[ 784] 9.562: took 12.161 ms
[ 785] 9.574: took 11.806 ms
[ 786] 9.586: took 12.023 ms
[ 787] 9.598: took 11.675 ms
[ 788] 9.610: took 11.967 ms
[ 789] 9.622: took 11.727 ms
[ 790] 9.634: took 11.959 ms
[ 791] 9.646: took 11.812 ms
[ 792] 9.658: took 11.990 ms
[ 793] 9.670: took 12.037 ms
[ 794] 9.682: took 12.025 ms
[ 795] 9.694: took 11.841 ms
[ 796] 9.706: took 11.872 ms
[ 797] 9.718: took 11.710 ms
[ 798] 9.730: took 12.562 ms
[ 799] 9.742: took 12.364 ms
[ 800] 9.755: took 12.011 ms
[ 801] 9.767: took 12.215 ms
[ 802] 9.779: took 12.333 ms
[ 803] 9.791: took 12.414 ms
[ 804] 9.804: took 12.171 ms
[ 805] 9.816: took 12.337 ms
[ 806] 9.829: took 12.338 ms
[ 807] 9.841: took 12.250 ms
[ 808] 9.853: took 12.254 ms
[ 809] 9.866: took 12.140 ms
[ 810] 9.878: took 12.095 ms
[ 811] 9.890: took 12.490 ms
[ 812] 9.903: took 12.361 ms
[ 813] 9.915: took 12.268 ms
[ 814] 9.927: took 12.281 ms
[ 815] 9.940: took 12.429 ms
[ 816] 9.952: took 12.110 ms
[ 817] 9.964: took 11.818 ms
[ 818] 9.976: took 12.045 ms
[ 819] 9.988: took 11.836 ms
[ 820] 10.000: took 11.983 ms
[ 821] 10.012: took 11.943 ms
[ 822] 10.024: took 12.066 ms
[ 823] 10.036: took 11.832 ms
[ 824] 10.048: took 11.779 ms
[ 825] 10.060: took 11.868 ms
[ 826] 10.072: took 12.087 ms
[ 827] 10.084: took 11.693 ms
[ 828] 10.096: took 12.024 ms
[ 829] 10.108: took 12.003 ms
[ 830] 10.120: took 11.858 ms
[ 831] 10.132: took 11.991 ms
[ 832] 10.144: took 11.720 ms
[ 833] 10.156: took 11.932 ms
[ 834] 10.168: took 12.351 ms
[ 835] 10.180: took 11.888 ms
[ 836] 10.192: took 12.314 ms
[ 837] 10.205: took 12.082 ms
[ 838] 10.217: took 12.110 ms
[ 839] 10.229: took 12.213 ms
[ 840] 10.241: took 12.234 ms
[ 841] 10.254: took 12.233 ms
[ 842] 10.266: took 12.296 ms
[ 843] 10.278: took 11.943 ms
[ 844] 10.290: took 11.977 ms
[ 845] 10.302: took 12.008 ms
[ 846] 10.315: took 12.286 ms
[ 847] 10.327: took 12.472 ms
[ 848] 10.339: took 12.171 ms
[ 849] 10.352: took 12.100 ms
[ 850] 10.364: took 12.053 ms
[ 851] 10.376: took 12.302 ms
[ 852] 10.388: took 12.020 ms
[ 853] 10.400: took 11.712 ms
[ 854] 10.412: took 11.793 ms
[ 855] 10.424: took 12.138 ms
[ 856] 10.436: took 12.196 ms
[ 857] 10.449: took 11.886 ms
[ 858] 10.460: took 12.206 ms
[ 859] 10.473: took 11.702 ms
[ 860] 10.485: took 11.927 ms
[ 861] 10.497: took 11.871 ms
[ 862] 10.508: took 11.699 ms
[ 863] 10.520: took 11.802 ms
[ 864] 10.532: took 11.941 ms
[ 865] 10.544: took 11.865 ms
[ 866] 10.556: took 11.822 ms
[ 867] 10.568: took 12.179 ms
[ 868] 10.580: took 11.254 ms
[ 869] 10.591: took 11.112 ms
[ 870] 10.603: took 12.115 ms
[ 871] 10.615: took 12.140 ms
[ 872] 10.627: took 12.339 ms
[ 873] 10.639: took 12.179 ms
[ 874] 10.652: took 12.189 ms
[ 875] 10.664: took 12.210 ms
[ 876] 10.676: took 12.247 ms
[ 877] 10.689: took 12.096 ms
[ 878] 10.701: took 12.271 ms
[ 879] 10.713: took 12.068 ms
[ 880] 10.725: took 12.077 ms
[ 881] 10.737: took 12.292 ms
[ 882] 10.750: took 12.373 ms
[ 883] 10.762: took 12.256 ms
[ 884] 10.774: took 12.186 ms
[ 885] 10.787: took 12.266 ms
[ 886] 10.799: took 12.248 ms
[ 887] 10.811: took 12.030 ms
[ 888] 10.823: took 12.371 ms
[ 889] 10.836: took 12.085 ms
[ 890] 10.848: took 12.028 ms
[ 891] 10.860: took 11.989 ms
[ 892] 10.872: took 11.762 ms
[ 893] 10.884: took 11.724 ms
[ 894] 10.896: took 12.026 ms
[ 895] 10.908: took 11.898 ms
[ 896] 10.920: took 11.991 ms
[ 897] 10.932: took 11.749 ms
[ 898] 10.944: took 11.694 ms
[ 899] 10.956: took 12.146 ms
[ 900] 10.968: took 11.707 ms
[ 901] 10.980: took 11.977 ms
[ 902] 10.992: took 11.991 ms
[ 903] 11.004: took 11.932 ms
[ 904] 11.016: took 11.966 ms
[ 905] 11.028: took 11.206 ms
[ 906] 11.039: took 12.308 ms
[ 907] 11.051: took 12.399 ms
[ 908] 11.064: took 12.509 ms
[ 909] 11.076: took 12.095 ms
[ 910] 11.089: took 12.178 ms
[ 911] 11.101: took 12.226 ms
[ 912] 11.113: took 12.022 ms
[ 913] 11.125: took 12.479 ms
[ 914] 11.138: took 12.060 ms
[ 915] 11.150: took 12.090 ms
[ 916] 11.162: took 12.070 ms
[ 917] 11.174: took 12.326 ms
[ 918] 11.187: took 11.928 ms
[ 919] 11.199: took 12.399 ms
[ 920] 11.211: took 12.100 ms
[ 921] 11.223: took 12.273 ms
[ 922] 11.236: took 12.087 ms
[ 923] 11.248: took 12.306 ms
[ 924] 11.260: took 12.313 ms
[ 925] 11.273: took 11.927 ms
[ 926] 11.285: took 11.714 ms
[ 927] 11.296: took 12.133 ms
[ 928] 11.308: took 11.954 ms
[ 929] 11.321: took 11.792 ms
[ 930] 11.332: took 11.987 ms
[ 931] 11.344: took 12.074 ms
[ 932] 11.357: took 12.076 ms
[ 933] 11.369: took 12.006 ms
[ 934] 11.381: took 12.263 ms
[ 935] 11.393: took 11.886 ms
[ 936] 11.405: took 12.001 ms
[ 937] 11.417: took 11.990 ms
[ 938] 11.429: took 11.846 ms
[ 939] 11.441: took 11.929 ms
[ 940] 11.453: took 11.555 ms
[ 941] 11.465: took 11.274 ms
[ 942] 11.476: took 11.588 ms
[ 943] 11.488: took 12.260 ms
[ 944] 11.500: took 12.361 ms
[ 945] 11.512: took 12.364 ms
[ 946] 11.525: took 12.215 ms
[ 947] 11.537: took 12.316 ms
[ 948] 11.550: took 12.295 ms
[ 949] 11.562: took 12.420 ms
[ 950] 11.574: took 12.169 ms
[ 951] 11.587: took 12.257 ms
[ 952] 11.599: took 12.233 ms
[ 953] 11.611: took 12.270 ms
[ 954] 11.624: took 12.157 ms
[ 955] 11.636: took 12.145 ms
[ 956] 11.648: took 12.221 ms
[ 957] 11.660: took 12.479 ms
[ 958] 11.673: took 12.126 ms
[ 959] 11.685: took 12.521 ms
[ 960] 11.698: took 12.383 ms
[ 961] 11.710: took 12.026 ms
[ 962] 11.722: took 12.058 ms
[ 963] 11.734: took 11.768 ms
[ 964] 11.746: took 11.925 ms
[ 965] 11.758: took 11.982 ms
[ 966] 11.770: took 11.974 ms
[ 967] 11.782: took 12.064 ms
[ 968] 11.794: took 11.992 ms
[ 969] 11.806: took 12.010 ms
[ 970] 11.819: took 11.833 ms
[ 971] 11.830: took 12.030 ms
[ 972] 11.843: took 12.049 ms
[ 973] 11.855: took 12.091 ms
[ 974] 11.867: took 11.947 ms
[ 975] 11.879: took 11.941 ms
[ 976] 11.891: took 11.940 ms
[ 977] 11.903: took 12.180 ms
[ 978] 11.915: took 12.424 ms
[ 979] 11.928: took 12.378 ms
[ 980] 11.940: took 12.345 ms
[ 981] 11.953: took 12.515 ms
[ 982] 11.965: took 12.279 ms
[ 983] 11.977: took 12.120 ms
[ 984] 11.990: took 12.244 ms
[ 985] 12.002: took 12.274 ms
[ 986] 12.014: took 12.152 ms
[ 987] 12.027: took 12.088 ms
[ 988] 12.039: took 12.363 ms
[ 989] 12.051: took 12.213 ms
[ 990] 12.063: took 12.375 ms
[ 991] 12.076: took 12.237 ms
[ 992] 12.088: took 12.249 ms
[ 993] 12.101: took 12.259 ms
[ 994] 12.113: took 12.399 ms
[ 995] 12.125: took 12.348 ms
[ 996] 12.138: took 12.341 ms
[ 997] 12.150: took 11.902 ms
[ 998] 12.162: took 11.932 ms
[ 999] 12.174: took 12.114 ms
[1000] 12.186: took 11.752 ms
recorded 1000 frames
Finish..
Close the camera.
Close the camera.
