2019-01-15 17:56:33.220476: E tensorflow/stream_executor/cuda/cuda_driver.cc:397] failed call to cuInit: CUDA_ERROR_NO_DEVICE
2019-01-15 17:56:33.220589: I tensorflow/stream_executor/cuda/cuda_diagnostics.cc:145] kernel driver does not appear to be running on this host (tegra-ubuntu): /proc/driver/nvidia/version does not exist
DNN is on
verbose: 1
Initilize NULL camera. (320 x 240)
camera init completed.
Load TF
Load Model
/home/nvidia/ssd/gits/sandbox/deeppicar/models/model-5conv_3fc-ittc_room.ckpt
Done..
[   0] 0.005: took 23.793 ms
[   1] 0.029: took 8.850 ms
[   2] 0.038: took 8.558 ms
[   3] 0.046: took 8.544 ms
[   4] 0.055: took 8.385 ms
[   5] 0.064: took 8.453 ms
[   6] 0.072: took 8.421 ms
[   7] 0.081: took 8.381 ms
[   8] 0.089: took 8.354 ms
[   9] 0.097: took 8.441 ms
[  10] 0.106: took 8.536 ms
[  11] 0.114: took 8.450 ms
[  12] 0.123: took 8.500 ms
[  13] 0.132: took 8.392 ms
[  14] 0.140: took 8.496 ms
[  15] 0.149: took 8.430 ms
[  16] 0.157: took 8.315 ms
[  17] 0.165: took 8.393 ms
[  18] 0.174: took 8.507 ms
[  19] 0.182: took 8.968 ms
[  20] 0.192: took 8.475 ms
[  21] 0.200: took 8.478 ms
[  22] 0.209: took 8.438 ms
[  23] 0.217: took 8.470 ms
[  24] 0.226: took 8.396 ms
[  25] 0.234: took 8.518 ms
[  26] 0.243: took 8.472 ms
[  27] 0.251: took 8.514 ms
[  28] 0.260: took 8.430 ms
[  29] 0.268: took 8.450 ms
[  30] 0.277: took 8.365 ms
[  31] 0.285: took 8.508 ms
[  32] 0.294: took 8.419 ms
[  33] 0.302: took 8.427 ms
[  34] 0.311: took 8.737 ms
[  35] 0.320: took 8.508 ms
[  36] 0.328: took 8.457 ms
[  37] 0.337: took 8.466 ms
[  38] 0.345: took 8.437 ms
[  39] 0.354: took 8.419 ms
[  40] 0.362: took 8.455 ms
[  41] 0.371: took 8.540 ms
[  42] 0.379: took 8.564 ms
[  43] 0.388: took 8.478 ms
[  44] 0.396: took 8.470 ms
[  45] 0.405: took 8.309 ms
[  46] 0.413: took 8.448 ms
[  47] 0.422: took 8.451 ms
[  48] 0.430: took 8.498 ms
[  49] 0.439: took 8.468 ms
[  50] 0.447: took 8.497 ms
[  51] 0.456: took 8.412 ms
[  52] 0.464: took 8.487 ms
[  53] 0.473: took 8.376 ms
[  54] 0.481: took 8.445 ms
[  55] 0.490: took 8.446 ms
[  56] 0.498: took 8.417 ms
[  57] 0.507: took 8.531 ms
[  58] 0.516: took 8.509 ms
[  59] 0.524: took 8.411 ms
[  60] 0.533: took 8.418 ms
[  61] 0.541: took 8.482 ms
[  62] 0.550: took 8.465 ms
[  63] 0.558: took 8.400 ms
[  64] 0.567: took 8.530 ms
[  65] 0.575: took 8.461 ms
[  66] 0.584: took 8.478 ms
[  67] 0.592: took 8.470 ms
[  68] 0.601: took 8.437 ms
[  69] 0.609: took 8.501 ms
[  70] 0.618: took 8.447 ms
[  71] 0.626: took 8.499 ms
[  72] 0.635: took 8.429 ms
[  73] 0.643: took 8.530 ms
[  74] 0.652: took 8.460 ms
[  75] 0.661: took 8.415 ms
[  76] 0.669: took 8.490 ms
[  77] 0.678: took 8.516 ms
[  78] 0.686: took 8.589 ms
[  79] 0.695: took 8.508 ms
[  80] 0.703: took 8.472 ms
[  81] 0.712: took 8.483 ms
[  82] 0.720: took 8.395 ms
[  83] 0.729: took 8.407 ms
[  84] 0.737: took 8.412 ms
[  85] 0.746: took 8.467 ms
[  86] 0.754: took 8.473 ms
[  87] 0.763: took 8.436 ms
[  88] 0.771: took 8.437 ms
[  89] 0.780: took 8.479 ms
[  90] 0.788: took 8.514 ms
[  91] 0.797: took 8.481 ms
[  92] 0.806: took 8.411 ms
[  93] 0.814: took 8.456 ms
[  94] 0.823: took 8.559 ms
[  95] 0.831: took 8.407 ms
[  96] 0.840: took 8.613 ms
[  97] 0.848: took 8.505 ms
[  98] 0.857: took 8.370 ms
[  99] 0.865: took 8.438 ms
[ 100] 0.874: took 8.463 ms
[ 101] 0.882: took 8.486 ms
[ 102] 0.891: took 8.496 ms
[ 103] 0.899: took 8.451 ms
[ 104] 0.908: took 8.451 ms
[ 105] 0.916: took 8.457 ms
[ 106] 0.925: took 8.401 ms
[ 107] 0.933: took 8.481 ms
[ 108] 0.942: took 8.463 ms
[ 109] 0.950: took 8.647 ms
[ 110] 0.959: took 8.444 ms
[ 111] 0.968: took 8.434 ms
[ 112] 0.976: took 8.447 ms
[ 113] 0.985: took 8.472 ms
[ 114] 0.993: took 8.482 ms
[ 115] 1.002: took 8.498 ms
[ 116] 1.010: took 8.399 ms
[ 117] 1.019: took 8.472 ms
[ 118] 1.027: took 8.375 ms
[ 119] 1.036: took 8.499 ms
[ 120] 1.044: took 8.494 ms
[ 121] 1.053: took 8.527 ms
[ 122] 1.061: took 8.600 ms
[ 123] 1.070: took 8.565 ms
[ 124] 1.079: took 8.543 ms
[ 125] 1.087: took 8.473 ms
[ 126] 1.096: took 8.565 ms
[ 127] 1.104: took 8.480 ms
[ 128] 1.113: took 8.468 ms
[ 129] 1.122: took 8.423 ms
[ 130] 1.130: took 8.434 ms
[ 131] 1.139: took 8.540 ms
[ 132] 1.147: took 8.400 ms
[ 133] 1.156: took 8.440 ms
[ 134] 1.164: took 8.444 ms
[ 135] 1.173: took 8.413 ms
[ 136] 1.181: took 8.480 ms
[ 137] 1.190: took 8.486 ms
[ 138] 1.198: took 8.523 ms
[ 139] 1.207: took 8.484 ms
[ 140] 1.215: took 8.461 ms
[ 141] 1.224: took 8.473 ms
[ 142] 1.232: took 8.493 ms
[ 143] 1.241: took 8.446 ms
[ 144] 1.249: took 8.574 ms
[ 145] 1.258: took 8.437 ms
[ 146] 1.267: took 8.380 ms
[ 147] 1.275: took 8.412 ms
[ 148] 1.284: took 8.536 ms
[ 149] 1.292: took 8.362 ms
[ 150] 1.301: took 8.370 ms
[ 151] 1.309: took 8.373 ms
[ 152] 1.317: took 8.406 ms
[ 153] 1.326: took 8.479 ms
[ 154] 1.334: took 8.424 ms
[ 155] 1.343: took 8.553 ms
[ 156] 1.351: took 8.564 ms
[ 157] 1.360: took 8.381 ms
[ 158] 1.369: took 8.408 ms
[ 159] 1.377: took 8.412 ms
[ 160] 1.385: took 8.464 ms
[ 161] 1.394: took 8.411 ms
[ 162] 1.402: took 8.426 ms
[ 163] 1.411: took 8.476 ms
[ 164] 1.420: took 8.477 ms
[ 165] 1.428: took 8.422 ms
[ 166] 1.437: took 8.433 ms
[ 167] 1.445: took 8.425 ms
[ 168] 1.454: took 8.437 ms
[ 169] 1.462: took 8.484 ms
[ 170] 1.471: took 8.454 ms
[ 171] 1.479: took 8.537 ms
[ 172] 1.488: took 8.430 ms
[ 173] 1.496: took 8.490 ms
[ 174] 1.505: took 8.374 ms
[ 175] 1.513: took 8.487 ms
[ 176] 1.522: took 8.532 ms
[ 177] 1.530: took 8.494 ms
[ 178] 1.539: took 8.655 ms
[ 179] 1.548: took 8.514 ms
[ 180] 1.556: took 8.456 ms
[ 181] 1.565: took 8.606 ms
[ 182] 1.573: took 8.485 ms
[ 183] 1.582: took 8.577 ms
[ 184] 1.591: took 8.526 ms
[ 185] 1.599: took 8.627 ms
[ 186] 1.608: took 8.481 ms
[ 187] 1.616: took 8.472 ms
[ 188] 1.625: took 8.436 ms
[ 189] 1.633: took 8.508 ms
[ 190] 1.642: took 8.369 ms
[ 191] 1.650: took 8.447 ms
[ 192] 1.659: took 8.361 ms
[ 193] 1.667: took 8.430 ms
[ 194] 1.676: took 8.390 ms
[ 195] 1.684: took 8.419 ms
[ 196] 1.693: took 8.456 ms
[ 197] 1.701: took 8.487 ms
[ 198] 1.710: took 8.459 ms
[ 199] 1.718: took 8.517 ms
[ 200] 1.727: took 8.488 ms
[ 201] 1.735: took 8.517 ms
[ 202] 1.744: took 8.450 ms
[ 203] 1.752: took 8.576 ms
[ 204] 1.761: took 8.399 ms
[ 205] 1.770: took 8.426 ms
[ 206] 1.778: took 8.437 ms
[ 207] 1.787: took 8.464 ms
[ 208] 1.795: took 8.373 ms
[ 209] 1.803: took 8.437 ms
[ 210] 1.812: took 8.469 ms
[ 211] 1.821: took 8.429 ms
[ 212] 1.829: took 8.464 ms
[ 213] 1.838: took 8.532 ms
[ 214] 1.846: took 8.437 ms
[ 215] 1.855: took 8.472 ms
[ 216] 1.863: took 8.482 ms
[ 217] 1.872: took 8.494 ms
[ 218] 1.880: took 8.431 ms
[ 219] 1.889: took 8.523 ms
[ 220] 1.897: took 8.420 ms
[ 221] 1.906: took 8.392 ms
[ 222] 1.914: took 8.435 ms
[ 223] 1.923: took 8.463 ms
[ 224] 1.931: took 8.416 ms
[ 225] 1.940: took 8.507 ms
[ 226] 1.948: took 8.448 ms
[ 227] 1.957: took 8.422 ms
[ 228] 1.965: took 8.495 ms
[ 229] 1.974: took 8.447 ms
[ 230] 1.982: took 8.449 ms
[ 231] 1.991: took 8.521 ms
[ 232] 1.999: took 8.468 ms
[ 233] 2.008: took 8.414 ms
[ 234] 2.016: took 8.464 ms
[ 235] 2.025: took 8.420 ms
[ 236] 2.033: took 8.449 ms
[ 237] 2.042: took 8.441 ms
[ 238] 2.050: took 8.482 ms
[ 239] 2.059: took 8.501 ms
[ 240] 2.068: took 8.417 ms
[ 241] 2.076: took 8.452 ms
[ 242] 2.085: took 8.445 ms
[ 243] 2.093: took 8.399 ms
[ 244] 2.102: took 8.354 ms
[ 245] 2.110: took 8.446 ms
[ 246] 2.118: took 8.495 ms
[ 247] 2.127: took 8.503 ms
[ 248] 2.136: took 8.503 ms
[ 249] 2.144: took 8.498 ms
[ 250] 2.153: took 8.554 ms
[ 251] 2.161: took 8.540 ms
[ 252] 2.170: took 8.498 ms
[ 253] 2.178: took 8.547 ms
[ 254] 2.187: took 8.512 ms
[ 255] 2.196: took 8.464 ms
[ 256] 2.204: took 8.511 ms
[ 257] 2.213: took 8.572 ms
[ 258] 2.221: took 8.449 ms
[ 259] 2.230: took 8.517 ms
[ 260] 2.238: took 8.404 ms
[ 261] 2.247: took 8.543 ms
[ 262] 2.256: took 8.434 ms
[ 263] 2.264: took 8.419 ms
[ 264] 2.273: took 8.378 ms
[ 265] 2.281: took 8.473 ms
[ 266] 2.289: took 8.465 ms
[ 267] 2.298: took 8.491 ms
[ 268] 2.307: took 8.473 ms
[ 269] 2.315: took 8.444 ms
[ 270] 2.324: took 8.464 ms
[ 271] 2.332: took 8.482 ms
[ 272] 2.341: took 8.425 ms
[ 273] 2.349: took 8.414 ms
[ 274] 2.358: took 8.608 ms
[ 275] 2.366: took 8.410 ms
[ 276] 2.375: took 8.452 ms
[ 277] 2.383: took 8.424 ms
[ 278] 2.392: took 8.447 ms
[ 279] 2.400: took 8.414 ms
[ 280] 2.409: took 8.382 ms
[ 281] 2.417: took 8.489 ms
[ 282] 2.426: took 8.469 ms
[ 283] 2.434: took 8.444 ms
[ 284] 2.443: took 8.430 ms
[ 285] 2.451: took 8.378 ms
[ 286] 2.460: took 8.445 ms
[ 287] 2.468: took 8.538 ms
[ 288] 2.477: took 8.492 ms
[ 289] 2.485: took 8.432 ms
[ 290] 2.494: took 8.436 ms
[ 291] 2.502: took 8.406 ms
[ 292] 2.511: took 8.495 ms
[ 293] 2.519: took 8.493 ms
[ 294] 2.528: took 8.453 ms
[ 295] 2.536: took 8.401 ms
[ 296] 2.545: took 8.436 ms
[ 297] 2.553: took 8.430 ms
[ 298] 2.562: took 8.391 ms
[ 299] 2.570: took 8.395 ms
[ 300] 2.579: took 8.525 ms
[ 301] 2.587: took 8.441 ms
[ 302] 2.596: took 8.453 ms
[ 303] 2.604: took 8.382 ms
[ 304] 2.613: took 8.407 ms
[ 305] 2.621: took 8.470 ms
[ 306] 2.630: took 8.475 ms
[ 307] 2.638: took 8.436 ms
[ 308] 2.647: took 8.398 ms
[ 309] 2.655: took 8.427 ms
[ 310] 2.664: took 8.398 ms
[ 311] 2.672: took 8.365 ms
[ 312] 2.681: took 8.460 ms
[ 313] 2.689: took 8.434 ms
[ 314] 2.698: took 8.440 ms
[ 315] 2.706: took 8.388 ms
[ 316] 2.715: took 8.450 ms
[ 317] 2.723: took 8.382 ms
[ 318] 2.732: took 8.380 ms
[ 319] 2.740: took 8.539 ms
[ 320] 2.749: took 8.501 ms
[ 321] 2.757: took 8.436 ms
[ 322] 2.766: took 8.460 ms
[ 323] 2.774: took 8.383 ms
[ 324] 2.783: took 8.508 ms
[ 325] 2.791: took 8.450 ms
[ 326] 2.800: took 8.390 ms
[ 327] 2.808: took 8.418 ms
[ 328] 2.817: took 8.456 ms
[ 329] 2.825: took 8.361 ms
[ 330] 2.834: took 8.342 ms
[ 331] 2.842: took 8.433 ms
[ 332] 2.850: took 8.487 ms
[ 333] 2.859: took 8.397 ms
[ 334] 2.867: took 8.469 ms
[ 335] 2.876: took 8.423 ms
[ 336] 2.884: took 8.488 ms
[ 337] 2.893: took 8.438 ms
[ 338] 2.902: took 8.568 ms
[ 339] 2.910: took 8.380 ms
[ 340] 2.919: took 8.445 ms
[ 341] 2.927: took 8.454 ms
[ 342] 2.936: took 8.507 ms
[ 343] 2.944: took 8.390 ms
[ 344] 2.953: took 8.546 ms
[ 345] 2.961: took 8.477 ms
[ 346] 2.970: took 8.496 ms
[ 347] 2.978: took 8.424 ms
[ 348] 2.987: took 8.500 ms
[ 349] 2.995: took 8.424 ms
[ 350] 3.004: took 8.444 ms
[ 351] 3.012: took 8.477 ms
[ 352] 3.021: took 8.385 ms
[ 353] 3.029: took 8.550 ms
[ 354] 3.038: took 8.450 ms
[ 355] 3.046: took 8.570 ms
[ 356] 3.055: took 8.547 ms
[ 357] 3.064: took 8.485 ms
[ 358] 3.072: took 8.483 ms
[ 359] 3.081: took 8.527 ms
[ 360] 3.089: took 8.442 ms
[ 361] 3.098: took 8.526 ms
[ 362] 3.106: took 8.468 ms
[ 363] 3.115: took 8.494 ms
[ 364] 3.124: took 8.397 ms
[ 365] 3.132: took 8.467 ms
[ 366] 3.141: took 8.360 ms
[ 367] 3.149: took 8.385 ms
[ 368] 3.157: took 8.460 ms
[ 369] 3.166: took 8.478 ms
[ 370] 3.174: took 8.405 ms
[ 371] 3.183: took 8.514 ms
[ 372] 3.191: took 8.429 ms
[ 373] 3.200: took 8.523 ms
[ 374] 3.209: took 8.378 ms
[ 375] 3.217: took 8.446 ms
[ 376] 3.226: took 8.369 ms
[ 377] 3.234: took 8.418 ms
[ 378] 3.242: took 8.387 ms
[ 379] 3.251: took 8.455 ms
[ 380] 3.259: took 8.487 ms
[ 381] 3.268: took 8.366 ms
[ 382] 3.276: took 8.439 ms
[ 383] 3.285: took 8.399 ms
[ 384] 3.293: took 8.435 ms
[ 385] 3.302: took 8.379 ms
[ 386] 3.310: took 8.401 ms
[ 387] 3.319: took 8.488 ms
[ 388] 3.327: took 8.463 ms
[ 389] 3.336: took 8.446 ms
[ 390] 3.344: took 8.463 ms
[ 391] 3.353: took 8.472 ms
[ 392] 3.361: took 8.435 ms
[ 393] 3.370: took 8.505 ms
[ 394] 3.378: took 8.448 ms
[ 395] 3.387: took 8.435 ms
[ 396] 3.395: took 8.636 ms
[ 397] 3.404: took 8.450 ms
[ 398] 3.413: took 8.492 ms
[ 399] 3.421: took 8.539 ms
[ 400] 3.430: took 8.544 ms
[ 401] 3.438: took 8.521 ms
[ 402] 3.447: took 8.490 ms
[ 403] 3.455: took 8.551 ms
[ 404] 3.464: took 8.609 ms
[ 405] 3.473: took 8.438 ms
[ 406] 3.481: took 8.507 ms
[ 407] 3.490: took 8.385 ms
[ 408] 3.498: took 8.434 ms
[ 409] 3.507: took 8.564 ms
[ 410] 3.515: took 8.480 ms
[ 411] 3.524: took 8.437 ms
[ 412] 3.532: took 8.452 ms
[ 413] 3.541: took 8.481 ms
[ 414] 3.549: took 8.444 ms
[ 415] 3.558: took 8.381 ms
[ 416] 3.566: took 8.439 ms
[ 417] 3.575: took 8.432 ms
[ 418] 3.583: took 8.412 ms
[ 419] 3.592: took 8.415 ms
[ 420] 3.600: took 8.443 ms
[ 421] 3.609: took 8.451 ms
[ 422] 3.617: took 8.411 ms
[ 423] 3.626: took 8.468 ms
[ 424] 3.634: took 8.430 ms
[ 425] 3.643: took 8.457 ms
[ 426] 3.651: took 8.468 ms
[ 427] 3.660: took 8.393 ms
[ 428] 3.668: took 8.434 ms
[ 429] 3.677: took 8.421 ms
[ 430] 3.685: took 8.465 ms
[ 431] 3.694: took 8.374 ms
[ 432] 3.702: took 8.446 ms
[ 433] 3.711: took 8.522 ms
[ 434] 3.719: took 8.457 ms
[ 435] 3.728: took 8.422 ms
[ 436] 3.736: took 8.455 ms
[ 437] 3.745: took 8.461 ms
[ 438] 3.753: took 8.441 ms
[ 439] 3.762: took 8.403 ms
[ 440] 3.770: took 8.485 ms
[ 441] 3.779: took 8.514 ms
[ 442] 3.787: took 8.371 ms
[ 443] 3.796: took 8.424 ms
[ 444] 3.804: took 8.463 ms
[ 445] 3.813: took 8.413 ms
[ 446] 3.821: took 8.424 ms
[ 447] 3.830: took 8.436 ms
[ 448] 3.838: took 8.741 ms
[ 449] 3.847: took 8.572 ms
[ 450] 3.856: took 8.456 ms
[ 451] 3.864: took 8.557 ms
[ 452] 3.873: took 8.445 ms
[ 453] 3.881: took 8.458 ms
[ 454] 3.890: took 8.401 ms
[ 455] 3.898: took 8.489 ms
[ 456] 3.907: took 8.451 ms
[ 457] 3.915: took 8.557 ms
[ 458] 3.924: took 8.337 ms
[ 459] 3.932: took 8.366 ms
[ 460] 3.941: took 8.540 ms
[ 461] 3.950: took 8.483 ms
[ 462] 3.958: took 8.500 ms
[ 463] 3.967: took 8.433 ms
[ 464] 3.975: took 8.396 ms
[ 465] 3.984: took 8.496 ms
[ 466] 3.992: took 8.462 ms
[ 467] 4.001: took 8.477 ms
[ 468] 4.009: took 8.388 ms
[ 469] 4.018: took 8.445 ms
[ 470] 4.026: took 8.400 ms
[ 471] 4.035: took 8.466 ms
[ 472] 4.043: took 8.430 ms
[ 473] 4.052: took 8.424 ms
[ 474] 4.060: took 8.427 ms
[ 475] 4.069: took 8.405 ms
[ 476] 4.077: took 8.420 ms
[ 477] 4.086: took 8.504 ms
[ 478] 4.094: took 8.410 ms
[ 479] 4.103: took 8.412 ms
[ 480] 4.111: took 8.480 ms
[ 481] 4.120: took 8.471 ms
[ 482] 4.128: took 8.430 ms
[ 483] 4.137: took 8.425 ms
[ 484] 4.145: took 8.419 ms
[ 485] 4.154: took 8.460 ms
[ 486] 4.162: took 8.422 ms
[ 487] 4.171: took 8.465 ms
[ 488] 4.179: took 8.446 ms
[ 489] 4.188: took 8.466 ms
[ 490] 4.196: took 8.500 ms
[ 491] 4.205: took 8.442 ms
[ 492] 4.213: took 8.358 ms
[ 493] 4.222: took 8.373 ms
[ 494] 4.230: took 8.498 ms
[ 495] 4.239: took 8.436 ms
[ 496] 4.247: took 8.425 ms
[ 497] 4.256: took 8.457 ms
[ 498] 4.264: took 8.463 ms
[ 499] 4.273: took 8.382 ms
[ 500] 4.281: took 8.452 ms
[ 501] 4.290: took 8.460 ms
[ 502] 4.298: took 8.389 ms
[ 503] 4.307: took 8.410 ms
[ 504] 4.315: took 8.418 ms
[ 505] 4.323: took 8.418 ms
[ 506] 4.332: took 8.425 ms
[ 507] 4.340: took 8.408 ms
[ 508] 4.349: took 8.512 ms
[ 509] 4.357: took 8.473 ms
[ 510] 4.366: took 8.461 ms
[ 511] 4.375: took 8.509 ms
[ 512] 4.383: took 8.408 ms
[ 513] 4.392: took 8.455 ms
[ 514] 4.400: took 8.481 ms
[ 515] 4.409: took 8.437 ms
[ 516] 4.417: took 8.418 ms
[ 517] 4.426: took 8.372 ms
[ 518] 4.434: took 8.439 ms
[ 519] 4.443: took 8.382 ms
[ 520] 4.451: took 8.515 ms
[ 521] 4.460: took 8.477 ms
[ 522] 4.468: took 8.394 ms
[ 523] 4.477: took 8.388 ms
[ 524] 4.485: took 8.446 ms
[ 525] 4.494: took 8.377 ms
[ 526] 4.502: took 8.462 ms
[ 527] 4.510: took 8.384 ms
[ 528] 4.519: took 8.463 ms
[ 529] 4.527: took 8.371 ms
[ 530] 4.536: took 8.518 ms
[ 531] 4.544: took 8.437 ms
[ 532] 4.553: took 8.349 ms
[ 533] 4.561: took 8.413 ms
[ 534] 4.570: took 8.419 ms
[ 535] 4.578: took 8.441 ms
[ 536] 4.587: took 8.530 ms
[ 537] 4.595: took 8.442 ms
[ 538] 4.604: took 8.372 ms
[ 539] 4.612: took 8.359 ms
[ 540] 4.621: took 8.421 ms
[ 541] 4.629: took 8.419 ms
[ 542] 4.638: took 8.316 ms
[ 543] 4.646: took 8.498 ms
[ 544] 4.655: took 8.464 ms
[ 545] 4.663: took 8.385 ms
[ 546] 4.672: took 8.355 ms
[ 547] 4.680: took 8.507 ms
[ 548] 4.689: took 8.420 ms
[ 549] 4.697: took 8.362 ms
[ 550] 4.706: took 8.389 ms
[ 551] 4.714: took 8.473 ms
[ 552] 4.722: took 8.421 ms
[ 553] 4.731: took 8.479 ms
[ 554] 4.740: took 8.400 ms
[ 555] 4.748: took 8.439 ms
[ 556] 4.756: took 8.379 ms
[ 557] 4.765: took 8.455 ms
[ 558] 4.773: took 8.440 ms
[ 559] 4.782: took 8.557 ms
[ 560] 4.791: took 8.521 ms
[ 561] 4.799: took 8.590 ms
[ 562] 4.808: took 8.469 ms
[ 563] 4.816: took 8.472 ms
[ 564] 4.825: took 8.425 ms
[ 565] 4.833: took 8.366 ms
[ 566] 4.842: took 8.414 ms
[ 567] 4.850: took 8.463 ms
[ 568] 4.859: took 8.497 ms
[ 569] 4.867: took 8.463 ms
[ 570] 4.876: took 8.417 ms
[ 571] 4.884: took 8.420 ms
[ 572] 4.893: took 8.414 ms
[ 573] 4.901: took 8.420 ms
[ 574] 4.910: took 8.385 ms
[ 575] 4.918: took 8.464 ms
[ 576] 4.927: took 8.463 ms
[ 577] 4.935: took 8.459 ms
[ 578] 4.944: took 8.386 ms
[ 579] 4.952: took 8.389 ms
[ 580] 4.961: took 8.474 ms
[ 581] 4.969: took 8.538 ms
[ 582] 4.978: took 8.436 ms
[ 583] 4.986: took 8.449 ms
[ 584] 4.995: took 8.524 ms
[ 585] 5.003: took 8.402 ms
[ 586] 5.012: took 8.419 ms
[ 587] 5.020: took 8.318 ms
[ 588] 5.029: took 8.443 ms
[ 589] 5.037: took 8.411 ms
[ 590] 5.046: took 8.407 ms
[ 591] 5.054: took 8.492 ms
[ 592] 5.063: took 8.487 ms
[ 593] 5.071: took 8.386 ms
[ 594] 5.080: took 8.507 ms
[ 595] 5.088: took 8.395 ms
[ 596] 5.097: took 8.423 ms
[ 597] 5.105: took 8.396 ms
[ 598] 5.114: took 8.497 ms
[ 599] 5.122: took 8.491 ms
[ 600] 5.131: took 8.378 ms
[ 601] 5.139: took 8.393 ms
[ 602] 5.148: took 8.428 ms
[ 603] 5.156: took 8.414 ms
[ 604] 5.165: took 8.431 ms
[ 605] 5.173: took 8.442 ms
[ 606] 5.182: took 8.457 ms
[ 607] 5.190: took 8.485 ms
[ 608] 5.199: took 8.419 ms
[ 609] 5.207: took 8.425 ms
[ 610] 5.216: took 8.493 ms
[ 611] 5.224: took 8.410 ms
[ 612] 5.233: took 8.459 ms
[ 613] 5.241: took 8.452 ms
[ 614] 5.250: took 8.505 ms
[ 615] 5.258: took 8.515 ms
[ 616] 5.267: took 8.499 ms
[ 617] 5.275: took 8.457 ms
[ 618] 5.284: took 8.411 ms
[ 619] 5.292: took 8.552 ms
[ 620] 5.301: took 8.486 ms
[ 621] 5.310: took 8.339 ms
[ 622] 5.318: took 8.528 ms
[ 623] 5.327: took 8.510 ms
[ 624] 5.335: took 8.447 ms
[ 625] 5.344: took 8.531 ms
[ 626] 5.352: took 8.550 ms
[ 627] 5.361: took 8.463 ms
[ 628] 5.369: took 8.547 ms
[ 629] 5.378: took 8.635 ms
[ 630] 5.387: took 8.507 ms
[ 631] 5.395: took 8.661 ms
[ 632] 5.404: took 8.457 ms
[ 633] 5.413: took 8.411 ms
[ 634] 5.421: took 8.375 ms
[ 635] 5.429: took 8.466 ms
[ 636] 5.438: took 8.487 ms
[ 637] 5.446: took 8.447 ms
[ 638] 5.455: took 8.467 ms
[ 639] 5.464: took 8.419 ms
[ 640] 5.472: took 8.494 ms
[ 641] 5.481: took 8.435 ms
[ 642] 5.489: took 8.439 ms
[ 643] 5.498: took 8.375 ms
[ 644] 5.506: took 8.354 ms
[ 645] 5.514: took 8.609 ms
[ 646] 5.523: took 8.493 ms
[ 647] 5.532: took 8.443 ms
[ 648] 5.540: took 8.388 ms
[ 649] 5.549: took 8.554 ms
[ 650] 5.557: took 8.578 ms
[ 651] 5.566: took 8.488 ms
[ 652] 5.574: took 8.470 ms
[ 653] 5.583: took 8.474 ms
[ 654] 5.591: took 8.458 ms
[ 655] 5.600: took 8.481 ms
[ 656] 5.608: took 8.490 ms
[ 657] 5.617: took 8.383 ms
[ 658] 5.625: took 8.463 ms
[ 659] 5.634: took 8.438 ms
[ 660] 5.643: took 8.392 ms
[ 661] 5.651: took 8.545 ms
[ 662] 5.660: took 8.379 ms
[ 663] 5.668: took 8.361 ms
[ 664] 5.676: took 8.391 ms
[ 665] 5.685: took 8.409 ms
[ 666] 5.693: took 8.445 ms
[ 667] 5.702: took 8.444 ms
[ 668] 5.710: took 8.402 ms
[ 669] 5.719: took 8.455 ms
[ 670] 5.727: took 8.370 ms
[ 671] 5.736: took 8.501 ms
[ 672] 5.744: took 8.416 ms
[ 673] 5.753: took 8.381 ms
[ 674] 5.761: took 8.463 ms
[ 675] 5.770: took 8.501 ms
[ 676] 5.778: took 8.372 ms
[ 677] 5.787: took 8.458 ms
[ 678] 5.795: took 8.389 ms
[ 679] 5.804: took 8.493 ms
[ 680] 5.812: took 8.488 ms
[ 681] 5.821: took 8.517 ms
[ 682] 5.829: took 8.491 ms
[ 683] 5.838: took 8.503 ms
[ 684] 5.847: took 8.536 ms
[ 685] 5.855: took 8.449 ms
[ 686] 5.864: took 8.549 ms
[ 687] 5.872: took 8.413 ms
[ 688] 5.881: took 8.457 ms
[ 689] 5.889: took 8.455 ms
[ 690] 5.898: took 8.640 ms
[ 691] 5.906: took 8.386 ms
[ 692] 5.915: took 8.601 ms
[ 693] 5.924: took 8.525 ms
[ 694] 5.932: took 8.403 ms
[ 695] 5.941: took 8.560 ms
[ 696] 5.949: took 8.538 ms
[ 697] 5.958: took 8.410 ms
[ 698] 5.966: took 8.448 ms
[ 699] 5.975: took 8.439 ms
[ 700] 5.983: took 8.400 ms
[ 701] 5.992: took 8.448 ms
[ 702] 6.000: took 8.373 ms
[ 703] 6.009: took 8.407 ms
[ 704] 6.017: took 8.374 ms
[ 705] 6.026: took 8.387 ms
[ 706] 6.034: took 8.398 ms
[ 707] 6.043: took 8.483 ms
[ 708] 6.051: took 8.416 ms
[ 709] 6.060: took 8.486 ms
[ 710] 6.068: took 8.498 ms
[ 711] 6.077: took 8.357 ms
[ 712] 6.085: took 8.390 ms
[ 713] 6.094: took 8.508 ms
[ 714] 6.102: took 8.284 ms
[ 715] 6.110: took 8.480 ms
[ 716] 6.119: took 8.468 ms
[ 717] 6.127: took 8.504 ms
[ 718] 6.136: took 8.419 ms
[ 719] 6.145: took 8.458 ms
[ 720] 6.153: took 8.490 ms
[ 721] 6.162: took 8.455 ms
[ 722] 6.170: took 8.420 ms
[ 723] 6.179: took 8.474 ms
[ 724] 6.187: took 8.532 ms
[ 725] 6.196: took 8.461 ms
[ 726] 6.204: took 8.495 ms
[ 727] 6.213: took 8.361 ms
[ 728] 6.221: took 8.476 ms
[ 729] 6.230: took 8.436 ms
[ 730] 6.238: took 8.428 ms
[ 731] 6.247: took 8.458 ms
[ 732] 6.255: took 8.404 ms
[ 733] 6.264: took 8.469 ms
[ 734] 6.272: took 8.377 ms
[ 735] 6.281: took 8.516 ms
[ 736] 6.289: took 8.390 ms
[ 737] 6.298: took 8.447 ms
[ 738] 6.306: took 8.428 ms
[ 739] 6.315: took 8.445 ms
[ 740] 6.323: took 8.378 ms
[ 741] 6.332: took 8.415 ms
[ 742] 6.340: took 8.359 ms
[ 743] 6.349: took 8.394 ms
[ 744] 6.357: took 8.370 ms
[ 745] 6.365: took 8.457 ms
[ 746] 6.374: took 8.382 ms
[ 747] 6.382: took 8.469 ms
[ 748] 6.391: took 8.448 ms
[ 749] 6.399: took 8.446 ms
[ 750] 6.408: took 8.448 ms
[ 751] 6.416: took 8.460 ms
[ 752] 6.425: took 8.342 ms
[ 753] 6.433: took 8.494 ms
[ 754] 6.442: took 8.431 ms
[ 755] 6.450: took 8.460 ms
[ 756] 6.459: took 8.381 ms
[ 757] 6.467: took 8.447 ms
[ 758] 6.476: took 8.384 ms
[ 759] 6.484: took 8.417 ms
[ 760] 6.493: took 8.354 ms
[ 761] 6.501: took 8.570 ms
[ 762] 6.510: took 8.543 ms
[ 763] 6.518: took 8.437 ms
[ 764] 6.527: took 8.457 ms
[ 765] 6.535: took 8.534 ms
[ 766] 6.544: took 8.461 ms
[ 767] 6.553: took 8.391 ms
[ 768] 6.561: took 8.476 ms
[ 769] 6.570: took 8.570 ms
[ 770] 6.578: took 8.444 ms
[ 771] 6.587: took 8.520 ms
[ 772] 6.595: took 8.491 ms
[ 773] 6.604: took 8.378 ms
[ 774] 6.612: took 8.533 ms
[ 775] 6.621: took 8.495 ms
[ 776] 6.629: took 8.427 ms
[ 777] 6.638: took 8.478 ms
[ 778] 6.646: took 8.475 ms
[ 779] 6.655: took 8.451 ms
[ 780] 6.664: took 8.518 ms
[ 781] 6.672: took 8.489 ms
[ 782] 6.681: took 8.387 ms
[ 783] 6.689: took 8.386 ms
[ 784] 6.698: took 8.343 ms
[ 785] 6.706: took 8.393 ms
[ 786] 6.714: took 8.447 ms
[ 787] 6.723: took 8.377 ms
[ 788] 6.731: took 8.404 ms
[ 789] 6.740: took 8.525 ms
[ 790] 6.748: took 8.336 ms
[ 791] 6.757: took 8.480 ms
[ 792] 6.765: took 8.575 ms
[ 793] 6.774: took 8.552 ms
[ 794] 6.783: took 8.512 ms
[ 795] 6.791: took 8.580 ms
[ 796] 6.800: took 8.503 ms
[ 797] 6.808: took 8.455 ms
[ 798] 6.817: took 8.468 ms
[ 799] 6.825: took 8.502 ms
[ 800] 6.834: took 8.468 ms
[ 801] 6.842: took 8.610 ms
[ 802] 6.851: took 8.472 ms
[ 803] 6.860: took 8.436 ms
[ 804] 6.868: took 8.554 ms
[ 805] 6.877: took 8.571 ms
[ 806] 6.885: took 8.420 ms
[ 807] 6.894: took 8.529 ms
[ 808] 6.902: took 8.406 ms
[ 809] 6.911: took 8.499 ms
[ 810] 6.920: took 8.389 ms
[ 811] 6.928: took 8.327 ms
[ 812] 6.936: took 8.478 ms
[ 813] 6.945: took 8.392 ms
[ 814] 6.953: took 8.397 ms
[ 815] 6.962: took 8.438 ms
[ 816] 6.970: took 8.333 ms
[ 817] 6.979: took 8.458 ms
[ 818] 6.987: took 8.437 ms
[ 819] 6.996: took 8.458 ms
[ 820] 7.004: took 8.429 ms
[ 821] 7.013: took 8.386 ms
[ 822] 7.021: took 8.414 ms
[ 823] 7.030: took 8.461 ms
[ 824] 7.038: took 8.356 ms
[ 825] 7.047: took 8.511 ms
[ 826] 7.055: took 8.411 ms
[ 827] 7.064: took 8.485 ms
[ 828] 7.072: took 8.382 ms
[ 829] 7.081: took 8.379 ms
[ 830] 7.089: took 8.381 ms
[ 831] 7.098: took 8.410 ms
[ 832] 7.106: took 8.517 ms
[ 833] 7.115: took 8.572 ms
[ 834] 7.123: took 8.437 ms
[ 835] 7.132: took 8.380 ms
[ 836] 7.140: took 8.378 ms
[ 837] 7.149: took 8.512 ms
[ 838] 7.157: took 8.377 ms
[ 839] 7.166: took 8.441 ms
[ 840] 7.174: took 8.480 ms
[ 841] 7.183: took 8.552 ms
[ 842] 7.191: took 8.437 ms
[ 843] 7.200: took 8.394 ms
[ 844] 7.208: took 8.440 ms
[ 845] 7.217: took 8.433 ms
[ 846] 7.225: took 8.451 ms
[ 847] 7.234: took 8.443 ms
[ 848] 7.242: took 8.414 ms
[ 849] 7.251: took 8.487 ms
[ 850] 7.259: took 8.408 ms
[ 851] 7.268: took 8.572 ms
[ 852] 7.276: took 8.385 ms
[ 853] 7.285: took 8.420 ms
[ 854] 7.293: took 8.361 ms
[ 855] 7.302: took 8.365 ms
[ 856] 7.310: took 8.366 ms
[ 857] 7.318: took 8.419 ms
[ 858] 7.327: took 8.394 ms
[ 859] 7.335: took 8.394 ms
[ 860] 7.344: took 8.459 ms
[ 861] 7.352: took 8.482 ms
[ 862] 7.361: took 8.382 ms
[ 863] 7.369: took 8.509 ms
[ 864] 7.378: took 8.481 ms
[ 865] 7.387: took 8.378 ms
[ 866] 7.395: took 8.452 ms
[ 867] 7.403: took 8.410 ms
[ 868] 7.412: took 8.437 ms
[ 869] 7.420: took 8.442 ms
[ 870] 7.429: took 8.369 ms
[ 871] 7.437: took 8.428 ms
[ 872] 7.446: took 8.424 ms
[ 873] 7.454: took 8.373 ms
[ 874] 7.463: took 8.463 ms
[ 875] 7.471: took 8.440 ms
[ 876] 7.480: took 8.341 ms
[ 877] 7.488: took 8.367 ms
[ 878] 7.497: took 8.457 ms
[ 879] 7.505: took 8.442 ms
[ 880] 7.514: took 8.598 ms
[ 881] 7.522: took 8.402 ms
[ 882] 7.531: took 8.420 ms
[ 883] 7.539: took 8.480 ms
[ 884] 7.548: took 8.402 ms
[ 885] 7.556: took 8.432 ms
[ 886] 7.565: took 8.500 ms
[ 887] 7.573: took 8.449 ms
[ 888] 7.582: took 8.503 ms
[ 889] 7.590: took 8.415 ms
[ 890] 7.599: took 8.464 ms
[ 891] 7.607: took 8.379 ms
[ 892] 7.616: took 8.392 ms
[ 893] 7.624: took 8.438 ms
[ 894] 7.633: took 8.464 ms
[ 895] 7.641: took 8.451 ms
[ 896] 7.650: took 8.387 ms
[ 897] 7.658: took 8.409 ms
[ 898] 7.667: took 8.457 ms
[ 899] 7.675: took 8.458 ms
[ 900] 7.684: took 8.433 ms
[ 901] 7.692: took 8.330 ms
[ 902] 7.701: took 8.439 ms
[ 903] 7.709: took 8.386 ms
[ 904] 7.718: took 8.380 ms
[ 905] 7.726: took 8.456 ms
[ 906] 7.735: took 8.420 ms
[ 907] 7.743: took 8.374 ms
[ 908] 7.751: took 8.528 ms
[ 909] 7.760: took 8.398 ms
[ 910] 7.769: took 8.432 ms
[ 911] 7.777: took 8.363 ms
[ 912] 7.785: took 8.473 ms
[ 913] 7.794: took 8.361 ms
[ 914] 7.802: took 8.521 ms
[ 915] 7.811: took 8.346 ms
[ 916] 7.819: took 8.412 ms
[ 917] 7.828: took 8.341 ms
[ 918] 7.836: took 8.432 ms
[ 919] 7.845: took 8.436 ms
[ 920] 7.853: took 8.379 ms
[ 921] 7.862: took 8.458 ms
[ 922] 7.870: took 8.379 ms
[ 923] 7.879: took 8.516 ms
[ 924] 7.887: took 8.420 ms
[ 925] 7.896: took 8.475 ms
[ 926] 7.904: took 8.393 ms
[ 927] 7.913: took 8.535 ms
[ 928] 7.921: took 8.443 ms
[ 929] 7.930: took 8.506 ms
[ 930] 7.938: took 8.500 ms
[ 931] 7.947: took 8.478 ms
[ 932] 7.955: took 8.467 ms
[ 933] 7.964: took 8.479 ms
[ 934] 7.973: took 8.412 ms
[ 935] 7.981: took 8.441 ms
[ 936] 7.990: took 8.513 ms
[ 937] 7.998: took 8.456 ms
[ 938] 8.007: took 8.440 ms
[ 939] 8.015: took 8.404 ms
[ 940] 8.024: took 8.496 ms
[ 941] 8.032: took 8.546 ms
[ 942] 8.041: took 8.472 ms
[ 943] 8.049: took 8.368 ms
[ 944] 8.058: took 8.603 ms
[ 945] 8.066: took 8.641 ms
[ 946] 8.075: took 8.433 ms
[ 947] 8.084: took 8.424 ms
[ 948] 8.092: took 8.403 ms
[ 949] 8.101: took 8.395 ms
[ 950] 8.109: took 8.348 ms
[ 951] 8.117: took 8.419 ms
[ 952] 8.126: took 8.365 ms
[ 953] 8.134: took 8.421 ms
[ 954] 8.143: took 8.550 ms
[ 955] 8.151: took 8.439 ms
[ 956] 8.160: took 8.560 ms
[ 957] 8.168: took 8.592 ms
[ 958] 8.177: took 8.505 ms
[ 959] 8.186: took 8.375 ms
[ 960] 8.194: took 8.563 ms
[ 961] 8.203: took 8.597 ms
[ 962] 8.211: took 8.499 ms
[ 963] 8.220: took 8.539 ms
[ 964] 8.229: took 8.532 ms
[ 965] 8.237: took 8.376 ms
[ 966] 8.246: took 8.519 ms
[ 967] 8.254: took 8.554 ms
[ 968] 8.263: took 8.537 ms
[ 969] 8.271: took 8.468 ms
[ 970] 8.280: took 8.568 ms
[ 971] 8.289: took 8.368 ms
[ 972] 8.297: took 8.490 ms
[ 973] 8.306: took 8.505 ms
[ 974] 8.314: took 8.445 ms
[ 975] 8.323: took 8.555 ms
[ 976] 8.331: took 8.542 ms
[ 977] 8.340: took 8.404 ms
[ 978] 8.348: took 8.522 ms
[ 979] 8.357: took 8.498 ms
[ 980] 8.365: took 8.436 ms
[ 981] 8.374: took 8.513 ms
[ 982] 8.382: took 8.587 ms
[ 983] 8.391: took 8.423 ms
[ 984] 8.400: took 8.440 ms
[ 985] 8.408: took 8.443 ms
[ 986] 8.417: took 8.444 ms
[ 987] 8.425: took 8.455 ms
[ 988] 8.434: took 8.414 ms
[ 989] 8.442: took 8.504 ms
[ 990] 8.451: took 8.412 ms
[ 991] 8.459: took 8.484 ms
[ 992] 8.468: took 8.414 ms
[ 993] 8.476: took 8.420 ms
[ 994] 8.485: took 8.418 ms
[ 995] 8.493: took 8.377 ms
[ 996] 8.502: took 8.403 ms
[ 997] 8.510: took 8.397 ms
[ 998] 8.518: took 8.446 ms
[ 999] 8.527: took 8.418 ms
[1000] 8.535: took 8.406 ms
recorded 1000 frames
Finish..
Close the camera.
Close the camera.
