MAIN_printInfo:
	grid size      : 120 x 120 x 150 = 2.16 * 10^6 Cells
	nTimeSteps     : 3000
	result file    : /home/nvidia/ssd/gits/BWLOCK-GPU/benchmarks/parboil/benchmarks/lbm/run/long/reference.dat
	action         : store
	simulation type: lid-driven cavity
	obstacle file  : /home/nvidia/ssd/gits/BWLOCK-GPU/benchmarks/parboil/datasets/lbm/long/input/120_120_150_ldc.of

LBM_allocateGrid: allocated 169.2 MByte
LBM_allocateGrid: allocated 169.2 MByte
LBM_showGridStatistics:
	nObstacleCells:  343321 nAccelCells:   26912 nFluidCells: 1789767
	minRho:   1.0000 maxRho:   1.0000 mass: 2.160000e+06
	minU: 0.000000e+00 maxU: 0.000000e+00

timestep: 64
timestep: 128
timestep: 192
timestep: 256
MAIN_stopClock:
	usr:  238.38 sys:    0.43 tot:  238.81 wct:   68.75 MLUPS: 94.25

LBM_showGridStatistics:
	nObstacleCells:  343321 nAccelCells:   26912 nFluidCells: 1789767
	minRho:   0.9187 maxRho:   1.0844 mass: 2.159998e+06
	minU: 2.219546e-06 maxU: 3.243893e-02

Compute   : 70.855562
Timer Wall Time: 70.855560
Final simulated flow volume does not match expected flow volume

Mismatch
Parboil parallel benchmark suite, version 0.2

Output checking tool detected a mismatch

 Performance counter stats for './parboil run lbm omp_cpu long':

     246297.420640      task-clock (msec)         #    3.239 CPUs utilized          
            27,448      context-switches          #    0.111 K/sec                  
             5,191      cpu-migrations            #    0.021 K/sec                  
           418,346      page-faults               #    0.002 M/sec                  
   499,168,644,376      cycles                    #    2.027 GHz                    
   <not supported>      stalled-cycles-frontend  
   <not supported>      stalled-cycles-backend   
   641,654,769,154      instructions              #    1.29  insns per cycle        
   <not supported>      branches                 
        24,589,381      branch-misses             #    0.00% of all branches        

      76.050390056 seconds time elapsed

