2019-01-15 17:52:23.640045: E tensorflow/stream_executor/cuda/cuda_driver.cc:397] failed call to cuInit: CUDA_ERROR_NO_DEVICE
2019-01-15 17:52:23.640212: I tensorflow/stream_executor/cuda/cuda_diagnostics.cc:145] kernel driver does not appear to be running on this host (tegra-ubuntu): /proc/driver/nvidia/version does not exist
DNN is on
verbose: 1
Initilize NULL camera. (320 x 240)
camera init completed.
Load TF
Load Model
/home/nvidia/ssd/gits/sandbox/deeppicar/models/model-5conv_3fc-ittc_room.ckpt
Done..
[   0] 0.005: took 29.928 ms
[   1] 0.035: took 8.894 ms
[   2] 0.044: took 8.720 ms
[   3] 0.053: took 8.252 ms
[   4] 0.061: took 8.342 ms
[   5] 0.070: took 8.524 ms
[   6] 0.078: took 8.529 ms
[   7] 0.087: took 8.331 ms
[   8] 0.095: took 8.847 ms
[   9] 0.104: took 8.353 ms
[  10] 0.113: took 8.408 ms
[  11] 0.121: took 8.281 ms
[  12] 0.129: took 8.440 ms
[  13] 0.138: took 8.241 ms
[  14] 0.146: took 8.348 ms
[  15] 0.155: took 8.302 ms
[  16] 0.163: took 8.264 ms
[  17] 0.171: took 8.391 ms
[  18] 0.180: took 8.442 ms
[  19] 0.188: took 8.337 ms
[  20] 0.197: took 8.637 ms
[  21] 0.205: took 8.266 ms
[  22] 0.214: took 8.290 ms
[  23] 0.222: took 8.330 ms
[  24] 0.231: took 8.372 ms
[  25] 0.239: took 8.462 ms
[  26] 0.248: took 8.514 ms
[  27] 0.256: took 8.393 ms
[  28] 0.265: took 8.508 ms
[  29] 0.273: took 8.438 ms
[  30] 0.282: took 8.483 ms
[  31] 0.290: took 8.503 ms
[  32] 0.299: took 8.150 ms
[  33] 0.307: took 8.276 ms
[  34] 0.315: took 7.874 ms
[  35] 0.323: took 7.706 ms
[  36] 0.331: took 7.775 ms
[  37] 0.339: took 7.827 ms
[  38] 0.347: took 7.754 ms
[  39] 0.355: took 7.821 ms
[  40] 0.362: took 7.779 ms
[  41] 0.370: took 7.723 ms
[  42] 0.378: took 7.757 ms
[  43] 0.386: took 7.789 ms
[  44] 0.394: took 7.793 ms
[  45] 0.402: took 7.872 ms
[  46] 0.410: took 7.858 ms
[  47] 0.417: took 7.799 ms
[  48] 0.425: took 7.829 ms
[  49] 0.433: took 7.786 ms
[  50] 0.441: took 7.794 ms
[  51] 0.449: took 7.806 ms
[  52] 0.457: took 7.829 ms
[  53] 0.465: took 7.916 ms
[  54] 0.473: took 7.906 ms
[  55] 0.481: took 7.800 ms
[  56] 0.489: took 7.757 ms
[  57] 0.496: took 7.871 ms
[  58] 0.504: took 7.716 ms
[  59] 0.512: took 7.870 ms
[  60] 0.520: took 7.681 ms
[  61] 0.528: took 8.356 ms
[  62] 0.536: took 8.386 ms
[  63] 0.545: took 8.338 ms
[  64] 0.553: took 8.467 ms
[  65] 0.562: took 8.422 ms
[  66] 0.570: took 8.266 ms
[  67] 0.578: took 8.388 ms
[  68] 0.587: took 8.274 ms
[  69] 0.595: took 8.402 ms
[  70] 0.604: took 8.261 ms
[  71] 0.612: took 8.467 ms
[  72] 0.621: took 8.322 ms
[  73] 0.629: took 8.358 ms
[  74] 0.637: took 8.462 ms
[  75] 0.646: took 8.212 ms
[  76] 0.654: took 8.347 ms
[  77] 0.663: took 8.421 ms
[  78] 0.671: took 8.259 ms
[  79] 0.679: took 8.177 ms
[  80] 0.688: took 8.312 ms
[  81] 0.696: took 8.342 ms
[  82] 0.704: took 8.303 ms
[  83] 0.713: took 8.254 ms
[  84] 0.721: took 8.343 ms
[  85] 0.729: took 8.271 ms
[  86] 0.738: took 8.417 ms
[  87] 0.746: took 8.249 ms
[  88] 0.755: took 8.340 ms
[  89] 0.763: took 8.336 ms
[  90] 0.771: took 8.381 ms
[  91] 0.780: took 8.198 ms
[  92] 0.788: took 8.332 ms
[  93] 0.797: took 8.333 ms
[  94] 0.805: took 8.464 ms
[  95] 0.814: took 8.329 ms
[  96] 0.822: took 8.251 ms
[  97] 0.830: took 8.424 ms
[  98] 0.839: took 8.391 ms
[  99] 0.847: took 8.285 ms
[ 100] 0.856: took 8.356 ms
[ 101] 0.864: took 8.334 ms
[ 102] 0.872: took 8.259 ms
[ 103] 0.881: took 8.360 ms
[ 104] 0.889: took 8.259 ms
[ 105] 0.897: took 8.362 ms
[ 106] 0.906: took 8.352 ms
[ 107] 0.914: took 8.249 ms
[ 108] 0.923: took 8.356 ms
[ 109] 0.931: took 8.258 ms
[ 110] 0.939: took 8.265 ms
[ 111] 0.948: took 8.212 ms
[ 112] 0.956: took 8.286 ms
[ 113] 0.964: took 8.286 ms
[ 114] 0.973: took 8.361 ms
[ 115] 0.981: took 8.248 ms
[ 116] 0.989: took 8.259 ms
[ 117] 0.998: took 8.341 ms
[ 118] 1.006: took 8.402 ms
[ 119] 1.015: took 8.181 ms
[ 120] 1.023: took 8.433 ms
[ 121] 1.031: took 8.329 ms
[ 122] 1.040: took 8.451 ms
[ 123] 1.048: took 8.322 ms
[ 124] 1.057: took 8.348 ms
[ 125] 1.065: took 8.258 ms
[ 126] 1.073: took 8.434 ms
[ 127] 1.082: took 8.309 ms
[ 128] 1.090: took 8.270 ms
[ 129] 1.099: took 8.438 ms
[ 130] 1.107: took 8.418 ms
[ 131] 1.116: took 8.394 ms
[ 132] 1.124: took 8.302 ms
[ 133] 1.132: took 8.277 ms
[ 134] 1.141: took 8.421 ms
[ 135] 1.149: took 8.356 ms
[ 136] 1.158: took 8.226 ms
[ 137] 1.166: took 8.883 ms
[ 138] 1.175: took 7.969 ms
[ 139] 1.183: took 7.775 ms
[ 140] 1.191: took 8.366 ms
[ 141] 1.199: took 8.616 ms
[ 142] 1.208: took 8.445 ms
[ 143] 1.217: took 8.352 ms
[ 144] 1.225: took 8.279 ms
[ 145] 1.233: took 8.368 ms
[ 146] 1.242: took 8.412 ms
[ 147] 1.250: took 8.353 ms
[ 148] 1.259: took 8.316 ms
[ 149] 1.267: took 8.326 ms
[ 150] 1.275: took 8.259 ms
[ 151] 1.284: took 8.325 ms
[ 152] 1.292: took 8.260 ms
[ 153] 1.300: took 8.298 ms
[ 154] 1.309: took 8.352 ms
[ 155] 1.317: took 8.346 ms
[ 156] 1.326: took 8.416 ms
[ 157] 1.334: took 8.376 ms
[ 158] 1.343: took 8.433 ms
[ 159] 1.351: took 8.474 ms
[ 160] 1.360: took 8.295 ms
[ 161] 1.368: took 8.376 ms
[ 162] 1.376: took 8.368 ms
[ 163] 1.385: took 8.272 ms
[ 164] 1.393: took 8.225 ms
[ 165] 1.402: took 8.294 ms
[ 166] 1.410: took 8.385 ms
[ 167] 1.418: took 8.333 ms
[ 168] 1.427: took 8.239 ms
[ 169] 1.435: took 8.335 ms
[ 170] 1.443: took 8.346 ms
[ 171] 1.452: took 8.241 ms
[ 172] 1.460: took 8.229 ms
[ 173] 1.468: took 8.260 ms
[ 174] 1.477: took 8.361 ms
[ 175] 1.485: took 8.332 ms
[ 176] 1.494: took 8.428 ms
[ 177] 1.502: took 8.320 ms
[ 178] 1.510: took 8.461 ms
[ 179] 1.519: took 8.388 ms
[ 180] 1.528: took 8.405 ms
[ 181] 1.536: took 8.393 ms
[ 182] 1.544: took 8.360 ms
[ 183] 1.553: took 8.328 ms
[ 184] 1.561: took 8.309 ms
[ 185] 1.570: took 8.268 ms
[ 186] 1.578: took 8.392 ms
[ 187] 1.586: took 8.315 ms
[ 188] 1.595: took 8.378 ms
[ 189] 1.603: took 8.266 ms
[ 190] 1.612: took 8.242 ms
[ 191] 1.620: took 8.419 ms
[ 192] 1.628: took 8.346 ms
[ 193] 1.637: took 8.250 ms
[ 194] 1.645: took 8.325 ms
[ 195] 1.654: took 8.424 ms
[ 196] 1.662: took 8.512 ms
[ 197] 1.671: took 8.434 ms
[ 198] 1.679: took 8.246 ms
[ 199] 1.687: took 8.319 ms
[ 200] 1.696: took 8.376 ms
[ 201] 1.704: took 8.325 ms
[ 202] 1.713: took 8.335 ms
[ 203] 1.721: took 8.288 ms
[ 204] 1.729: took 8.298 ms
[ 205] 1.738: took 8.379 ms
[ 206] 1.746: took 8.353 ms
[ 207] 1.755: took 8.330 ms
[ 208] 1.763: took 8.328 ms
[ 209] 1.771: took 8.368 ms
[ 210] 1.780: took 8.432 ms
[ 211] 1.788: took 8.417 ms
[ 212] 1.797: took 8.271 ms
[ 213] 1.805: took 8.379 ms
[ 214] 1.814: took 8.545 ms
[ 215] 1.822: took 8.062 ms
[ 216] 1.830: took 7.604 ms
[ 217] 1.838: took 7.949 ms
[ 218] 1.846: took 8.409 ms
[ 219] 1.854: took 8.455 ms
[ 220] 1.863: took 8.247 ms
[ 221] 1.871: took 8.338 ms
[ 222] 1.880: took 8.425 ms
[ 223] 1.888: took 8.428 ms
[ 224] 1.897: took 8.455 ms
[ 225] 1.905: took 8.375 ms
[ 226] 1.914: took 8.324 ms
[ 227] 1.922: took 8.352 ms
[ 228] 1.931: took 8.348 ms
[ 229] 1.939: took 8.374 ms
[ 230] 1.947: took 8.464 ms
[ 231] 1.956: took 8.265 ms
[ 232] 1.964: took 8.290 ms
[ 233] 1.973: took 8.235 ms
[ 234] 1.981: took 8.366 ms
[ 235] 1.989: took 8.420 ms
[ 236] 1.998: took 8.357 ms
[ 237] 2.006: took 8.250 ms
[ 238] 2.015: took 8.370 ms
[ 239] 2.023: took 8.307 ms
[ 240] 2.031: took 8.236 ms
[ 241] 2.040: took 8.289 ms
[ 242] 2.048: took 8.332 ms
[ 243] 2.056: took 8.488 ms
[ 244] 2.065: took 8.363 ms
[ 245] 2.073: took 8.511 ms
[ 246] 2.082: took 8.295 ms
[ 247] 2.090: took 8.385 ms
[ 248] 2.099: took 8.240 ms
[ 249] 2.107: took 8.380 ms
[ 250] 2.116: took 8.401 ms
[ 251] 2.124: took 8.365 ms
[ 252] 2.132: took 8.261 ms
[ 253] 2.141: took 8.369 ms
[ 254] 2.149: took 8.294 ms
[ 255] 2.158: took 8.376 ms
[ 256] 2.166: took 8.369 ms
[ 257] 2.175: took 8.419 ms
[ 258] 2.183: took 8.363 ms
[ 259] 2.191: took 8.406 ms
[ 260] 2.200: took 8.345 ms
[ 261] 2.208: took 8.427 ms
[ 262] 2.217: took 8.416 ms
[ 263] 2.225: took 8.358 ms
[ 264] 2.234: took 8.297 ms
[ 265] 2.242: took 8.408 ms
[ 266] 2.251: took 8.385 ms
[ 267] 2.259: took 8.313 ms
[ 268] 2.267: took 8.427 ms
[ 269] 2.276: took 8.355 ms
[ 270] 2.284: took 8.299 ms
[ 271] 2.293: took 8.345 ms
[ 272] 2.301: took 8.325 ms
[ 273] 2.310: took 8.318 ms
[ 274] 2.318: took 8.359 ms
[ 275] 2.326: took 8.309 ms
[ 276] 2.335: took 8.353 ms
[ 277] 2.343: took 8.377 ms
[ 278] 2.352: took 8.314 ms
[ 279] 2.360: took 8.385 ms
[ 280] 2.368: took 8.311 ms
[ 281] 2.377: took 8.185 ms
[ 282] 2.385: took 8.214 ms
[ 283] 2.393: took 8.156 ms
[ 284] 2.402: took 8.152 ms
[ 285] 2.410: took 8.269 ms
[ 286] 2.418: took 8.288 ms
[ 287] 2.427: took 8.337 ms
[ 288] 2.435: took 8.293 ms
[ 289] 2.443: took 8.341 ms
[ 290] 2.452: took 8.262 ms
[ 291] 2.460: took 8.327 ms
[ 292] 2.468: took 8.513 ms
[ 293] 2.477: took 7.844 ms
[ 294] 2.485: took 7.929 ms
[ 295] 2.493: took 7.894 ms
[ 296] 2.501: took 7.825 ms
[ 297] 2.509: took 7.779 ms
[ 298] 2.517: took 8.067 ms
[ 299] 2.525: took 8.422 ms
[ 300] 2.533: took 8.288 ms
[ 301] 2.542: took 8.397 ms
[ 302] 2.550: took 8.305 ms
[ 303] 2.558: took 8.328 ms
[ 304] 2.567: took 8.355 ms
[ 305] 2.575: took 8.309 ms
[ 306] 2.584: took 8.382 ms
[ 307] 2.592: took 8.266 ms
[ 308] 2.600: took 8.275 ms
[ 309] 2.609: took 8.340 ms
[ 310] 2.617: took 8.285 ms
[ 311] 2.626: took 8.394 ms
[ 312] 2.634: took 8.289 ms
[ 313] 2.642: took 8.279 ms
[ 314] 2.651: took 8.251 ms
[ 315] 2.659: took 8.382 ms
[ 316] 2.667: took 8.321 ms
[ 317] 2.676: took 8.379 ms
[ 318] 2.684: took 8.356 ms
[ 319] 2.693: took 8.405 ms
[ 320] 2.701: took 8.385 ms
[ 321] 2.710: took 8.351 ms
[ 322] 2.718: took 8.313 ms
[ 323] 2.726: took 8.345 ms
[ 324] 2.735: took 8.321 ms
[ 325] 2.743: took 8.356 ms
[ 326] 2.752: took 8.387 ms
[ 327] 2.760: took 8.320 ms
[ 328] 2.769: took 8.285 ms
[ 329] 2.777: took 8.380 ms
[ 330] 2.785: took 8.261 ms
[ 331] 2.794: took 8.266 ms
[ 332] 2.802: took 8.405 ms
[ 333] 2.810: took 8.349 ms
[ 334] 2.819: took 8.317 ms
[ 335] 2.827: took 8.371 ms
[ 336] 2.836: took 8.366 ms
[ 337] 2.844: took 8.305 ms
[ 338] 2.853: took 8.317 ms
[ 339] 2.861: took 8.316 ms
[ 340] 2.869: took 8.287 ms
[ 341] 2.878: took 8.476 ms
[ 342] 2.886: took 8.347 ms
[ 343] 2.895: took 8.223 ms
[ 344] 2.903: took 8.251 ms
[ 345] 2.911: took 8.195 ms
[ 346] 2.920: took 8.285 ms
[ 347] 2.928: took 8.388 ms
[ 348] 2.936: took 8.294 ms
[ 349] 2.945: took 8.294 ms
[ 350] 2.953: took 8.528 ms
[ 351] 2.962: took 8.325 ms
[ 352] 2.970: took 8.339 ms
[ 353] 2.978: took 8.261 ms
[ 354] 2.987: took 8.422 ms
[ 355] 2.995: took 8.365 ms
[ 356] 3.004: took 8.298 ms
[ 357] 3.012: took 8.390 ms
[ 358] 3.021: took 8.278 ms
[ 359] 3.029: took 8.451 ms
[ 360] 3.037: took 8.293 ms
[ 361] 3.046: took 8.333 ms
[ 362] 3.054: took 8.396 ms
[ 363] 3.063: took 8.302 ms
[ 364] 3.071: took 8.382 ms
[ 365] 3.079: took 8.346 ms
[ 366] 3.088: took 8.693 ms
[ 367] 3.097: took 8.460 ms
[ 368] 3.105: took 8.407 ms
[ 369] 3.114: took 8.304 ms
[ 370] 3.122: took 8.426 ms
[ 371] 3.130: took 8.356 ms
[ 372] 3.139: took 8.438 ms
[ 373] 3.147: took 8.488 ms
[ 374] 3.156: took 8.007 ms
[ 375] 3.164: took 8.212 ms
[ 376] 3.172: took 8.536 ms
[ 377] 3.181: took 8.219 ms
[ 378] 3.189: took 8.315 ms
[ 379] 3.198: took 8.375 ms
[ 380] 3.206: took 8.271 ms
[ 381] 3.214: took 8.385 ms
[ 382] 3.223: took 8.302 ms
[ 383] 3.231: took 8.456 ms
[ 384] 3.240: took 8.348 ms
[ 385] 3.248: took 8.291 ms
[ 386] 3.256: took 8.363 ms
[ 387] 3.265: took 8.351 ms
[ 388] 3.273: took 8.312 ms
[ 389] 3.282: took 8.301 ms
[ 390] 3.290: took 8.361 ms
[ 391] 3.299: took 8.291 ms
[ 392] 3.307: took 8.278 ms
[ 393] 3.315: took 8.385 ms
[ 394] 3.324: took 8.378 ms
[ 395] 3.332: took 8.405 ms
[ 396] 3.341: took 8.327 ms
[ 397] 3.349: took 8.234 ms
[ 398] 3.357: took 8.382 ms
[ 399] 3.366: took 8.299 ms
[ 400] 3.374: took 8.334 ms
[ 401] 3.383: took 8.246 ms
[ 402] 3.391: took 8.308 ms
[ 403] 3.399: took 8.365 ms
[ 404] 3.408: took 8.438 ms
[ 405] 3.416: took 8.325 ms
[ 406] 3.425: took 8.272 ms
[ 407] 3.433: took 8.401 ms
[ 408] 3.441: took 8.283 ms
[ 409] 3.450: took 8.370 ms
[ 410] 3.458: took 8.338 ms
[ 411] 3.467: took 8.430 ms
[ 412] 3.475: took 8.353 ms
[ 413] 3.483: took 8.238 ms
[ 414] 3.492: took 8.309 ms
[ 415] 3.500: took 8.283 ms
[ 416] 3.508: took 8.265 ms
[ 417] 3.517: took 8.201 ms
[ 418] 3.525: took 8.314 ms
[ 419] 3.533: took 8.261 ms
[ 420] 3.542: took 8.352 ms
[ 421] 3.550: took 8.262 ms
[ 422] 3.559: took 8.273 ms
[ 423] 3.567: took 8.278 ms
[ 424] 3.575: took 8.365 ms
[ 425] 3.584: took 8.307 ms
[ 426] 3.592: took 8.301 ms
[ 427] 3.600: took 8.242 ms
[ 428] 3.609: took 8.333 ms
[ 429] 3.617: took 8.268 ms
[ 430] 3.625: took 8.287 ms
[ 431] 3.634: took 8.339 ms
[ 432] 3.642: took 8.201 ms
[ 433] 3.651: took 8.184 ms
[ 434] 3.659: took 8.295 ms
[ 435] 3.667: took 8.325 ms
[ 436] 3.676: took 8.260 ms
[ 437] 3.684: took 8.285 ms
[ 438] 3.692: took 8.208 ms
[ 439] 3.701: took 8.223 ms
[ 440] 3.709: took 8.238 ms
[ 441] 3.717: took 8.277 ms
[ 442] 3.725: took 8.354 ms
[ 443] 3.734: took 8.216 ms
[ 444] 3.742: took 8.390 ms
[ 445] 3.751: took 8.316 ms
[ 446] 3.759: took 8.324 ms
[ 447] 3.767: took 8.364 ms
[ 448] 3.776: took 8.522 ms
[ 449] 3.784: took 8.432 ms
[ 450] 3.793: took 8.376 ms
[ 451] 3.801: took 8.251 ms
[ 452] 3.810: took 8.170 ms
[ 453] 3.818: took 8.545 ms
[ 454] 3.827: took 8.438 ms
[ 455] 3.835: took 8.431 ms
[ 456] 3.844: took 8.366 ms
[ 457] 3.852: took 8.368 ms
[ 458] 3.860: took 8.308 ms
[ 459] 3.869: took 8.259 ms
[ 460] 3.877: took 8.455 ms
[ 461] 3.886: took 8.327 ms
[ 462] 3.894: took 8.281 ms
[ 463] 3.902: took 8.321 ms
[ 464] 3.911: took 8.334 ms
[ 465] 3.919: took 8.234 ms
[ 466] 3.928: took 8.334 ms
[ 467] 3.936: took 8.325 ms
[ 468] 3.944: took 8.305 ms
[ 469] 3.953: took 8.234 ms
[ 470] 3.961: took 8.389 ms
[ 471] 3.969: took 8.331 ms
[ 472] 3.978: took 8.285 ms
[ 473] 3.986: took 8.249 ms
[ 474] 3.995: took 8.374 ms
[ 475] 4.003: took 8.391 ms
[ 476] 4.011: took 8.316 ms
[ 477] 4.020: took 8.396 ms
[ 478] 4.028: took 8.364 ms
[ 479] 4.037: took 8.329 ms
[ 480] 4.045: took 8.291 ms
[ 481] 4.053: took 8.327 ms
[ 482] 4.062: took 8.298 ms
[ 483] 4.070: took 8.305 ms
[ 484] 4.079: took 8.307 ms
[ 485] 4.087: took 8.305 ms
[ 486] 4.095: took 8.311 ms
[ 487] 4.104: took 8.319 ms
[ 488] 4.112: took 8.267 ms
[ 489] 4.120: took 8.318 ms
[ 490] 4.129: took 8.290 ms
[ 491] 4.137: took 8.263 ms
[ 492] 4.146: took 8.462 ms
[ 493] 4.154: took 8.287 ms
[ 494] 4.162: took 8.283 ms
[ 495] 4.171: took 8.256 ms
[ 496] 4.179: took 8.364 ms
[ 497] 4.188: took 8.501 ms
[ 498] 4.196: took 8.335 ms
[ 499] 4.204: took 8.296 ms
[ 500] 4.213: took 8.312 ms
[ 501] 4.221: took 8.307 ms
[ 502] 4.230: took 8.373 ms
[ 503] 4.238: took 8.234 ms
[ 504] 4.246: took 8.330 ms
[ 505] 4.255: took 8.373 ms
[ 506] 4.263: took 8.314 ms
[ 507] 4.272: took 8.291 ms
[ 508] 4.280: took 8.284 ms
[ 509] 4.288: took 8.321 ms
[ 510] 4.297: took 8.347 ms
[ 511] 4.305: took 8.324 ms
[ 512] 4.313: took 8.459 ms
[ 513] 4.322: took 8.331 ms
[ 514] 4.330: took 8.228 ms
[ 515] 4.339: took 8.370 ms
[ 516] 4.347: took 8.233 ms
[ 517] 4.355: took 8.368 ms
[ 518] 4.364: took 8.348 ms
[ 519] 4.372: took 8.320 ms
[ 520] 4.381: took 8.336 ms
[ 521] 4.389: took 8.287 ms
[ 522] 4.397: took 8.323 ms
[ 523] 4.406: took 8.277 ms
[ 524] 4.414: took 8.343 ms
[ 525] 4.423: took 8.236 ms
[ 526] 4.431: took 8.235 ms
[ 527] 4.439: took 8.374 ms
[ 528] 4.448: took 8.224 ms
[ 529] 4.456: took 7.821 ms
[ 530] 4.464: took 8.037 ms
[ 531] 4.472: took 8.522 ms
[ 532] 4.481: took 8.414 ms
[ 533] 4.489: took 8.278 ms
[ 534] 4.497: took 8.247 ms
[ 535] 4.506: took 8.428 ms
[ 536] 4.514: took 8.360 ms
[ 537] 4.523: took 8.395 ms
[ 538] 4.531: took 8.387 ms
[ 539] 4.540: took 8.343 ms
[ 540] 4.548: took 8.303 ms
[ 541] 4.556: took 8.373 ms
[ 542] 4.565: took 8.302 ms
[ 543] 4.573: took 8.353 ms
[ 544] 4.582: took 8.385 ms
[ 545] 4.590: took 8.460 ms
[ 546] 4.599: took 8.319 ms
[ 547] 4.607: took 8.380 ms
[ 548] 4.615: took 8.416 ms
[ 549] 4.624: took 8.360 ms
[ 550] 4.632: took 8.428 ms
[ 551] 4.641: took 8.361 ms
[ 552] 4.649: took 8.301 ms
[ 553] 4.658: took 8.302 ms
[ 554] 4.666: took 8.391 ms
[ 555] 4.674: took 8.367 ms
[ 556] 4.683: took 8.297 ms
[ 557] 4.691: took 8.450 ms
[ 558] 4.700: took 8.324 ms
[ 559] 4.708: took 8.294 ms
[ 560] 4.716: took 8.401 ms
[ 561] 4.725: took 8.401 ms
[ 562] 4.733: took 8.300 ms
[ 563] 4.742: took 8.269 ms
[ 564] 4.750: took 8.356 ms
[ 565] 4.759: took 8.343 ms
[ 566] 4.767: took 8.282 ms
[ 567] 4.775: took 8.374 ms
[ 568] 4.784: took 8.330 ms
[ 569] 4.792: took 8.413 ms
[ 570] 4.801: took 8.235 ms
[ 571] 4.809: took 8.447 ms
[ 572] 4.817: took 8.311 ms
[ 573] 4.826: took 8.288 ms
[ 574] 4.834: took 8.275 ms
[ 575] 4.843: took 8.313 ms
[ 576] 4.851: took 8.361 ms
[ 577] 4.859: took 8.374 ms
[ 578] 4.868: took 8.303 ms
[ 579] 4.876: took 8.366 ms
[ 580] 4.885: took 8.352 ms
[ 581] 4.893: took 8.283 ms
[ 582] 4.901: took 8.224 ms
[ 583] 4.910: took 8.342 ms
[ 584] 4.918: took 8.335 ms
[ 585] 4.927: took 8.263 ms
[ 586] 4.935: took 8.328 ms
[ 587] 4.943: took 8.341 ms
[ 588] 4.952: took 8.304 ms
[ 589] 4.960: took 8.294 ms
[ 590] 4.968: took 8.276 ms
[ 591] 4.977: took 8.320 ms
[ 592] 4.985: took 8.228 ms
[ 593] 4.993: took 8.234 ms
[ 594] 5.002: took 8.337 ms
[ 595] 5.010: took 8.275 ms
[ 596] 5.018: took 8.262 ms
[ 597] 5.027: took 8.329 ms
[ 598] 5.035: took 8.323 ms
[ 599] 5.044: took 8.317 ms
[ 600] 5.052: took 8.424 ms
[ 601] 5.060: took 8.331 ms
[ 602] 5.069: took 8.350 ms
[ 603] 5.077: took 8.343 ms
[ 604] 5.086: took 8.338 ms
[ 605] 5.094: took 8.347 ms
[ 606] 5.103: took 7.925 ms
[ 607] 5.111: took 7.788 ms
[ 608] 5.118: took 8.040 ms
[ 609] 5.126: took 8.655 ms
[ 610] 5.135: took 8.398 ms
[ 611] 5.144: took 8.378 ms
[ 612] 5.152: took 8.276 ms
[ 613] 5.160: took 8.316 ms
[ 614] 5.169: took 8.273 ms
[ 615] 5.177: took 8.327 ms
[ 616] 5.186: took 8.365 ms
[ 617] 5.194: took 8.346 ms
[ 618] 5.202: took 8.452 ms
[ 619] 5.211: took 8.328 ms
[ 620] 5.219: took 8.376 ms
[ 621] 5.228: took 8.326 ms
[ 622] 5.236: took 8.324 ms
[ 623] 5.245: took 8.320 ms
[ 624] 5.253: took 8.367 ms
[ 625] 5.261: took 8.203 ms
[ 626] 5.270: took 8.263 ms
[ 627] 5.278: took 8.274 ms
[ 628] 5.286: took 8.258 ms
[ 629] 5.295: took 8.364 ms
[ 630] 5.303: took 8.281 ms
[ 631] 5.311: took 8.445 ms
[ 632] 5.320: took 8.304 ms
[ 633] 5.328: took 8.277 ms
[ 634] 5.337: took 8.273 ms
[ 635] 5.345: took 8.358 ms
[ 636] 5.353: took 8.381 ms
[ 637] 5.362: took 8.262 ms
[ 638] 5.370: took 8.280 ms
[ 639] 5.379: took 8.281 ms
[ 640] 5.387: took 8.316 ms
[ 641] 5.395: took 8.389 ms
[ 642] 5.404: took 8.262 ms
[ 643] 5.412: took 8.346 ms
[ 644] 5.421: took 8.352 ms
[ 645] 5.429: took 8.330 ms
[ 646] 5.437: took 8.237 ms
[ 647] 5.446: took 8.383 ms
[ 648] 5.454: took 8.451 ms
[ 649] 5.463: took 8.211 ms
[ 650] 5.471: took 8.341 ms
[ 651] 5.479: took 8.401 ms
[ 652] 5.488: took 8.317 ms
[ 653] 5.496: took 8.174 ms
[ 654] 5.504: took 8.296 ms
[ 655] 5.513: took 8.183 ms
[ 656] 5.521: took 8.192 ms
[ 657] 5.529: took 8.331 ms
[ 658] 5.538: took 8.419 ms
[ 659] 5.546: took 8.254 ms
[ 660] 5.555: took 8.283 ms
[ 661] 5.563: took 8.299 ms
[ 662] 5.571: took 8.281 ms
[ 663] 5.580: took 8.305 ms
[ 664] 5.588: took 8.252 ms
[ 665] 5.596: took 8.260 ms
[ 666] 5.605: took 8.320 ms
[ 667] 5.613: took 8.353 ms
[ 668] 5.621: took 8.427 ms
[ 669] 5.630: took 8.403 ms
[ 670] 5.638: took 8.365 ms
[ 671] 5.647: took 8.443 ms
[ 672] 5.655: took 8.397 ms
[ 673] 5.664: took 8.360 ms
[ 674] 5.672: took 8.469 ms
[ 675] 5.681: took 8.312 ms
[ 676] 5.689: took 8.226 ms
[ 677] 5.697: took 8.289 ms
[ 678] 5.706: took 8.442 ms
[ 679] 5.714: took 8.340 ms
[ 680] 5.723: took 8.329 ms
[ 681] 5.731: took 8.395 ms
[ 682] 5.740: took 8.472 ms
[ 683] 5.748: took 8.185 ms
[ 684] 5.756: took 8.179 ms
[ 685] 5.765: took 7.812 ms
[ 686] 5.773: took 7.992 ms
[ 687] 5.781: took 8.585 ms
[ 688] 5.789: took 8.340 ms
[ 689] 5.798: took 8.365 ms
[ 690] 5.806: took 8.401 ms
[ 691] 5.815: took 8.246 ms
[ 692] 5.823: took 8.294 ms
[ 693] 5.831: took 8.331 ms
[ 694] 5.840: took 8.381 ms
[ 695] 5.848: took 8.305 ms
[ 696] 5.856: took 8.280 ms
[ 697] 5.865: took 8.265 ms
[ 698] 5.873: took 8.237 ms
[ 699] 5.881: took 8.315 ms
[ 700] 5.890: took 8.393 ms
[ 701] 5.898: took 8.286 ms
[ 702] 5.907: took 8.283 ms
[ 703] 5.915: took 8.287 ms
[ 704] 5.923: took 8.287 ms
[ 705] 5.932: took 8.323 ms
[ 706] 5.940: took 8.225 ms
[ 707] 5.948: took 8.307 ms
[ 708] 5.957: took 8.362 ms
[ 709] 5.965: took 8.249 ms
[ 710] 5.974: took 8.353 ms
[ 711] 5.982: took 8.284 ms
[ 712] 5.990: took 8.340 ms
[ 713] 5.999: took 8.418 ms
[ 714] 6.007: took 8.390 ms
[ 715] 6.016: took 8.381 ms
[ 716] 6.024: took 8.356 ms
[ 717] 6.033: took 8.293 ms
[ 718] 6.041: took 8.249 ms
[ 719] 6.049: took 8.380 ms
[ 720] 6.058: took 8.417 ms
[ 721] 6.066: took 8.378 ms
[ 722] 6.075: took 8.206 ms
[ 723] 6.083: took 8.261 ms
[ 724] 6.091: took 8.410 ms
[ 725] 6.100: took 8.299 ms
[ 726] 6.108: took 8.296 ms
[ 727] 6.116: took 8.229 ms
[ 728] 6.125: took 8.332 ms
[ 729] 6.133: took 8.427 ms
[ 730] 6.142: took 8.353 ms
[ 731] 6.150: took 8.280 ms
[ 732] 6.158: took 8.265 ms
[ 733] 6.167: took 8.257 ms
[ 734] 6.175: took 8.285 ms
[ 735] 6.183: took 8.304 ms
[ 736] 6.192: took 8.307 ms
[ 737] 6.200: took 8.270 ms
[ 738] 6.209: took 8.378 ms
[ 739] 6.217: took 8.263 ms
[ 740] 6.225: took 8.319 ms
[ 741] 6.234: took 8.169 ms
[ 742] 6.242: took 8.276 ms
[ 743] 6.250: took 8.293 ms
[ 744] 6.259: took 8.209 ms
[ 745] 6.267: took 8.359 ms
[ 746] 6.275: took 8.377 ms
[ 747] 6.284: took 8.383 ms
[ 748] 6.292: took 8.344 ms
[ 749] 6.301: took 8.165 ms
[ 750] 6.309: took 8.389 ms
[ 751] 6.317: took 8.331 ms
[ 752] 6.326: took 8.223 ms
[ 753] 6.334: took 8.275 ms
[ 754] 6.342: took 8.298 ms
[ 755] 6.351: took 8.309 ms
[ 756] 6.359: took 8.461 ms
[ 757] 6.368: took 8.365 ms
[ 758] 6.376: took 8.373 ms
[ 759] 6.385: took 8.330 ms
[ 760] 6.393: took 8.158 ms
[ 761] 6.401: took 8.363 ms
[ 762] 6.410: took 8.073 ms
[ 763] 6.418: took 8.173 ms
[ 764] 6.426: took 8.100 ms
[ 765] 6.434: took 8.576 ms
[ 766] 6.443: took 8.302 ms
[ 767] 6.451: took 8.233 ms
[ 768] 6.459: took 8.351 ms
[ 769] 6.468: took 8.221 ms
[ 770] 6.476: took 8.371 ms
[ 771] 6.485: took 8.383 ms
[ 772] 6.493: took 8.277 ms
[ 773] 6.501: took 8.261 ms
[ 774] 6.510: took 8.359 ms
[ 775] 6.518: took 8.337 ms
[ 776] 6.527: took 8.261 ms
[ 777] 6.535: took 8.397 ms
[ 778] 6.543: took 8.412 ms
[ 779] 6.552: took 8.331 ms
[ 780] 6.560: took 8.286 ms
[ 781] 6.569: took 8.232 ms
[ 782] 6.577: took 8.261 ms
[ 783] 6.585: took 8.339 ms
[ 784] 6.594: took 8.279 ms
[ 785] 6.602: took 8.332 ms
[ 786] 6.610: took 8.381 ms
[ 787] 6.619: took 8.208 ms
[ 788] 6.627: took 8.414 ms
[ 789] 6.636: took 8.438 ms
[ 790] 6.644: took 8.296 ms
[ 791] 6.652: took 8.356 ms
[ 792] 6.661: took 8.313 ms
[ 793] 6.669: took 8.431 ms
[ 794] 6.678: took 8.224 ms
[ 795] 6.686: took 8.336 ms
[ 796] 6.694: took 8.300 ms
[ 797] 6.703: took 8.226 ms
[ 798] 6.711: took 8.410 ms
[ 799] 6.720: took 8.330 ms
[ 800] 6.728: took 8.467 ms
[ 801] 6.737: took 8.340 ms
[ 802] 6.745: took 8.394 ms
[ 803] 6.753: took 8.304 ms
[ 804] 6.762: took 8.266 ms
[ 805] 6.770: took 8.212 ms
[ 806] 6.778: took 8.407 ms
[ 807] 6.787: took 8.235 ms
[ 808] 6.795: took 8.346 ms
[ 809] 6.804: took 8.262 ms
[ 810] 6.812: took 8.301 ms
[ 811] 6.820: took 8.329 ms
[ 812] 6.829: took 8.231 ms
[ 813] 6.837: took 8.338 ms
[ 814] 6.845: took 8.332 ms
[ 815] 6.854: took 8.364 ms
[ 816] 6.862: took 8.161 ms
[ 817] 6.870: took 8.350 ms
[ 818] 6.879: took 8.232 ms
[ 819] 6.887: took 8.481 ms
[ 820] 6.896: took 8.224 ms
[ 821] 6.904: took 8.295 ms
[ 822] 6.912: took 8.278 ms
[ 823] 6.921: took 8.343 ms
[ 824] 6.929: took 8.284 ms
[ 825] 6.937: took 8.238 ms
[ 826] 6.946: took 8.368 ms
[ 827] 6.954: took 8.413 ms
[ 828] 6.963: took 8.271 ms
[ 829] 6.971: took 8.343 ms
[ 830] 6.979: took 8.289 ms
[ 831] 6.988: took 8.467 ms
[ 832] 6.996: took 8.344 ms
[ 833] 7.005: took 8.306 ms
[ 834] 7.013: took 8.353 ms
[ 835] 7.022: took 8.513 ms
[ 836] 7.030: took 8.318 ms
[ 837] 7.039: took 8.483 ms
[ 838] 7.047: took 8.338 ms
[ 839] 7.056: took 8.101 ms
[ 840] 7.064: took 8.347 ms
[ 841] 7.072: took 7.808 ms
[ 842] 7.080: took 7.822 ms
[ 843] 7.088: took 7.720 ms
[ 844] 7.096: took 7.708 ms
[ 845] 7.103: took 8.367 ms
[ 846] 7.112: took 8.349 ms
[ 847] 7.120: took 8.311 ms
[ 848] 7.129: took 8.378 ms
[ 849] 7.137: took 8.310 ms
[ 850] 7.145: took 8.228 ms
[ 851] 7.154: took 8.337 ms
[ 852] 7.162: took 8.351 ms
[ 853] 7.171: took 8.280 ms
[ 854] 7.179: took 8.335 ms
[ 855] 7.187: took 8.248 ms
[ 856] 7.196: took 8.337 ms
[ 857] 7.204: took 8.402 ms
[ 858] 7.213: took 8.284 ms
[ 859] 7.221: took 8.289 ms
[ 860] 7.229: took 8.310 ms
[ 861] 7.238: took 8.331 ms
[ 862] 7.246: took 8.327 ms
[ 863] 7.254: took 8.349 ms
[ 864] 7.263: took 8.255 ms
[ 865] 7.271: took 8.329 ms
[ 866] 7.280: took 8.163 ms
[ 867] 7.288: took 8.266 ms
[ 868] 7.296: took 8.284 ms
[ 869] 7.304: took 8.338 ms
[ 870] 7.313: took 8.239 ms
[ 871] 7.321: took 8.284 ms
[ 872] 7.330: took 8.332 ms
[ 873] 7.338: took 8.276 ms
[ 874] 7.346: took 8.388 ms
[ 875] 7.355: took 8.340 ms
[ 876] 7.363: took 8.452 ms
[ 877] 7.372: took 8.284 ms
[ 878] 7.380: took 8.275 ms
[ 879] 7.388: took 8.414 ms
[ 880] 7.397: took 8.396 ms
[ 881] 7.405: took 8.278 ms
[ 882] 7.414: took 8.355 ms
[ 883] 7.422: took 8.275 ms
[ 884] 7.430: took 8.351 ms
[ 885] 7.439: took 8.387 ms
[ 886] 7.447: took 8.415 ms
[ 887] 7.456: took 8.337 ms
[ 888] 7.464: took 8.322 ms
[ 889] 7.473: took 8.297 ms
[ 890] 7.481: took 8.315 ms
[ 891] 7.489: took 8.289 ms
[ 892] 7.498: took 8.305 ms
[ 893] 7.506: took 8.362 ms
[ 894] 7.515: took 8.352 ms
[ 895] 7.523: took 8.279 ms
[ 896] 7.531: took 8.400 ms
[ 897] 7.540: took 8.308 ms
[ 898] 7.548: took 8.354 ms
[ 899] 7.557: took 8.396 ms
[ 900] 7.565: took 8.496 ms
[ 901] 7.574: took 8.359 ms
[ 902] 7.582: took 8.334 ms
[ 903] 7.590: took 8.370 ms
[ 904] 7.599: took 8.299 ms
[ 905] 7.607: took 8.475 ms
[ 906] 7.616: took 8.418 ms
[ 907] 7.624: took 8.426 ms
[ 908] 7.633: took 8.357 ms
[ 909] 7.641: took 8.397 ms
[ 910] 7.650: took 8.275 ms
[ 911] 7.658: took 8.435 ms
[ 912] 7.666: took 8.352 ms
[ 913] 7.675: took 8.336 ms
[ 914] 7.683: took 8.364 ms
[ 915] 7.692: took 8.321 ms
[ 916] 7.700: took 8.352 ms
[ 917] 7.709: took 8.451 ms
[ 918] 7.717: took 8.417 ms
[ 919] 7.726: took 8.275 ms
[ 920] 7.734: took 8.180 ms
[ 921] 7.742: took 8.099 ms
[ 922] 7.750: took 7.914 ms
[ 923] 7.758: took 8.580 ms
[ 924] 7.767: took 8.303 ms
[ 925] 7.775: took 8.333 ms
[ 926] 7.784: took 8.376 ms
[ 927] 7.792: took 8.384 ms
[ 928] 7.801: took 8.296 ms
[ 929] 7.809: took 8.377 ms
[ 930] 7.817: took 8.220 ms
[ 931] 7.826: took 8.253 ms
[ 932] 7.834: took 8.329 ms
[ 933] 7.842: took 8.269 ms
[ 934] 7.851: took 8.256 ms
[ 935] 7.859: took 8.429 ms
[ 936] 7.868: took 8.337 ms
[ 937] 7.876: took 8.290 ms
[ 938] 7.884: took 8.487 ms
[ 939] 7.893: took 8.349 ms
[ 940] 7.901: took 8.375 ms
[ 941] 7.910: took 8.419 ms
[ 942] 7.918: took 8.323 ms
[ 943] 7.927: took 8.323 ms
[ 944] 7.935: took 8.379 ms
[ 945] 7.944: took 8.378 ms
[ 946] 7.952: took 8.348 ms
[ 947] 7.960: took 8.312 ms
[ 948] 7.969: took 8.412 ms
[ 949] 7.977: took 8.409 ms
[ 950] 7.986: took 8.286 ms
[ 951] 7.994: took 8.274 ms
[ 952] 8.002: took 8.329 ms
[ 953] 8.011: took 8.312 ms
[ 954] 8.019: took 8.308 ms
[ 955] 8.028: took 8.340 ms
[ 956] 8.036: took 8.292 ms
[ 957] 8.044: took 8.259 ms
[ 958] 8.053: took 8.296 ms
[ 959] 8.061: took 8.224 ms
[ 960] 8.069: took 8.244 ms
[ 961] 8.078: took 8.399 ms
[ 962] 8.086: took 8.348 ms
[ 963] 8.095: took 8.333 ms
[ 964] 8.103: took 8.237 ms
[ 965] 8.111: took 8.373 ms
[ 966] 8.120: took 8.388 ms
[ 967] 8.128: took 8.336 ms
[ 968] 8.137: took 8.334 ms
[ 969] 8.145: took 8.323 ms
[ 970] 8.153: took 8.200 ms
[ 971] 8.162: took 8.361 ms
[ 972] 8.170: took 8.293 ms
[ 973] 8.178: took 8.422 ms
[ 974] 8.187: took 8.250 ms
[ 975] 8.195: took 8.318 ms
[ 976] 8.204: took 8.301 ms
[ 977] 8.212: took 8.253 ms
[ 978] 8.220: took 8.274 ms
[ 979] 8.229: took 8.361 ms
[ 980] 8.237: took 8.102 ms
[ 981] 8.245: took 8.300 ms
[ 982] 8.254: took 8.334 ms
[ 983] 8.262: took 8.257 ms
[ 984] 8.270: took 8.368 ms
[ 985] 8.279: took 8.269 ms
[ 986] 8.287: took 8.411 ms
[ 987] 8.296: took 8.293 ms
[ 988] 8.304: took 8.347 ms
[ 989] 8.312: took 8.374 ms
[ 990] 8.321: took 8.441 ms
[ 991] 8.329: took 8.194 ms
[ 992] 8.338: took 8.238 ms
[ 993] 8.346: took 8.397 ms
[ 994] 8.354: took 8.279 ms
[ 995] 8.363: took 8.220 ms
[ 996] 8.371: took 8.388 ms
[ 997] 8.379: took 8.485 ms
[ 998] 8.388: took 8.404 ms
[ 999] 8.396: took 7.740 ms
[1000] 8.404: took 8.294 ms
recorded 1000 frames
Finish..
Close the camera.
Close the camera.
