2019-01-15 17:30:59.355829: E tensorflow/stream_executor/cuda/cuda_driver.cc:397] failed call to cuInit: CUDA_ERROR_NO_DEVICE
2019-01-15 17:30:59.355993: I tensorflow/stream_executor/cuda/cuda_diagnostics.cc:145] kernel driver does not appear to be running on this host (tegra-ubuntu): /proc/driver/nvidia/version does not exist
DNN is on
verbose: 1
Initilize NULL camera. (320 x 240)
camera init completed.
Load TF
Load Model
/home/nvidia/ssd/gits/sandbox/deeppicar/models/model-5conv_3fc-ittc_room.ckpt
Done..
[   0] 0.040: took 28.142 ms
[   1] 0.080: took 9.999 ms
[   2] 0.120: took 10.374 ms
[   3] 0.160: took 9.958 ms
[   4] 0.200: took 9.969 ms
[   5] 0.240: took 9.862 ms
[   6] 0.280: took 10.060 ms
[   7] 0.320: took 9.935 ms
[   8] 0.360: took 10.060 ms
[   9] 0.400: took 9.925 ms
[  10] 0.440: took 9.992 ms
[  11] 0.480: took 9.935 ms
[  12] 0.520: took 9.962 ms
[  13] 0.560: took 9.765 ms
[  14] 0.600: took 9.917 ms
[  15] 0.640: took 10.000 ms
[  16] 0.680: took 9.852 ms
[  17] 0.720: took 9.879 ms
[  18] 0.760: took 9.949 ms
[  19] 0.800: took 9.806 ms
[  20] 0.840: took 9.841 ms
[  21] 0.880: took 9.975 ms
[  22] 0.920: took 10.190 ms
[  23] 0.960: took 9.932 ms
[  24] 1.000: took 9.954 ms
[  25] 1.040: took 9.979 ms
[  26] 1.080: took 9.942 ms
[  27] 1.120: took 9.872 ms
[  28] 1.160: took 9.922 ms
[  29] 1.200: took 10.011 ms
[  30] 1.240: took 9.864 ms
[  31] 1.280: took 9.992 ms
[  32] 1.320: took 9.858 ms
[  33] 1.360: took 9.874 ms
[  34] 1.400: took 9.790 ms
[  35] 1.440: took 9.832 ms
[  36] 1.480: took 10.085 ms
[  37] 1.520: took 9.636 ms
[  38] 1.560: took 9.782 ms
[  39] 1.600: took 9.897 ms
[  40] 1.640: took 9.865 ms
[  41] 1.680: took 9.722 ms
[  42] 1.720: took 9.849 ms
[  43] 1.760: took 10.111 ms
[  44] 1.800: took 9.916 ms
[  45] 1.840: took 9.895 ms
[  46] 1.880: took 9.772 ms
[  47] 1.920: took 9.949 ms
[  48] 1.960: took 9.945 ms
[  49] 2.000: took 9.835 ms
[  50] 2.040: took 10.053 ms
[  51] 2.080: took 9.428 ms
[  52] 2.120: took 9.880 ms
[  53] 2.160: took 9.939 ms
[  54] 2.200: took 9.863 ms
[  55] 2.240: took 9.760 ms
[  56] 2.280: took 9.877 ms
[  57] 2.320: took 9.967 ms
[  58] 2.360: took 9.449 ms
[  59] 2.400: took 9.829 ms
[  60] 2.440: took 10.062 ms
[  61] 2.480: took 9.877 ms
[  62] 2.520: took 9.905 ms
[  63] 2.560: took 9.694 ms
[  64] 2.600: took 9.913 ms
[  65] 2.640: took 10.000 ms
[  66] 2.680: took 9.834 ms
[  67] 2.720: took 9.833 ms
[  68] 2.760: took 9.778 ms
[  69] 2.800: took 9.790 ms
[  70] 2.840: took 9.881 ms
[  71] 2.880: took 9.982 ms
[  72] 2.920: took 9.719 ms
[  73] 2.960: took 9.803 ms
[  74] 3.000: took 9.825 ms
[  75] 3.040: took 9.800 ms
[  76] 3.080: took 9.997 ms
[  77] 3.120: took 9.845 ms
[  78] 3.160: took 10.088 ms
[  79] 3.200: took 9.173 ms
[  80] 3.240: took 9.872 ms
[  81] 3.280: took 9.873 ms
[  82] 3.320: took 9.761 ms
[  83] 3.360: took 9.746 ms
[  84] 3.400: took 9.838 ms
[  85] 3.440: took 10.013 ms
[  86] 3.480: took 9.247 ms
[  87] 3.520: took 9.762 ms
[  88] 3.560: took 9.863 ms
[  89] 3.600: took 9.806 ms
[  90] 3.640: took 9.886 ms
[  91] 3.680: took 9.844 ms
[  92] 3.720: took 9.963 ms
[  93] 3.760: took 9.868 ms
[  94] 3.800: took 9.797 ms
[  95] 3.840: took 9.971 ms
[  96] 3.880: took 9.888 ms
[  97] 3.920: took 9.736 ms
[  98] 3.960: took 9.799 ms
[  99] 4.000: took 10.220 ms
[ 100] 4.040: took 9.968 ms
[ 101] 4.080: took 9.957 ms
[ 102] 4.120: took 9.946 ms
[ 103] 4.160: took 9.761 ms
[ 104] 4.200: took 9.868 ms
[ 105] 4.240: took 9.801 ms
[ 106] 4.280: took 9.974 ms
[ 107] 4.320: took 9.980 ms
[ 108] 4.360: took 9.936 ms
[ 109] 4.400: took 9.831 ms
[ 110] 4.440: took 9.810 ms
[ 111] 4.480: took 9.795 ms
[ 112] 4.520: took 9.739 ms
[ 113] 4.560: took 9.923 ms
[ 114] 4.600: took 10.045 ms
[ 115] 4.640: took 9.827 ms
[ 116] 4.680: took 9.755 ms
[ 117] 4.720: took 9.955 ms
[ 118] 4.760: took 9.848 ms
[ 119] 4.800: took 9.936 ms
[ 120] 4.840: took 9.993 ms
[ 121] 4.880: took 9.660 ms
[ 122] 4.920: took 9.848 ms
[ 123] 4.960: took 9.971 ms
[ 124] 5.000: took 9.840 ms
[ 125] 5.040: took 10.166 ms
[ 126] 5.080: took 9.823 ms
[ 127] 5.120: took 10.110 ms
[ 128] 5.160: took 9.462 ms
[ 129] 5.200: took 9.939 ms
[ 130] 5.240: took 9.991 ms
[ 131] 5.280: took 9.865 ms
[ 132] 5.320: took 9.916 ms
[ 133] 5.360: took 9.865 ms
[ 134] 5.400: took 10.044 ms
[ 135] 5.440: took 9.613 ms
[ 136] 5.480: took 9.944 ms
[ 137] 5.520: took 9.812 ms
[ 138] 5.560: took 9.755 ms
[ 139] 5.600: took 9.921 ms
[ 140] 5.640: took 9.819 ms
[ 141] 5.680: took 10.105 ms
[ 142] 5.720: took 9.883 ms
[ 143] 5.760: took 10.048 ms
[ 144] 5.800: took 9.863 ms
[ 145] 5.840: took 9.899 ms
[ 146] 5.880: took 9.831 ms
[ 147] 5.920: took 9.941 ms
[ 148] 5.960: took 9.943 ms
[ 149] 6.000: took 9.731 ms
[ 150] 6.040: took 9.991 ms
[ 151] 6.080: took 9.895 ms
[ 152] 6.120: took 9.814 ms
[ 153] 6.160: took 9.928 ms
[ 154] 6.200: took 10.032 ms
[ 155] 6.240: took 10.047 ms
[ 156] 6.280: took 9.753 ms
[ 157] 6.320: took 9.977 ms
[ 158] 6.360: took 9.877 ms
[ 159] 6.400: took 9.845 ms
[ 160] 6.440: took 9.922 ms
[ 161] 6.480: took 9.831 ms
[ 162] 6.520: took 10.014 ms
[ 163] 6.560: took 9.609 ms
[ 164] 6.600: took 9.767 ms
[ 165] 6.640: took 9.929 ms
[ 166] 6.680: took 9.820 ms
[ 167] 6.720: took 9.812 ms
[ 168] 6.760: took 9.915 ms
[ 169] 6.800: took 10.152 ms
[ 170] 6.840: took 9.284 ms
[ 171] 6.880: took 9.801 ms
[ 172] 6.920: took 9.864 ms
[ 173] 6.960: took 9.736 ms
[ 174] 7.000: took 9.828 ms
[ 175] 7.040: took 9.920 ms
[ 176] 7.080: took 9.911 ms
[ 177] 7.120: took 9.720 ms
[ 178] 7.160: took 9.905 ms
[ 179] 7.200: took 9.995 ms
[ 180] 7.240: took 9.828 ms
[ 181] 7.280: took 9.896 ms
[ 182] 7.320: took 9.816 ms
[ 183] 7.360: took 9.902 ms
[ 184] 7.400: took 9.571 ms
[ 185] 7.440: took 9.793 ms
[ 186] 7.480: took 9.839 ms
[ 187] 7.520: took 9.813 ms
[ 188] 7.560: took 9.948 ms
[ 189] 7.600: took 9.885 ms
[ 190] 7.640: took 9.884 ms
[ 191] 7.680: took 9.521 ms
[ 192] 7.720: took 9.888 ms
[ 193] 7.760: took 9.730 ms
[ 194] 7.800: took 9.780 ms
[ 195] 7.840: took 9.963 ms
[ 196] 7.880: took 9.985 ms
[ 197] 7.920: took 9.972 ms
[ 198] 7.960: took 9.715 ms
[ 199] 8.000: took 9.908 ms
[ 200] 8.040: took 9.957 ms
[ 201] 8.080: took 9.918 ms
[ 202] 8.120: took 9.912 ms
[ 203] 8.160: took 9.752 ms
[ 204] 8.200: took 9.973 ms
[ 205] 8.240: took 9.329 ms
[ 206] 8.280: took 9.802 ms
[ 207] 8.320: took 10.031 ms
[ 208] 8.360: took 9.815 ms
[ 209] 8.400: took 9.848 ms
[ 210] 8.440: took 9.869 ms
[ 211] 8.480: took 9.976 ms
[ 212] 8.520: took 9.741 ms
[ 213] 8.560: took 9.910 ms
[ 214] 8.600: took 9.833 ms
[ 215] 8.640: took 10.014 ms
[ 216] 8.680: took 9.766 ms
[ 217] 8.720: took 9.984 ms
[ 218] 8.760: took 9.996 ms
[ 219] 8.800: took 9.778 ms
[ 220] 8.840: took 9.808 ms
[ 221] 8.880: took 9.895 ms
[ 222] 8.920: took 9.898 ms
[ 223] 8.960: took 9.924 ms
[ 224] 9.000: took 9.865 ms
[ 225] 9.040: took 9.982 ms
[ 226] 9.080: took 9.371 ms
[ 227] 9.120: took 9.960 ms
[ 228] 9.160: took 9.794 ms
[ 229] 9.200: took 9.935 ms
[ 230] 9.240: took 9.811 ms
[ 231] 9.280: took 9.891 ms
[ 232] 9.320: took 9.808 ms
[ 233] 9.360: took 9.792 ms
[ 234] 9.400: took 9.814 ms
[ 235] 9.440: took 10.023 ms
[ 236] 9.480: took 9.703 ms
[ 237] 9.520: took 9.756 ms
[ 238] 9.560: took 9.780 ms
[ 239] 9.600: took 9.945 ms
[ 240] 9.640: took 9.922 ms
[ 241] 9.680: took 9.871 ms
[ 242] 9.720: took 9.809 ms
[ 243] 9.760: took 9.814 ms
[ 244] 9.800: took 9.827 ms
[ 245] 9.840: took 9.838 ms
[ 246] 9.880: took 9.951 ms
[ 247] 9.920: took 9.572 ms
[ 248] 9.960: took 9.895 ms
[ 249] 10.000: took 9.904 ms
[ 250] 10.040: took 9.883 ms
[ 251] 10.080: took 9.831 ms
[ 252] 10.120: took 9.789 ms
[ 253] 10.160: took 9.833 ms
[ 254] 10.200: took 9.442 ms
[ 255] 10.240: took 9.980 ms
[ 256] 10.280: took 9.886 ms
[ 257] 10.320: took 9.775 ms
[ 258] 10.360: took 9.817 ms
[ 259] 10.400: took 9.852 ms
[ 260] 10.440: took 9.930 ms
[ 261] 10.480: took 9.350 ms
[ 262] 10.520: took 9.962 ms
[ 263] 10.560: took 9.857 ms
[ 264] 10.600: took 10.024 ms
[ 265] 10.640: took 9.830 ms
[ 266] 10.680: took 9.897 ms
[ 267] 10.720: took 9.866 ms
[ 268] 10.760: took 9.981 ms
[ 269] 10.800: took 9.853 ms
[ 270] 10.840: took 9.830 ms
[ 271] 10.880: took 9.872 ms
[ 272] 10.920: took 9.784 ms
[ 273] 10.960: took 9.849 ms
[ 274] 11.000: took 10.039 ms
[ 275] 11.040: took 9.658 ms
[ 276] 11.080: took 9.805 ms
[ 277] 11.120: took 10.026 ms
[ 278] 11.160: took 9.986 ms
[ 279] 11.200: took 9.878 ms
[ 280] 11.240: took 9.818 ms
[ 281] 11.280: took 9.981 ms
[ 282] 11.320: took 9.789 ms
[ 283] 11.360: took 9.943 ms
[ 284] 11.400: took 9.871 ms
[ 285] 11.440: took 9.963 ms
[ 286] 11.480: took 9.848 ms
[ 287] 11.520: took 9.975 ms
[ 288] 11.560: took 9.971 ms
[ 289] 11.600: took 9.767 ms
[ 290] 11.640: took 9.879 ms
[ 291] 11.680: took 9.873 ms
[ 292] 11.720: took 9.971 ms
[ 293] 11.760: took 9.964 ms
[ 294] 11.800: took 9.843 ms
[ 295] 11.840: took 9.882 ms
[ 296] 11.880: took 9.306 ms
[ 297] 11.920: took 9.688 ms
[ 298] 11.960: took 9.909 ms
[ 299] 12.000: took 9.791 ms
[ 300] 12.040: took 9.669 ms
[ 301] 12.080: took 9.827 ms
[ 302] 12.120: took 9.971 ms
[ 303] 12.160: took 9.653 ms
[ 304] 12.200: took 9.828 ms
[ 305] 12.240: took 9.863 ms
[ 306] 12.280: took 9.943 ms
[ 307] 12.320: took 9.871 ms
[ 308] 12.360: took 9.975 ms
[ 309] 12.400: took 9.941 ms
[ 310] 12.440: took 9.887 ms
[ 311] 12.480: took 9.896 ms
[ 312] 12.520: took 9.863 ms
[ 313] 12.560: took 10.015 ms
[ 314] 12.600: took 9.724 ms
[ 315] 12.640: took 9.997 ms
[ 316] 12.680: took 10.029 ms
[ 317] 12.720: took 10.075 ms
[ 318] 12.760: took 9.808 ms
[ 319] 12.800: took 9.796 ms
[ 320] 12.840: took 10.049 ms
[ 321] 12.880: took 9.842 ms
[ 322] 12.920: took 9.847 ms
[ 323] 12.960: took 9.893 ms
[ 324] 13.000: took 10.085 ms
[ 325] 13.040: took 9.856 ms
[ 326] 13.080: took 9.845 ms
[ 327] 13.120: took 9.937 ms
[ 328] 13.160: took 9.876 ms
[ 329] 13.200: took 9.863 ms
[ 330] 13.240: took 9.739 ms
[ 331] 13.280: took 10.191 ms
[ 332] 13.320: took 9.941 ms
[ 333] 13.360: took 9.855 ms
[ 334] 13.400: took 9.930 ms
[ 335] 13.440: took 9.935 ms
[ 336] 13.480: took 9.976 ms
[ 337] 13.520: took 9.884 ms
[ 338] 13.560: took 10.119 ms
[ 339] 13.600: took 9.930 ms
[ 340] 13.640: took 9.942 ms
[ 341] 13.680: took 9.853 ms
[ 342] 13.720: took 9.892 ms
[ 343] 13.760: took 9.929 ms
[ 344] 13.800: took 9.939 ms
[ 345] 13.840: took 9.945 ms
[ 346] 13.880: took 9.991 ms
[ 347] 13.920: took 9.965 ms
[ 348] 13.960: took 9.737 ms
[ 349] 14.000: took 9.896 ms
[ 350] 14.040: took 9.740 ms
[ 351] 14.080: took 9.807 ms
[ 352] 14.120: took 9.884 ms
[ 353] 14.160: took 9.892 ms
[ 354] 14.200: took 9.920 ms
[ 355] 14.240: took 9.972 ms
[ 356] 14.280: took 9.979 ms
[ 357] 14.320: took 9.872 ms
[ 358] 14.360: took 9.880 ms
[ 359] 14.400: took 10.007 ms
[ 360] 14.440: took 10.031 ms
[ 361] 14.480: took 9.851 ms
[ 362] 14.520: took 10.040 ms
[ 363] 14.560: took 9.868 ms
[ 364] 14.600: took 9.904 ms
[ 365] 14.640: took 9.806 ms
[ 366] 14.680: took 9.854 ms
[ 367] 14.720: took 9.990 ms
[ 368] 14.760: took 10.328 ms
[ 369] 14.800: took 9.800 ms
[ 370] 14.840: took 9.812 ms
[ 371] 14.880: took 9.753 ms
[ 372] 14.920: took 9.932 ms
[ 373] 14.960: took 10.119 ms
[ 374] 15.000: took 10.023 ms
[ 375] 15.040: took 9.797 ms
[ 376] 15.080: took 9.916 ms
[ 377] 15.120: took 9.890 ms
[ 378] 15.160: took 9.814 ms
[ 379] 15.200: took 9.864 ms
[ 380] 15.240: took 9.925 ms
[ 381] 15.280: took 10.025 ms
[ 382] 15.320: took 9.921 ms
[ 383] 15.360: took 9.882 ms
[ 384] 15.400: took 9.840 ms
[ 385] 15.440: took 9.977 ms
[ 386] 15.480: took 9.747 ms
[ 387] 15.520: took 9.869 ms
[ 388] 15.560: took 10.037 ms
[ 389] 15.600: took 9.811 ms
[ 390] 15.640: took 9.906 ms
[ 391] 15.680: took 9.753 ms
[ 392] 15.720: took 9.911 ms
[ 393] 15.760: took 9.851 ms
[ 394] 15.800: took 9.947 ms
[ 395] 15.840: took 10.069 ms
[ 396] 15.880: took 9.794 ms
[ 397] 15.920: took 9.867 ms
[ 398] 15.960: took 9.898 ms
[ 399] 16.000: took 9.772 ms
[ 400] 16.040: took 9.962 ms
[ 401] 16.080: took 10.159 ms
[ 402] 16.120: took 9.755 ms
[ 403] 16.160: took 9.852 ms
[ 404] 16.200: took 9.763 ms
[ 405] 16.240: took 9.807 ms
[ 406] 16.280: took 9.835 ms
[ 407] 16.320: took 9.864 ms
[ 408] 16.360: took 9.838 ms
[ 409] 16.400: took 9.687 ms
[ 410] 16.440: took 9.957 ms
[ 411] 16.480: took 9.916 ms
[ 412] 16.520: took 9.961 ms
[ 413] 16.560: took 9.952 ms
[ 414] 16.600: took 9.901 ms
[ 415] 16.640: took 10.020 ms
[ 416] 16.680: took 9.865 ms
[ 417] 16.720: took 9.915 ms
[ 418] 16.760: took 9.922 ms
[ 419] 16.800: took 10.202 ms
[ 420] 16.840: took 9.916 ms
[ 421] 16.880: took 9.877 ms
[ 422] 16.920: took 10.107 ms
[ 423] 16.960: took 9.731 ms
[ 424] 17.000: took 9.929 ms
[ 425] 17.040: took 9.902 ms
[ 426] 17.080: took 9.978 ms
[ 427] 17.120: took 9.871 ms
[ 428] 17.160: took 10.204 ms
[ 429] 17.200: took 10.087 ms
[ 430] 17.240: took 9.506 ms
[ 431] 17.280: took 9.957 ms
[ 432] 17.320: took 9.821 ms
[ 433] 17.360: took 9.880 ms
[ 434] 17.400: took 9.835 ms
[ 435] 17.440: took 9.847 ms
[ 436] 17.480: took 9.969 ms
[ 437] 17.520: took 9.321 ms
[ 438] 17.560: took 9.881 ms
[ 439] 17.600: took 9.973 ms
[ 440] 17.640: took 9.809 ms
[ 441] 17.680: took 9.879 ms
[ 442] 17.720: took 10.110 ms
[ 443] 17.760: took 10.157 ms
[ 444] 17.800: took 9.370 ms
[ 445] 17.840: took 10.022 ms
[ 446] 17.880: took 10.016 ms
[ 447] 17.920: took 9.931 ms
[ 448] 17.960: took 9.849 ms
[ 449] 18.000: took 9.977 ms
[ 450] 18.040: took 9.839 ms
[ 451] 18.080: took 9.888 ms
[ 452] 18.120: took 9.821 ms
[ 453] 18.160: took 9.889 ms
[ 454] 18.200: took 9.853 ms
[ 455] 18.240: took 9.844 ms
[ 456] 18.280: took 9.941 ms
[ 457] 18.320: took 10.122 ms
[ 458] 18.360: took 9.777 ms
[ 459] 18.400: took 9.931 ms
[ 460] 18.440: took 9.854 ms
[ 461] 18.480: took 9.990 ms
[ 462] 18.520: took 9.763 ms
[ 463] 18.560: took 9.885 ms
[ 464] 18.600: took 9.983 ms
[ 465] 18.640: took 9.450 ms
[ 466] 18.680: took 9.824 ms
[ 467] 18.720: took 9.911 ms
[ 468] 18.760: took 9.883 ms
[ 469] 18.800: took 9.748 ms
[ 470] 18.840: took 9.898 ms
[ 471] 18.880: took 9.983 ms
[ 472] 18.920: took 10.202 ms
[ 473] 18.960: took 9.835 ms
[ 474] 19.000: took 9.982 ms
[ 475] 19.040: took 9.816 ms
[ 476] 19.080: took 9.925 ms
[ 477] 19.120: took 9.937 ms
[ 478] 19.160: took 9.991 ms
[ 479] 19.200: took 9.815 ms
[ 480] 19.240: took 9.880 ms
[ 481] 19.280: took 9.926 ms
[ 482] 19.320: took 9.930 ms
[ 483] 19.360: took 10.003 ms
[ 484] 19.400: took 9.839 ms
[ 485] 19.440: took 9.889 ms
[ 486] 19.480: took 9.997 ms
[ 487] 19.520: took 9.827 ms
[ 488] 19.560: took 9.930 ms
[ 489] 19.600: took 9.844 ms
[ 490] 19.640: took 9.928 ms
[ 491] 19.680: took 9.874 ms
[ 492] 19.720: took 10.073 ms
[ 493] 19.760: took 9.763 ms
[ 494] 19.800: took 9.795 ms
[ 495] 19.840: took 9.860 ms
[ 496] 19.880: took 9.890 ms
[ 497] 19.920: took 9.881 ms
[ 498] 19.960: took 9.928 ms
[ 499] 20.000: took 9.966 ms
[ 500] 20.040: took 9.895 ms
[ 501] 20.080: took 9.849 ms
[ 502] 20.120: took 9.851 ms
[ 503] 20.160: took 9.852 ms
[ 504] 20.200: took 9.839 ms
[ 505] 20.240: took 9.847 ms
[ 506] 20.280: took 10.196 ms
[ 507] 20.320: took 9.361 ms
[ 508] 20.360: took 9.845 ms
[ 509] 20.400: took 9.933 ms
[ 510] 20.440: took 9.891 ms
[ 511] 20.480: took 9.851 ms
[ 512] 20.520: took 9.690 ms
[ 513] 20.560: took 9.825 ms
[ 514] 20.600: took 9.703 ms
[ 515] 20.640: took 9.932 ms
[ 516] 20.680: took 9.917 ms
[ 517] 20.720: took 9.821 ms
[ 518] 20.760: took 9.852 ms
[ 519] 20.800: took 9.848 ms
[ 520] 20.840: took 9.994 ms
[ 521] 20.880: took 9.900 ms
[ 522] 20.920: took 9.918 ms
[ 523] 20.960: took 9.915 ms
[ 524] 21.000: took 9.870 ms
[ 525] 21.040: took 9.974 ms
[ 526] 21.080: took 9.902 ms
[ 527] 21.120: took 10.046 ms
[ 528] 21.160: took 9.815 ms
[ 529] 21.200: took 9.803 ms
[ 530] 21.240: took 9.867 ms
[ 531] 21.280: took 9.868 ms
[ 532] 21.320: took 9.834 ms
[ 533] 21.360: took 9.966 ms
[ 534] 21.400: took 9.971 ms
[ 535] 21.440: took 9.782 ms
[ 536] 21.480: took 9.876 ms
[ 537] 21.520: took 9.788 ms
[ 538] 21.560: took 9.961 ms
[ 539] 21.600: took 9.841 ms
[ 540] 21.640: took 9.951 ms
[ 541] 21.680: took 10.003 ms
[ 542] 21.720: took 9.901 ms
[ 543] 21.760: took 9.851 ms
[ 544] 21.800: took 9.864 ms
[ 545] 21.840: took 9.783 ms
[ 546] 21.880: took 9.842 ms
[ 547] 21.920: took 9.849 ms
[ 548] 21.960: took 10.030 ms
[ 549] 22.000: took 9.639 ms
[ 550] 22.040: took 10.077 ms
[ 551] 22.080: took 9.941 ms
[ 552] 22.120: took 9.896 ms
[ 553] 22.160: took 9.804 ms
[ 554] 22.200: took 9.881 ms
[ 555] 22.240: took 10.100 ms
[ 556] 22.280: took 9.345 ms
[ 557] 22.320: took 9.879 ms
[ 558] 22.360: took 9.885 ms
[ 559] 22.400: took 10.090 ms
[ 560] 22.440: took 9.741 ms
[ 561] 22.480: took 9.908 ms
[ 562] 22.520: took 9.964 ms
[ 563] 22.560: took 9.450 ms
[ 564] 22.600: took 9.890 ms
[ 565] 22.640: took 9.882 ms
[ 566] 22.680: took 9.842 ms
[ 567] 22.720: took 9.702 ms
[ 568] 22.760: took 9.772 ms
[ 569] 22.800: took 9.898 ms
[ 570] 22.840: took 9.950 ms
[ 571] 22.880: took 9.811 ms
[ 572] 22.920: took 9.862 ms
[ 573] 22.960: took 9.891 ms
[ 574] 23.000: took 9.744 ms
[ 575] 23.040: took 9.885 ms
[ 576] 23.080: took 10.134 ms
[ 577] 23.120: took 9.967 ms
[ 578] 23.160: took 9.874 ms
[ 579] 23.200: took 9.817 ms
[ 580] 23.240: took 9.882 ms
[ 581] 23.280: took 9.721 ms
[ 582] 23.320: took 9.921 ms
[ 583] 23.360: took 9.927 ms
[ 584] 23.400: took 9.621 ms
[ 585] 23.440: took 9.991 ms
[ 586] 23.480: took 9.908 ms
[ 587] 23.520: took 9.984 ms
[ 588] 23.560: took 9.837 ms
[ 589] 23.600: took 9.769 ms
[ 590] 23.640: took 10.032 ms
[ 591] 23.680: took 9.896 ms
[ 592] 23.720: took 10.030 ms
[ 593] 23.760: took 10.035 ms
[ 594] 23.800: took 10.011 ms
[ 595] 23.840: took 10.062 ms
[ 596] 23.880: took 9.937 ms
[ 597] 23.920: took 9.955 ms
[ 598] 23.960: took 10.064 ms
[ 599] 24.000: took 9.773 ms
[ 600] 24.040: took 9.896 ms
[ 601] 24.080: took 9.826 ms
[ 602] 24.120: took 9.882 ms
[ 603] 24.160: took 9.785 ms
[ 604] 24.200: took 9.922 ms
[ 605] 24.240: took 9.436 ms
[ 606] 24.280: took 9.857 ms
[ 607] 24.320: took 9.889 ms
[ 608] 24.360: took 9.800 ms
[ 609] 24.400: took 9.779 ms
[ 610] 24.440: took 9.918 ms
[ 611] 24.480: took 9.919 ms
[ 612] 24.520: took 9.975 ms
[ 613] 24.560: took 9.866 ms
[ 614] 24.600: took 9.758 ms
[ 615] 24.640: took 9.892 ms
[ 616] 24.680: took 9.797 ms
[ 617] 24.720: took 9.854 ms
[ 618] 24.760: took 9.942 ms
[ 619] 24.800: took 9.644 ms
[ 620] 24.840: took 10.133 ms
[ 621] 24.880: took 9.797 ms
[ 622] 24.920: took 9.869 ms
[ 623] 24.960: took 9.865 ms
[ 624] 25.000: took 9.812 ms
[ 625] 25.040: took 9.977 ms
[ 626] 25.080: took 9.489 ms
[ 627] 25.120: took 9.866 ms
[ 628] 25.160: took 9.887 ms
[ 629] 25.200: took 10.027 ms
[ 630] 25.240: took 9.814 ms
[ 631] 25.280: took 9.812 ms
[ 632] 25.320: took 9.972 ms
[ 633] 25.360: took 9.797 ms
[ 634] 25.400: took 9.853 ms
[ 635] 25.440: took 9.857 ms
[ 636] 25.480: took 9.859 ms
[ 637] 25.520: took 9.858 ms
[ 638] 25.560: took 9.781 ms
[ 639] 25.600: took 10.004 ms
[ 640] 25.640: took 9.283 ms
[ 641] 25.680: took 9.907 ms
[ 642] 25.720: took 9.750 ms
[ 643] 25.760: took 9.931 ms
[ 644] 25.800: took 9.826 ms
[ 645] 25.840: took 9.807 ms
[ 646] 25.880: took 9.780 ms
[ 647] 25.920: took 9.740 ms
[ 648] 25.960: took 9.854 ms
[ 649] 26.000: took 9.899 ms
[ 650] 26.040: took 9.994 ms
[ 651] 26.080: took 9.976 ms
[ 652] 26.120: took 9.894 ms
[ 653] 26.160: took 9.954 ms
[ 654] 26.200: took 9.322 ms
[ 655] 26.240: took 9.973 ms
[ 656] 26.280: took 9.755 ms
[ 657] 26.320: took 9.885 ms
[ 658] 26.360: took 9.918 ms
[ 659] 26.400: took 9.904 ms
[ 660] 26.440: took 9.932 ms
[ 661] 26.480: took 10.000 ms
[ 662] 26.520: took 9.897 ms
[ 663] 26.560: took 9.717 ms
[ 664] 26.600: took 9.811 ms
[ 665] 26.640: took 9.960 ms
[ 666] 26.680: took 9.811 ms
[ 667] 26.720: took 10.131 ms
[ 668] 26.760: took 10.106 ms
[ 669] 26.800: took 9.897 ms
[ 670] 26.840: took 9.861 ms
[ 671] 26.880: took 9.924 ms
[ 672] 26.920: took 9.954 ms
[ 673] 26.960: took 9.939 ms
[ 674] 27.000: took 10.179 ms
[ 675] 27.040: took 9.785 ms
[ 676] 27.080: took 10.114 ms
[ 677] 27.120: took 9.948 ms
[ 678] 27.160: took 9.780 ms
[ 679] 27.200: took 9.754 ms
[ 680] 27.240: took 9.918 ms
[ 681] 27.280: took 10.029 ms
[ 682] 27.320: took 9.636 ms
[ 683] 27.360: took 9.850 ms
[ 684] 27.400: took 9.900 ms
[ 685] 27.440: took 9.780 ms
[ 686] 27.480: took 9.837 ms
[ 687] 27.520: took 9.746 ms
[ 688] 27.560: took 9.950 ms
[ 689] 27.600: took 10.069 ms
[ 690] 27.640: took 9.794 ms
[ 691] 27.680: took 9.951 ms
[ 692] 27.720: took 9.814 ms
[ 693] 27.760: took 9.773 ms
[ 694] 27.800: took 9.904 ms
[ 695] 27.840: took 9.963 ms
[ 696] 27.880: took 9.360 ms
[ 697] 27.920: took 9.950 ms
[ 698] 27.960: took 9.821 ms
[ 699] 28.000: took 9.856 ms
[ 700] 28.040: took 9.771 ms
[ 701] 28.080: took 9.791 ms
[ 702] 28.120: took 9.834 ms
[ 703] 28.160: took 9.662 ms
[ 704] 28.200: took 9.834 ms
[ 705] 28.240: took 9.951 ms
[ 706] 28.280: took 9.895 ms
[ 707] 28.320: took 9.928 ms
[ 708] 28.360: took 10.042 ms
[ 709] 28.400: took 10.020 ms
[ 710] 28.440: took 9.603 ms
[ 711] 28.480: took 9.819 ms
[ 712] 28.520: took 9.976 ms
[ 713] 28.560: took 9.815 ms
[ 714] 28.600: took 9.857 ms
[ 715] 28.640: took 9.823 ms
[ 716] 28.680: took 9.970 ms
[ 717] 28.720: took 9.960 ms
[ 718] 28.760: took 9.789 ms
[ 719] 28.800: took 9.867 ms
[ 720] 28.840: took 9.933 ms
[ 721] 28.880: took 9.788 ms
[ 722] 28.920: took 9.881 ms
[ 723] 28.960: took 9.942 ms
[ 724] 29.000: took 9.214 ms
[ 725] 29.040: took 10.041 ms
[ 726] 29.080: took 9.793 ms
[ 727] 29.120: took 9.781 ms
[ 728] 29.160: took 9.937 ms
[ 729] 29.200: took 9.787 ms
[ 730] 29.240: took 10.112 ms
[ 731] 29.280: took 9.609 ms
[ 732] 29.320: took 9.971 ms
[ 733] 29.360: took 9.810 ms
[ 734] 29.400: took 10.074 ms
[ 735] 29.440: took 9.856 ms
[ 736] 29.480: took 9.839 ms
[ 737] 29.520: took 9.959 ms
[ 738] 29.560: took 9.492 ms
[ 739] 29.600: took 9.756 ms
[ 740] 29.640: took 9.853 ms
[ 741] 29.680: took 9.754 ms
[ 742] 29.720: took 9.855 ms
[ 743] 29.760: took 9.964 ms
[ 744] 29.800: took 10.028 ms
[ 745] 29.840: took 9.537 ms
[ 746] 29.880: took 9.879 ms
[ 747] 29.920: took 9.894 ms
[ 748] 29.960: took 9.753 ms
[ 749] 30.000: took 9.844 ms
[ 750] 30.040: took 9.961 ms
[ 751] 30.080: took 9.853 ms
[ 752] 30.120: took 9.785 ms
[ 753] 30.160: took 9.908 ms
[ 754] 30.200: took 9.848 ms
[ 755] 30.240: took 9.795 ms
[ 756] 30.280: took 9.800 ms
[ 757] 30.320: took 9.829 ms
[ 758] 30.360: took 9.932 ms
[ 759] 30.400: took 9.616 ms
[ 760] 30.440: took 9.739 ms
[ 761] 30.480: took 9.875 ms
[ 762] 30.520: took 9.847 ms
[ 763] 30.560: took 9.854 ms
[ 764] 30.600: took 9.918 ms
[ 765] 30.640: took 10.022 ms
[ 766] 30.680: took 9.661 ms
[ 767] 30.720: took 9.801 ms
[ 768] 30.760: took 9.938 ms
[ 769] 30.800: took 9.964 ms
[ 770] 30.840: took 9.982 ms
[ 771] 30.880: took 9.939 ms
[ 772] 30.920: took 10.033 ms
[ 773] 30.960: took 9.591 ms
[ 774] 31.000: took 9.955 ms
[ 775] 31.040: took 9.964 ms
[ 776] 31.080: took 9.905 ms
[ 777] 31.120: took 9.899 ms
[ 778] 31.160: took 10.056 ms
[ 779] 31.200: took 9.933 ms
[ 780] 31.240: took 9.336 ms
[ 781] 31.280: took 9.815 ms
[ 782] 31.320: took 9.997 ms
[ 783] 31.360: took 9.916 ms
[ 784] 31.400: took 9.893 ms
[ 785] 31.440: took 9.825 ms
[ 786] 31.480: took 9.974 ms
[ 787] 31.520: took 9.818 ms
[ 788] 31.560: took 9.952 ms
[ 789] 31.600: took 9.773 ms
[ 790] 31.640: took 9.996 ms
[ 791] 31.680: took 9.799 ms
[ 792] 31.720: took 9.720 ms
[ 793] 31.760: took 9.940 ms
[ 794] 31.800: took 9.864 ms
[ 795] 31.840: took 9.852 ms
[ 796] 31.880: took 9.702 ms
[ 797] 31.920: took 9.933 ms
[ 798] 31.960: took 9.786 ms
[ 799] 32.000: took 9.803 ms
[ 800] 32.040: took 10.013 ms
[ 801] 32.080: took 9.685 ms
[ 802] 32.120: took 9.784 ms
[ 803] 32.160: took 9.882 ms
[ 804] 32.200: took 9.946 ms
[ 805] 32.240: took 9.745 ms
[ 806] 32.280: took 9.975 ms
[ 807] 32.320: took 9.898 ms
[ 808] 32.360: took 9.618 ms
[ 809] 32.400: took 9.851 ms
[ 810] 32.440: took 9.843 ms
[ 811] 32.480: took 9.752 ms
[ 812] 32.520: took 9.846 ms
[ 813] 32.560: took 9.844 ms
[ 814] 32.600: took 9.851 ms
[ 815] 32.640: took 9.630 ms
[ 816] 32.680: took 9.913 ms
[ 817] 32.720: took 10.001 ms
[ 818] 32.760: took 9.795 ms
[ 819] 32.800: took 9.930 ms
[ 820] 32.840: took 9.705 ms
[ 821] 32.880: took 9.973 ms
[ 822] 32.920: took 9.647 ms
[ 823] 32.960: took 9.837 ms
[ 824] 33.000: took 9.889 ms
[ 825] 33.040: took 9.943 ms
[ 826] 33.080: took 10.096 ms
[ 827] 33.120: took 9.838 ms
[ 828] 33.160: took 10.017 ms
[ 829] 33.200: took 9.197 ms
[ 830] 33.240: took 9.886 ms
[ 831] 33.280: took 9.720 ms
[ 832] 33.320: took 9.926 ms
[ 833] 33.360: took 9.811 ms
[ 834] 33.400: took 10.053 ms
[ 835] 33.440: took 9.991 ms
[ 836] 33.480: took 9.418 ms
[ 837] 33.520: took 9.885 ms
[ 838] 33.560: took 9.880 ms
[ 839] 33.600: took 9.893 ms
[ 840] 33.640: took 9.805 ms
[ 841] 33.680: took 9.857 ms
[ 842] 33.720: took 10.010 ms
[ 843] 33.760: took 9.577 ms
[ 844] 33.800: took 9.775 ms
[ 845] 33.840: took 9.839 ms
[ 846] 33.880: took 9.682 ms
[ 847] 33.920: took 9.802 ms
[ 848] 33.960: took 9.863 ms
[ 849] 34.000: took 10.000 ms
[ 850] 34.040: took 9.577 ms
[ 851] 34.080: took 9.879 ms
[ 852] 34.120: took 9.804 ms
[ 853] 34.160: took 9.751 ms
[ 854] 34.200: took 10.015 ms
[ 855] 34.240: took 9.831 ms
[ 856] 34.280: took 9.859 ms
[ 857] 34.320: took 9.639 ms
[ 858] 34.360: took 9.931 ms
[ 859] 34.400: took 9.770 ms
[ 860] 34.440: took 10.017 ms
[ 861] 34.480: took 9.854 ms
[ 862] 34.520: took 9.788 ms
[ 863] 34.560: took 10.058 ms
[ 864] 34.600: took 9.395 ms
[ 865] 34.640: took 9.916 ms
[ 866] 34.680: took 9.931 ms
[ 867] 34.720: took 9.799 ms
[ 868] 34.760: took 9.857 ms
[ 869] 34.800: took 10.046 ms
[ 870] 34.840: took 9.934 ms
[ 871] 34.880: took 9.402 ms
[ 872] 34.920: took 9.737 ms
[ 873] 34.960: took 9.877 ms
[ 874] 35.000: took 9.941 ms
[ 875] 35.040: took 9.785 ms
[ 876] 35.080: took 9.861 ms
[ 877] 35.120: took 9.924 ms
[ 878] 35.160: took 9.336 ms
[ 879] 35.200: took 9.900 ms
[ 880] 35.240: took 9.905 ms
[ 881] 35.280: took 9.792 ms
[ 882] 35.320: took 9.778 ms
[ 883] 35.360: took 9.814 ms
[ 884] 35.400: took 9.923 ms
[ 885] 35.440: took 9.793 ms
[ 886] 35.480: took 9.804 ms
[ 887] 35.520: took 9.911 ms
[ 888] 35.560: took 9.717 ms
[ 889] 35.600: took 9.852 ms
[ 890] 35.640: took 9.705 ms
[ 891] 35.680: took 9.878 ms
[ 892] 35.720: took 9.773 ms
[ 893] 35.760: took 9.734 ms
[ 894] 35.800: took 9.946 ms
[ 895] 35.840: took 9.865 ms
[ 896] 35.880: took 9.841 ms
[ 897] 35.920: took 9.711 ms
[ 898] 35.960: took 9.917 ms
[ 899] 36.000: took 9.718 ms
[ 900] 36.040: took 9.873 ms
[ 901] 36.080: took 9.833 ms
[ 902] 36.120: took 9.945 ms
[ 903] 36.160: took 9.866 ms
[ 904] 36.200: took 9.844 ms
[ 905] 36.240: took 10.038 ms
[ 906] 36.280: took 9.960 ms
[ 907] 36.320: took 9.789 ms
[ 908] 36.360: took 9.861 ms
[ 909] 36.400: took 9.863 ms
[ 910] 36.440: took 9.777 ms
[ 911] 36.480: took 9.927 ms
[ 912] 36.520: took 9.835 ms
[ 913] 36.560: took 10.105 ms
[ 914] 36.600: took 9.875 ms
[ 915] 36.640: took 10.034 ms
[ 916] 36.680: took 9.815 ms
[ 917] 36.720: took 9.831 ms
[ 918] 36.760: took 9.900 ms
[ 919] 36.800: took 9.841 ms
[ 920] 36.840: took 10.021 ms
[ 921] 36.880: took 9.852 ms
[ 922] 36.920: took 9.841 ms
[ 923] 36.960: took 9.780 ms
[ 924] 37.000: took 9.819 ms
[ 925] 37.040: took 9.902 ms
[ 926] 37.080: took 9.769 ms
[ 927] 37.120: took 10.056 ms
[ 928] 37.160: took 9.850 ms
[ 929] 37.200: took 9.879 ms
[ 930] 37.240: took 10.203 ms
[ 931] 37.280: took 9.783 ms
[ 932] 37.320: took 9.939 ms
[ 933] 37.360: took 9.820 ms
[ 934] 37.400: took 10.045 ms
[ 935] 37.440: took 9.923 ms
[ 936] 37.480: took 9.937 ms
[ 937] 37.520: took 9.780 ms
[ 938] 37.560: took 9.684 ms
[ 939] 37.600: took 9.897 ms
[ 940] 37.640: took 9.978 ms
[ 941] 37.680: took 9.815 ms
[ 942] 37.720: took 10.027 ms
[ 943] 37.760: took 9.803 ms
[ 944] 37.800: took 9.840 ms
[ 945] 37.840: took 9.918 ms
[ 946] 37.880: took 9.839 ms
[ 947] 37.920: took 9.877 ms
[ 948] 37.960: took 9.774 ms
[ 949] 38.000: took 10.028 ms
[ 950] 38.040: took 9.710 ms
[ 951] 38.080: took 9.966 ms
[ 952] 38.120: took 9.789 ms
[ 953] 38.160: took 9.921 ms
[ 954] 38.200: took 9.823 ms
[ 955] 38.240: took 10.047 ms
[ 956] 38.280: took 9.857 ms
[ 957] 38.320: took 9.956 ms
[ 958] 38.360: took 9.846 ms
[ 959] 38.400: took 10.020 ms
[ 960] 38.440: took 9.848 ms
[ 961] 38.480: took 10.009 ms
[ 962] 38.520: took 10.224 ms
[ 963] 38.560: took 9.921 ms
[ 964] 38.600: took 9.798 ms
[ 965] 38.640: took 9.911 ms
[ 966] 38.680: took 9.783 ms
[ 967] 38.720: took 9.623 ms
[ 968] 38.760: took 9.878 ms
[ 969] 38.800: took 10.042 ms
[ 970] 38.840: took 9.570 ms
[ 971] 38.880: took 9.921 ms
[ 972] 38.920: took 9.890 ms
[ 973] 38.960: took 9.923 ms
[ 974] 39.000: took 9.895 ms
[ 975] 39.040: took 9.899 ms
[ 976] 39.080: took 9.948 ms
[ 977] 39.120: took 9.736 ms
[ 978] 39.160: took 9.884 ms
[ 979] 39.200: took 9.836 ms
[ 980] 39.240: took 9.910 ms
[ 981] 39.280: took 9.759 ms
[ 982] 39.320: took 9.757 ms
[ 983] 39.360: took 10.181 ms
[ 984] 39.400: took 9.268 ms
[ 985] 39.440: took 9.897 ms
[ 986] 39.480: took 9.869 ms
[ 987] 39.520: took 9.947 ms
[ 988] 39.560: took 9.915 ms
[ 989] 39.600: took 9.884 ms
[ 990] 39.640: took 10.036 ms
[ 991] 39.680: took 9.548 ms
[ 992] 39.720: took 9.887 ms
[ 993] 39.760: took 9.961 ms
[ 994] 39.800: took 9.991 ms
[ 995] 39.840: took 10.004 ms
[ 996] 39.880: took 9.951 ms
[ 997] 39.920: took 9.971 ms
[ 998] 39.960: took 9.371 ms
[ 999] 40.000: took 9.799 ms
[1000] 40.040: took 9.754 ms
recorded 1000 frames
Finish..
Close the camera.
Close the camera.
