2019-01-15 17:28:16.342075: E tensorflow/stream_executor/cuda/cuda_driver.cc:397] failed call to cuInit: CUDA_ERROR_NO_DEVICE
2019-01-15 17:28:16.342205: I tensorflow/stream_executor/cuda/cuda_diagnostics.cc:145] kernel driver does not appear to be running on this host (tegra-ubuntu): /proc/driver/nvidia/version does not exist
DNN is on
verbose: 1
Initilize NULL camera. (320 x 240)
camera init completed.
Load TF
Load Model
/home/nvidia/ssd/gits/sandbox/deeppicar/models/model-5conv_3fc-ittc_room.ckpt
Done..
[   0] 0.040: took 40.364 ms
[   1] 0.081: took 19.564 ms
[   2] 0.120: took 19.351 ms
[   3] 0.160: took 19.202 ms
[   4] 0.200: took 19.191 ms
[   5] 0.240: took 19.270 ms
[   6] 0.280: took 18.987 ms
[   7] 0.320: took 19.077 ms
[   8] 0.360: took 19.038 ms
[   9] 0.400: took 19.079 ms
[  10] 0.440: took 18.876 ms
[  11] 0.480: took 19.089 ms
[  12] 0.520: took 19.246 ms
[  13] 0.560: took 19.041 ms
[  14] 0.600: took 19.215 ms
[  15] 0.640: took 19.094 ms
[  16] 0.680: took 19.000 ms
[  17] 0.720: took 19.139 ms
[  18] 0.760: took 19.072 ms
[  19] 0.800: took 19.393 ms
[  20] 0.840: took 18.818 ms
[  21] 0.880: took 18.989 ms
[  22] 0.920: took 19.152 ms
[  23] 0.960: took 19.052 ms
[  24] 1.000: took 18.992 ms
[  25] 1.040: took 19.078 ms
[  26] 1.080: took 18.989 ms
[  27] 1.120: took 19.274 ms
[  28] 1.160: took 18.953 ms
[  29] 1.200: took 18.884 ms
[  30] 1.240: took 19.073 ms
[  31] 1.280: took 19.151 ms
[  32] 1.320: took 19.009 ms
[  33] 1.360: took 19.215 ms
[  34] 1.400: took 18.963 ms
[  35] 1.440: took 18.959 ms
[  36] 1.480: took 19.166 ms
[  37] 1.520: took 19.085 ms
[  38] 1.560: took 18.919 ms
[  39] 1.600: took 19.153 ms
[  40] 1.640: took 18.813 ms
[  41] 1.680: took 19.158 ms
[  42] 1.720: took 19.094 ms
[  43] 1.760: took 19.155 ms
[  44] 1.800: took 19.073 ms
[  45] 1.840: took 19.014 ms
[  46] 1.880: took 19.110 ms
[  47] 1.920: took 19.253 ms
[  48] 1.960: took 18.949 ms
[  49] 2.000: took 19.052 ms
[  50] 2.040: took 19.091 ms
[  51] 2.080: took 19.314 ms
[  52] 2.120: took 18.890 ms
[  53] 2.160: took 18.990 ms
[  54] 2.200: took 19.115 ms
[  55] 2.240: took 19.024 ms
[  56] 2.280: took 19.000 ms
[  57] 2.320: took 19.249 ms
[  58] 2.360: took 19.203 ms
[  59] 2.400: took 19.185 ms
[  60] 2.440: took 18.986 ms
[  61] 2.480: took 18.950 ms
[  62] 2.520: took 19.087 ms
[  63] 2.560: took 19.058 ms
[  64] 2.600: took 18.684 ms
[  65] 2.640: took 19.155 ms
[  66] 2.680: took 18.914 ms
[  67] 2.720: took 19.885 ms
[  68] 2.760: took 18.939 ms
[  69] 2.800: took 19.176 ms
[  70] 2.840: took 19.105 ms
[  71] 2.880: took 18.933 ms
[  72] 2.920: took 18.931 ms
[  73] 2.960: took 19.516 ms
[  74] 3.000: took 19.053 ms
[  75] 3.040: took 19.274 ms
[  76] 3.080: took 18.863 ms
[  77] 3.120: took 19.255 ms
[  78] 3.160: took 18.895 ms
[  79] 3.200: took 19.103 ms
[  80] 3.240: took 18.936 ms
[  81] 3.280: took 19.269 ms
[  82] 3.320: took 19.136 ms
[  83] 3.360: took 18.976 ms
[  84] 3.400: took 18.925 ms
[  85] 3.440: took 19.106 ms
[  86] 3.480: took 18.912 ms
[  87] 3.520: took 19.329 ms
[  88] 3.560: took 18.849 ms
[  89] 3.600: took 19.030 ms
[  90] 3.640: took 19.234 ms
[  91] 3.680: took 19.188 ms
[  92] 3.720: took 19.101 ms
[  93] 3.760: took 19.207 ms
[  94] 3.800: took 18.831 ms
[  95] 3.840: took 19.050 ms
[  96] 3.880: took 18.926 ms
[  97] 3.920: took 19.058 ms
[  98] 3.960: took 18.916 ms
[  99] 4.000: took 19.217 ms
[ 100] 4.040: took 19.122 ms
[ 101] 4.080: took 19.256 ms
[ 102] 4.120: took 19.104 ms
[ 103] 4.160: took 19.087 ms
[ 104] 4.200: took 19.010 ms
[ 105] 4.240: took 19.263 ms
[ 106] 4.280: took 18.770 ms
[ 107] 4.320: took 19.221 ms
[ 108] 4.360: took 18.979 ms
[ 109] 4.400: took 18.932 ms
[ 110] 4.440: took 19.172 ms
[ 111] 4.480: took 19.377 ms
[ 112] 4.520: took 18.865 ms
[ 113] 4.560: took 19.128 ms
[ 114] 4.600: took 18.777 ms
[ 115] 4.640: took 18.991 ms
[ 116] 4.680: took 19.552 ms
[ 117] 4.720: took 19.281 ms
[ 118] 4.760: took 19.231 ms
[ 119] 4.800: took 19.342 ms
[ 120] 4.840: took 19.143 ms
[ 121] 4.880: took 19.171 ms
[ 122] 4.920: took 19.135 ms
[ 123] 4.960: took 19.178 ms
[ 124] 5.000: took 19.111 ms
[ 125] 5.040: took 19.136 ms
[ 126] 5.080: took 19.206 ms
[ 127] 5.120: took 18.772 ms
[ 128] 5.160: took 19.103 ms
[ 129] 5.200: took 19.103 ms
[ 130] 5.240: took 19.139 ms
[ 131] 5.280: took 19.015 ms
[ 132] 5.320: took 19.022 ms
[ 133] 5.360: took 19.002 ms
[ 134] 5.400: took 19.287 ms
[ 135] 5.440: took 19.144 ms
[ 136] 5.480: took 19.014 ms
[ 137] 5.520: took 19.089 ms
[ 138] 5.560: took 18.905 ms
[ 139] 5.600: took 19.176 ms
[ 140] 5.640: took 19.045 ms
[ 141] 5.680: took 19.279 ms
[ 142] 5.720: took 19.065 ms
[ 143] 5.760: took 19.100 ms
[ 144] 5.800: took 18.877 ms
[ 145] 5.840: took 19.100 ms
[ 146] 5.880: took 19.008 ms
[ 147] 5.920: took 19.183 ms
[ 148] 5.960: took 19.130 ms
[ 149] 6.000: took 18.976 ms
[ 150] 6.040: took 18.998 ms
[ 151] 6.080: took 19.154 ms
[ 152] 6.120: took 18.985 ms
[ 153] 6.160: took 19.287 ms
[ 154] 6.200: took 18.927 ms
[ 155] 6.240: took 19.116 ms
[ 156] 6.280: took 19.138 ms
[ 157] 6.320: took 19.117 ms
[ 158] 6.360: took 18.920 ms
[ 159] 6.400: took 19.064 ms
[ 160] 6.440: took 18.977 ms
[ 161] 6.480: took 19.242 ms
[ 162] 6.520: took 19.977 ms
[ 163] 6.560: took 19.160 ms
[ 164] 6.600: took 18.901 ms
[ 165] 6.640: took 19.182 ms
[ 166] 6.680: took 19.034 ms
[ 167] 6.720: took 19.308 ms
[ 168] 6.760: took 18.543 ms
[ 169] 6.800: took 19.084 ms
[ 170] 6.840: took 19.448 ms
[ 171] 6.880: took 19.190 ms
[ 172] 6.920: took 19.129 ms
[ 173] 6.960: took 19.049 ms
[ 174] 7.000: took 18.961 ms
[ 175] 7.040: took 19.023 ms
[ 176] 7.080: took 18.918 ms
[ 177] 7.120: took 19.013 ms
[ 178] 7.160: took 19.206 ms
[ 179] 7.200: took 18.956 ms
[ 180] 7.240: took 19.059 ms
[ 181] 7.280: took 19.074 ms
[ 182] 7.320: took 19.004 ms
[ 183] 7.360: took 19.079 ms
[ 184] 7.400: took 18.935 ms
[ 185] 7.440: took 18.782 ms
[ 186] 7.480: took 19.021 ms
[ 187] 7.520: took 19.135 ms
[ 188] 7.560: took 18.934 ms
[ 189] 7.600: took 19.076 ms
[ 190] 7.640: took 19.077 ms
[ 191] 7.680: took 19.154 ms
[ 192] 7.720: took 18.931 ms
[ 193] 7.760: took 19.081 ms
[ 194] 7.800: took 19.651 ms
[ 195] 7.840: took 19.189 ms
[ 196] 7.880: took 19.062 ms
[ 197] 7.920: took 19.360 ms
[ 198] 7.960: took 19.045 ms
[ 199] 8.000: took 19.143 ms
[ 200] 8.040: took 18.968 ms
[ 201] 8.080: took 19.311 ms
[ 202] 8.120: took 19.074 ms
[ 203] 8.160: took 19.020 ms
[ 204] 8.200: took 19.004 ms
[ 205] 8.240: took 19.279 ms
[ 206] 8.280: took 19.108 ms
[ 207] 8.320: took 19.304 ms
[ 208] 8.360: took 19.308 ms
[ 209] 8.400: took 19.093 ms
[ 210] 8.440: took 18.825 ms
[ 211] 8.480: took 18.946 ms
[ 212] 8.520: took 19.151 ms
[ 213] 8.560: took 19.123 ms
[ 214] 8.600: took 18.928 ms
[ 215] 8.640: took 19.037 ms
[ 216] 8.680: took 18.921 ms
[ 217] 8.720: took 19.115 ms
[ 218] 8.760: took 18.923 ms
[ 219] 8.800: took 19.247 ms
[ 220] 8.840: took 19.068 ms
[ 221] 8.880: took 19.117 ms
[ 222] 8.920: took 18.979 ms
[ 223] 8.960: took 19.349 ms
[ 224] 9.000: took 19.063 ms
[ 225] 9.040: took 19.273 ms
[ 226] 9.080: took 18.907 ms
[ 227] 9.120: took 19.074 ms
[ 228] 9.160: took 19.088 ms
[ 229] 9.200: took 19.132 ms
[ 230] 9.240: took 19.034 ms
[ 231] 9.280: took 19.304 ms
[ 232] 9.320: took 18.945 ms
[ 233] 9.360: took 19.297 ms
[ 234] 9.400: took 19.133 ms
[ 235] 9.440: took 19.071 ms
[ 236] 9.480: took 18.990 ms
[ 237] 9.520: took 18.913 ms
[ 238] 9.560: took 18.917 ms
[ 239] 9.600: took 19.000 ms
[ 240] 9.640: took 19.602 ms
[ 241] 9.680: took 19.199 ms
[ 242] 9.720: took 19.299 ms
[ 243] 9.760: took 19.269 ms
[ 244] 9.800: took 19.151 ms
[ 245] 9.840: took 19.103 ms
[ 246] 9.880: took 19.065 ms
[ 247] 9.920: took 19.239 ms
[ 248] 9.960: took 18.868 ms
[ 249] 10.000: took 18.851 ms
[ 250] 10.040: took 18.893 ms
[ 251] 10.080: took 19.268 ms
[ 252] 10.120: took 18.848 ms
[ 253] 10.160: took 19.042 ms
[ 254] 10.200: took 18.923 ms
[ 255] 10.240: took 19.324 ms
[ 256] 10.280: took 19.076 ms
[ 257] 10.320: took 19.306 ms
[ 258] 10.360: took 19.041 ms
[ 259] 10.400: took 19.205 ms
[ 260] 10.440: took 19.040 ms
[ 261] 10.480: took 19.013 ms
[ 262] 10.520: took 19.149 ms
[ 263] 10.560: took 19.137 ms
[ 264] 10.600: took 19.068 ms
[ 265] 10.640: took 19.148 ms
[ 266] 10.680: took 19.428 ms
[ 267] 10.720: took 19.078 ms
[ 268] 10.760: took 18.995 ms
[ 269] 10.800: took 19.303 ms
[ 270] 10.840: took 18.878 ms
[ 271] 10.880: took 19.176 ms
[ 272] 10.920: took 19.014 ms
[ 273] 10.960: took 19.093 ms
[ 274] 11.000: took 19.107 ms
[ 275] 11.040: took 18.833 ms
[ 276] 11.080: took 19.027 ms
[ 277] 11.120: took 19.334 ms
[ 278] 11.160: took 19.149 ms
[ 279] 11.200: took 19.096 ms
[ 280] 11.240: took 19.032 ms
[ 281] 11.280: took 19.307 ms
[ 282] 11.320: took 19.209 ms
[ 283] 11.360: took 19.379 ms
[ 284] 11.400: took 18.904 ms
[ 285] 11.440: took 19.082 ms
[ 286] 11.480: took 18.979 ms
[ 287] 11.520: took 18.932 ms
[ 288] 11.560: took 18.992 ms
[ 289] 11.600: took 19.259 ms
[ 290] 11.640: took 19.000 ms
[ 291] 11.680: took 19.138 ms
[ 292] 11.720: took 19.134 ms
[ 293] 11.760: took 19.088 ms
[ 294] 11.800: took 19.106 ms
[ 295] 11.840: took 19.145 ms
[ 296] 11.880: took 19.184 ms
[ 297] 11.920: took 19.046 ms
[ 298] 11.960: took 18.934 ms
[ 299] 12.000: took 19.138 ms
[ 300] 12.040: took 19.031 ms
[ 301] 12.080: took 18.922 ms
[ 302] 12.120: took 19.005 ms
[ 303] 12.160: took 18.974 ms
[ 304] 12.200: took 19.131 ms
[ 305] 12.240: took 19.000 ms
[ 306] 12.280: took 19.057 ms
[ 307] 12.320: took 19.330 ms
[ 308] 12.360: took 18.937 ms
[ 309] 12.400: took 18.980 ms
[ 310] 12.440: took 18.970 ms
[ 311] 12.480: took 19.126 ms
[ 312] 12.520: took 19.321 ms
[ 313] 12.560: took 19.115 ms
[ 314] 12.600: took 19.162 ms
[ 315] 12.640: took 19.243 ms
[ 316] 12.680: took 18.920 ms
[ 317] 12.720: took 19.131 ms
[ 318] 12.760: took 19.085 ms
[ 319] 12.800: took 19.050 ms
[ 320] 12.840: took 18.869 ms
[ 321] 12.880: took 19.385 ms
[ 322] 12.920: took 19.109 ms
[ 323] 12.960: took 19.042 ms
[ 324] 13.000: took 18.961 ms
[ 325] 13.040: took 19.101 ms
[ 326] 13.080: took 19.209 ms
[ 327] 13.120: took 19.087 ms
[ 328] 13.160: took 18.974 ms
[ 329] 13.200: took 19.155 ms
[ 330] 13.240: took 19.024 ms
[ 331] 13.280: took 19.164 ms
[ 332] 13.320: took 19.003 ms
[ 333] 13.360: took 18.994 ms
[ 334] 13.400: took 19.053 ms
[ 335] 13.440: took 19.410 ms
[ 336] 13.480: took 19.118 ms
[ 337] 13.520: took 19.066 ms
[ 338] 13.560: took 18.958 ms
[ 339] 13.600: took 19.210 ms
[ 340] 13.640: took 18.952 ms
[ 341] 13.680: took 19.067 ms
[ 342] 13.720: took 18.739 ms
[ 343] 13.760: took 19.385 ms
[ 344] 13.800: took 19.149 ms
[ 345] 13.840: took 18.895 ms
[ 346] 13.880: took 19.103 ms
[ 347] 13.920: took 19.113 ms
[ 348] 13.960: took 19.056 ms
[ 349] 14.000: took 18.952 ms
[ 350] 14.040: took 19.097 ms
[ 351] 14.080: took 19.259 ms
[ 352] 14.120: took 19.009 ms
[ 353] 14.160: took 18.934 ms
[ 354] 14.200: took 18.918 ms
[ 355] 14.240: took 19.139 ms
[ 356] 14.280: took 19.137 ms
[ 357] 14.320: took 19.151 ms
[ 358] 14.360: took 19.190 ms
[ 359] 14.400: took 19.231 ms
[ 360] 14.440: took 19.085 ms
[ 361] 14.480: took 19.336 ms
[ 362] 14.520: took 19.029 ms
[ 363] 14.560: took 19.361 ms
[ 364] 14.600: took 18.979 ms
[ 365] 14.640: took 19.078 ms
[ 366] 14.680: took 18.955 ms
[ 367] 14.720: took 19.055 ms
[ 368] 14.760: took 19.155 ms
[ 369] 14.800: took 18.975 ms
[ 370] 14.840: took 19.073 ms
[ 371] 14.880: took 19.236 ms
[ 372] 14.920: took 19.124 ms
[ 373] 14.960: took 18.984 ms
[ 374] 15.000: took 18.949 ms
[ 375] 15.040: took 19.187 ms
[ 376] 15.080: took 19.152 ms
[ 377] 15.120: took 19.151 ms
[ 378] 15.160: took 18.852 ms
[ 379] 15.200: took 19.069 ms
[ 380] 15.240: took 18.925 ms
[ 381] 15.280: took 19.107 ms
[ 382] 15.320: took 19.031 ms
[ 383] 15.360: took 19.070 ms
[ 384] 15.400: took 18.850 ms
[ 385] 15.440: took 19.268 ms
[ 386] 15.480: took 19.008 ms
[ 387] 15.520: took 19.044 ms
[ 388] 15.560: took 19.194 ms
[ 389] 15.600: took 19.096 ms
[ 390] 15.640: took 18.825 ms
[ 391] 15.680: took 19.145 ms
[ 392] 15.720: took 19.059 ms
[ 393] 15.760: took 19.107 ms
[ 394] 15.800: took 19.202 ms
[ 395] 15.840: took 19.073 ms
[ 396] 15.880: took 18.933 ms
[ 397] 15.920: took 18.939 ms
[ 398] 15.960: took 19.004 ms
[ 399] 16.000: took 19.007 ms
[ 400] 16.040: took 18.885 ms
[ 401] 16.080: took 19.115 ms
[ 402] 16.120: took 19.085 ms
[ 403] 16.160: took 19.581 ms
[ 404] 16.200: took 19.012 ms
[ 405] 16.240: took 19.100 ms
[ 406] 16.280: took 18.981 ms
[ 407] 16.320: took 19.240 ms
[ 408] 16.360: took 18.910 ms
[ 409] 16.400: took 19.114 ms
[ 410] 16.440: took 19.035 ms
[ 411] 16.480: took 19.086 ms
[ 412] 16.520: took 19.117 ms
[ 413] 16.560: took 19.297 ms
[ 414] 16.600: took 18.838 ms
[ 415] 16.640: took 19.179 ms
[ 416] 16.680: took 18.994 ms
[ 417] 16.720: took 19.072 ms
[ 418] 16.760: took 19.082 ms
[ 419] 16.800: took 18.851 ms
[ 420] 16.840: took 19.775 ms
[ 421] 16.880: took 19.109 ms
[ 422] 16.920: took 19.132 ms
[ 423] 16.960: took 19.107 ms
[ 424] 17.000: took 19.257 ms
[ 425] 17.040: took 19.190 ms
[ 426] 17.080: took 19.103 ms
[ 427] 17.120: took 18.962 ms
[ 428] 17.160: took 19.079 ms
[ 429] 17.200: took 19.165 ms
[ 430] 17.240: took 19.048 ms
[ 431] 17.280: took 19.132 ms
[ 432] 17.320: took 19.034 ms
[ 433] 17.360: took 19.258 ms
[ 434] 17.400: took 19.086 ms
[ 435] 17.440: took 19.207 ms
[ 436] 17.480: took 18.873 ms
[ 437] 17.520: took 19.059 ms
[ 438] 17.560: took 18.808 ms
[ 439] 17.600: took 19.099 ms
[ 440] 17.640: took 19.870 ms
[ 441] 17.680: took 19.099 ms
[ 442] 17.720: took 18.926 ms
[ 443] 17.760: took 19.135 ms
[ 444] 17.800: took 18.935 ms
[ 445] 17.840: took 18.985 ms
[ 446] 17.880: took 18.912 ms
[ 447] 17.920: took 19.054 ms
[ 448] 17.960: took 18.909 ms
[ 449] 18.000: took 19.166 ms
[ 450] 18.040: took 18.951 ms
[ 451] 18.080: took 19.252 ms
[ 452] 18.120: took 18.972 ms
[ 453] 18.160: took 18.987 ms
[ 454] 18.200: took 19.290 ms
[ 455] 18.240: took 19.024 ms
[ 456] 18.280: took 19.132 ms
[ 457] 18.320: took 19.108 ms
[ 458] 18.360: took 18.953 ms
[ 459] 18.400: took 18.970 ms
[ 460] 18.440: took 18.846 ms
[ 461] 18.480: took 19.146 ms
[ 462] 18.520: took 18.924 ms
[ 463] 18.560: took 18.901 ms
[ 464] 18.600: took 19.108 ms
[ 465] 18.640: took 19.219 ms
[ 466] 18.680: took 19.568 ms
[ 467] 18.720: took 19.326 ms
[ 468] 18.760: took 18.960 ms
[ 469] 18.800: took 19.070 ms
[ 470] 18.840: took 18.849 ms
[ 471] 18.880: took 19.100 ms
[ 472] 18.920: took 18.564 ms
[ 473] 18.960: took 18.943 ms
[ 474] 19.000: took 19.051 ms
[ 475] 19.040: took 19.194 ms
[ 476] 19.080: took 18.950 ms
[ 477] 19.120: took 19.056 ms
[ 478] 19.160: took 19.180 ms
[ 479] 19.200: took 19.114 ms
[ 480] 19.240: took 18.762 ms
[ 481] 19.280: took 19.344 ms
[ 482] 19.320: took 19.234 ms
[ 483] 19.360: took 19.691 ms
[ 484] 19.400: took 18.963 ms
[ 485] 19.440: took 19.137 ms
[ 486] 19.480: took 18.945 ms
[ 487] 19.520: took 19.092 ms
[ 488] 19.560: took 18.837 ms
[ 489] 19.600: took 18.747 ms
[ 490] 19.640: took 19.003 ms
[ 491] 19.680: took 19.112 ms
[ 492] 19.720: took 18.811 ms
[ 493] 19.760: took 18.993 ms
[ 494] 19.800: took 19.039 ms
[ 495] 19.840: took 19.016 ms
[ 496] 19.880: took 18.917 ms
[ 497] 19.920: took 19.143 ms
[ 498] 19.960: took 18.927 ms
[ 499] 20.000: took 19.387 ms
[ 500] 20.040: took 19.037 ms
[ 501] 20.080: took 19.261 ms
[ 502] 20.120: took 19.086 ms
[ 503] 20.160: took 19.160 ms
[ 504] 20.200: took 19.102 ms
[ 505] 20.240: took 19.133 ms
[ 506] 20.280: took 19.038 ms
[ 507] 20.320: took 19.280 ms
[ 508] 20.360: took 18.986 ms
[ 509] 20.400: took 19.169 ms
[ 510] 20.440: took 18.975 ms
[ 511] 20.480: took 19.135 ms
[ 512] 20.520: took 19.095 ms
[ 513] 20.560: took 19.054 ms
[ 514] 20.600: took 19.096 ms
[ 515] 20.640: took 19.161 ms
[ 516] 20.680: took 19.004 ms
[ 517] 20.720: took 19.119 ms
[ 518] 20.760: took 19.058 ms
[ 519] 20.800: took 19.086 ms
[ 520] 20.840: took 19.203 ms
[ 521] 20.880: took 19.155 ms
[ 522] 20.920: took 19.247 ms
[ 523] 20.960: took 18.960 ms
[ 524] 21.000: took 19.268 ms
[ 525] 21.040: took 19.053 ms
[ 526] 21.080: took 18.927 ms
[ 527] 21.120: took 19.196 ms
[ 528] 21.160: took 19.049 ms
[ 529] 21.200: took 19.039 ms
[ 530] 21.240: took 18.905 ms
[ 531] 21.280: took 19.071 ms
[ 532] 21.320: took 18.861 ms
[ 533] 21.360: took 19.309 ms
[ 534] 21.400: took 19.360 ms
[ 535] 21.440: took 19.179 ms
[ 536] 21.480: took 19.065 ms
[ 537] 21.520: took 19.091 ms
[ 538] 21.560: took 19.075 ms
[ 539] 21.600: took 19.378 ms
[ 540] 21.640: took 19.006 ms
[ 541] 21.680: took 19.114 ms
[ 542] 21.720: took 19.325 ms
[ 543] 21.760: took 19.026 ms
[ 544] 21.800: took 18.938 ms
[ 545] 21.840: took 19.230 ms
[ 546] 21.880: took 19.147 ms
[ 547] 21.920: took 19.160 ms
[ 548] 21.960: took 18.975 ms
[ 549] 22.000: took 19.101 ms
[ 550] 22.040: took 19.551 ms
[ 551] 22.080: took 19.242 ms
[ 552] 22.120: took 19.028 ms
[ 553] 22.160: took 19.083 ms
[ 554] 22.200: took 18.973 ms
[ 555] 22.240: took 19.038 ms
[ 556] 22.280: took 19.063 ms
[ 557] 22.320: took 19.195 ms
[ 558] 22.360: took 18.758 ms
[ 559] 22.400: took 19.166 ms
[ 560] 22.440: took 18.988 ms
[ 561] 22.480: took 19.164 ms
[ 562] 22.520: took 19.199 ms
[ 563] 22.560: took 19.180 ms
[ 564] 22.600: took 18.987 ms
[ 565] 22.640: took 19.282 ms
[ 566] 22.680: took 19.114 ms
[ 567] 22.720: took 19.047 ms
[ 568] 22.760: took 19.082 ms
[ 569] 22.800: took 19.143 ms
[ 570] 22.840: took 19.157 ms
[ 571] 22.880: took 19.215 ms
[ 572] 22.920: took 19.250 ms
[ 573] 22.960: took 19.156 ms
[ 574] 23.000: took 19.134 ms
[ 575] 23.040: took 18.999 ms
[ 576] 23.080: took 18.932 ms
[ 577] 23.120: took 19.080 ms
[ 578] 23.160: took 18.958 ms
[ 579] 23.200: took 19.119 ms
[ 580] 23.240: took 18.860 ms
[ 581] 23.280: took 19.052 ms
[ 582] 23.320: took 19.119 ms
[ 583] 23.360: took 18.908 ms
[ 584] 23.400: took 18.912 ms
[ 585] 23.440: took 19.344 ms
[ 586] 23.480: took 19.084 ms
[ 587] 23.520: took 19.167 ms
[ 588] 23.560: took 19.602 ms
[ 589] 23.600: took 19.222 ms
[ 590] 23.640: took 19.039 ms
[ 591] 23.680: took 19.126 ms
[ 592] 23.720: took 18.963 ms
[ 593] 23.760: took 18.927 ms
[ 594] 23.800: took 19.072 ms
[ 595] 23.840: took 19.083 ms
[ 596] 23.880: took 18.992 ms
[ 597] 23.920: took 19.069 ms
[ 598] 23.960: took 18.884 ms
[ 599] 24.000: took 19.284 ms
[ 600] 24.040: took 19.040 ms
[ 601] 24.080: took 19.234 ms
[ 602] 24.120: took 18.998 ms
[ 603] 24.160: took 19.103 ms
[ 604] 24.200: took 19.222 ms
[ 605] 24.240: took 18.943 ms
[ 606] 24.280: took 18.823 ms
[ 607] 24.320: took 19.156 ms
[ 608] 24.360: took 18.991 ms
[ 609] 24.400: took 18.927 ms
[ 610] 24.440: took 19.060 ms
[ 611] 24.480: took 19.160 ms
[ 612] 24.520: took 19.044 ms
[ 613] 24.560: took 19.166 ms
[ 614] 24.600: took 19.033 ms
[ 615] 24.640: took 19.002 ms
[ 616] 24.680: took 18.899 ms
[ 617] 24.720: took 19.114 ms
[ 618] 24.760: took 19.075 ms
[ 619] 24.800: took 18.986 ms
[ 620] 24.840: took 18.763 ms
[ 621] 24.880: took 19.027 ms
[ 622] 24.920: took 19.074 ms
[ 623] 24.960: took 20.038 ms
[ 624] 25.000: took 19.132 ms
[ 625] 25.040: took 19.276 ms
[ 626] 25.080: took 19.012 ms
[ 627] 25.120: took 19.122 ms
[ 628] 25.160: took 18.885 ms
[ 629] 25.200: took 18.824 ms
[ 630] 25.240: took 18.925 ms
[ 631] 25.280: took 19.080 ms
[ 632] 25.320: took 19.001 ms
[ 633] 25.360: took 18.989 ms
[ 634] 25.400: took 18.950 ms
[ 635] 25.440: took 19.023 ms
[ 636] 25.480: took 19.059 ms
[ 637] 25.520: took 19.211 ms
[ 638] 25.560: took 19.034 ms
[ 639] 25.600: took 19.277 ms
[ 640] 25.640: took 19.150 ms
[ 641] 25.680: took 19.185 ms
[ 642] 25.720: took 19.410 ms
[ 643] 25.760: took 19.043 ms
[ 644] 25.800: took 19.090 ms
[ 645] 25.840: took 19.078 ms
[ 646] 25.880: took 18.697 ms
[ 647] 25.920: took 19.152 ms
[ 648] 25.960: took 19.050 ms
[ 649] 26.000: took 18.795 ms
[ 650] 26.040: took 19.045 ms
[ 651] 26.080: took 19.167 ms
[ 652] 26.120: took 18.895 ms
[ 653] 26.160: took 19.041 ms
[ 654] 26.200: took 18.893 ms
[ 655] 26.240: took 19.465 ms
[ 656] 26.280: took 18.934 ms
[ 657] 26.320: took 19.241 ms
[ 658] 26.360: took 19.081 ms
[ 659] 26.400: took 19.154 ms
[ 660] 26.440: took 18.953 ms
[ 661] 26.480: took 19.034 ms
[ 662] 26.520: took 19.047 ms
[ 663] 26.560: took 18.999 ms
[ 664] 26.600: took 19.087 ms
[ 665] 26.640: took 19.244 ms
[ 666] 26.680: took 19.620 ms
[ 667] 26.720: took 19.119 ms
[ 668] 26.760: took 19.067 ms
[ 669] 26.800: took 19.125 ms
[ 670] 26.840: took 19.072 ms
[ 671] 26.880: took 19.216 ms
[ 672] 26.920: took 18.864 ms
[ 673] 26.960: took 19.266 ms
[ 674] 27.000: took 19.234 ms
[ 675] 27.040: took 18.765 ms
[ 676] 27.080: took 18.974 ms
[ 677] 27.120: took 19.336 ms
[ 678] 27.160: took 18.989 ms
[ 679] 27.200: took 18.985 ms
[ 680] 27.240: took 19.084 ms
[ 681] 27.280: took 19.552 ms
[ 682] 27.320: took 19.143 ms
[ 683] 27.360: took 19.234 ms
[ 684] 27.400: took 19.119 ms
[ 685] 27.440: took 19.027 ms
[ 686] 27.480: took 18.985 ms
[ 687] 27.520: took 19.021 ms
[ 688] 27.560: took 18.946 ms
[ 689] 27.600: took 19.112 ms
[ 690] 27.640: took 19.056 ms
[ 691] 27.680: took 19.336 ms
[ 692] 27.720: took 18.827 ms
[ 693] 27.760: took 19.241 ms
[ 694] 27.800: took 18.983 ms
[ 695] 27.840: took 19.040 ms
[ 696] 27.880: took 19.175 ms
[ 697] 27.920: took 19.004 ms
[ 698] 27.960: took 19.405 ms
[ 699] 28.000: took 19.255 ms
[ 700] 28.040: took 19.164 ms
[ 701] 28.080: took 19.142 ms
[ 702] 28.120: took 18.922 ms
[ 703] 28.160: took 19.242 ms
[ 704] 28.200: took 19.031 ms
[ 705] 28.240: took 19.044 ms
[ 706] 28.280: took 18.944 ms
[ 707] 28.320: took 19.270 ms
[ 708] 28.360: took 19.066 ms
[ 709] 28.400: took 19.512 ms
[ 710] 28.440: took 18.944 ms
[ 711] 28.480: took 19.086 ms
[ 712] 28.520: took 19.108 ms
[ 713] 28.560: took 19.247 ms
[ 714] 28.600: took 19.116 ms
[ 715] 28.640: took 18.549 ms
[ 716] 28.680: took 19.330 ms
[ 717] 28.720: took 19.112 ms
[ 718] 28.760: took 18.967 ms
[ 719] 28.800: took 19.119 ms
[ 720] 28.840: took 18.868 ms
[ 721] 28.880: took 19.156 ms
[ 722] 28.920: took 18.928 ms
[ 723] 28.960: took 19.222 ms
[ 724] 29.000: took 19.200 ms
[ 725] 29.040: took 19.167 ms
[ 726] 29.080: took 19.333 ms
[ 727] 29.120: took 19.104 ms
[ 728] 29.160: took 19.152 ms
[ 729] 29.200: took 19.212 ms
[ 730] 29.240: took 18.934 ms
[ 731] 29.280: took 19.351 ms
[ 732] 29.320: took 19.129 ms
[ 733] 29.360: took 19.199 ms
[ 734] 29.400: took 19.201 ms
[ 735] 29.440: took 18.721 ms
[ 736] 29.480: took 19.151 ms
[ 737] 29.520: took 19.148 ms
[ 738] 29.560: took 19.019 ms
[ 739] 29.600: took 19.106 ms
[ 740] 29.640: took 18.951 ms
[ 741] 29.680: took 19.301 ms
[ 742] 29.720: took 19.030 ms
[ 743] 29.760: took 19.110 ms
[ 744] 29.800: took 19.040 ms
[ 745] 29.840: took 19.024 ms
[ 746] 29.880: took 18.934 ms
[ 747] 29.920: took 19.196 ms
[ 748] 29.960: took 18.910 ms
[ 749] 30.000: took 19.393 ms
[ 750] 30.040: took 18.973 ms
[ 751] 30.080: took 18.987 ms
[ 752] 30.120: took 19.085 ms
[ 753] 30.160: took 19.015 ms
[ 754] 30.200: took 19.249 ms
[ 755] 30.240: took 19.466 ms
[ 756] 30.280: took 19.129 ms
[ 757] 30.320: took 18.919 ms
[ 758] 30.360: took 18.980 ms
[ 759] 30.400: took 19.047 ms
[ 760] 30.440: took 19.253 ms
[ 761] 30.480: took 19.377 ms
[ 762] 30.520: took 19.035 ms
[ 763] 30.560: took 19.206 ms
[ 764] 30.600: took 19.110 ms
[ 765] 30.640: took 19.289 ms
[ 766] 30.680: took 18.880 ms
[ 767] 30.720: took 18.764 ms
[ 768] 30.760: took 19.227 ms
[ 769] 30.800: took 19.197 ms
[ 770] 30.840: took 19.293 ms
[ 771] 30.880: took 19.206 ms
[ 772] 30.920: took 18.973 ms
[ 773] 30.960: took 19.182 ms
[ 774] 31.000: took 19.118 ms
[ 775] 31.040: took 19.031 ms
[ 776] 31.080: took 18.971 ms
[ 777] 31.120: took 19.261 ms
[ 778] 31.160: took 19.013 ms
[ 779] 31.200: took 19.178 ms
[ 780] 31.240: took 18.991 ms
[ 781] 31.280: took 19.201 ms
[ 782] 31.320: took 19.076 ms
[ 783] 31.360: took 18.998 ms
[ 784] 31.400: took 19.012 ms
[ 785] 31.440: took 19.280 ms
[ 786] 31.480: took 19.200 ms
[ 787] 31.520: took 19.121 ms
[ 788] 31.560: took 18.992 ms
[ 789] 31.600: took 19.035 ms
[ 790] 31.640: took 18.850 ms
[ 791] 31.680: took 18.882 ms
[ 792] 31.720: took 18.999 ms
[ 793] 31.760: took 19.199 ms
[ 794] 31.800: took 19.017 ms
[ 795] 31.840: took 19.431 ms
[ 796] 31.880: took 18.671 ms
[ 797] 31.920: took 19.161 ms
[ 798] 31.960: took 18.975 ms
[ 799] 32.000: took 19.527 ms
[ 800] 32.040: took 19.013 ms
[ 801] 32.080: took 19.186 ms
[ 802] 32.120: took 19.227 ms
[ 803] 32.160: took 18.983 ms
[ 804] 32.200: took 19.108 ms
[ 805] 32.240: took 19.209 ms
[ 806] 32.280: took 19.021 ms
[ 807] 32.320: took 19.480 ms
[ 808] 32.360: took 19.134 ms
[ 809] 32.400: took 19.018 ms
[ 810] 32.440: took 19.032 ms
[ 811] 32.480: took 19.277 ms
[ 812] 32.520: took 19.004 ms
[ 813] 32.560: took 19.186 ms
[ 814] 32.600: took 19.169 ms
[ 815] 32.640: took 19.155 ms
[ 816] 32.680: took 19.106 ms
[ 817] 32.720: took 19.232 ms
[ 818] 32.760: took 18.817 ms
[ 819] 32.800: took 19.135 ms
[ 820] 32.840: took 18.905 ms
[ 821] 32.880: took 18.852 ms
[ 822] 32.920: took 19.552 ms
[ 823] 32.960: took 18.999 ms
[ 824] 33.000: took 19.144 ms
[ 825] 33.040: took 18.956 ms
[ 826] 33.080: took 19.087 ms
[ 827] 33.120: took 19.046 ms
[ 828] 33.160: took 18.781 ms
[ 829] 33.200: took 19.139 ms
[ 830] 33.240: took 19.008 ms
[ 831] 33.280: took 19.090 ms
[ 832] 33.320: took 19.047 ms
[ 833] 33.360: took 19.149 ms
[ 834] 33.400: took 18.946 ms
[ 835] 33.440: took 19.060 ms
[ 836] 33.480: took 18.967 ms
[ 837] 33.520: took 19.284 ms
[ 838] 33.560: took 19.105 ms
[ 839] 33.600: took 19.574 ms
[ 840] 33.640: took 18.891 ms
[ 841] 33.680: took 19.102 ms
[ 842] 33.720: took 18.851 ms
[ 843] 33.760: took 19.014 ms
[ 844] 33.800: took 18.889 ms
[ 845] 33.840: took 18.453 ms
[ 846] 33.880: took 19.017 ms
[ 847] 33.920: took 19.174 ms
[ 848] 33.960: took 19.223 ms
[ 849] 34.000: took 19.330 ms
[ 850] 34.040: took 19.218 ms
[ 851] 34.080: took 19.419 ms
[ 852] 34.120: took 18.887 ms
[ 853] 34.160: took 19.299 ms
[ 854] 34.200: took 19.267 ms
[ 855] 34.240: took 19.007 ms
[ 856] 34.280: took 19.142 ms
[ 857] 34.320: took 19.071 ms
[ 858] 34.360: took 18.942 ms
[ 859] 34.400: took 19.031 ms
[ 860] 34.440: took 18.909 ms
[ 861] 34.480: took 18.974 ms
[ 862] 34.520: took 19.004 ms
[ 863] 34.560: took 19.212 ms
[ 864] 34.600: took 19.178 ms
[ 865] 34.640: took 18.756 ms
[ 866] 34.680: took 18.971 ms
[ 867] 34.720: took 19.077 ms
[ 868] 34.760: took 18.960 ms
[ 869] 34.800: took 19.069 ms
[ 870] 34.840: took 18.942 ms
[ 871] 34.880: took 19.292 ms
[ 872] 34.920: took 19.002 ms
[ 873] 34.960: took 19.141 ms
[ 874] 35.000: took 19.059 ms
[ 875] 35.040: took 19.198 ms
[ 876] 35.080: took 19.099 ms
[ 877] 35.120: took 19.311 ms
[ 878] 35.160: took 18.997 ms
[ 879] 35.200: took 18.810 ms
[ 880] 35.240: took 19.243 ms
[ 881] 35.280: took 18.985 ms
[ 882] 35.320: took 19.675 ms
[ 883] 35.360: took 19.052 ms
[ 884] 35.400: took 19.182 ms
[ 885] 35.440: took 19.178 ms
[ 886] 35.480: took 18.859 ms
[ 887] 35.520: took 19.064 ms
[ 888] 35.560: took 18.971 ms
[ 889] 35.600: took 19.233 ms
[ 890] 35.640: took 19.159 ms
[ 891] 35.680: took 19.231 ms
[ 892] 35.720: took 18.989 ms
[ 893] 35.760: took 19.210 ms
[ 894] 35.800: took 18.980 ms
[ 895] 35.840: took 19.064 ms
[ 896] 35.880: took 18.837 ms
[ 897] 35.920: took 19.125 ms
[ 898] 35.960: took 19.043 ms
[ 899] 36.000: took 18.987 ms
[ 900] 36.040: took 19.106 ms
[ 901] 36.080: took 19.366 ms
[ 902] 36.120: took 19.139 ms
[ 903] 36.160: took 18.949 ms
[ 904] 36.200: took 19.021 ms
[ 905] 36.240: took 19.366 ms
[ 906] 36.280: took 19.174 ms
[ 907] 36.320: took 19.243 ms
[ 908] 36.360: took 19.340 ms
[ 909] 36.400: took 19.062 ms
[ 910] 36.440: took 19.003 ms
[ 911] 36.480: took 19.170 ms
[ 912] 36.520: took 18.887 ms
[ 913] 36.560: took 18.946 ms
[ 914] 36.600: took 18.546 ms
[ 915] 36.640: took 19.069 ms
[ 916] 36.680: took 19.132 ms
[ 917] 36.720: took 19.098 ms
[ 918] 36.760: took 18.931 ms
[ 919] 36.800: took 19.238 ms
[ 920] 36.840: took 18.796 ms
[ 921] 36.880: took 19.060 ms
[ 922] 36.920: took 19.391 ms
[ 923] 36.960: took 19.213 ms
[ 924] 37.000: took 19.175 ms
[ 925] 37.040: took 19.388 ms
[ 926] 37.080: took 19.008 ms
[ 927] 37.120: took 19.173 ms
[ 928] 37.160: took 18.975 ms
[ 929] 37.200: took 19.082 ms
[ 930] 37.240: took 18.836 ms
[ 931] 37.280: took 19.972 ms
[ 932] 37.320: took 19.025 ms
[ 933] 37.360: took 18.999 ms
[ 934] 37.400: took 18.857 ms
[ 935] 37.440: took 19.065 ms
[ 936] 37.480: took 19.070 ms
[ 937] 37.520: took 19.043 ms
[ 938] 37.560: took 18.928 ms
[ 939] 37.600: took 19.092 ms
[ 940] 37.640: took 19.116 ms
[ 941] 37.680: took 19.171 ms
[ 942] 37.720: took 18.966 ms
[ 943] 37.760: took 19.328 ms
[ 944] 37.800: took 18.809 ms
[ 945] 37.840: took 18.926 ms
[ 946] 37.880: took 19.195 ms
[ 947] 37.920: took 19.282 ms
[ 948] 37.960: took 19.038 ms
[ 949] 38.000: took 19.063 ms
[ 950] 38.040: took 18.879 ms
[ 951] 38.080: took 19.185 ms
[ 952] 38.120: took 19.203 ms
[ 953] 38.160: took 19.303 ms
[ 954] 38.200: took 19.085 ms
[ 955] 38.240: took 19.170 ms
[ 956] 38.280: took 18.928 ms
[ 957] 38.320: took 19.221 ms
[ 958] 38.360: took 18.958 ms
[ 959] 38.400: took 19.126 ms
[ 960] 38.440: took 19.625 ms
[ 961] 38.480: took 19.264 ms
[ 962] 38.520: took 18.961 ms
[ 963] 38.560: took 18.951 ms
[ 964] 38.600: took 19.072 ms
[ 965] 38.640: took 19.119 ms
[ 966] 38.680: took 18.252 ms
[ 967] 38.720: took 18.945 ms
[ 968] 38.760: took 18.887 ms
[ 969] 38.800: took 19.239 ms
[ 970] 38.840: took 19.078 ms
[ 971] 38.880: took 19.300 ms
[ 972] 38.920: took 19.167 ms
[ 973] 38.960: took 19.043 ms
[ 974] 39.000: took 18.995 ms
[ 975] 39.040: took 19.304 ms
[ 976] 39.080: took 19.243 ms
[ 977] 39.120: took 19.485 ms
[ 978] 39.160: took 18.875 ms
[ 979] 39.200: took 19.038 ms
[ 980] 39.240: took 18.859 ms
[ 981] 39.280: took 19.001 ms
[ 982] 39.320: took 19.031 ms
[ 983] 39.360: took 19.354 ms
[ 984] 39.400: took 19.175 ms
[ 985] 39.440: took 19.104 ms
[ 986] 39.480: took 18.978 ms
[ 987] 39.520: took 19.108 ms
[ 988] 39.560: took 19.054 ms
[ 989] 39.600: took 18.983 ms
[ 990] 39.640: took 18.855 ms
[ 991] 39.680: took 19.162 ms
[ 992] 39.720: took 19.272 ms
[ 993] 39.760: took 19.265 ms
[ 994] 39.800: took 19.091 ms
[ 995] 39.840: took 19.607 ms
[ 996] 39.880: took 19.103 ms
[ 997] 39.920: took 19.033 ms
[ 998] 39.960: took 18.975 ms
[ 999] 40.000: took 18.977 ms
[1000] 40.040: took 18.591 ms
recorded 1000 frames
Finish..
Close the camera.
Close the camera.
