MAIN_printInfo:
	grid size      : 120 x 120 x 150 = 2.16 * 10^6 Cells
	nTimeSteps     : 3000
	result file    : /home/nvidia/ssd/gits/BWLOCK-GPU/benchmarks/parboil/benchmarks/lbm/run/long/reference.dat
	action         : store
	simulation type: lid-driven cavity
	obstacle file  : /home/nvidia/ssd/gits/BWLOCK-GPU/benchmarks/parboil/datasets/lbm/long/input/120_120_150_ldc.of

LBM_allocateGrid: allocated 169.2 MByte
LBM_allocateGrid: allocated 169.2 MByte
LBM_showGridStatistics:
	nObstacleCells:  343321 nAccelCells:   26912 nFluidCells: 1789767
	minRho:   1.0000 maxRho:   1.0000 mass: 2.160000e+06
	minU: 0.000000e+00 maxU: 0.000000e+00

timestep: 64
timestep: 128
timestep: 192
timestep: 256
MAIN_stopClock:
	usr:  240.68 sys:    0.14 tot:  240.82 wct:   76.18 MLUPS: 85.06

LBM_showGridStatistics:
	nObstacleCells:  343321 nAccelCells:   26912 nFluidCells: 1789767
	minRho:   0.9187 maxRho:   1.0844 mass: 2.159998e+06
	minU: 2.219546e-06 maxU: 3.243893e-02

Compute   : 78.282794
Timer Wall Time: 78.282791
Final simulated flow volume does not match expected flow volume

Mismatch
Parboil parallel benchmark suite, version 0.2

Output checking tool detected a mismatch

 Performance counter stats for './parboil run lbm omp_cpu long':

     248395.808256      task-clock (msec)         #    2.975 CPUs utilized          
             5,357      context-switches          #    0.022 K/sec                  
               511      cpu-migrations            #    0.002 K/sec                  
           418,342      page-faults               #    0.002 M/sec                  
   503,578,537,677      cycles                    #    2.027 GHz                    
   <not supported>      stalled-cycles-frontend  
   <not supported>      stalled-cycles-backend   
   641,764,512,501      instructions              #    1.27  insns per cycle        
   <not supported>      branches                 
        24,121,367      branch-misses             #    0.00% of all branches        

      83.504642070 seconds time elapsed

