2019-01-15 17:16:52.154469: E tensorflow/stream_executor/cuda/cuda_driver.cc:397] failed call to cuInit: CUDA_ERROR_NO_DEVICE
2019-01-15 17:16:52.154581: I tensorflow/stream_executor/cuda/cuda_diagnostics.cc:145] kernel driver does not appear to be running on this host (tegra-ubuntu): /proc/driver/nvidia/version does not exist
DNN is on
verbose: 1
Initilize NULL camera. (320 x 240)
camera init completed.
Load TF
Load Model
/home/nvidia/ssd/gits/sandbox/deeppicar/models/model-5conv_3fc-ittc_room.ckpt
Done..
[   0] 0.020: took 26.142 ms
[   1] 0.046: took 11.091 ms
[   2] 0.060: took 10.557 ms
[   3] 0.080: took 10.588 ms
[   4] 0.100: took 10.605 ms
[   5] 0.120: took 10.688 ms
[   6] 0.140: took 10.709 ms
[   7] 0.160: took 11.173 ms
[   8] 0.180: took 10.807 ms
[   9] 0.200: took 10.881 ms
[  10] 0.220: took 11.029 ms
[  11] 0.240: took 11.063 ms
[  12] 0.260: took 11.098 ms
[  13] 0.280: took 10.562 ms
[  14] 0.300: took 10.743 ms
[  15] 0.320: took 10.678 ms
[  16] 0.340: took 10.712 ms
[  17] 0.360: took 10.799 ms
[  18] 0.380: took 10.414 ms
[  19] 0.400: took 10.464 ms
[  20] 0.420: took 10.600 ms
[  21] 0.440: took 10.679 ms
[  22] 0.460: took 10.750 ms
[  23] 0.480: took 10.728 ms
[  24] 0.500: took 10.484 ms
[  25] 0.520: took 10.670 ms
[  26] 0.540: took 10.466 ms
[  27] 0.560: took 10.678 ms
[  28] 0.580: took 10.431 ms
[  29] 0.600: took 10.469 ms
[  30] 0.620: took 10.429 ms
[  31] 0.640: took 10.448 ms
[  32] 0.660: took 10.565 ms
[  33] 0.680: took 10.520 ms
[  34] 0.700: took 10.456 ms
[  35] 0.720: took 10.729 ms
[  36] 0.740: took 10.635 ms
[  37] 0.760: took 10.523 ms
[  38] 0.780: took 10.545 ms
[  39] 0.800: took 10.780 ms
[  40] 0.820: took 10.616 ms
[  41] 0.840: took 10.418 ms
[  42] 0.860: took 10.484 ms
[  43] 0.880: took 10.635 ms
[  44] 0.900: took 10.735 ms
[  45] 0.920: took 10.736 ms
[  46] 0.940: took 10.466 ms
[  47] 0.960: took 10.708 ms
[  48] 0.980: took 10.506 ms
[  49] 1.000: took 10.578 ms
[  50] 1.020: took 10.606 ms
[  51] 1.040: took 10.649 ms
[  52] 1.060: took 10.665 ms
[  53] 1.080: took 10.552 ms
[  54] 1.100: took 10.472 ms
[  55] 1.120: took 10.709 ms
[  56] 1.140: took 10.568 ms
[  57] 1.160: took 10.865 ms
[  58] 1.180: took 10.490 ms
[  59] 1.200: took 10.674 ms
[  60] 1.220: took 10.544 ms
[  61] 1.240: took 10.527 ms
[  62] 1.260: took 10.610 ms
[  63] 1.280: took 10.732 ms
[  64] 1.300: took 10.460 ms
[  65] 1.320: took 10.637 ms
[  66] 1.340: took 10.570 ms
[  67] 1.360: took 10.650 ms
[  68] 1.380: took 10.435 ms
[  69] 1.400: took 10.691 ms
[  70] 1.420: took 10.617 ms
[  71] 1.440: took 10.514 ms
[  72] 1.460: took 10.672 ms
[  73] 1.480: took 10.519 ms
[  74] 1.500: took 10.842 ms
[  75] 1.520: took 10.961 ms
[  76] 1.540: took 10.937 ms
[  77] 1.560: took 10.913 ms
[  78] 1.580: took 10.471 ms
[  79] 1.600: took 11.175 ms
[  80] 1.620: took 10.690 ms
[  81] 1.640: took 10.873 ms
[  82] 1.660: took 11.129 ms
[  83] 1.680: took 10.677 ms
[  84] 1.700: took 10.843 ms
[  85] 1.720: took 10.524 ms
[  86] 1.740: took 10.693 ms
[  87] 1.760: took 10.745 ms
[  88] 1.780: took 10.519 ms
[  89] 1.800: took 10.770 ms
[  90] 1.820: took 10.661 ms
[  91] 1.840: took 10.575 ms
[  92] 1.860: took 10.718 ms
[  93] 1.880: took 10.733 ms
[  94] 1.900: took 10.723 ms
[  95] 1.920: took 10.771 ms
[  96] 1.940: took 10.758 ms
[  97] 1.960: took 10.687 ms
[  98] 1.980: took 10.546 ms
[  99] 2.000: took 10.817 ms
[ 100] 2.020: took 10.663 ms
[ 101] 2.040: took 10.534 ms
[ 102] 2.060: took 10.939 ms
[ 103] 2.080: took 10.638 ms
[ 104] 2.100: took 10.697 ms
[ 105] 2.120: took 10.638 ms
[ 106] 2.140: took 11.198 ms
[ 107] 2.160: took 11.094 ms
[ 108] 2.180: took 10.509 ms
[ 109] 2.200: took 10.512 ms
[ 110] 2.220: took 10.697 ms
[ 111] 2.240: took 10.686 ms
[ 112] 2.260: took 10.969 ms
[ 113] 2.280: took 10.872 ms
[ 114] 2.300: took 10.840 ms
[ 115] 2.320: took 10.849 ms
[ 116] 2.340: took 10.678 ms
[ 117] 2.360: took 10.822 ms
[ 118] 2.380: took 10.696 ms
[ 119] 2.400: took 10.788 ms
[ 120] 2.420: took 11.038 ms
[ 121] 2.440: took 10.586 ms
[ 122] 2.460: took 10.741 ms
[ 123] 2.480: took 10.739 ms
[ 124] 2.500: took 10.687 ms
[ 125] 2.520: took 10.792 ms
[ 126] 2.540: took 11.055 ms
[ 127] 2.560: took 11.079 ms
[ 128] 2.580: took 10.863 ms
[ 129] 2.600: took 10.792 ms
[ 130] 2.620: took 10.693 ms
[ 131] 2.640: took 11.068 ms
[ 132] 2.660: took 10.974 ms
[ 133] 2.680: took 10.982 ms
[ 134] 2.700: took 10.902 ms
[ 135] 2.720: took 11.033 ms
[ 136] 2.740: took 10.974 ms
[ 137] 2.760: took 10.951 ms
[ 138] 2.780: took 10.919 ms
[ 139] 2.800: took 10.640 ms
[ 140] 2.820: took 10.906 ms
[ 141] 2.840: took 10.449 ms
[ 142] 2.860: took 10.971 ms
[ 143] 2.880: took 10.843 ms
[ 144] 2.900: took 10.888 ms
[ 145] 2.920: took 10.839 ms
[ 146] 2.940: took 10.651 ms
[ 147] 2.960: took 10.974 ms
[ 148] 2.980: took 10.916 ms
[ 149] 3.000: took 10.752 ms
[ 150] 3.020: took 11.119 ms
[ 151] 3.040: took 10.560 ms
[ 152] 3.060: took 10.882 ms
[ 153] 3.080: took 10.963 ms
[ 154] 3.100: took 10.877 ms
[ 155] 3.120: took 10.849 ms
[ 156] 3.140: took 10.651 ms
[ 157] 3.160: took 10.801 ms
[ 158] 3.180: took 11.111 ms
[ 159] 3.200: took 10.629 ms
[ 160] 3.220: took 10.904 ms
[ 161] 3.240: took 10.944 ms
[ 162] 3.260: took 11.056 ms
[ 163] 3.280: took 10.736 ms
[ 164] 3.300: took 10.724 ms
[ 165] 3.320: took 10.710 ms
[ 166] 3.340: took 10.838 ms
[ 167] 3.360: took 10.660 ms
[ 168] 3.380: took 10.705 ms
[ 169] 3.400: took 10.701 ms
[ 170] 3.420: took 10.784 ms
[ 171] 3.440: took 10.914 ms
[ 172] 3.460: took 10.822 ms
[ 173] 3.480: took 10.740 ms
[ 174] 3.500: took 10.731 ms
[ 175] 3.520: took 10.790 ms
[ 176] 3.540: took 10.649 ms
[ 177] 3.560: took 10.536 ms
[ 178] 3.580: took 10.701 ms
[ 179] 3.600: took 10.709 ms
[ 180] 3.620: took 10.711 ms
[ 181] 3.640: took 10.805 ms
[ 182] 3.660: took 10.899 ms
[ 183] 3.680: took 10.758 ms
[ 184] 3.700: took 10.685 ms
[ 185] 3.720: took 10.674 ms
[ 186] 3.740: took 10.776 ms
[ 187] 3.760: took 10.689 ms
[ 188] 3.780: took 10.880 ms
[ 189] 3.800: took 10.832 ms
[ 190] 3.820: took 10.815 ms
[ 191] 3.840: took 10.895 ms
[ 192] 3.860: took 11.064 ms
[ 193] 3.880: took 10.844 ms
[ 194] 3.900: took 10.666 ms
[ 195] 3.920: took 11.038 ms
[ 196] 3.940: took 11.179 ms
[ 197] 3.960: took 10.673 ms
[ 198] 3.980: took 10.772 ms
[ 199] 4.000: took 11.056 ms
[ 200] 4.020: took 10.937 ms
[ 201] 4.040: took 10.524 ms
[ 202] 4.060: took 10.863 ms
[ 203] 4.080: took 10.945 ms
[ 204] 4.100: took 10.687 ms
[ 205] 4.120: took 10.740 ms
[ 206] 4.140: took 10.488 ms
[ 207] 4.160: took 11.105 ms
[ 208] 4.180: took 10.725 ms
[ 209] 4.200: took 10.864 ms
[ 210] 4.220: took 10.785 ms
[ 211] 4.240: took 10.977 ms
[ 212] 4.260: took 10.801 ms
[ 213] 4.280: took 10.748 ms
[ 214] 4.300: took 10.658 ms
[ 215] 4.320: took 10.523 ms
[ 216] 4.340: took 10.690 ms
[ 217] 4.360: took 10.838 ms
[ 218] 4.380: took 10.900 ms
[ 219] 4.400: took 10.870 ms
[ 220] 4.420: took 10.815 ms
[ 221] 4.440: took 10.984 ms
[ 222] 4.460: took 10.801 ms
[ 223] 4.480: took 10.909 ms
[ 224] 4.500: took 10.723 ms
[ 225] 4.520: took 10.797 ms
[ 226] 4.540: took 10.720 ms
[ 227] 4.560: took 10.940 ms
[ 228] 4.580: took 10.855 ms
[ 229] 4.600: took 10.884 ms
[ 230] 4.620: took 10.651 ms
[ 231] 4.640: took 10.691 ms
[ 232] 4.660: took 10.528 ms
[ 233] 4.680: took 10.861 ms
[ 234] 4.700: took 10.798 ms
[ 235] 4.720: took 10.768 ms
[ 236] 4.740: took 10.630 ms
[ 237] 4.760: took 10.895 ms
[ 238] 4.780: took 10.670 ms
[ 239] 4.800: took 10.618 ms
[ 240] 4.820: took 10.753 ms
[ 241] 4.840: took 10.661 ms
[ 242] 4.860: took 10.582 ms
[ 243] 4.880: took 10.819 ms
[ 244] 4.900: took 10.572 ms
[ 245] 4.920: took 10.733 ms
[ 246] 4.940: took 10.685 ms
[ 247] 4.960: took 10.635 ms
[ 248] 4.980: took 10.625 ms
[ 249] 5.000: took 10.947 ms
[ 250] 5.020: took 10.886 ms
[ 251] 5.040: took 10.677 ms
[ 252] 5.060: took 10.450 ms
[ 253] 5.080: took 10.811 ms
[ 254] 5.100: took 10.775 ms
[ 255] 5.120: took 10.647 ms
[ 256] 5.140: took 10.646 ms
[ 257] 5.160: took 10.523 ms
[ 258] 5.180: took 10.682 ms
[ 259] 5.200: took 10.860 ms
[ 260] 5.220: took 10.614 ms
[ 261] 5.240: took 10.648 ms
[ 262] 5.260: took 10.945 ms
[ 263] 5.280: took 10.636 ms
[ 264] 5.300: took 10.679 ms
[ 265] 5.320: took 10.837 ms
[ 266] 5.340: took 10.831 ms
[ 267] 5.360: took 10.577 ms
[ 268] 5.380: took 10.856 ms
[ 269] 5.400: took 10.652 ms
[ 270] 5.420: took 10.448 ms
[ 271] 5.440: took 10.818 ms
[ 272] 5.460: took 11.165 ms
[ 273] 5.480: took 10.847 ms
[ 274] 5.500: took 10.694 ms
[ 275] 5.520: took 10.776 ms
[ 276] 5.540: took 10.793 ms
[ 277] 5.560: took 10.773 ms
[ 278] 5.580: took 10.742 ms
[ 279] 5.600: took 10.678 ms
[ 280] 5.620: took 10.444 ms
[ 281] 5.640: took 10.877 ms
[ 282] 5.660: took 10.532 ms
[ 283] 5.680: took 10.677 ms
[ 284] 5.700: took 10.594 ms
[ 285] 5.720: took 10.704 ms
[ 286] 5.740: took 10.514 ms
[ 287] 5.760: took 10.968 ms
[ 288] 5.780: took 11.160 ms
[ 289] 5.800: took 10.664 ms
[ 290] 5.820: took 10.795 ms
[ 291] 5.840: took 10.973 ms
[ 292] 5.860: took 10.615 ms
[ 293] 5.880: took 10.992 ms
[ 294] 5.900: took 10.692 ms
[ 295] 5.920: took 10.859 ms
[ 296] 5.940: took 10.780 ms
[ 297] 5.960: took 10.821 ms
[ 298] 5.980: took 11.038 ms
[ 299] 6.000: took 11.132 ms
[ 300] 6.020: took 11.046 ms
[ 301] 6.040: took 10.744 ms
[ 302] 6.060: took 10.872 ms
[ 303] 6.080: took 10.832 ms
[ 304] 6.100: took 10.611 ms
[ 305] 6.120: took 10.740 ms
[ 306] 6.140: took 10.618 ms
[ 307] 6.160: took 10.933 ms
[ 308] 6.180: took 11.067 ms
[ 309] 6.200: took 10.805 ms
[ 310] 6.220: took 10.880 ms
[ 311] 6.240: took 10.852 ms
[ 312] 6.260: took 10.728 ms
[ 313] 6.280: took 10.691 ms
[ 314] 6.300: took 10.706 ms
[ 315] 6.320: took 10.627 ms
[ 316] 6.340: took 10.794 ms
[ 317] 6.360: took 10.805 ms
[ 318] 6.380: took 10.811 ms
[ 319] 6.400: took 10.880 ms
[ 320] 6.420: took 10.841 ms
[ 321] 6.440: took 10.698 ms
[ 322] 6.460: took 10.742 ms
[ 323] 6.480: took 10.744 ms
[ 324] 6.500: took 11.025 ms
[ 325] 6.520: took 11.038 ms
[ 326] 6.540: took 10.670 ms
[ 327] 6.560: took 10.977 ms
[ 328] 6.580: took 10.529 ms
[ 329] 6.600: took 10.907 ms
[ 330] 6.620: took 10.788 ms
[ 331] 6.640: took 11.032 ms
[ 332] 6.660: took 10.757 ms
[ 333] 6.680: took 11.114 ms
[ 334] 6.700: took 10.857 ms
[ 335] 6.720: took 10.883 ms
[ 336] 6.740: took 10.471 ms
[ 337] 6.760: took 10.632 ms
[ 338] 6.780: took 11.121 ms
[ 339] 6.800: took 10.709 ms
[ 340] 6.820: took 10.764 ms
[ 341] 6.840: took 10.810 ms
[ 342] 6.860: took 10.736 ms
[ 343] 6.880: took 10.571 ms
[ 344] 6.900: took 10.815 ms
[ 345] 6.920: took 10.719 ms
[ 346] 6.940: took 10.485 ms
[ 347] 6.960: took 10.625 ms
[ 348] 6.980: took 10.698 ms
[ 349] 7.000: took 10.931 ms
[ 350] 7.020: took 10.855 ms
[ 351] 7.040: took 10.723 ms
[ 352] 7.060: took 10.696 ms
[ 353] 7.080: took 10.699 ms
[ 354] 7.100: took 10.777 ms
[ 355] 7.120: took 10.517 ms
[ 356] 7.140: took 10.631 ms
[ 357] 7.160: took 10.828 ms
[ 358] 7.180: took 10.732 ms
[ 359] 7.200: took 10.772 ms
[ 360] 7.220: took 10.615 ms
[ 361] 7.240: took 10.899 ms
[ 362] 7.260: took 10.798 ms
[ 363] 7.280: took 10.658 ms
[ 364] 7.300: took 10.938 ms
[ 365] 7.320: took 10.592 ms
[ 366] 7.340: took 10.976 ms
[ 367] 7.360: took 10.863 ms
[ 368] 7.380: took 10.664 ms
[ 369] 7.400: took 10.800 ms
[ 370] 7.420: took 10.705 ms
[ 371] 7.440: took 10.878 ms
[ 372] 7.460: took 11.057 ms
[ 373] 7.480: took 10.527 ms
[ 374] 7.500: took 10.539 ms
[ 375] 7.520: took 10.805 ms
[ 376] 7.540: took 10.524 ms
[ 377] 7.560: took 10.765 ms
[ 378] 7.580: took 10.785 ms
[ 379] 7.600: took 10.866 ms
[ 380] 7.620: took 10.681 ms
[ 381] 7.640: took 10.489 ms
[ 382] 7.660: took 10.458 ms
[ 383] 7.680: took 11.099 ms
[ 384] 7.700: took 10.803 ms
[ 385] 7.720: took 10.876 ms
[ 386] 7.740: took 10.947 ms
[ 387] 7.760: took 10.799 ms
[ 388] 7.780: took 10.533 ms
[ 389] 7.800: took 10.885 ms
[ 390] 7.820: took 10.754 ms
[ 391] 7.840: took 10.539 ms
[ 392] 7.860: took 10.736 ms
[ 393] 7.880: took 10.813 ms
[ 394] 7.900: took 10.719 ms
[ 395] 7.920: took 10.899 ms
[ 396] 7.940: took 10.550 ms
[ 397] 7.960: took 10.777 ms
[ 398] 7.980: took 10.900 ms
[ 399] 8.000: took 10.756 ms
[ 400] 8.020: took 10.497 ms
[ 401] 8.040: took 10.794 ms
[ 402] 8.060: took 10.775 ms
[ 403] 8.080: took 10.706 ms
[ 404] 8.100: took 10.579 ms
[ 405] 8.120: took 10.871 ms
[ 406] 8.140: took 10.757 ms
[ 407] 8.160: took 10.795 ms
[ 408] 8.180: took 10.864 ms
[ 409] 8.200: took 10.591 ms
[ 410] 8.220: took 10.642 ms
[ 411] 8.240: took 10.945 ms
[ 412] 8.260: took 10.903 ms
[ 413] 8.280: took 10.625 ms
[ 414] 8.300: took 10.458 ms
[ 415] 8.320: took 10.588 ms
[ 416] 8.340: took 10.704 ms
[ 417] 8.360: took 10.629 ms
[ 418] 8.380: took 10.704 ms
[ 419] 8.400: took 10.979 ms
[ 420] 8.420: took 10.613 ms
[ 421] 8.440: took 10.594 ms
[ 422] 8.460: took 10.924 ms
[ 423] 8.480: took 10.822 ms
[ 424] 8.500: took 10.841 ms
[ 425] 8.520: took 10.606 ms
[ 426] 8.540: took 10.715 ms
[ 427] 8.560: took 10.503 ms
[ 428] 8.580: took 10.539 ms
[ 429] 8.600: took 10.822 ms
[ 430] 8.620: took 10.559 ms
[ 431] 8.640: took 10.648 ms
[ 432] 8.660: took 10.845 ms
[ 433] 8.680: took 10.627 ms
[ 434] 8.700: took 10.711 ms
[ 435] 8.720: took 10.641 ms
[ 436] 8.740: took 10.765 ms
[ 437] 8.760: took 10.559 ms
[ 438] 8.780: took 10.927 ms
[ 439] 8.800: took 10.664 ms
[ 440] 8.820: took 10.650 ms
[ 441] 8.840: took 10.875 ms
[ 442] 8.860: took 10.519 ms
[ 443] 8.880: took 10.758 ms
[ 444] 8.900: took 10.606 ms
[ 445] 8.920: took 11.028 ms
[ 446] 8.940: took 10.756 ms
[ 447] 8.960: took 10.942 ms
[ 448] 8.980: took 10.951 ms
[ 449] 9.000: took 10.870 ms
[ 450] 9.020: took 10.758 ms
[ 451] 9.040: took 10.579 ms
[ 452] 9.060: took 10.946 ms
[ 453] 9.080: took 10.775 ms
[ 454] 9.100: took 10.561 ms
[ 455] 9.120: took 10.812 ms
[ 456] 9.140: took 11.025 ms
[ 457] 9.160: took 10.969 ms
[ 458] 9.180: took 10.777 ms
[ 459] 9.200: took 10.879 ms
[ 460] 9.220: took 10.798 ms
[ 461] 9.240: took 10.868 ms
[ 462] 9.260: took 10.774 ms
[ 463] 9.280: took 10.846 ms
[ 464] 9.300: took 10.740 ms
[ 465] 9.320: took 10.643 ms
[ 466] 9.340: took 10.622 ms
[ 467] 9.360: took 11.027 ms
[ 468] 9.380: took 10.469 ms
[ 469] 9.400: took 10.785 ms
[ 470] 9.420: took 10.521 ms
[ 471] 9.440: took 10.535 ms
[ 472] 9.460: took 10.897 ms
[ 473] 9.480: took 10.799 ms
[ 474] 9.500: took 10.765 ms
[ 475] 9.520: took 10.664 ms
[ 476] 9.540: took 10.755 ms
[ 477] 9.560: took 10.685 ms
[ 478] 9.580: took 10.810 ms
[ 479] 9.600: took 11.162 ms
[ 480] 9.620: took 10.831 ms
[ 481] 9.640: took 10.835 ms
[ 482] 9.660: took 10.971 ms
[ 483] 9.680: took 10.887 ms
[ 484] 9.700: took 10.722 ms
[ 485] 9.720: took 10.939 ms
[ 486] 9.740: took 11.121 ms
[ 487] 9.760: took 10.924 ms
[ 488] 9.780: took 10.791 ms
[ 489] 9.800: took 10.830 ms
[ 490] 9.820: took 10.955 ms
[ 491] 9.840: took 10.682 ms
[ 492] 9.860: took 10.734 ms
[ 493] 9.880: took 10.454 ms
[ 494] 9.900: took 10.818 ms
[ 495] 9.920: took 10.652 ms
[ 496] 9.940: took 10.747 ms
[ 497] 9.960: took 10.544 ms
[ 498] 9.980: took 10.759 ms
[ 499] 10.000: took 10.745 ms
[ 500] 10.020: took 10.925 ms
[ 501] 10.040: took 10.966 ms
[ 502] 10.060: took 11.073 ms
[ 503] 10.080: took 10.612 ms
[ 504] 10.100: took 10.651 ms
[ 505] 10.120: took 10.763 ms
[ 506] 10.140: took 10.910 ms
[ 507] 10.160: took 10.847 ms
[ 508] 10.180: took 10.707 ms
[ 509] 10.200: took 10.925 ms
[ 510] 10.220: took 10.888 ms
[ 511] 10.240: took 10.711 ms
[ 512] 10.260: took 10.799 ms
[ 513] 10.280: took 10.695 ms
[ 514] 10.300: took 10.604 ms
[ 515] 10.320: took 10.827 ms
[ 516] 10.340: took 10.634 ms
[ 517] 10.360: took 10.756 ms
[ 518] 10.380: took 10.699 ms
[ 519] 10.400: took 10.720 ms
[ 520] 10.420: took 10.854 ms
[ 521] 10.440: took 10.584 ms
[ 522] 10.460: took 10.897 ms
[ 523] 10.480: took 10.834 ms
[ 524] 10.500: took 10.613 ms
[ 525] 10.520: took 10.906 ms
[ 526] 10.540: took 10.641 ms
[ 527] 10.560: took 10.619 ms
[ 528] 10.580: took 10.846 ms
[ 529] 10.600: took 10.526 ms
[ 530] 10.620: took 10.726 ms
[ 531] 10.640: took 10.403 ms
[ 532] 10.660: took 11.047 ms
[ 533] 10.680: took 10.741 ms
[ 534] 10.700: took 10.691 ms
[ 535] 10.720: took 10.420 ms
[ 536] 10.740: took 10.965 ms
[ 537] 10.760: took 10.440 ms
[ 538] 10.780: took 10.490 ms
[ 539] 10.800: took 11.022 ms
[ 540] 10.820: took 10.830 ms
[ 541] 10.840: took 10.768 ms
[ 542] 10.860: took 10.774 ms
[ 543] 10.880: took 10.829 ms
[ 544] 10.900: took 10.915 ms
[ 545] 10.920: took 10.759 ms
[ 546] 10.940: took 10.847 ms
[ 547] 10.960: took 10.877 ms
[ 548] 10.980: took 10.813 ms
[ 549] 11.000: took 10.468 ms
[ 550] 11.020: took 10.757 ms
[ 551] 11.040: took 10.694 ms
[ 552] 11.060: took 10.884 ms
[ 553] 11.080: took 10.634 ms
[ 554] 11.100: took 10.866 ms
[ 555] 11.120: took 11.248 ms
[ 556] 11.140: took 10.860 ms
[ 557] 11.160: took 10.500 ms
[ 558] 11.180: took 10.520 ms
[ 559] 11.200: took 10.707 ms
[ 560] 11.220: took 11.171 ms
[ 561] 11.240: took 10.471 ms
[ 562] 11.260: took 10.895 ms
[ 563] 11.280: took 10.934 ms
[ 564] 11.300: took 10.652 ms
[ 565] 11.320: took 10.712 ms
[ 566] 11.340: took 11.075 ms
[ 567] 11.360: took 10.542 ms
[ 568] 11.380: took 10.745 ms
[ 569] 11.400: took 10.491 ms
[ 570] 11.420: took 10.824 ms
[ 571] 11.440: took 10.650 ms
[ 572] 11.460: took 10.656 ms
[ 573] 11.480: took 10.777 ms
[ 574] 11.500: took 10.678 ms
[ 575] 11.520: took 10.718 ms
[ 576] 11.540: took 10.575 ms
[ 577] 11.560: took 11.191 ms
[ 578] 11.580: took 10.854 ms
[ 579] 11.600: took 10.725 ms
[ 580] 11.620: took 10.842 ms
[ 581] 11.640: took 10.764 ms
[ 582] 11.660: took 11.126 ms
[ 583] 11.680: took 10.836 ms
[ 584] 11.700: took 11.153 ms
[ 585] 11.720: took 10.931 ms
[ 586] 11.740: took 10.658 ms
[ 587] 11.760: took 11.089 ms
[ 588] 11.780: took 10.975 ms
[ 589] 11.800: took 10.910 ms
[ 590] 11.820: took 10.927 ms
[ 591] 11.840: took 10.737 ms
[ 592] 11.860: took 10.647 ms
[ 593] 11.880: took 10.486 ms
[ 594] 11.900: took 10.803 ms
[ 595] 11.920: took 10.827 ms
[ 596] 11.940: took 10.928 ms
[ 597] 11.960: took 10.819 ms
[ 598] 11.980: took 10.536 ms
[ 599] 12.000: took 10.835 ms
[ 600] 12.020: took 10.895 ms
[ 601] 12.040: took 10.836 ms
[ 602] 12.060: took 10.958 ms
[ 603] 12.080: took 10.683 ms
[ 604] 12.100: took 10.535 ms
[ 605] 12.120: took 10.863 ms
[ 606] 12.140: took 10.731 ms
[ 607] 12.160: took 10.937 ms
[ 608] 12.180: took 10.775 ms
[ 609] 12.200: took 10.934 ms
[ 610] 12.220: took 10.581 ms
[ 611] 12.240: took 10.701 ms
[ 612] 12.260: took 10.911 ms
[ 613] 12.280: took 11.273 ms
[ 614] 12.300: took 10.619 ms
[ 615] 12.320: took 10.701 ms
[ 616] 12.340: took 10.640 ms
[ 617] 12.360: took 10.900 ms
[ 618] 12.380: took 10.754 ms
[ 619] 12.400: took 10.628 ms
[ 620] 12.420: took 11.104 ms
[ 621] 12.440: took 10.878 ms
[ 622] 12.460: took 10.980 ms
[ 623] 12.480: took 10.748 ms
[ 624] 12.500: took 10.747 ms
[ 625] 12.520: took 10.620 ms
[ 626] 12.540: took 10.731 ms
[ 627] 12.560: took 10.780 ms
[ 628] 12.580: took 10.802 ms
[ 629] 12.600: took 10.658 ms
[ 630] 12.620: took 10.562 ms
[ 631] 12.640: took 10.676 ms
[ 632] 12.660: took 10.728 ms
[ 633] 12.680: took 10.574 ms
[ 634] 12.700: took 10.823 ms
[ 635] 12.720: took 11.129 ms
[ 636] 12.740: took 10.620 ms
[ 637] 12.760: took 10.693 ms
[ 638] 12.780: took 10.929 ms
[ 639] 12.800: took 10.839 ms
[ 640] 12.820: took 10.702 ms
[ 641] 12.840: took 10.788 ms
[ 642] 12.860: took 10.906 ms
[ 643] 12.880: took 10.680 ms
[ 644] 12.900: took 10.813 ms
[ 645] 12.920: took 10.726 ms
[ 646] 12.940: took 10.752 ms
[ 647] 12.960: took 10.900 ms
[ 648] 12.980: took 10.895 ms
[ 649] 13.000: took 10.714 ms
[ 650] 13.020: took 10.839 ms
[ 651] 13.040: took 10.558 ms
[ 652] 13.060: took 10.592 ms
[ 653] 13.080: took 10.469 ms
[ 654] 13.100: took 10.546 ms
[ 655] 13.120: took 10.863 ms
[ 656] 13.140: took 10.564 ms
[ 657] 13.160: took 11.108 ms
[ 658] 13.180: took 10.567 ms
[ 659] 13.200: took 10.629 ms
[ 660] 13.220: took 11.035 ms
[ 661] 13.240: took 10.705 ms
[ 662] 13.260: took 10.865 ms
[ 663] 13.280: took 10.762 ms
[ 664] 13.300: took 10.752 ms
[ 665] 13.320: took 11.047 ms
[ 666] 13.340: took 11.054 ms
[ 667] 13.360: took 10.978 ms
[ 668] 13.380: took 10.801 ms
[ 669] 13.400: took 10.732 ms
[ 670] 13.420: took 10.729 ms
[ 671] 13.440: took 10.704 ms
[ 672] 13.460: took 11.184 ms
[ 673] 13.480: took 10.585 ms
[ 674] 13.500: took 10.743 ms
[ 675] 13.520: took 10.624 ms
[ 676] 13.540: took 11.022 ms
[ 677] 13.560: took 10.852 ms
[ 678] 13.580: took 10.680 ms
[ 679] 13.600: took 10.749 ms
[ 680] 13.620: took 10.893 ms
[ 681] 13.640: took 10.811 ms
[ 682] 13.660: took 11.136 ms
[ 683] 13.680: took 10.583 ms
[ 684] 13.700: took 10.981 ms
[ 685] 13.720: took 10.512 ms
[ 686] 13.740: took 10.777 ms
[ 687] 13.760: took 10.772 ms
[ 688] 13.780: took 10.554 ms
[ 689] 13.800: took 10.498 ms
[ 690] 13.820: took 10.934 ms
[ 691] 13.840: took 10.720 ms
[ 692] 13.860: took 10.956 ms
[ 693] 13.880: took 11.022 ms
[ 694] 13.900: took 10.806 ms
[ 695] 13.920: took 10.784 ms
[ 696] 13.940: took 10.668 ms
[ 697] 13.960: took 10.705 ms
[ 698] 13.980: took 10.769 ms
[ 699] 14.000: took 10.672 ms
[ 700] 14.020: took 10.940 ms
[ 701] 14.040: took 10.673 ms
[ 702] 14.060: took 10.590 ms
[ 703] 14.080: took 10.769 ms
[ 704] 14.100: took 10.575 ms
[ 705] 14.120: took 10.618 ms
[ 706] 14.140: took 10.807 ms
[ 707] 14.160: took 10.707 ms
[ 708] 14.180: took 10.993 ms
[ 709] 14.200: took 10.676 ms
[ 710] 14.220: took 10.904 ms
[ 711] 14.240: took 11.054 ms
[ 712] 14.260: took 11.517 ms
[ 713] 14.280: took 11.878 ms
[ 714] 14.300: took 11.482 ms
[ 715] 14.320: took 11.668 ms
[ 716] 14.340: took 11.280 ms
[ 717] 14.360: took 11.595 ms
[ 718] 14.380: took 11.692 ms
[ 719] 14.400: took 11.829 ms
[ 720] 14.420: took 11.802 ms
[ 721] 14.440: took 11.417 ms
[ 722] 14.460: took 11.639 ms
[ 723] 14.480: took 11.289 ms
[ 724] 14.500: took 11.149 ms
[ 725] 14.520: took 10.918 ms
[ 726] 14.540: took 11.043 ms
[ 727] 14.560: took 10.838 ms
[ 728] 14.580: took 10.502 ms
[ 729] 14.600: took 11.110 ms
[ 730] 14.620: took 10.927 ms
[ 731] 14.640: took 10.957 ms
[ 732] 14.660: took 10.727 ms
[ 733] 14.680: took 10.890 ms
[ 734] 14.700: took 10.774 ms
[ 735] 14.720: took 10.794 ms
[ 736] 14.740: took 11.170 ms
[ 737] 14.760: took 11.338 ms
[ 738] 14.780: took 10.732 ms
[ 739] 14.800: took 10.696 ms
[ 740] 14.820: took 10.850 ms
[ 741] 14.840: took 10.879 ms
[ 742] 14.860: took 10.693 ms
[ 743] 14.880: took 10.982 ms
[ 744] 14.900: took 10.748 ms
[ 745] 14.920: took 11.072 ms
[ 746] 14.940: took 10.835 ms
[ 747] 14.960: took 10.606 ms
[ 748] 14.980: took 10.730 ms
[ 749] 15.000: took 10.925 ms
[ 750] 15.020: took 10.763 ms
[ 751] 15.040: took 10.704 ms
[ 752] 15.060: took 10.818 ms
[ 753] 15.080: took 10.771 ms
[ 754] 15.100: took 10.527 ms
[ 755] 15.120: took 10.750 ms
[ 756] 15.140: took 10.876 ms
[ 757] 15.160: took 10.857 ms
[ 758] 15.180: took 10.709 ms
[ 759] 15.200: took 10.789 ms
[ 760] 15.220: took 10.730 ms
[ 761] 15.240: took 10.546 ms
[ 762] 15.260: took 10.790 ms
[ 763] 15.280: took 10.836 ms
[ 764] 15.300: took 10.743 ms
[ 765] 15.320: took 10.655 ms
[ 766] 15.340: took 10.904 ms
[ 767] 15.360: took 10.623 ms
[ 768] 15.380: took 10.796 ms
[ 769] 15.400: took 10.859 ms
[ 770] 15.420: took 10.833 ms
[ 771] 15.440: took 10.777 ms
[ 772] 15.460: took 10.672 ms
[ 773] 15.480: took 10.886 ms
[ 774] 15.500: took 10.847 ms
[ 775] 15.520: took 10.552 ms
[ 776] 15.540: took 10.910 ms
[ 777] 15.560: took 10.565 ms
[ 778] 15.580: took 11.214 ms
[ 779] 15.600: took 10.541 ms
[ 780] 15.620: took 10.901 ms
[ 781] 15.640: took 10.646 ms
[ 782] 15.660: took 10.875 ms
[ 783] 15.680: took 10.872 ms
[ 784] 15.700: took 10.907 ms
[ 785] 15.720: took 10.766 ms
[ 786] 15.740: took 10.964 ms
[ 787] 15.760: took 10.939 ms
[ 788] 15.780: took 10.756 ms
[ 789] 15.800: took 10.671 ms
[ 790] 15.820: took 10.878 ms
[ 791] 15.840: took 10.618 ms
[ 792] 15.860: took 10.833 ms
[ 793] 15.880: took 10.540 ms
[ 794] 15.900: took 11.044 ms
[ 795] 15.920: took 10.609 ms
[ 796] 15.940: took 10.755 ms
[ 797] 15.960: took 10.904 ms
[ 798] 15.980: took 10.869 ms
[ 799] 16.000: took 11.114 ms
[ 800] 16.020: took 10.695 ms
[ 801] 16.040: took 10.803 ms
[ 802] 16.060: took 10.575 ms
[ 803] 16.080: took 11.019 ms
[ 804] 16.100: took 10.954 ms
[ 805] 16.120: took 10.749 ms
[ 806] 16.140: took 10.905 ms
[ 807] 16.160: took 10.809 ms
[ 808] 16.180: took 10.856 ms
[ 809] 16.200: took 10.701 ms
[ 810] 16.220: took 10.916 ms
[ 811] 16.240: took 10.587 ms
[ 812] 16.260: took 10.798 ms
[ 813] 16.280: took 10.758 ms
[ 814] 16.300: took 11.218 ms
[ 815] 16.320: took 11.072 ms
[ 816] 16.340: took 10.926 ms
[ 817] 16.360: took 10.854 ms
[ 818] 16.380: took 10.712 ms
[ 819] 16.400: took 10.786 ms
[ 820] 16.420: took 10.722 ms
[ 821] 16.440: took 10.736 ms
[ 822] 16.460: took 10.609 ms
[ 823] 16.480: took 10.890 ms
[ 824] 16.500: took 10.888 ms
[ 825] 16.520: took 10.650 ms
[ 826] 16.540: took 10.795 ms
[ 827] 16.560: took 10.825 ms
[ 828] 16.580: took 10.810 ms
[ 829] 16.600: took 10.529 ms
[ 830] 16.620: took 10.822 ms
[ 831] 16.640: took 10.735 ms
[ 832] 16.660: took 10.790 ms
[ 833] 16.680: took 10.943 ms
[ 834] 16.700: took 11.045 ms
[ 835] 16.720: took 10.777 ms
[ 836] 16.740: took 10.962 ms
[ 837] 16.760: took 10.731 ms
[ 838] 16.780: took 10.924 ms
[ 839] 16.800: took 11.159 ms
[ 840] 16.820: took 11.030 ms
[ 841] 16.840: took 10.699 ms
[ 842] 16.860: took 10.952 ms
[ 843] 16.880: took 10.694 ms
[ 844] 16.900: took 10.818 ms
[ 845] 16.920: took 10.620 ms
[ 846] 16.940: took 10.614 ms
[ 847] 16.960: took 10.679 ms
[ 848] 16.980: took 10.676 ms
[ 849] 17.000: took 10.935 ms
[ 850] 17.020: took 11.037 ms
[ 851] 17.040: took 10.772 ms
[ 852] 17.060: took 10.814 ms
[ 853] 17.080: took 10.680 ms
[ 854] 17.100: took 10.662 ms
[ 855] 17.120: took 10.679 ms
[ 856] 17.140: took 10.860 ms
[ 857] 17.160: took 10.787 ms
[ 858] 17.180: took 10.565 ms
[ 859] 17.200: took 10.853 ms
[ 860] 17.220: took 10.805 ms
[ 861] 17.240: took 10.739 ms
[ 862] 17.260: took 11.193 ms
[ 863] 17.280: took 10.860 ms
[ 864] 17.300: took 10.834 ms
[ 865] 17.320: took 10.511 ms
[ 866] 17.340: took 10.796 ms
[ 867] 17.360: took 11.025 ms
[ 868] 17.380: took 10.592 ms
[ 869] 17.400: took 10.621 ms
[ 870] 17.420: took 10.985 ms
[ 871] 17.440: took 10.856 ms
[ 872] 17.460: took 11.069 ms
[ 873] 17.480: took 10.683 ms
[ 874] 17.500: took 10.838 ms
[ 875] 17.520: took 10.545 ms
[ 876] 17.540: took 10.850 ms
[ 877] 17.560: took 10.917 ms
[ 878] 17.580: took 10.793 ms
[ 879] 17.600: took 10.986 ms
[ 880] 17.620: took 10.729 ms
[ 881] 17.640: took 10.797 ms
[ 882] 17.660: took 10.908 ms
[ 883] 17.680: took 11.135 ms
[ 884] 17.700: took 11.045 ms
[ 885] 17.720: took 10.720 ms
[ 886] 17.740: took 10.817 ms
[ 887] 17.760: took 11.107 ms
[ 888] 17.780: took 10.771 ms
[ 889] 17.800: took 10.686 ms
[ 890] 17.820: took 11.037 ms
[ 891] 17.840: took 10.948 ms
[ 892] 17.860: took 10.604 ms
[ 893] 17.880: took 10.702 ms
[ 894] 17.900: took 10.781 ms
[ 895] 17.920: took 10.720 ms
[ 896] 17.940: took 10.785 ms
[ 897] 17.960: took 10.521 ms
[ 898] 17.980: took 11.078 ms
[ 899] 18.000: took 10.856 ms
[ 900] 18.020: took 10.659 ms
[ 901] 18.040: took 11.104 ms
[ 902] 18.060: took 10.719 ms
[ 903] 18.080: took 10.791 ms
[ 904] 18.100: took 10.959 ms
[ 905] 18.120: took 10.782 ms
[ 906] 18.140: took 10.698 ms
[ 907] 18.160: took 10.926 ms
[ 908] 18.180: took 10.808 ms
[ 909] 18.200: took 10.595 ms
[ 910] 18.220: took 10.742 ms
[ 911] 18.240: took 10.783 ms
[ 912] 18.260: took 10.793 ms
[ 913] 18.280: took 10.699 ms
[ 914] 18.300: took 10.674 ms
[ 915] 18.320: took 10.763 ms
[ 916] 18.340: took 10.560 ms
[ 917] 18.360: took 11.042 ms
[ 918] 18.380: took 10.882 ms
[ 919] 18.400: took 10.463 ms
[ 920] 18.420: took 10.565 ms
[ 921] 18.440: took 10.740 ms
[ 922] 18.460: took 10.702 ms
[ 923] 18.480: took 10.760 ms
[ 924] 18.500: took 11.023 ms
[ 925] 18.520: took 10.894 ms
[ 926] 18.540: took 10.518 ms
[ 927] 18.560: took 10.625 ms
[ 928] 18.580: took 10.604 ms
[ 929] 18.600: took 10.621 ms
[ 930] 18.620: took 10.575 ms
[ 931] 18.640: took 10.633 ms
[ 932] 18.660: took 10.957 ms
[ 933] 18.680: took 10.793 ms
[ 934] 18.700: took 10.870 ms
[ 935] 18.720: took 10.806 ms
[ 936] 18.740: took 10.610 ms
[ 937] 18.760: took 10.769 ms
[ 938] 18.780: took 10.743 ms
[ 939] 18.800: took 11.092 ms
[ 940] 18.820: took 10.576 ms
[ 941] 18.840: took 10.843 ms
[ 942] 18.860: took 10.861 ms
[ 943] 18.880: took 10.703 ms
[ 944] 18.900: took 11.137 ms
[ 945] 18.920: took 10.690 ms
[ 946] 18.940: took 10.625 ms
[ 947] 18.960: took 10.482 ms
[ 948] 18.980: took 10.888 ms
[ 949] 19.000: took 10.730 ms
[ 950] 19.020: took 10.937 ms
[ 951] 19.040: took 10.653 ms
[ 952] 19.060: took 10.784 ms
[ 953] 19.080: took 11.058 ms
[ 954] 19.100: took 10.874 ms
[ 955] 19.120: took 10.651 ms
[ 956] 19.140: took 10.972 ms
[ 957] 19.160: took 10.814 ms
[ 958] 19.180: took 10.538 ms
[ 959] 19.200: took 10.732 ms
[ 960] 19.220: took 10.983 ms
[ 961] 19.240: took 10.859 ms
[ 962] 19.260: took 10.850 ms
[ 963] 19.280: took 10.782 ms
[ 964] 19.300: took 10.540 ms
[ 965] 19.320: took 10.860 ms
[ 966] 19.340: took 10.724 ms
[ 967] 19.360: took 10.733 ms
[ 968] 19.380: took 10.957 ms
[ 969] 19.400: took 10.805 ms
[ 970] 19.420: took 10.866 ms
[ 971] 19.440: took 10.658 ms
[ 972] 19.460: took 10.876 ms
[ 973] 19.480: took 10.876 ms
[ 974] 19.500: took 10.842 ms
[ 975] 19.520: took 10.725 ms
[ 976] 19.540: took 10.954 ms
[ 977] 19.560: took 10.705 ms
[ 978] 19.580: took 10.889 ms
[ 979] 19.600: took 10.954 ms
[ 980] 19.620: took 10.576 ms
[ 981] 19.640: took 10.851 ms
[ 982] 19.660: took 10.586 ms
[ 983] 19.680: took 10.734 ms
[ 984] 19.700: took 10.910 ms
[ 985] 19.720: took 10.635 ms
[ 986] 19.740: took 10.591 ms
[ 987] 19.760: took 10.559 ms
[ 988] 19.780: took 11.496 ms
[ 989] 19.800: took 10.936 ms
[ 990] 19.820: took 10.721 ms
[ 991] 19.840: took 10.709 ms
[ 992] 19.860: took 10.891 ms
[ 993] 19.880: took 10.863 ms
[ 994] 19.900: took 10.646 ms
[ 995] 19.920: took 10.835 ms
[ 996] 19.940: took 10.834 ms
[ 997] 19.960: took 10.719 ms
[ 998] 19.980: took 10.833 ms
[ 999] 20.000: took 11.025 ms
[1000] 20.020: took 10.746 ms
recorded 1000 frames
Finish..
Close the camera.
Close the camera.
