2019-01-15 17:10:12.305000: E tensorflow/stream_executor/cuda/cuda_driver.cc:397] failed call to cuInit: CUDA_ERROR_NO_DEVICE
2019-01-15 17:10:12.305132: I tensorflow/stream_executor/cuda/cuda_diagnostics.cc:145] kernel driver does not appear to be running on this host (tegra-ubuntu): /proc/driver/nvidia/version does not exist
DNN is on
verbose: 1
Initilize NULL camera. (320 x 240)
camera init completed.
Load TF
Load Model
/home/nvidia/ssd/gits/sandbox/deeppicar/models/model-5conv_3fc-ittc_room.ckpt
Done..
[   0] 0.020: took 78.771 ms
[   1] 0.099: took 19.387 ms
[   2] 0.118: took 19.125 ms
[   3] 0.138: took 19.155 ms
[   4] 0.157: took 19.087 ms
[   5] 0.176: took 19.121 ms
[   6] 0.195: took 19.074 ms
[   7] 0.214: took 18.959 ms
[   8] 0.233: took 19.049 ms
[   9] 0.252: took 19.250 ms
[  10] 0.272: took 19.080 ms
[  11] 0.291: took 19.545 ms
[  12] 0.311: took 18.896 ms
[  13] 0.330: took 18.990 ms
[  14] 0.349: took 19.296 ms
[  15] 0.368: took 18.937 ms
[  16] 0.387: took 19.018 ms
[  17] 0.406: took 19.041 ms
[  18] 0.425: took 19.047 ms
[  19] 0.444: took 19.183 ms
[  20] 0.463: took 19.113 ms
[  21] 0.483: took 20.029 ms
[  22] 0.503: took 19.006 ms
[  23] 0.522: took 19.323 ms
[  24] 0.541: took 19.012 ms
[  25] 0.560: took 18.995 ms
[  26] 0.579: took 19.086 ms
[  27] 0.599: took 19.032 ms
[  28] 0.618: took 19.030 ms
[  29] 0.637: took 19.256 ms
[  30] 0.656: took 18.912 ms
[  31] 0.675: took 19.112 ms
[  32] 0.694: took 18.989 ms
[  33] 0.713: took 19.034 ms
[  34] 0.732: took 19.593 ms
[  35] 0.752: took 19.046 ms
[  36] 0.771: took 19.459 ms
[  37] 0.791: took 18.965 ms
[  38] 0.810: took 19.613 ms
[  39] 0.829: took 19.627 ms
[  40] 0.849: took 18.873 ms
[  41] 0.868: took 19.037 ms
[  42] 0.887: took 19.355 ms
[  43] 0.907: took 19.079 ms
[  44] 0.926: took 19.225 ms
[  45] 0.945: took 19.042 ms
[  46] 0.964: took 18.860 ms
[  47] 0.983: took 19.253 ms
[  48] 1.002: took 19.145 ms
[  49] 1.022: took 19.191 ms
[  50] 1.041: took 18.977 ms
[  51] 1.060: took 19.270 ms
[  52] 1.079: took 19.231 ms
[  53] 1.098: took 19.675 ms
[  54] 1.118: took 19.656 ms
[  55] 1.138: took 20.215 ms
[  56] 1.158: took 19.065 ms
[  57] 1.177: took 19.372 ms
[  58] 1.197: took 18.932 ms
[  59] 1.216: took 19.032 ms
[  60] 1.235: took 19.031 ms
[  61] 1.254: took 18.995 ms
[  62] 1.273: took 19.139 ms
[  63] 1.292: took 19.158 ms
[  64] 1.311: took 19.243 ms
[  65] 1.331: took 18.934 ms
[  66] 1.350: took 19.133 ms
[  67] 1.369: took 19.222 ms
[  68] 1.388: took 19.081 ms
[  69] 1.407: took 19.064 ms
[  70] 1.426: took 18.784 ms
[  71] 1.445: took 19.239 ms
[  72] 1.465: took 19.120 ms
[  73] 1.484: took 19.172 ms
[  74] 1.503: took 18.958 ms
[  75] 1.522: took 19.097 ms
[  76] 1.541: took 19.134 ms
[  77] 1.561: took 19.224 ms
[  78] 1.580: took 19.081 ms
[  79] 1.600: took 19.118 ms
[  80] 1.620: took 18.998 ms
[  81] 1.640: took 19.064 ms
[  82] 1.660: took 19.165 ms
[  83] 1.680: took 19.210 ms
[  84] 1.700: took 19.241 ms
[  85] 1.720: took 18.957 ms
[  86] 1.740: took 19.155 ms
[  87] 1.760: took 18.984 ms
[  88] 1.780: took 19.101 ms
[  89] 1.800: took 19.086 ms
[  90] 1.820: took 18.922 ms
[  91] 1.840: took 18.953 ms
[  92] 1.860: took 18.935 ms
[  93] 1.880: took 19.119 ms
[  94] 1.900: took 18.758 ms
[  95] 1.920: took 19.244 ms
[  96] 1.940: took 19.255 ms
[  97] 1.960: took 19.216 ms
[  98] 1.980: took 19.119 ms
[  99] 2.000: took 19.214 ms
[ 100] 2.020: took 19.288 ms
[ 101] 2.040: took 19.066 ms
[ 102] 2.060: took 19.179 ms
[ 103] 2.080: took 19.160 ms
[ 104] 2.100: took 18.971 ms
[ 105] 2.120: took 19.194 ms
[ 106] 2.140: took 19.103 ms
[ 107] 2.160: took 18.772 ms
[ 108] 2.180: took 18.945 ms
[ 109] 2.200: took 18.956 ms
[ 110] 2.220: took 18.865 ms
[ 111] 2.240: took 19.086 ms
[ 112] 2.260: took 18.933 ms
[ 113] 2.280: took 18.892 ms
[ 114] 2.300: took 19.058 ms
[ 115] 2.320: took 19.150 ms
[ 116] 2.340: took 19.074 ms
[ 117] 2.360: took 19.617 ms
[ 118] 2.380: took 19.153 ms
[ 119] 2.400: took 19.116 ms
[ 120] 2.420: took 20.619 ms
[ 121] 2.441: took 18.924 ms
[ 122] 2.460: took 18.907 ms
[ 123] 2.480: took 19.090 ms
[ 124] 2.500: took 19.020 ms
[ 125] 2.520: took 19.152 ms
[ 126] 2.540: took 18.982 ms
[ 127] 2.560: took 19.111 ms
[ 128] 2.580: took 19.152 ms
[ 129] 2.600: took 19.787 ms
[ 130] 2.620: took 24.332 ms
[ 131] 2.645: took 19.085 ms
[ 132] 2.664: took 19.148 ms
[ 133] 2.683: took 19.258 ms
[ 134] 2.702: took 19.001 ms
[ 135] 2.721: took 19.111 ms
[ 136] 2.741: took 18.963 ms
[ 137] 2.760: took 19.130 ms
[ 138] 2.780: took 19.020 ms
[ 139] 2.800: took 19.042 ms
[ 140] 2.820: took 18.849 ms
[ 141] 2.840: took 19.316 ms
[ 142] 2.860: took 19.109 ms
[ 143] 2.880: took 19.291 ms
[ 144] 2.900: took 18.978 ms
[ 145] 2.920: took 19.141 ms
[ 146] 2.940: took 18.944 ms
[ 147] 2.960: took 19.125 ms
[ 148] 2.980: took 19.116 ms
[ 149] 3.000: took 19.002 ms
[ 150] 3.020: took 19.196 ms
[ 151] 3.040: took 18.921 ms
[ 152] 3.060: took 19.247 ms
[ 153] 3.080: took 19.149 ms
[ 154] 3.100: took 18.854 ms
[ 155] 3.120: took 19.040 ms
[ 156] 3.140: took 19.321 ms
[ 157] 3.160: took 19.152 ms
[ 158] 3.180: took 18.940 ms
[ 159] 3.200: took 19.142 ms
[ 160] 3.220: took 19.115 ms
[ 161] 3.240: took 19.482 ms
[ 162] 3.260: took 19.084 ms
[ 163] 3.280: took 18.845 ms
[ 164] 3.300: took 19.112 ms
[ 165] 3.320: took 19.300 ms
[ 166] 3.340: took 19.074 ms
[ 167] 3.360: took 19.074 ms
[ 168] 3.380: took 19.029 ms
[ 169] 3.400: took 19.164 ms
[ 170] 3.420: took 19.000 ms
[ 171] 3.440: took 19.108 ms
[ 172] 3.460: took 19.074 ms
[ 173] 3.480: took 19.198 ms
[ 174] 3.500: took 19.227 ms
[ 175] 3.520: took 19.187 ms
[ 176] 3.540: took 18.970 ms
[ 177] 3.560: took 19.014 ms
[ 178] 3.580: took 19.262 ms
[ 179] 3.600: took 19.168 ms
[ 180] 3.620: took 19.247 ms
[ 181] 3.640: took 19.416 ms
[ 182] 3.660: took 19.053 ms
[ 183] 3.680: took 19.074 ms
[ 184] 3.700: took 19.063 ms
[ 185] 3.720: took 19.099 ms
[ 186] 3.740: took 19.058 ms
[ 187] 3.760: took 19.191 ms
[ 188] 3.780: took 19.268 ms
[ 189] 3.800: took 19.232 ms
[ 190] 3.820: took 19.129 ms
[ 191] 3.840: took 19.333 ms
[ 192] 3.860: took 19.291 ms
[ 193] 3.880: took 19.265 ms
[ 194] 3.900: took 19.036 ms
[ 195] 3.920: took 19.182 ms
[ 196] 3.940: took 19.141 ms
[ 197] 3.960: took 19.257 ms
[ 198] 3.980: took 18.404 ms
[ 199] 4.000: took 19.241 ms
[ 200] 4.020: took 18.918 ms
[ 201] 4.040: took 18.875 ms
[ 202] 4.060: took 19.022 ms
[ 203] 4.080: took 19.113 ms
[ 204] 4.100: took 19.099 ms
[ 205] 4.120: took 18.944 ms
[ 206] 4.140: took 19.059 ms
[ 207] 4.160: took 19.320 ms
[ 208] 4.180: took 19.118 ms
[ 209] 4.200: took 19.973 ms
[ 210] 4.220: took 19.073 ms
[ 211] 4.240: took 19.062 ms
[ 212] 4.260: took 19.157 ms
[ 213] 4.280: took 19.106 ms
[ 214] 4.300: took 18.975 ms
[ 215] 4.320: took 19.077 ms
[ 216] 4.340: took 19.325 ms
[ 217] 4.360: took 19.189 ms
[ 218] 4.380: took 18.905 ms
[ 219] 4.400: took 19.218 ms
[ 220] 4.420: took 19.008 ms
[ 221] 4.440: took 19.376 ms
[ 222] 4.460: took 18.880 ms
[ 223] 4.480: took 19.203 ms
[ 224] 4.500: took 19.065 ms
[ 225] 4.520: took 19.028 ms
[ 226] 4.540: took 18.870 ms
[ 227] 4.560: took 19.398 ms
[ 228] 4.580: took 18.842 ms
[ 229] 4.600: took 19.001 ms
[ 230] 4.620: took 19.020 ms
[ 231] 4.640: took 19.437 ms
[ 232] 4.660: took 19.503 ms
[ 233] 4.680: took 19.251 ms
[ 234] 4.700: took 19.269 ms
[ 235] 4.720: took 19.245 ms
[ 236] 4.740: took 18.978 ms
[ 237] 4.760: took 19.087 ms
[ 238] 4.780: took 19.112 ms
[ 239] 4.800: took 19.246 ms
[ 240] 4.820: took 19.002 ms
[ 241] 4.840: took 19.090 ms
[ 242] 4.860: took 18.953 ms
[ 243] 4.880: took 19.037 ms
[ 244] 4.900: took 19.055 ms
[ 245] 4.920: took 19.023 ms
[ 246] 4.940: took 19.009 ms
[ 247] 4.960: took 19.082 ms
[ 248] 4.980: took 18.965 ms
[ 249] 5.000: took 19.183 ms
[ 250] 5.020: took 19.244 ms
[ 251] 5.040: took 18.930 ms
[ 252] 5.060: took 19.240 ms
[ 253] 5.080: took 19.334 ms
[ 254] 5.100: took 19.258 ms
[ 255] 5.120: took 18.553 ms
[ 256] 5.140: took 19.167 ms
[ 257] 5.160: took 19.158 ms
[ 258] 5.180: took 19.082 ms
[ 259] 5.200: took 19.028 ms
[ 260] 5.220: took 19.073 ms
[ 261] 5.240: took 19.272 ms
[ 262] 5.260: took 19.153 ms
[ 263] 5.280: took 19.049 ms
[ 264] 5.300: took 18.974 ms
[ 265] 5.320: took 18.987 ms
[ 266] 5.340: took 19.132 ms
[ 267] 5.360: took 19.556 ms
[ 268] 5.380: took 19.066 ms
[ 269] 5.400: took 19.237 ms
[ 270] 5.420: took 19.020 ms
[ 271] 5.440: took 19.182 ms
[ 272] 5.460: took 18.832 ms
[ 273] 5.480: took 19.273 ms
[ 274] 5.500: took 18.916 ms
[ 275] 5.520: took 19.164 ms
[ 276] 5.540: took 18.820 ms
[ 277] 5.560: took 19.293 ms
[ 278] 5.580: took 19.496 ms
[ 279] 5.600: took 19.174 ms
[ 280] 5.620: took 19.120 ms
[ 281] 5.640: took 19.087 ms
[ 282] 5.660: took 18.954 ms
[ 283] 5.680: took 19.364 ms
[ 284] 5.700: took 18.911 ms
[ 285] 5.720: took 19.251 ms
[ 286] 5.740: took 19.141 ms
[ 287] 5.760: took 19.190 ms
[ 288] 5.780: took 18.992 ms
[ 289] 5.800: took 19.064 ms
[ 290] 5.820: took 18.798 ms
[ 291] 5.840: took 18.887 ms
[ 292] 5.860: took 19.409 ms
[ 293] 5.880: took 19.024 ms
[ 294] 5.900: took 19.107 ms
[ 295] 5.920: took 18.885 ms
[ 296] 5.940: took 19.154 ms
[ 297] 5.960: took 18.858 ms
[ 298] 5.980: took 18.907 ms
[ 299] 6.000: took 19.063 ms
[ 300] 6.020: took 19.057 ms
[ 301] 6.040: took 19.229 ms
[ 302] 6.060: took 19.278 ms
[ 303] 6.080: took 19.125 ms
[ 304] 6.100: took 18.955 ms
[ 305] 6.120: took 19.061 ms
[ 306] 6.140: took 19.007 ms
[ 307] 6.160: took 19.082 ms
[ 308] 6.180: took 19.049 ms
[ 309] 6.200: took 19.152 ms
[ 310] 6.220: took 19.148 ms
[ 311] 6.240: took 19.209 ms
[ 312] 6.260: took 19.182 ms
[ 313] 6.280: took 18.839 ms
[ 314] 6.300: took 19.042 ms
[ 315] 6.320: took 19.258 ms
[ 316] 6.340: took 19.050 ms
[ 317] 6.360: took 19.034 ms
[ 318] 6.380: took 19.068 ms
[ 319] 6.400: took 19.219 ms
[ 320] 6.420: took 19.060 ms
[ 321] 6.440: took 19.308 ms
[ 322] 6.460: took 19.172 ms
[ 323] 6.480: took 19.058 ms
[ 324] 6.500: took 19.945 ms
[ 325] 6.520: took 19.250 ms
[ 326] 6.540: took 19.028 ms
[ 327] 6.560: took 19.165 ms
[ 328] 6.580: took 19.151 ms
[ 329] 6.600: took 19.032 ms
[ 330] 6.620: took 19.123 ms
[ 331] 6.640: took 19.220 ms
[ 332] 6.660: took 19.056 ms
[ 333] 6.680: took 19.015 ms
[ 334] 6.700: took 18.938 ms
[ 335] 6.720: took 19.101 ms
[ 336] 6.740: took 18.692 ms
[ 337] 6.760: took 18.922 ms
[ 338] 6.780: took 18.948 ms
[ 339] 6.800: took 18.785 ms
[ 340] 6.820: took 18.866 ms
[ 341] 6.840: took 19.049 ms
[ 342] 6.860: took 19.554 ms
[ 343] 6.880: took 19.057 ms
[ 344] 6.900: took 18.946 ms
[ 345] 6.920: took 19.138 ms
[ 346] 6.940: took 19.211 ms
[ 347] 6.960: took 18.890 ms
[ 348] 6.980: took 18.837 ms
[ 349] 7.000: took 19.195 ms
[ 350] 7.020: took 18.971 ms
[ 351] 7.040: took 19.054 ms
[ 352] 7.060: took 19.060 ms
[ 353] 7.080: took 19.260 ms
[ 354] 7.100: took 18.961 ms
[ 355] 7.120: took 19.047 ms
[ 356] 7.140: took 19.236 ms
[ 357] 7.160: took 18.927 ms
[ 358] 7.180: took 18.883 ms
[ 359] 7.200: took 19.299 ms
[ 360] 7.220: took 19.469 ms
[ 361] 7.240: took 19.077 ms
[ 362] 7.260: took 19.051 ms
[ 363] 7.280: took 19.142 ms
[ 364] 7.300: took 19.025 ms
[ 365] 7.320: took 19.168 ms
[ 366] 7.340: took 19.173 ms
[ 367] 7.360: took 19.134 ms
[ 368] 7.380: took 19.443 ms
[ 369] 7.400: took 19.322 ms
[ 370] 7.420: took 19.686 ms
[ 371] 7.440: took 19.209 ms
[ 372] 7.460: took 19.184 ms
[ 373] 7.480: took 19.259 ms
[ 374] 7.500: took 19.096 ms
[ 375] 7.520: took 19.158 ms
[ 376] 7.540: took 19.255 ms
[ 377] 7.560: took 19.167 ms
[ 378] 7.580: took 19.166 ms
[ 379] 7.600: took 19.203 ms
[ 380] 7.620: took 19.160 ms
[ 381] 7.640: took 18.995 ms
[ 382] 7.660: took 18.794 ms
[ 383] 7.680: took 18.988 ms
[ 384] 7.700: took 18.961 ms
[ 385] 7.720: took 18.924 ms
[ 386] 7.740: took 18.864 ms
[ 387] 7.760: took 18.991 ms
[ 388] 7.780: took 18.954 ms
[ 389] 7.800: took 19.045 ms
[ 390] 7.820: took 19.103 ms
[ 391] 7.840: took 18.913 ms
[ 392] 7.860: took 19.040 ms
[ 393] 7.880: took 19.162 ms
[ 394] 7.900: took 18.779 ms
[ 395] 7.920: took 19.199 ms
[ 396] 7.940: took 19.137 ms
[ 397] 7.960: took 19.071 ms
[ 398] 7.980: took 19.138 ms
[ 399] 8.000: took 19.149 ms
[ 400] 8.020: took 18.927 ms
[ 401] 8.040: took 19.167 ms
[ 402] 8.060: took 19.387 ms
[ 403] 8.080: took 19.165 ms
[ 404] 8.100: took 19.113 ms
[ 405] 8.120: took 19.133 ms
[ 406] 8.140: took 19.398 ms
[ 407] 8.160: took 19.110 ms
[ 408] 8.180: took 19.030 ms
[ 409] 8.200: took 19.340 ms
[ 410] 8.220: took 19.106 ms
[ 411] 8.240: took 18.942 ms
[ 412] 8.260: took 18.952 ms
[ 413] 8.280: took 19.055 ms
[ 414] 8.300: took 19.037 ms
[ 415] 8.320: took 19.160 ms
[ 416] 8.340: took 19.048 ms
[ 417] 8.360: took 18.751 ms
[ 418] 8.380: took 19.229 ms
[ 419] 8.400: took 19.135 ms
[ 420] 8.420: took 19.115 ms
[ 421] 8.440: took 19.293 ms
[ 422] 8.460: took 19.064 ms
[ 423] 8.480: took 19.136 ms
[ 424] 8.500: took 18.997 ms
[ 425] 8.520: took 19.195 ms
[ 426] 8.540: took 18.964 ms
[ 427] 8.560: took 19.253 ms
[ 428] 8.580: took 18.971 ms
[ 429] 8.600: took 19.735 ms
[ 430] 8.620: took 19.105 ms
[ 431] 8.640: took 19.226 ms
[ 432] 8.660: took 19.177 ms
[ 433] 8.680: took 19.023 ms
[ 434] 8.700: took 19.146 ms
[ 435] 8.720: took 19.106 ms
[ 436] 8.740: took 19.100 ms
[ 437] 8.760: took 19.171 ms
[ 438] 8.780: took 19.189 ms
[ 439] 8.800: took 19.293 ms
[ 440] 8.820: took 18.745 ms
[ 441] 8.840: took 19.228 ms
[ 442] 8.860: took 19.197 ms
[ 443] 8.880: took 19.231 ms
[ 444] 8.900: took 19.074 ms
[ 445] 8.920: took 19.038 ms
[ 446] 8.940: took 19.032 ms
[ 447] 8.960: took 19.189 ms
[ 448] 8.980: took 19.166 ms
[ 449] 9.000: took 18.894 ms
[ 450] 9.020: took 19.148 ms
[ 451] 9.040: took 19.109 ms
[ 452] 9.060: took 18.849 ms
[ 453] 9.080: took 19.247 ms
[ 454] 9.100: took 19.141 ms
[ 455] 9.120: took 18.926 ms
[ 456] 9.140: took 18.902 ms
[ 457] 9.160: took 19.044 ms
[ 458] 9.180: took 18.999 ms
[ 459] 9.200: took 19.157 ms
[ 460] 9.220: took 18.897 ms
[ 461] 9.240: took 19.184 ms
[ 462] 9.260: took 19.205 ms
[ 463] 9.280: took 19.621 ms
[ 464] 9.300: took 19.097 ms
[ 465] 9.320: took 19.294 ms
[ 466] 9.340: took 19.110 ms
[ 467] 9.360: took 19.258 ms
[ 468] 9.380: took 19.014 ms
[ 469] 9.400: took 19.036 ms
[ 470] 9.420: took 19.112 ms
[ 471] 9.440: took 19.321 ms
[ 472] 9.460: took 18.876 ms
[ 473] 9.480: took 19.242 ms
[ 474] 9.500: took 18.976 ms
[ 475] 9.520: took 18.766 ms
[ 476] 9.540: took 19.121 ms
[ 477] 9.560: took 18.871 ms
[ 478] 9.580: took 19.175 ms
[ 479] 9.600: took 19.101 ms
[ 480] 9.620: took 19.092 ms
[ 481] 9.640: took 19.016 ms
[ 482] 9.660: took 18.998 ms
[ 483] 9.680: took 19.329 ms
[ 484] 9.700: took 19.182 ms
[ 485] 9.720: took 19.130 ms
[ 486] 9.740: took 18.731 ms
[ 487] 9.760: took 19.190 ms
[ 488] 9.780: took 18.999 ms
[ 489] 9.800: took 19.047 ms
[ 490] 9.820: took 19.235 ms
[ 491] 9.840: took 19.188 ms
[ 492] 9.860: took 19.240 ms
[ 493] 9.880: took 19.118 ms
[ 494] 9.900: took 19.057 ms
[ 495] 9.920: took 19.166 ms
[ 496] 9.940: took 19.044 ms
[ 497] 9.960: took 19.215 ms
[ 498] 9.980: took 19.186 ms
[ 499] 10.000: took 19.153 ms
[ 500] 10.020: took 19.020 ms
[ 501] 10.040: took 19.131 ms
[ 502] 10.060: took 18.936 ms
[ 503] 10.080: took 19.179 ms
[ 504] 10.100: took 19.207 ms
[ 505] 10.120: took 18.967 ms
[ 506] 10.140: took 18.848 ms
[ 507] 10.160: took 19.239 ms
[ 508] 10.180: took 19.125 ms
[ 509] 10.200: took 19.634 ms
[ 510] 10.220: took 19.207 ms
[ 511] 10.240: took 19.544 ms
[ 512] 10.260: took 19.147 ms
[ 513] 10.280: took 19.140 ms
[ 514] 10.300: took 19.234 ms
[ 515] 10.320: took 19.475 ms
[ 516] 10.340: took 19.277 ms
[ 517] 10.360: took 19.108 ms
[ 518] 10.380: took 19.138 ms
[ 519] 10.400: took 19.175 ms
[ 520] 10.420: took 19.119 ms
[ 521] 10.440: took 19.271 ms
[ 522] 10.460: took 18.826 ms
[ 523] 10.480: took 19.018 ms
[ 524] 10.500: took 18.898 ms
[ 525] 10.520: took 18.996 ms
[ 526] 10.540: took 18.964 ms
[ 527] 10.560: took 18.918 ms
[ 528] 10.580: took 18.940 ms
[ 529] 10.600: took 19.300 ms
[ 530] 10.620: took 18.991 ms
[ 531] 10.640: took 19.187 ms
[ 532] 10.660: took 19.241 ms
[ 533] 10.680: took 18.639 ms
[ 534] 10.700: took 19.233 ms
[ 535] 10.720: took 19.073 ms
[ 536] 10.740: took 19.045 ms
[ 537] 10.760: took 19.047 ms
[ 538] 10.780: took 18.999 ms
[ 539] 10.800: took 19.002 ms
[ 540] 10.820: took 19.046 ms
[ 541] 10.840: took 19.086 ms
[ 542] 10.860: took 18.911 ms
[ 543] 10.880: took 19.014 ms
[ 544] 10.900: took 18.898 ms
[ 545] 10.920: took 19.049 ms
[ 546] 10.940: took 19.070 ms
[ 547] 10.960: took 19.071 ms
[ 548] 10.980: took 18.939 ms
[ 549] 11.000: took 18.902 ms
[ 550] 11.020: took 18.873 ms
[ 551] 11.040: took 18.837 ms
[ 552] 11.060: took 18.873 ms
[ 553] 11.080: took 18.972 ms
[ 554] 11.100: took 19.134 ms
[ 555] 11.120: took 19.008 ms
[ 556] 11.140: took 19.446 ms
[ 557] 11.160: took 19.199 ms
[ 558] 11.180: took 19.177 ms
[ 559] 11.200: took 19.321 ms
[ 560] 11.220: took 18.867 ms
[ 561] 11.240: took 19.217 ms
[ 562] 11.260: took 19.129 ms
[ 563] 11.280: took 19.107 ms
[ 564] 11.300: took 18.855 ms
[ 565] 11.320: took 19.185 ms
[ 566] 11.340: took 19.029 ms
[ 567] 11.360: took 19.131 ms
[ 568] 11.380: took 19.060 ms
[ 569] 11.400: took 18.884 ms
[ 570] 11.420: took 18.885 ms
[ 571] 11.440: took 19.096 ms
[ 572] 11.460: took 19.055 ms
[ 573] 11.480: took 19.304 ms
[ 574] 11.500: took 18.954 ms
[ 575] 11.520: took 19.132 ms
[ 576] 11.540: took 19.096 ms
[ 577] 11.560: took 19.125 ms
[ 578] 11.580: took 19.146 ms
[ 579] 11.600: took 19.246 ms
[ 580] 11.620: took 18.950 ms
[ 581] 11.640: took 19.170 ms
[ 582] 11.660: took 19.154 ms
[ 583] 11.680: took 19.081 ms
[ 584] 11.700: took 18.891 ms
[ 585] 11.720: took 19.340 ms
[ 586] 11.740: took 19.192 ms
[ 587] 11.760: took 19.029 ms
[ 588] 11.780: took 19.097 ms
[ 589] 11.800: took 19.091 ms
[ 590] 11.820: took 19.091 ms
[ 591] 11.840: took 19.106 ms
[ 592] 11.860: took 18.994 ms
[ 593] 11.880: took 19.087 ms
[ 594] 11.900: took 19.139 ms
[ 595] 11.920: took 19.085 ms
[ 596] 11.940: took 18.926 ms
[ 597] 11.960: took 18.981 ms
[ 598] 11.980: took 19.094 ms
[ 599] 12.000: took 19.083 ms
[ 600] 12.020: took 19.284 ms
[ 601] 12.040: took 19.336 ms
[ 602] 12.060: took 19.620 ms
[ 603] 12.080: took 19.013 ms
[ 604] 12.100: took 19.260 ms
[ 605] 12.120: took 19.222 ms
[ 606] 12.140: took 18.971 ms
[ 607] 12.160: took 19.271 ms
[ 608] 12.180: took 19.064 ms
[ 609] 12.200: took 19.379 ms
[ 610] 12.220: took 19.174 ms
[ 611] 12.240: took 19.225 ms
[ 612] 12.260: took 19.179 ms
[ 613] 12.280: took 19.217 ms
[ 614] 12.300: took 19.096 ms
[ 615] 12.320: took 18.902 ms
[ 616] 12.340: took 18.975 ms
[ 617] 12.360: took 19.125 ms
[ 618] 12.380: took 19.075 ms
[ 619] 12.400: took 18.952 ms
[ 620] 12.420: took 18.921 ms
[ 621] 12.440: took 18.988 ms
[ 622] 12.460: took 18.891 ms
[ 623] 12.480: took 18.928 ms
[ 624] 12.500: took 19.268 ms
[ 625] 12.520: took 18.951 ms
[ 626] 12.540: took 19.099 ms
[ 627] 12.560: took 19.116 ms
[ 628] 12.580: took 19.112 ms
[ 629] 12.600: took 19.035 ms
[ 630] 12.620: took 19.116 ms
[ 631] 12.640: took 19.095 ms
[ 632] 12.660: took 18.894 ms
[ 633] 12.680: took 19.162 ms
[ 634] 12.700: took 19.209 ms
[ 635] 12.720: took 19.108 ms
[ 636] 12.740: took 19.100 ms
[ 637] 12.760: took 19.188 ms
[ 638] 12.780: took 19.206 ms
[ 639] 12.800: took 18.928 ms
[ 640] 12.820: took 19.070 ms
[ 641] 12.840: took 18.967 ms
[ 642] 12.860: took 19.150 ms
[ 643] 12.880: took 19.065 ms
[ 644] 12.900: took 19.133 ms
[ 645] 12.920: took 19.253 ms
[ 646] 12.940: took 18.920 ms
[ 647] 12.960: took 18.998 ms
[ 648] 12.980: took 19.036 ms
[ 649] 13.000: took 19.155 ms
[ 650] 13.020: took 19.086 ms
[ 651] 13.040: took 19.123 ms
[ 652] 13.060: took 19.123 ms
[ 653] 13.080: took 19.387 ms
[ 654] 13.100: took 19.126 ms
[ 655] 13.120: took 19.064 ms
[ 656] 13.140: took 19.090 ms
[ 657] 13.160: took 19.245 ms
[ 658] 13.180: took 19.050 ms
[ 659] 13.200: took 19.183 ms
[ 660] 13.220: took 19.172 ms
[ 661] 13.240: took 19.301 ms
[ 662] 13.260: took 18.898 ms
[ 663] 13.280: took 19.193 ms
[ 664] 13.300: took 18.942 ms
[ 665] 13.320: took 19.095 ms
[ 666] 13.340: took 19.069 ms
[ 667] 13.360: took 19.049 ms
[ 668] 13.380: took 19.016 ms
[ 669] 13.400: took 19.153 ms
[ 670] 13.420: took 19.148 ms
[ 671] 13.440: took 19.303 ms
[ 672] 13.460: took 18.720 ms
[ 673] 13.480: took 19.293 ms
[ 674] 13.500: took 19.092 ms
[ 675] 13.520: took 19.190 ms
[ 676] 13.540: took 19.158 ms
[ 677] 13.560: took 19.126 ms
[ 678] 13.580: took 19.260 ms
[ 679] 13.600: took 19.192 ms
[ 680] 13.620: took 19.011 ms
[ 681] 13.640: took 19.088 ms
[ 682] 13.660: took 18.908 ms
[ 683] 13.680: took 18.974 ms
[ 684] 13.700: took 19.077 ms
[ 685] 13.720: took 18.895 ms
[ 686] 13.740: took 19.294 ms
[ 687] 13.760: took 19.196 ms
[ 688] 13.780: took 18.880 ms
[ 689] 13.800: took 19.252 ms
[ 690] 13.820: took 19.164 ms
[ 691] 13.840: took 19.031 ms
[ 692] 13.860: took 19.067 ms
[ 693] 13.880: took 19.299 ms
[ 694] 13.900: took 19.163 ms
[ 695] 13.920: took 18.923 ms
[ 696] 13.940: took 19.258 ms
[ 697] 13.960: took 19.034 ms
[ 698] 13.980: took 19.152 ms
[ 699] 14.000: took 19.090 ms
[ 700] 14.020: took 19.180 ms
[ 701] 14.040: took 19.230 ms
[ 702] 14.060: took 18.953 ms
[ 703] 14.080: took 19.138 ms
[ 704] 14.100: took 18.855 ms
[ 705] 14.120: took 19.019 ms
[ 706] 14.140: took 19.148 ms
[ 707] 14.160: took 19.261 ms
[ 708] 14.180: took 18.976 ms
[ 709] 14.200: took 18.937 ms
[ 710] 14.220: took 18.999 ms
[ 711] 14.240: took 19.100 ms
[ 712] 14.260: took 18.992 ms
[ 713] 14.280: took 19.078 ms
[ 714] 14.300: took 18.846 ms
[ 715] 14.320: took 19.003 ms
[ 716] 14.340: took 19.263 ms
[ 717] 14.360: took 19.133 ms
[ 718] 14.380: took 18.660 ms
[ 719] 14.400: took 19.064 ms
[ 720] 14.420: took 19.231 ms
[ 721] 14.440: took 19.098 ms
[ 722] 14.460: took 18.890 ms
[ 723] 14.480: took 19.100 ms
[ 724] 14.500: took 19.121 ms
[ 725] 14.520: took 19.105 ms
[ 726] 14.540: took 18.962 ms
[ 727] 14.560: took 19.095 ms
[ 728] 14.580: took 19.149 ms
[ 729] 14.600: took 19.106 ms
[ 730] 14.620: took 19.468 ms
[ 731] 14.640: took 18.998 ms
[ 732] 14.660: took 18.917 ms
[ 733] 14.680: took 19.099 ms
[ 734] 14.700: took 19.000 ms
[ 735] 14.720: took 19.098 ms
[ 736] 14.740: took 19.107 ms
[ 737] 14.760: took 18.905 ms
[ 738] 14.780: took 18.853 ms
[ 739] 14.800: took 19.029 ms
[ 740] 14.820: took 19.030 ms
[ 741] 14.840: took 19.652 ms
[ 742] 14.860: took 19.233 ms
[ 743] 14.880: took 19.434 ms
[ 744] 14.900: took 19.011 ms
[ 745] 14.920: took 19.118 ms
[ 746] 14.940: took 19.203 ms
[ 747] 14.960: took 19.320 ms
[ 748] 14.980: took 19.284 ms
[ 749] 15.000: took 19.005 ms
[ 750] 15.020: took 19.152 ms
[ 751] 15.040: took 19.178 ms
[ 752] 15.060: took 18.996 ms
[ 753] 15.080: took 19.395 ms
[ 754] 15.100: took 18.785 ms
[ 755] 15.120: took 18.827 ms
[ 756] 15.140: took 18.833 ms
[ 757] 15.160: took 19.049 ms
[ 758] 15.180: took 19.114 ms
[ 759] 15.200: took 18.912 ms
[ 760] 15.220: took 18.839 ms
[ 761] 15.240: took 18.861 ms
[ 762] 15.260: took 18.849 ms
[ 763] 15.280: took 19.079 ms
[ 764] 15.300: took 19.095 ms
[ 765] 15.320: took 18.762 ms
[ 766] 15.340: took 19.124 ms
[ 767] 15.360: took 19.216 ms
[ 768] 15.380: took 19.125 ms
[ 769] 15.400: took 19.067 ms
[ 770] 15.420: took 19.055 ms
[ 771] 15.440: took 19.054 ms
[ 772] 15.460: took 18.999 ms
[ 773] 15.480: took 19.151 ms
[ 774] 15.500: took 19.006 ms
[ 775] 15.520: took 19.079 ms
[ 776] 15.540: took 19.296 ms
[ 777] 15.560: took 19.162 ms
[ 778] 15.580: took 19.027 ms
[ 779] 15.600: took 18.972 ms
[ 780] 15.620: took 18.960 ms
[ 781] 15.640: took 18.980 ms
[ 782] 15.660: took 18.878 ms
[ 783] 15.680: took 19.137 ms
[ 784] 15.700: took 18.875 ms
[ 785] 15.720: took 19.138 ms
[ 786] 15.740: took 18.963 ms
[ 787] 15.760: took 19.271 ms
[ 788] 15.780: took 19.015 ms
[ 789] 15.800: took 19.249 ms
[ 790] 15.820: took 19.117 ms
[ 791] 15.840: took 19.176 ms
[ 792] 15.860: took 19.370 ms
[ 793] 15.880: took 19.207 ms
[ 794] 15.900: took 19.045 ms
[ 795] 15.920: took 19.242 ms
[ 796] 15.940: took 18.975 ms
[ 797] 15.960: took 19.109 ms
[ 798] 15.980: took 19.234 ms
[ 799] 16.000: took 19.011 ms
[ 800] 16.020: took 19.216 ms
[ 801] 16.040: took 19.182 ms
[ 802] 16.060: took 18.680 ms
[ 803] 16.080: took 19.145 ms
[ 804] 16.100: took 19.061 ms
[ 805] 16.120: took 18.893 ms
[ 806] 16.140: took 19.240 ms
[ 807] 16.160: took 19.163 ms
[ 808] 16.180: took 18.887 ms
[ 809] 16.200: took 19.292 ms
[ 810] 16.220: took 18.970 ms
[ 811] 16.240: took 19.254 ms
[ 812] 16.260: took 18.956 ms
[ 813] 16.280: took 19.195 ms
[ 814] 16.300: took 18.990 ms
[ 815] 16.320: took 19.096 ms
[ 816] 16.340: took 19.076 ms
[ 817] 16.360: took 19.115 ms
[ 818] 16.380: took 19.008 ms
[ 819] 16.400: took 19.111 ms
[ 820] 16.420: took 18.975 ms
[ 821] 16.440: took 19.097 ms
[ 822] 16.460: took 19.022 ms
[ 823] 16.480: took 19.135 ms
[ 824] 16.500: took 19.181 ms
[ 825] 16.520: took 19.118 ms
[ 826] 16.540: took 19.075 ms
[ 827] 16.560: took 19.071 ms
[ 828] 16.580: took 19.066 ms
[ 829] 16.600: took 18.973 ms
[ 830] 16.620: took 19.114 ms
[ 831] 16.640: took 19.079 ms
[ 832] 16.660: took 19.132 ms
[ 833] 16.680: took 19.118 ms
[ 834] 16.700: took 19.137 ms
[ 835] 16.720: took 19.198 ms
[ 836] 16.740: took 19.155 ms
[ 837] 16.760: took 19.133 ms
[ 838] 16.780: took 19.183 ms
[ 839] 16.800: took 19.055 ms
[ 840] 16.820: took 19.100 ms
[ 841] 16.840: took 19.176 ms
[ 842] 16.860: took 19.119 ms
[ 843] 16.880: took 19.121 ms
[ 844] 16.900: took 19.208 ms
[ 845] 16.920: took 19.198 ms
[ 846] 16.940: took 19.231 ms
[ 847] 16.960: took 19.056 ms
[ 848] 16.980: took 18.989 ms
[ 849] 17.000: took 19.113 ms
[ 850] 17.020: took 19.126 ms
[ 851] 17.040: took 19.061 ms
[ 852] 17.060: took 19.042 ms
[ 853] 17.080: took 19.240 ms
[ 854] 17.100: took 19.134 ms
[ 855] 17.120: took 19.240 ms
[ 856] 17.140: took 19.116 ms
[ 857] 17.160: took 19.890 ms
[ 858] 17.180: took 19.113 ms
[ 859] 17.200: took 19.296 ms
[ 860] 17.220: took 19.227 ms
[ 861] 17.240: took 19.065 ms
[ 862] 17.260: took 19.020 ms
[ 863] 17.280: took 19.173 ms
[ 864] 17.300: took 19.042 ms
[ 865] 17.320: took 19.029 ms
[ 866] 17.340: took 19.047 ms
[ 867] 17.360: took 19.363 ms
[ 868] 17.380: took 19.011 ms
[ 869] 17.400: took 19.720 ms
[ 870] 17.420: took 18.909 ms
[ 871] 17.440: took 18.807 ms
[ 872] 17.460: took 18.901 ms
[ 873] 17.480: took 19.155 ms
[ 874] 17.500: took 18.983 ms
[ 875] 17.520: took 18.877 ms
[ 876] 17.540: took 18.983 ms
[ 877] 17.560: took 19.061 ms
[ 878] 17.580: took 18.899 ms
[ 879] 17.600: took 19.331 ms
[ 880] 17.620: took 19.209 ms
[ 881] 17.640: took 18.972 ms
[ 882] 17.660: took 19.144 ms
[ 883] 17.680: took 19.310 ms
[ 884] 17.700: took 19.187 ms
[ 885] 17.720: took 19.213 ms
[ 886] 17.740: took 19.106 ms
[ 887] 17.760: took 19.033 ms
[ 888] 17.780: took 19.180 ms
[ 889] 17.800: took 19.113 ms
[ 890] 17.820: took 18.962 ms
[ 891] 17.840: took 19.070 ms
[ 892] 17.860: took 19.320 ms
[ 893] 17.880: took 19.576 ms
[ 894] 17.900: took 18.985 ms
[ 895] 17.920: took 18.993 ms
[ 896] 17.940: took 19.005 ms
[ 897] 17.960: took 19.136 ms
[ 898] 17.980: took 19.129 ms
[ 899] 18.000: took 19.020 ms
[ 900] 18.020: took 19.080 ms
[ 901] 18.040: took 19.228 ms
[ 902] 18.060: took 19.139 ms
[ 903] 18.080: took 19.297 ms
[ 904] 18.100: took 19.138 ms
[ 905] 18.120: took 19.215 ms
[ 906] 18.140: took 18.992 ms
[ 907] 18.160: took 18.950 ms
[ 908] 18.180: took 18.929 ms
[ 909] 18.200: took 19.072 ms
[ 910] 18.220: took 19.097 ms
[ 911] 18.240: took 19.123 ms
[ 912] 18.260: took 18.976 ms
[ 913] 18.280: took 19.132 ms
[ 914] 18.300: took 18.911 ms
[ 915] 18.320: took 19.191 ms
[ 916] 18.340: took 19.414 ms
[ 917] 18.360: took 19.156 ms
[ 918] 18.380: took 19.257 ms
[ 919] 18.400: took 18.987 ms
[ 920] 18.420: took 18.960 ms
[ 921] 18.440: took 19.016 ms
[ 922] 18.460: took 19.067 ms
[ 923] 18.480: took 19.101 ms
[ 924] 18.500: took 18.928 ms
[ 925] 18.520: took 19.088 ms
[ 926] 18.540: took 19.062 ms
[ 927] 18.560: took 18.931 ms
[ 928] 18.580: took 19.231 ms
[ 929] 18.600: took 19.278 ms
[ 930] 18.620: took 19.097 ms
[ 931] 18.640: took 19.214 ms
[ 932] 18.660: took 19.171 ms
[ 933] 18.680: took 19.226 ms
[ 934] 18.700: took 18.969 ms
[ 935] 18.720: took 19.076 ms
[ 936] 18.740: took 19.197 ms
[ 937] 18.760: took 19.173 ms
[ 938] 18.780: took 18.958 ms
[ 939] 18.800: took 19.340 ms
[ 940] 18.820: took 18.976 ms
[ 941] 18.840: took 18.977 ms
[ 942] 18.860: took 18.945 ms
[ 943] 18.880: took 19.046 ms
[ 944] 18.900: took 18.989 ms
[ 945] 18.920: took 19.097 ms
[ 946] 18.940: took 19.101 ms
[ 947] 18.960: took 19.217 ms
[ 948] 18.980: took 19.075 ms
[ 949] 19.000: took 19.271 ms
[ 950] 19.020: took 18.972 ms
[ 951] 19.040: took 19.268 ms
[ 952] 19.060: took 19.122 ms
[ 953] 19.080: took 19.163 ms
[ 954] 19.100: took 18.987 ms
[ 955] 19.120: took 19.143 ms
[ 956] 19.140: took 19.030 ms
[ 957] 19.160: took 19.097 ms
[ 958] 19.180: took 19.105 ms
[ 959] 19.200: took 18.975 ms
[ 960] 19.220: took 19.152 ms
[ 961] 19.240: took 19.147 ms
[ 962] 19.260: took 19.378 ms
[ 963] 19.280: took 18.958 ms
[ 964] 19.300: took 19.228 ms
[ 965] 19.320: took 19.190 ms
[ 966] 19.340: took 19.082 ms
[ 967] 19.360: took 19.132 ms
[ 968] 19.380: took 18.941 ms
[ 969] 19.400: took 18.967 ms
[ 970] 19.420: took 18.938 ms
[ 971] 19.440: took 19.160 ms
[ 972] 19.460: took 18.914 ms
[ 973] 19.480: took 19.720 ms
[ 974] 19.500: took 19.113 ms
[ 975] 19.520: took 19.258 ms
[ 976] 19.540: took 19.018 ms
[ 977] 19.560: took 19.325 ms
[ 978] 19.580: took 19.051 ms
[ 979] 19.600: took 19.088 ms
[ 980] 19.620: took 19.210 ms
[ 981] 19.640: took 19.058 ms
[ 982] 19.660: took 18.992 ms
[ 983] 19.680: took 19.074 ms
[ 984] 19.700: took 19.142 ms
[ 985] 19.720: took 19.283 ms
[ 986] 19.740: took 19.362 ms
[ 987] 19.760: took 18.934 ms
[ 988] 19.780: took 18.956 ms
[ 989] 19.800: took 19.137 ms
[ 990] 19.820: took 18.934 ms
[ 991] 19.840: took 19.218 ms
[ 992] 19.860: took 19.153 ms
[ 993] 19.880: took 19.160 ms
[ 994] 19.900: took 19.233 ms
[ 995] 19.920: took 19.013 ms
[ 996] 19.940: took 19.107 ms
[ 997] 19.960: took 19.164 ms
[ 998] 19.980: took 19.257 ms
[ 999] 20.000: took 19.055 ms
[1000] 20.020: took 18.996 ms
recorded 1000 frames
Finish..
Close the camera.
Close the camera.
