MAIN_printInfo:
	grid size      : 120 x 120 x 150 = 2.16 * 10^6 Cells
	nTimeSteps     : 3000
	result file    : /home/nvidia/ssd/gits/BWLOCK-GPU/benchmarks/parboil/benchmarks/lbm/run/long/reference.dat
	action         : store
	simulation type: lid-driven cavity
	obstacle file  : /home/nvidia/ssd/gits/BWLOCK-GPU/benchmarks/parboil/datasets/lbm/long/input/120_120_150_ldc.of

LBM_allocateGrid: allocated 169.2 MByte
LBM_allocateGrid: allocated 169.2 MByte
LBM_showGridStatistics:
	nObstacleCells:  343321 nAccelCells:   26912 nFluidCells: 1789767
	minRho:   1.0000 maxRho:   1.0000 mass: 2.160000e+06
	minU: 0.000000e+00 maxU: 0.000000e+00

timestep: 64
timestep: 128
timestep: 192
timestep: 256
MAIN_stopClock:
	usr:  237.19 sys:    0.23 tot:  237.42 wct:   69.43 MLUPS: 93.33

LBM_showGridStatistics:
	nObstacleCells:  343321 nAccelCells:   26912 nFluidCells: 1789767
	minRho:   0.9187 maxRho:   1.0844 mass: 2.159998e+06
	minU: 2.219546e-06 maxU: 3.243893e-02

Compute   : 71.531036
Timer Wall Time: 71.531036
Final simulated flow volume does not match expected flow volume

Mismatch
Parboil parallel benchmark suite, version 0.2

Output checking tool detected a mismatch

 Performance counter stats for './parboil run lbm omp_cpu long':

     244925.061824      task-clock (msec)         #    3.192 CPUs utilized          
            11,445      context-switches          #    0.047 K/sec                  
               959      cpu-migrations            #    0.004 K/sec                  
           418,350      page-faults               #    0.002 M/sec                  
   496,736,429,260      cycles                    #    2.028 GHz                    
   <not supported>      stalled-cycles-frontend  
   <not supported>      stalled-cycles-backend   
   641,712,725,336      instructions              #    1.29  insns per cycle        
   <not supported>      branches                 
        19,369,236      branch-misses             #    0.00% of all branches        

      76.726303430 seconds time elapsed

